# zsim stats
===
root: # Stats
 contention: # Contention simulation stats
  domain-0: # Domain stats
   time: 14252653027 # Weave simulation time
 time: # Simulator time breakdown
  init: 22405673085
  bound: 62158184694
  weave: 15788420556
  ff: 4742468
 trigger: 20000 # Reason for this stats dump
 phase: 63693 # Simulated phases
 westmere: # Core stats
  westmere-0: # Core stats
   cycles: 627860216 # Simulated unhalted cycles
   cCycles: 124198778 # Cycles due to contention stalls
   instrs: 215323065 # Simulated instructions
   uops: 272221311 # Retired micro-ops
   bbls: 21788123 # Basic blocks
   approxInstrs: 15796624 # Instrs with approx uop decoding
   mispredBranches: 798782 # Mispredicted branches
   condBranches: 13969192 # conditional branches
  westmere-1: # Core stats
   cycles: 627983605 # Simulated unhalted cycles
   cCycles: 124284813 # Cycles due to contention stalls
   instrs: 215264461 # Simulated instructions
   uops: 272148538 # Retired micro-ops
   bbls: 21785481 # Basic blocks
   approxInstrs: 15795116 # Instrs with approx uop decoding
   mispredBranches: 798529 # Mispredicted branches
   condBranches: 13967703 # conditional branches
  westmere-2: # Core stats
   cycles: 627169834 # Simulated unhalted cycles
   cCycles: 124098195 # Cycles due to contention stalls
   instrs: 215067885 # Simulated instructions
   uops: 271901375 # Retired micro-ops
   bbls: 21771853 # Basic blocks
   approxInstrs: 15773268 # Instrs with approx uop decoding
   mispredBranches: 798868 # Mispredicted branches
   condBranches: 13957517 # conditional branches
  westmere-3: # Core stats
   cycles: 627018892 # Simulated unhalted cycles
   cCycles: 124090872 # Cycles due to contention stalls
   instrs: 215151619 # Simulated instructions
   uops: 271976311 # Retired micro-ops
   bbls: 21783691 # Basic blocks
   approxInstrs: 15773002 # Instrs with approx uop decoding
   mispredBranches: 796859 # Mispredicted branches
   condBranches: 13965886 # conditional branches
  westmere-4: # Core stats
   cycles: 628649797 # Simulated unhalted cycles
   cCycles: 124376055 # Cycles due to contention stalls
   instrs: 215516666 # Simulated instructions
   uops: 272469610 # Retired micro-ops
   bbls: 21805653 # Basic blocks
   approxInstrs: 15817701 # Instrs with approx uop decoding
   mispredBranches: 799688 # Mispredicted branches
   condBranches: 13981316 # conditional branches
  westmere-5: # Core stats
   cycles: 627875302 # Simulated unhalted cycles
   cCycles: 124163214 # Cycles due to contention stalls
   instrs: 215331100 # Simulated instructions
   uops: 272240151 # Retired micro-ops
   bbls: 21785763 # Basic blocks
   approxInstrs: 15802266 # Instrs with approx uop decoding
   mispredBranches: 798519 # Mispredicted branches
   condBranches: 13967412 # conditional branches
  westmere-6: # Core stats
   cycles: 627261500 # Simulated unhalted cycles
   cCycles: 124078091 # Cycles due to contention stalls
   instrs: 215133064 # Simulated instructions
   uops: 271985394 # Retired micro-ops
   bbls: 21773648 # Basic blocks
   approxInstrs: 15781638 # Instrs with approx uop decoding
   mispredBranches: 799271 # Mispredicted branches
   condBranches: 13958283 # conditional branches
  westmere-7: # Core stats
   cycles: 626878842 # Simulated unhalted cycles
   cCycles: 123956099 # Cycles due to contention stalls
   instrs: 215152314 # Simulated instructions
   uops: 271999278 # Retired micro-ops
   bbls: 21780898 # Basic blocks
   approxInstrs: 15778134 # Instrs with approx uop decoding
   mispredBranches: 799669 # Mispredicted branches
   condBranches: 13962936 # conditional branches
 l1i: # Cache stats
  l1i-0: # Filter cache stats
   fhGETS: 30429209 # Filtered GETS hits
   fhGETX: 0 # Filtered GETX hits
   hGETS: 521267 # GETS hits
   hGETX: 0 # GETX hits
   mGETS: 19302 # GETS misses
   mGETXIM: 0 # GETX I->M misses
   mGETXSM: 0 # GETX S->M misses (upgrade misses)
   PUTS: 0 # Clean evictions (from lower level)
   PUTX: 0 # Dirty evictions (from lower level)
   INV: 19135 # Invalidates (from upper level)
   INVX: 0 # Downgrades (from upper level)
   FWD: 0 # Forwards (from upper level)
   latGETnl: 879060 # GET request latency on next level
   latGETnet: 0 # GET request latency on network to next level
  l1i-1: # Filter cache stats
   fhGETS: 30422653 # Filtered GETS hits
   fhGETX: 0 # Filtered GETX hits
   hGETS: 520799 # GETS hits
   hGETX: 0 # GETX hits
   mGETS: 19384 # GETS misses
   mGETXIM: 0 # GETX I->M misses
   mGETXSM: 0 # GETX S->M misses (upgrade misses)
   PUTS: 0 # Clean evictions (from lower level)
   PUTX: 0 # Dirty evictions (from lower level)
   INV: 19239 # Invalidates (from upper level)
   INVX: 0 # Downgrades (from upper level)
   FWD: 0 # Forwards (from upper level)
   latGETnl: 898972 # GET request latency on next level
   latGETnet: 0 # GET request latency on network to next level
  l1i-2: # Filter cache stats
   fhGETS: 30406561 # Filtered GETS hits
   fhGETX: 0 # Filtered GETX hits
   hGETS: 520684 # GETS hits
   hGETX: 0 # GETX hits
   mGETS: 19263 # GETS misses
   mGETXIM: 0 # GETX I->M misses
   mGETXSM: 0 # GETX S->M misses (upgrade misses)
   PUTS: 0 # Clean evictions (from lower level)
   PUTX: 0 # Dirty evictions (from lower level)
   INV: 19111 # Invalidates (from upper level)
   INVX: 0 # Downgrades (from upper level)
   FWD: 0 # Forwards (from upper level)
   latGETnl: 884778 # GET request latency on next level
   latGETnet: 0 # GET request latency on network to next level
  l1i-3: # Filter cache stats
   fhGETS: 30410810 # Filtered GETS hits
   fhGETX: 0 # Filtered GETX hits
   hGETS: 520592 # GETS hits
   hGETX: 0 # GETX hits
   mGETS: 19377 # GETS misses
   mGETXIM: 0 # GETX I->M misses
   mGETXSM: 0 # GETX S->M misses (upgrade misses)
   PUTS: 0 # Clean evictions (from lower level)
   PUTX: 0 # Dirty evictions (from lower level)
   INV: 19223 # Invalidates (from upper level)
   INVX: 0 # Downgrades (from upper level)
   FWD: 0 # Forwards (from upper level)
   latGETnl: 885774 # GET request latency on next level
   latGETnet: 0 # GET request latency on network to next level
  l1i-4: # Filter cache stats
   fhGETS: 30455420 # Filtered GETS hits
   fhGETX: 0 # Filtered GETX hits
   hGETS: 521168 # GETS hits
   hGETX: 0 # GETX hits
   mGETS: 19355 # GETS misses
   mGETXIM: 0 # GETX I->M misses
   mGETXSM: 0 # GETX S->M misses (upgrade misses)
   PUTS: 0 # Clean evictions (from lower level)
   PUTX: 0 # Dirty evictions (from lower level)
   INV: 19196 # Invalidates (from upper level)
   INVX: 0 # Downgrades (from upper level)
   FWD: 0 # Forwards (from upper level)
   latGETnl: 894590 # GET request latency on next level
   latGETnet: 0 # GET request latency on network to next level
  l1i-5: # Filter cache stats
   fhGETS: 30424397 # Filtered GETS hits
   fhGETX: 0 # Filtered GETX hits
   hGETS: 521049 # GETS hits
   hGETX: 0 # GETX hits
   mGETS: 19237 # GETS misses
   mGETXIM: 0 # GETX I->M misses
   mGETXSM: 0 # GETX S->M misses (upgrade misses)
   PUTS: 0 # Clean evictions (from lower level)
   PUTX: 0 # Dirty evictions (from lower level)
   INV: 19074 # Invalidates (from upper level)
   INVX: 0 # Downgrades (from upper level)
   FWD: 0 # Forwards (from upper level)
   latGETnl: 872914 # GET request latency on next level
   latGETnet: 0 # GET request latency on network to next level
  l1i-6: # Filter cache stats
   fhGETS: 30411640 # Filtered GETS hits
   fhGETX: 0 # Filtered GETX hits
   hGETS: 520505 # GETS hits
   hGETX: 0 # GETX hits
   mGETS: 19222 # GETS misses
   mGETXIM: 0 # GETX I->M misses
   mGETXSM: 0 # GETX S->M misses (upgrade misses)
   PUTS: 0 # Clean evictions (from lower level)
   PUTX: 0 # Dirty evictions (from lower level)
   INV: 19058 # Invalidates (from upper level)
   INVX: 0 # Downgrades (from upper level)
   FWD: 0 # Forwards (from upper level)
   latGETnl: 876544 # GET request latency on next level
   latGETnet: 0 # GET request latency on network to next level
  l1i-7: # Filter cache stats
   fhGETS: 30420184 # Filtered GETS hits
   fhGETX: 0 # Filtered GETX hits
   hGETS: 521399 # GETS hits
   hGETX: 0 # GETX hits
   mGETS: 19406 # GETS misses
   mGETXIM: 0 # GETX I->M misses
   mGETXSM: 0 # GETX S->M misses (upgrade misses)
   PUTS: 0 # Clean evictions (from lower level)
   PUTX: 0 # Dirty evictions (from lower level)
   INV: 19152 # Invalidates (from upper level)
   INVX: 0 # Downgrades (from upper level)
   FWD: 0 # Forwards (from upper level)
   latGETnl: 903230 # GET request latency on next level
   latGETnet: 0 # GET request latency on network to next level
 l1d: # Cache stats
  l1d-0: # Filter cache stats
   fhGETS: 46030868 # Filtered GETS hits
   fhGETX: 10742744 # Filtered GETX hits
   hGETS: 5867506 # GETS hits
   hGETX: 3715369 # GETX hits
   mGETS: 4696701 # GETS misses
   mGETXIM: 646 # GETX I->M misses
   mGETXSM: 60074 # GETX S->M misses (upgrade misses)
   PUTS: 0 # Clean evictions (from lower level)
   PUTX: 0 # Dirty evictions (from lower level)
   INV: 14908 # Invalidates (from upper level)
   INVX: 45997 # Downgrades (from upper level)
   FWD: 0 # Forwards (from upper level)
   latGETnl: 422096582 # GET request latency on next level
   latGETnet: 0 # GET request latency on network to next level
  l1d-1: # Filter cache stats
   fhGETS: 46027888 # Filtered GETS hits
   fhGETX: 10736289 # Filtered GETX hits
   hGETS: 5860582 # GETS hits
   hGETX: 3715518 # GETX hits
   mGETS: 4697224 # GETS misses
   mGETXIM: 623 # GETX I->M misses
   mGETXSM: 59770 # GETX S->M misses (upgrade misses)
   PUTS: 0 # Clean evictions (from lower level)
   PUTX: 0 # Dirty evictions (from lower level)
   INV: 14609 # Invalidates (from upper level)
   INVX: 45756 # Downgrades (from upper level)
   FWD: 0 # Forwards (from upper level)
   latGETnl: 422236003 # GET request latency on next level
   latGETnet: 0 # GET request latency on network to next level
  l1d-2: # Filter cache stats
   fhGETS: 45989558 # Filtered GETS hits
   fhGETX: 10739253 # Filtered GETX hits
   hGETS: 5846859 # GETS hits
   hGETX: 3710648 # GETX hits
   mGETS: 4689654 # GETS misses
   mGETXIM: 587 # GETX I->M misses
   mGETXSM: 59380 # GETX S->M misses (upgrade misses)
   PUTS: 0 # Clean evictions (from lower level)
   PUTX: 0 # Dirty evictions (from lower level)
   INV: 14460 # Invalidates (from upper level)
   INVX: 45386 # Downgrades (from upper level)
   FWD: 0 # Forwards (from upper level)
   latGETnl: 421558186 # GET request latency on next level
   latGETnet: 0 # GET request latency on network to next level
  l1d-3: # Filter cache stats
   fhGETS: 45991697 # Filtered GETS hits
   fhGETX: 10744517 # Filtered GETX hits
   hGETS: 5854280 # GETS hits
   hGETX: 3711595 # GETX hits
   mGETS: 4690466 # GETS misses
   mGETXIM: 624 # GETX I->M misses
   mGETXSM: 59809 # GETX S->M misses (upgrade misses)
   PUTS: 0 # Clean evictions (from lower level)
   PUTX: 0 # Dirty evictions (from lower level)
   INV: 14985 # Invalidates (from upper level)
   INVX: 46037 # Downgrades (from upper level)
   FWD: 0 # Forwards (from upper level)
   latGETnl: 421502218 # GET request latency on next level
   latGETnet: 0 # GET request latency on network to next level
  l1d-4: # Filter cache stats
   fhGETS: 46090913 # Filtered GETS hits
   fhGETX: 10740755 # Filtered GETX hits
   hGETS: 5858872 # GETS hits
   hGETX: 3721518 # GETX hits
   mGETS: 4702761 # GETS misses
   mGETXIM: 606 # GETX I->M misses
   mGETXSM: 60056 # GETX S->M misses (upgrade misses)
   PUTS: 0 # Clean evictions (from lower level)
   PUTX: 0 # Dirty evictions (from lower level)
   INV: 15085 # Invalidates (from upper level)
   INVX: 45840 # Downgrades (from upper level)
   FWD: 0 # Forwards (from upper level)
   latGETnl: 422662406 # GET request latency on next level
   latGETnet: 0 # GET request latency on network to next level
  l1d-5: # Filter cache stats
   fhGETS: 46055313 # Filtered GETS hits
   fhGETX: 10737875 # Filtered GETX hits
   hGETS: 5851798 # GETS hits
   hGETX: 3715851 # GETX hits
   mGETS: 4698224 # GETS misses
   mGETXIM: 551 # GETX I->M misses
   mGETXSM: 60317 # GETX S->M misses (upgrade misses)
   PUTS: 0 # Clean evictions (from lower level)
   PUTX: 0 # Dirty evictions (from lower level)
   INV: 14659 # Invalidates (from upper level)
   INVX: 45694 # Downgrades (from upper level)
   FWD: 0 # Forwards (from upper level)
   latGETnl: 422155395 # GET request latency on next level
   latGETnet: 0 # GET request latency on network to next level
  l1d-6: # Filter cache stats
   fhGETS: 45999592 # Filtered GETS hits
   fhGETX: 10738515 # Filtered GETX hits
   hGETS: 5855583 # GETS hits
   hGETX: 3711398 # GETX hits
   mGETS: 4692484 # GETS misses
   mGETXIM: 525 # GETX I->M misses
   mGETXSM: 59787 # GETX S->M misses (upgrade misses)
   PUTS: 0 # Clean evictions (from lower level)
   PUTX: 0 # Dirty evictions (from lower level)
   INV: 14486 # Invalidates (from upper level)
   INVX: 45886 # Downgrades (from upper level)
   FWD: 0 # Forwards (from upper level)
   latGETnl: 421683247 # GET request latency on next level
   latGETnet: 0 # GET request latency on network to next level
  l1d-7: # Filter cache stats
   fhGETS: 46003944 # Filtered GETS hits
   fhGETX: 10743848 # Filtered GETX hits
   hGETS: 5849694 # GETS hits
   hGETX: 3710338 # GETX hits
   mGETS: 4691446 # GETS misses
   mGETXIM: 598 # GETX I->M misses
   mGETXSM: 60187 # GETX S->M misses (upgrade misses)
   PUTS: 0 # Clean evictions (from lower level)
   PUTX: 0 # Dirty evictions (from lower level)
   INV: 14563 # Invalidates (from upper level)
   INVX: 45954 # Downgrades (from upper level)
   FWD: 0 # Forwards (from upper level)
   latGETnl: 421351581 # GET request latency on next level
   latGETnet: 0 # GET request latency on network to next level
 l2: # Cache stats
  l2-0: # Cache stats
   hGETS: 198903 # GETS hits
   hGETX: 51 # GETX hits
   mGETS: 4517100 # GETS misses
   mGETXIM: 595 # GETX I->M misses
   mGETXSM: 60074 # GETX S->M misses (upgrade misses)
   PUTS: 2660885 # Clean evictions (from lower level)
   PUTX: 2021068 # Dirty evictions (from lower level)
   INV: 113418 # Invalidates (from upper level)
   INVX: 335612 # Downgrades (from upper level)
   FWD: 0 # Forwards (from upper level)
   latGETnl: 375208412 # GET request latency on next level
   latGETnet: 0 # GET request latency on network to next level
  l2-1: # Cache stats
   hGETS: 199227 # GETS hits
   hGETX: 46 # GETX hits
   mGETS: 4517381 # GETS misses
   mGETXIM: 578 # GETX I->M misses
   mGETXSM: 59769 # GETX S->M misses (upgrade misses)
   PUTS: 2661577 # Clean evictions (from lower level)
   PUTX: 2021167 # Dirty evictions (from lower level)
   INV: 112281 # Invalidates (from upper level)
   INVX: 335208 # Downgrades (from upper level)
   FWD: 0 # Forwards (from upper level)
   latGETnl: 375364965 # GET request latency on next level
   latGETnet: 0 # GET request latency on network to next level
  l2-2: # Cache stats
   hGETS: 198876 # GETS hits
   hGETX: 49 # GETX hits
   mGETS: 4510041 # GETS misses
   mGETXIM: 538 # GETX I->M misses
   mGETXSM: 59380 # GETX S->M misses (upgrade misses)
   PUTS: 2656841 # Clean evictions (from lower level)
   PUTX: 2018452 # Dirty evictions (from lower level)
   INV: 112790 # Invalidates (from upper level)
   INVX: 334539 # Downgrades (from upper level)
   FWD: 0 # Forwards (from upper level)
   latGETnl: 374754124 # GET request latency on next level
   latGETnet: 0 # GET request latency on network to next level
  l2-3: # Cache stats
   hGETS: 197875 # GETS hits
   hGETX: 47 # GETX hits
   mGETS: 4511968 # GETS misses
   mGETXIM: 578 # GETX I->M misses
   mGETXSM: 59808 # GETX S->M misses (upgrade misses)
   PUTS: 2657415 # Clean evictions (from lower level)
   PUTX: 2018199 # Dirty evictions (from lower level)
   INV: 114074 # Invalidates (from upper level)
   INVX: 336243 # Downgrades (from upper level)
   FWD: 0 # Forwards (from upper level)
   latGETnl: 374685232 # GET request latency on next level
   latGETnet: 0 # GET request latency on network to next level
  l2-4: # Cache stats
   hGETS: 198129 # GETS hits
   hGETX: 42 # GETX hits
   mGETS: 4523987 # GETS misses
   mGETXIM: 566 # GETX I->M misses
   mGETXSM: 60054 # GETX S->M misses (upgrade misses)
   PUTS: 2664122 # Clean evictions (from lower level)
   PUTX: 2023669 # Dirty evictions (from lower level)
   INV: 113672 # Invalidates (from upper level)
   INVX: 336048 # Downgrades (from upper level)
   FWD: 0 # Forwards (from upper level)
   latGETnl: 375729216 # GET request latency on next level
   latGETnet: 0 # GET request latency on network to next level
  l2-5: # Cache stats
   hGETS: 199076 # GETS hits
   hGETX: 43 # GETX hits
   mGETS: 4518385 # GETS misses
   mGETXIM: 509 # GETX I->M misses
   mGETXSM: 60316 # GETX S->M misses (upgrade misses)
   PUTS: 2661708 # Clean evictions (from lower level)
   PUTX: 2021915 # Dirty evictions (from lower level)
   INV: 112852 # Invalidates (from upper level)
   INVX: 334708 # Downgrades (from upper level)
   FWD: 0 # Forwards (from upper level)
   latGETnl: 375245019 # GET request latency on next level
   latGETnet: 0 # GET request latency on network to next level
  l2-6: # Cache stats
   hGETS: 198367 # GETS hits
   hGETX: 51 # GETX hits
   mGETS: 4513339 # GETS misses
   mGETXIM: 476 # GETX I->M misses
   mGETXSM: 59785 # GETX S->M misses (upgrade misses)
   PUTS: 2658675 # Clean evictions (from lower level)
   PUTX: 2019359 # Dirty evictions (from lower level)
   INV: 112262 # Invalidates (from upper level)
   INVX: 335261 # Downgrades (from upper level)
   FWD: 0 # Forwards (from upper level)
   latGETnl: 374839611 # GET request latency on next level
   latGETnet: 0 # GET request latency on network to next level
  l2-7: # Cache stats
   hGETS: 199718 # GETS hits
   hGETX: 56 # GETX hits
   mGETS: 4511134 # GETS misses
   mGETXIM: 543 # GETX I->M misses
   mGETXSM: 60186 # GETX S->M misses (upgrade misses)
   PUTS: 2657931 # Clean evictions (from lower level)
   PUTX: 2019055 # Dirty evictions (from lower level)
   INV: 112953 # Invalidates (from upper level)
   INVX: 336730 # Downgrades (from upper level)
   FWD: 0 # Forwards (from upper level)
   latGETnl: 374538441 # GET request latency on next level
   latGETnet: 0 # GET request latency on network to next level
 l3: # Cache stats
  l3-0b0: # Cache stats
   hGETS: 1611828 # GETS hits
   hGETX: 59933 # GETX hits
   mGETS: 2896476 # GETS misses
   mGETXIM: 107 # GETX I->M misses
   mGETXSM: 0 # GETX S->M misses (upgrade misses)
   PUTS: 2495475 # Clean evictions (from lower level)
   PUTX: 1897215 # Dirty evictions (from lower level)
   INV: 0 # Invalidates (from upper level)
   INVX: 0 # Downgrades (from upper level)
   FWD: 0 # Forwards (from upper level)
   latGETnl: 260692470 # GET request latency on next level
   latGETnet: 0 # GET request latency on network to next level
  l3-0b1: # Cache stats
   hGETS: 1618704 # GETS hits
   hGETX: 59578 # GETX hits
   mGETS: 2904667 # GETS misses
   mGETXIM: 911 # GETX I->M misses
   mGETXSM: 0 # GETX S->M misses (upgrade misses)
   PUTS: 2508297 # Clean evictions (from lower level)
   PUTX: 1896941 # Dirty evictions (from lower level)
   INV: 0 # Invalidates (from upper level)
   INVX: 0 # Downgrades (from upper level)
   FWD: 0 # Forwards (from upper level)
   latGETnl: 261502020 # GET request latency on next level
   latGETnet: 0 # GET request latency on network to next level
  l3-0b2: # Cache stats
   hGETS: 1609425 # GETS hits
   hGETX: 59609 # GETX hits
   mGETS: 2902674 # GETS misses
   mGETXIM: 509 # GETX I->M misses
   mGETXSM: 0 # GETX S->M misses (upgrade misses)
   PUTS: 2499085 # Clean evictions (from lower level)
   PUTX: 1895574 # Dirty evictions (from lower level)
   INV: 0 # Invalidates (from upper level)
   INVX: 0 # Downgrades (from upper level)
   FWD: 0 # Forwards (from upper level)
   latGETnl: 261286470 # GET request latency on next level
   latGETnet: 0 # GET request latency on network to next level
  l3-0b3: # Cache stats
   hGETS: 1613359 # GETS hits
   hGETX: 59681 # GETX hits
   mGETS: 2898275 # GETS misses
   mGETXIM: 567 # GETX I->M misses
   mGETXSM: 0 # GETX S->M misses (upgrade misses)
   PUTS: 2502124 # Clean evictions (from lower level)
   PUTX: 1895776 # Dirty evictions (from lower level)
   INV: 0 # Invalidates (from upper level)
   INVX: 0 # Downgrades (from upper level)
   FWD: 0 # Forwards (from upper level)
   latGETnl: 260895780 # GET request latency on next level
   latGETnet: 0 # GET request latency on network to next level
  l3-0b4: # Cache stats
   hGETS: 1613227 # GETS hits
   hGETX: 62223 # GETX hits
   mGETS: 2903055 # GETS misses
   mGETXIM: 1360 # GETX I->M misses
   mGETXSM: 0 # GETX S->M misses (upgrade misses)
   PUTS: 2502393 # Clean evictions (from lower level)
   PUTX: 1891313 # Dirty evictions (from lower level)
   INV: 0 # Invalidates (from upper level)
   INVX: 0 # Downgrades (from upper level)
   FWD: 0 # Forwards (from upper level)
   latGETnl: 261397350 # GET request latency on next level
   latGETnet: 0 # GET request latency on network to next level
  l3-0b5: # Cache stats
   hGETS: 1621355 # GETS hits
   hGETX: 60025 # GETX hits
   mGETS: 2904428 # GETS misses
   mGETXIM: 131 # GETX I->M misses
   mGETXSM: 0 # GETX S->M misses (upgrade misses)
   PUTS: 2507505 # Clean evictions (from lower level)
   PUTX: 1899849 # Dirty evictions (from lower level)
   INV: 0 # Invalidates (from upper level)
   INVX: 0 # Downgrades (from upper level)
   FWD: 0 # Forwards (from upper level)
   latGETnl: 261410310 # GET request latency on next level
   latGETnet: 0 # GET request latency on network to next level
  l3-0b6: # Cache stats
   hGETS: 1611672 # GETS hits
   hGETX: 58791 # GETX hits
   mGETS: 2900446 # GETS misses
   mGETXIM: 550 # GETX I->M misses
   mGETXSM: 0 # GETX S->M misses (upgrade misses)
   PUTS: 2502472 # Clean evictions (from lower level)
   PUTX: 1897119 # Dirty evictions (from lower level)
   INV: 0 # Invalidates (from upper level)
   INVX: 0 # Downgrades (from upper level)
   FWD: 0 # Forwards (from upper level)
   latGETnl: 261089640 # GET request latency on next level
   latGETnet: 0 # GET request latency on network to next level
  l3-0b7: # Cache stats
   hGETS: 1608842 # GETS hits
   hGETX: 59648 # GETX hits
   mGETS: 2904902 # GETS misses
   mGETXIM: 132 # GETX I->M misses
   mGETXSM: 0 # GETX S->M misses (upgrade misses)
   PUTS: 2507036 # Clean evictions (from lower level)
   PUTX: 1892686 # Dirty evictions (from lower level)
   INV: 0 # Invalidates (from upper level)
   INVX: 0 # Downgrades (from upper level)
   FWD: 0 # Forwards (from upper level)
   latGETnl: 261453060 # GET request latency on next level
   latGETnet: 0 # GET request latency on network to next level
 mem: # Memory controller stats
  mem-0: # Memory controller stats
   rd: 5804739 # Read requests
   wr: 3267589 # Write requests
   rdlat: 817766237 # Total latency experienced by read requests
   wrlat: 547979519 # Total latency experienced by write requests
   rdhits: 11470 # Read row hits
   wrhits: 9755 # Write row hits
   mlh: # latency histogram for memory requests
    0: 0
    1: 0
    2: 0
    3: 0
    4: 0
    5: 0
    6: 0
    7: 0
    8: 0
    9: 0
    10: 1
    11: 1803
    12: 2169
    13: 4470302
    14: 539917
    15: 326589
    16: 179374
    17: 35580
    18: 26105
    19: 24673
    20: 23838
    21: 24230
    22: 20893
    23: 23142
    24: 25722
    25: 11978
    26: 2235
    27: 2158
    28: 2437
    29: 2586
    30: 2930
    31: 3130
    32: 3540
    33: 3390
    34: 3660
    35: 3628
    36: 3921
    37: 3903
    38: 3523
    39: 3623
    40: 3638
    41: 3997
    42: 3809
    43: 3122
    44: 2190
    45: 1978
    46: 1692
    47: 1541
    48: 885
    49: 227
    50: 154
    51: 135
    52: 121
    53: 64
    54: 72
    55: 41
    56: 25
    57: 29
    58: 14
    59: 9
    60: 6
    61: 0
    62: 1
    63: 2
    64: 1
    65: 1
    66: 0
    67: 0
    68: 0
    69: 0
    70: 1
    71: 0
    72: 1
    73: 0
    74: 0
    75: 0
    76: 0
    77: 1
    78: 0
    79: 0
    80: 0
    81: 0
    82: 0
    83: 0
    84: 0
    85: 0
    86: 0
    87: 0
    88: 0
    89: 1
    90: 0
    91: 0
    92: 0
    93: 0
    94: 0
    95: 0
    96: 0
    97: 0
    98: 0
    99: 1
  mem-1: # Memory controller stats
   rd: 5808300 # Read requests
   wr: 3271312 # Write requests
   rdlat: 818138905 # Total latency experienced by read requests
   wrlat: 548566404 # Total latency experienced by write requests
   rdhits: 11400 # Read row hits
   wrhits: 9864 # Write row hits
   mlh: # latency histogram for memory requests
    0: 0
    1: 0
    2: 0
    3: 0
    4: 0
    5: 0
    6: 0
    7: 0
    8: 0
    9: 1
    10: 2
    11: 1860
    12: 2121
    13: 4473733
    14: 539542
    15: 327413
    16: 179074
    17: 35423
    18: 26038
    19: 24911
    20: 24188
    21: 24008
    22: 20976
    23: 23047
    24: 26121
    25: 12106
    26: 2263
    27: 2146
    28: 2410
    29: 2544
    30: 2985
    31: 3197
    32: 3434
    33: 3490
    34: 3508
    35: 3488
    36: 3997
    37: 3839
    38: 3494
    39: 3579
    40: 3508
    41: 3851
    42: 3798
    43: 3000
    44: 2271
    45: 2002
    46: 1604
    47: 1556
    48: 864
    49: 235
    50: 132
    51: 144
    52: 113
    53: 86
    54: 73
    55: 37
    56: 26
    57: 14
    58: 19
    59: 13
    60: 3
    61: 2
    62: 2
    63: 2
    64: 7
    65: 0
    66: 0
    67: 0
    68: 0
    69: 0
    70: 0
    71: 0
    72: 0
    73: 0
    74: 0
    75: 0
    76: 0
    77: 0
    78: 0
    79: 0
    80: 0
    81: 0
    82: 0
    83: 0
    84: 0
    85: 0
    86: 0
    87: 0
    88: 0
    89: 0
    90: 0
    91: 0
    92: 0
    93: 0
    94: 0
    95: 0
    96: 0
    97: 0
    98: 0
    99: 0
  mem-2: # Memory controller stats
   rd: 5799018 # Read requests
   wr: 3267222 # Write requests
   rdlat: 816882973 # Total latency experienced by read requests
   wrlat: 547605485 # Total latency experienced by write requests
   rdhits: 11232 # Read row hits
   wrhits: 9772 # Write row hits
   mlh: # latency histogram for memory requests
    0: 0
    1: 0
    2: 0
    3: 0
    4: 0
    5: 0
    6: 0
    7: 0
    8: 0
    9: 1
    10: 1
    11: 1793
    12: 2144
    13: 4466056
    14: 538429
    15: 328128
    16: 178772
    17: 35654
    18: 25622
    19: 24518
    20: 23884
    21: 24040
    22: 21064
    23: 23379
    24: 25723
    25: 11862
    26: 2233
    27: 2009
    28: 2421
    29: 2626
    30: 2997
    31: 3149
    32: 3539
    33: 3400
    34: 3583
    35: 3539
    36: 3918
    37: 3825
    38: 3635
    39: 3646
    40: 3583
    41: 3938
    42: 3834
    43: 2953
    44: 2143
    45: 1928
    46: 1636
    47: 1525
    48: 948
    49: 231
    50: 186
    51: 135
    52: 100
    53: 73
    54: 61
    55: 50
    56: 31
    57: 19
    58: 23
    59: 5
    60: 4
    61: 4
    62: 3
    63: 5
    64: 2
    65: 2
    66: 2
    67: 0
    68: 0
    69: 0
    70: 1
    71: 0
    72: 0
    73: 0
    74: 0
    75: 0
    76: 0
    77: 1
    78: 0
    79: 0
    80: 0
    81: 0
    82: 0
    83: 0
    84: 0
    85: 0
    86: 0
    87: 0
    88: 0
    89: 1
    90: 0
    91: 0
    92: 0
    93: 0
    94: 0
    95: 0
    96: 0
    97: 0
    98: 0
    99: 1
  mem-3: # Memory controller stats
   rd: 5807117 # Read requests
   wr: 3268872 # Write requests
   rdlat: 817945723 # Total latency experienced by read requests
   wrlat: 547909599 # Total latency experienced by write requests
   rdhits: 11263 # Read row hits
   wrhits: 9803 # Write row hits
   mlh: # latency histogram for memory requests
    0: 0
    1: 0
    2: 0
    3: 0
    4: 0
    5: 0
    6: 0
    7: 0
    8: 0
    9: 1
    10: 1
    11: 1838
    12: 2193
    13: 4473751
    14: 539355
    15: 326972
    16: 179602
    17: 35268
    18: 25779
    19: 24671
    20: 23994
    21: 23682
    22: 21128
    23: 22869
    24: 25683
    25: 12232
    26: 2353
    27: 2187
    28: 2516
    29: 2443
    30: 2920
    31: 3195
    32: 3473
    33: 3506
    34: 3563
    35: 3549
    36: 3859
    37: 3869
    38: 3599
    39: 3715
    40: 3576
    41: 3876
    42: 3802
    43: 3018
    44: 2240
    45: 1917
    46: 1667
    47: 1552
    48: 791
    49: 226
    50: 168
    51: 132
    52: 95
    53: 79
    54: 74
    55: 45
    56: 38
    57: 21
    58: 11
    59: 10
    60: 4
    61: 3
    62: 2
    63: 2
    64: 1
    65: 1
    66: 0
    67: 0
    68: 0
    69: 0
    70: 0
    71: 0
    72: 0
    73: 0
    74: 0
    75: 0
    76: 0
    77: 0
    78: 0
    79: 0
    80: 0
    81: 0
    82: 0
    83: 0
    84: 0
    85: 0
    86: 0
    87: 0
    88: 0
    89: 0
    90: 0
    91: 0
    92: 0
    93: 0
    94: 0
    95: 0
    96: 0
    97: 0
    98: 0
    99: 0
 sched: # Scheduler stats
  thCr: 9 # Threads created
  thFn: 9 # Threads finished
  schedEvs: 17 # Schedule events
  waitEvs: 0 # Wait events
  handoffEvs: 0 # Handoff events
  sleepEvs: 0 # Sleep events
  idlePhases: 0 # Phases with no thread active
  idlePeriods: 0 # Periods with no thread active
  occHist: # Occupancy histogram
   0: 0
   1: 4
   2: 0
   3: 0
   4: 0
   5: 0
   6: 0
   7: 1
   8: 63688
  rqSzHist: # Run queue size histogram
   0: 63693
   1: 0
   2: 0
   3: 0
   4: 0
   5: 0
   6: 0
   7: 0
   8: 0
   9: 0
   10: 0
   11: 0
   12: 0
   13: 0
   14: 0
   15: 0
   16: 0
 procCycles: # Per-process unhalted core cycles
  0: 5020688901
  1: 0
  2: 0
  3: 0
  4: 0
  5: 0
  6: 0
  7: 0
  8: 0
  9: 0
  10: 0
  11: 0
  12: 0
  13: 0
  14: 0
  15: 0
  16: 0
  17: 0
  18: 0
  19: 0
  20: 0
  21: 0
  22: 0
  23: 0
  24: 0
  25: 0
  26: 0
  27: 0
  28: 0
  29: 0
  30: 0
  31: 0
  32: 0
  33: 0
  34: 0
  35: 0
  36: 0
  37: 0
  38: 0
  39: 0
  40: 0
  41: 0
  42: 0
  43: 0
  44: 0
  45: 0
  46: 0
  47: 0
  48: 0
  49: 0
  50: 0
  51: 0
  52: 0
  53: 0
  54: 0
  55: 0
  56: 0
  57: 0
  58: 0
  59: 0
  60: 0
  61: 0
  62: 0
  63: 0
 procInstrs: # Per-process instructions
  0: 1721940174
  1: 0
  2: 0
  3: 0
  4: 0
  5: 0
  6: 0
  7: 0
  8: 0
  9: 0
  10: 0
  11: 0
  12: 0
  13: 0
  14: 0
  15: 0
  16: 0
  17: 0
  18: 0
  19: 0
  20: 0
  21: 0
  22: 0
  23: 0
  24: 0
  25: 0
  26: 0
  27: 0
  28: 0
  29: 0
  30: 0
  31: 0
  32: 0
  33: 0
  34: 0
  35: 0
  36: 0
  37: 0
  38: 0
  39: 0
  40: 0
  41: 0
  42: 0
  43: 0
  44: 0
  45: 0
  46: 0
  47: 0
  48: 0
  49: 0
  50: 0
  51: 0
  52: 0
  53: 0
  54: 0
  55: 0
  56: 0
  57: 0
  58: 0
  59: 0
  60: 0
  61: 0
  62: 0
  63: 0
 heartbeats: # Per-process heartbeats
  0: 0
  1: 0
  2: 0
  3: 0
  4: 0
  5: 0
  6: 0
  7: 0
  8: 0
  9: 0
  10: 0
  11: 0
  12: 0
  13: 0
  14: 0
  15: 0
  16: 0
  17: 0
  18: 0
  19: 0
  20: 0
  21: 0
  22: 0
  23: 0
  24: 0
  25: 0
  26: 0
  27: 0
  28: 0
  29: 0
  30: 0
  31: 0
  32: 0
  33: 0
  34: 0
  35: 0
  36: 0
  37: 0
  38: 0
  39: 0
  40: 0
  41: 0
  42: 0
  43: 0
  44: 0
  45: 0
  46: 0
  47: 0
  48: 0
  49: 0
  50: 0
  51: 0
  52: 0
  53: 0
  54: 0
  55: 0
  56: 0
  57: 0
  58: 0
  59: 0
  60: 0
  61: 0
  62: 0
  63: 0
===
