# zsim stats
===
root: # Stats
 contention: # Contention simulation stats
  domain-0: # Domain stats
   time: 1622978182 # Weave simulation time
 time: # Simulator time breakdown
  init: 921295932127
  bound: 8846465119
  weave: 1842193933
  ff: 0
 trigger: 20000 # Reason for this stats dump
 phase: 25963 # Simulated phases
 westmere: # Core stats
  westmere-0: # Core stats
   cycles: 259631667 # Simulated unhalted cycles
   cCycles: 53268435 # Cycles due to contention stalls
   instrs: 100004847 # Simulated instructions
   uops: 108758906 # Retired micro-ops
   bbls: 19578238 # Basic blocks
   approxInstrs: 1842662 # Instrs with approx uop decoding
   mispredBranches: 1245775 # Mispredicted branches
   condBranches: 18418518 # conditional branches
 l1i: # Cache stats
  l1i-0: # Filter cache stats
   fhGETS: 26016604 # Filtered GETS hits
   fhGETX: 0 # Filtered GETX hits
   hGETS: 200669 # GETS hits
   hGETX: 0 # GETX hits
   mGETS: 9922 # GETS misses
   mGETXIM: 0 # GETX I->M misses
   mGETXSM: 0 # GETX S->M misses (upgrade misses)
   PUTS: 0 # Clean evictions (from lower level)
   PUTX: 0 # Dirty evictions (from lower level)
   INV: 9858 # Invalidates (from upper level)
   INVX: 0 # Downgrades (from upper level)
   FWD: 0 # Forwards (from upper level)
   latGETnl: 1229626 # GET request latency on next level
   latGETnet: 0 # GET request latency on network to next level
 l1d: # Cache stats
  l1d-0: # Filter cache stats
   fhGETS: 22210338 # Filtered GETS hits
   fhGETX: 4228139 # Filtered GETX hits
   hGETS: 2321249 # GETS hits
   hGETX: 2558912 # GETX hits
   mGETS: 3461974 # GETS misses
   mGETXIM: 745018 # GETX I->M misses
   mGETXSM: 0 # GETX S->M misses (upgrade misses)
   PUTS: 0 # Clean evictions (from lower level)
   PUTX: 0 # Dirty evictions (from lower level)
   INV: 1006119 # Invalidates (from upper level)
   INVX: 0 # Downgrades (from upper level)
   FWD: 0 # Forwards (from upper level)
   latGETnl: 375750470 # GET request latency on next level
   latGETnet: 0 # GET request latency on network to next level
 l2: # Cache stats
  l2-0: # Cache stats
   hGETS: 541458 # GETS hits
   hGETX: 76627 # GETX hits
   mGETS: 2930438 # GETS misses
   mGETXIM: 668391 # GETX I->M misses
   mGETXSM: 0 # GETX S->M misses (upgrade misses)
   PUTS: 1822845 # Clean evictions (from lower level)
   PUTX: 1377541 # Dirty evictions (from lower level)
   INV: 2041574 # Invalidates (from upper level)
   INVX: 0 # Downgrades (from upper level)
   FWD: 0 # Forwards (from upper level)
   latGETnl: 334810956 # GET request latency on next level
   latGETnet: 0 # GET request latency on network to next level
 l3: # Cache stats
  l3-0: # Cache stats
   hGETS: 680785 # GETS hits
   hGETX: 157610 # GETX hits
   mGETS: 2249653 # GETS misses
   mGETXIM: 510781 # GETX I->M misses
   mGETXSM: 0 # GETX S->M misses (upgrade misses)
   PUTS: 900658 # Clean evictions (from lower level)
   PUTX: 652667 # Dirty evictions (from lower level)
   INV: 0 # Invalidates (from upper level)
   INVX: 0 # Downgrades (from upper level)
   FWD: 0 # Forwards (from upper level)
   latGETnl: 248439060 # GET request latency on next level
   latGETnet: 0 # GET request latency on network to next level
 mem: # Memory controller stats
  mem-0: # Memory controller stats
   rd: 687842 # Read requests
   wr: 283157 # Write requests
   rdlat: 93490378 # Total latency experienced by read requests
   wrlat: 43236458 # Total latency experienced by write requests
   rdhits: 12130 # Read row hits
   wrhits: 4527 # Write row hits
   mlh: # latency histogram for memory requests
    0: 0
    1: 0
    2: 0
    3: 0
    4: 0
    5: 0
    6: 0
    7: 0
    8: 0
    9: 1
    10: 2
    11: 773
    12: 806
    13: 617375
    14: 40599
    15: 9305
    16: 4175
    17: 1280
    18: 700
    19: 911
    20: 991
    21: 928
    22: 640
    23: 850
    24: 769
    25: 630
    26: 300
    27: 293
    28: 325
    29: 392
    30: 390
    31: 424
    32: 390
    33: 401
    34: 448
    35: 481
    36: 449
    37: 424
    38: 404
    39: 396
    40: 355
    41: 370
    42: 372
    43: 184
    44: 65
    45: 49
    46: 58
    47: 66
    48: 50
    49: 5
    50: 6
    51: 3
    52: 4
    53: 1
    54: 0
    55: 1
    56: 0
    57: 0
    58: 0
    59: 0
    60: 1
    61: 0
    62: 0
    63: 0
    64: 0
    65: 0
    66: 0
    67: 0
    68: 0
    69: 0
    70: 0
    71: 0
    72: 0
    73: 0
    74: 0
    75: 0
    76: 0
    77: 0
    78: 0
    79: 0
    80: 0
    81: 0
    82: 0
    83: 0
    84: 0
    85: 0
    86: 0
    87: 0
    88: 0
    89: 0
    90: 0
    91: 0
    92: 0
    93: 0
    94: 0
    95: 0
    96: 0
    97: 0
    98: 0
    99: 0
  mem-1: # Memory controller stats
   rd: 690912 # Read requests
   wr: 284624 # Write requests
   rdlat: 93901692 # Total latency experienced by read requests
   wrlat: 43360593 # Total latency experienced by write requests
   rdhits: 12502 # Read row hits
   wrhits: 4354 # Write row hits
   mlh: # latency histogram for memory requests
    0: 0
    1: 0
    2: 0
    3: 0
    4: 0
    5: 0
    6: 0
    7: 0
    8: 0
    9: 1
    10: 1
    11: 803
    12: 931
    13: 619924
    14: 41880
    15: 8896
    16: 3846
    17: 1189
    18: 762
    19: 760
    20: 923
    21: 869
    22: 641
    23: 841
    24: 897
    25: 491
    26: 257
    27: 320
    28: 389
    29: 372
    30: 445
    31: 415
    32: 423
    33: 408
    34: 435
    35: 457
    36: 428
    37: 439
    38: 431
    39: 370
    40: 397
    41: 404
    42: 391
    43: 174
    44: 54
    45: 48
    46: 51
    47: 67
    48: 42
    49: 6
    50: 5
    51: 10
    52: 6
    53: 3
    54: 3
    55: 0
    56: 0
    57: 0
    58: 0
    59: 0
    60: 1
    61: 0
    62: 2
    63: 1
    64: 1
    65: 1
    66: 1
    67: 0
    68: 0
    69: 0
    70: 0
    71: 0
    72: 0
    73: 0
    74: 0
    75: 0
    76: 0
    77: 0
    78: 0
    79: 0
    80: 0
    81: 0
    82: 0
    83: 0
    84: 0
    85: 0
    86: 0
    87: 0
    88: 0
    89: 0
    90: 0
    91: 0
    92: 0
    93: 0
    94: 0
    95: 0
    96: 0
    97: 0
    98: 0
    99: 0
  mem-2: # Memory controller stats
   rd: 693116 # Read requests
   wr: 286217 # Write requests
   rdlat: 94155078 # Total latency experienced by read requests
   wrlat: 43461005 # Total latency experienced by write requests
   rdhits: 11940 # Read row hits
   wrhits: 4250 # Write row hits
   mlh: # latency histogram for memory requests
    0: 0
    1: 0
    2: 0
    3: 0
    4: 0
    5: 0
    6: 0
    7: 0
    8: 0
    9: 3
    10: 1
    11: 793
    12: 850
    13: 619899
    14: 43863
    15: 9284
    16: 3968
    17: 1256
    18: 739
    19: 790
    20: 1016
    21: 915
    22: 622
    23: 822
    24: 873
    25: 529
    26: 267
    27: 277
    28: 329
    29: 369
    30: 382
    31: 446
    32: 482
    33: 426
    34: 435
    35: 412
    36: 409
    37: 406
    38: 376
    39: 363
    40: 348
    41: 351
    42: 377
    43: 152
    44: 54
    45: 54
    46: 46
    47: 66
    48: 44
    49: 8
    50: 3
    51: 2
    52: 2
    53: 2
    54: 2
    55: 1
    56: 0
    57: 0
    58: 0
    59: 1
    60: 0
    61: 1
    62: 0
    63: 0
    64: 0
    65: 0
    66: 0
    67: 0
    68: 0
    69: 0
    70: 0
    71: 0
    72: 0
    73: 0
    74: 0
    75: 0
    76: 0
    77: 0
    78: 0
    79: 0
    80: 0
    81: 0
    82: 0
    83: 0
    84: 0
    85: 0
    86: 0
    87: 0
    88: 0
    89: 0
    90: 0
    91: 0
    92: 0
    93: 0
    94: 0
    95: 0
    96: 0
    97: 0
    98: 0
    99: 0
  mem-3: # Memory controller stats
   rd: 688557 # Read requests
   wr: 282202 # Write requests
   rdlat: 93430862 # Total latency experienced by read requests
   wrlat: 42852548 # Total latency experienced by write requests
   rdhits: 11917 # Read row hits
   wrhits: 4341 # Write row hits
   mlh: # latency histogram for memory requests
    0: 0
    1: 0
    2: 0
    3: 0
    4: 0
    5: 0
    6: 0
    7: 0
    8: 0
    9: 1
    10: 1
    11: 741
    12: 817
    13: 620009
    14: 40551
    15: 9104
    16: 3879
    17: 1068
    18: 626
    19: 704
    20: 721
    21: 861
    22: 492
    23: 797
    24: 730
    25: 557
    26: 262
    27: 316
    28: 323
    29: 375
    30: 446
    31: 405
    32: 413
    33: 381
    34: 392
    35: 454
    36: 403
    37: 420
    38: 366
    39: 399
    40: 390
    41: 361
    42: 380
    43: 161
    44: 40
    45: 44
    46: 47
    47: 61
    48: 34
    49: 13
    50: 3
    51: 3
    52: 1
    53: 1
    54: 0
    55: 0
    56: 0
    57: 0
    58: 0
    59: 0
    60: 1
    61: 1
    62: 1
    63: 0
    64: 1
    65: 0
    66: 0
    67: 0
    68: 0
    69: 0
    70: 0
    71: 0
    72: 0
    73: 0
    74: 0
    75: 0
    76: 0
    77: 0
    78: 0
    79: 0
    80: 0
    81: 0
    82: 0
    83: 0
    84: 0
    85: 0
    86: 0
    87: 0
    88: 0
    89: 0
    90: 0
    91: 0
    92: 0
    93: 0
    94: 0
    95: 0
    96: 0
    97: 0
    98: 0
    99: 0
 sched: # Scheduler stats
  thCr: 1 # Threads created
  thFn: 1 # Threads finished
  schedEvs: 1 # Schedule events
  waitEvs: 0 # Wait events
  handoffEvs: 0 # Handoff events
  sleepEvs: 0 # Sleep events
  idlePhases: 0 # Phases with no thread active
  idlePeriods: 0 # Periods with no thread active
  occHist: # Occupancy histogram
   0: 0
   1: 25963
  rqSzHist: # Run queue size histogram
   0: 25963
   1: 0
   2: 0
   3: 0
   4: 0
   5: 0
   6: 0
   7: 0
   8: 0
   9: 0
   10: 0
   11: 0
   12: 0
   13: 0
   14: 0
   15: 0
   16: 0
 procCycles: # Per-process unhalted core cycles
  0: 259631667
  1: 0
  2: 0
  3: 0
  4: 0
  5: 0
  6: 0
  7: 0
  8: 0
  9: 0
  10: 0
  11: 0
  12: 0
  13: 0
  14: 0
  15: 0
  16: 0
  17: 0
  18: 0
  19: 0
  20: 0
  21: 0
  22: 0
  23: 0
  24: 0
  25: 0
  26: 0
  27: 0
  28: 0
  29: 0
  30: 0
  31: 0
  32: 0
  33: 0
  34: 0
  35: 0
  36: 0
  37: 0
  38: 0
  39: 0
  40: 0
  41: 0
  42: 0
  43: 0
  44: 0
  45: 0
  46: 0
  47: 0
  48: 0
  49: 0
  50: 0
  51: 0
  52: 0
  53: 0
  54: 0
  55: 0
  56: 0
  57: 0
  58: 0
  59: 0
  60: 0
  61: 0
  62: 0
  63: 0
 procInstrs: # Per-process instructions
  0: 100004847
  1: 0
  2: 0
  3: 0
  4: 0
  5: 0
  6: 0
  7: 0
  8: 0
  9: 0
  10: 0
  11: 0
  12: 0
  13: 0
  14: 0
  15: 0
  16: 0
  17: 0
  18: 0
  19: 0
  20: 0
  21: 0
  22: 0
  23: 0
  24: 0
  25: 0
  26: 0
  27: 0
  28: 0
  29: 0
  30: 0
  31: 0
  32: 0
  33: 0
  34: 0
  35: 0
  36: 0
  37: 0
  38: 0
  39: 0
  40: 0
  41: 0
  42: 0
  43: 0
  44: 0
  45: 0
  46: 0
  47: 0
  48: 0
  49: 0
  50: 0
  51: 0
  52: 0
  53: 0
  54: 0
  55: 0
  56: 0
  57: 0
  58: 0
  59: 0
  60: 0
  61: 0
  62: 0
  63: 0
 heartbeats: # Per-process heartbeats
  0: 0
  1: 0
  2: 0
  3: 0
  4: 0
  5: 0
  6: 0
  7: 0
  8: 0
  9: 0
  10: 0
  11: 0
  12: 0
  13: 0
  14: 0
  15: 0
  16: 0
  17: 0
  18: 0
  19: 0
  20: 0
  21: 0
  22: 0
  23: 0
  24: 0
  25: 0
  26: 0
  27: 0
  28: 0
  29: 0
  30: 0
  31: 0
  32: 0
  33: 0
  34: 0
  35: 0
  36: 0
  37: 0
  38: 0
  39: 0
  40: 0
  41: 0
  42: 0
  43: 0
  44: 0
  45: 0
  46: 0
  47: 0
  48: 0
  49: 0
  50: 0
  51: 0
  52: 0
  53: 0
  54: 0
  55: 0
  56: 0
  57: 0
  58: 0
  59: 0
  60: 0
  61: 0
  62: 0
  63: 0
===
