# zsim stats
===
root: # Stats
 contention: # Contention simulation stats
  domain-0: # Domain stats
   time: 261601146 # Weave simulation time
 time: # Simulator time breakdown
  init: 26995548399
  bound: 6286774017
  weave: 775181632
  ff: 0
 trigger: 20000 # Reason for this stats dump
 phase: 10943 # Simulated phases
 westmere: # Core stats
  westmere-0: # Core stats
   cycles: 109430125 # Simulated unhalted cycles
   cCycles: 8561707 # Cycles due to contention stalls
   instrs: 100016551 # Simulated instructions
   uops: 113824003 # Retired micro-ops
   bbls: 14847430 # Basic blocks
   approxInstrs: 596117 # Instrs with approx uop decoding
   mispredBranches: 789656 # Mispredicted branches
   condBranches: 12875979 # conditional branches
 l1i: # Cache stats
  l1i-0: # Filter cache stats
   fhGETS: 19608957 # Filtered GETS hits
   fhGETX: 0 # Filtered GETX hits
   hGETS: 195 # GETS hits
   hGETX: 0 # GETX hits
   mGETS: 615 # GETS misses
   mGETXIM: 0 # GETX I->M misses
   mGETXSM: 0 # GETX S->M misses (upgrade misses)
   PUTS: 0 # Clean evictions (from lower level)
   PUTX: 0 # Dirty evictions (from lower level)
   INV: 549 # Invalidates (from upper level)
   INVX: 0 # Downgrades (from upper level)
   FWD: 0 # Forwards (from upper level)
   latGETnl: 76260 # GET request latency on next level
   latGETnet: 0 # GET request latency on network to next level
 l1d: # Cache stats
  l1d-0: # Filter cache stats
   fhGETS: 25343121 # Filtered GETS hits
   fhGETX: 11382504 # Filtered GETX hits
   hGETS: 1026317 # GETS hits
   hGETX: 1684444 # GETX hits
   mGETS: 1934865 # GETS misses
   mGETXIM: 1093083 # GETX I->M misses
   mGETXSM: 0 # GETX S->M misses (upgrade misses)
   PUTS: 0 # Clean evictions (from lower level)
   PUTX: 0 # Dirty evictions (from lower level)
   INV: 351 # Invalidates (from upper level)
   INVX: 0 # Downgrades (from upper level)
   FWD: 0 # Forwards (from upper level)
   latGETnl: 103717548 # GET request latency on next level
   latGETnet: 0 # GET request latency on network to next level
 l2: # Cache stats
  l2-0: # Cache stats
   hGETS: 947309 # GETS hits
   hGETX: 121667 # GETX hits
   mGETS: 988171 # GETS misses
   mGETXIM: 971416 # GETX I->M misses
   mGETXSM: 0 # GETX S->M misses (upgrade misses)
   PUTS: 942739 # Clean evictions (from lower level)
   PUTX: 2084346 # Dirty evictions (from lower level)
   INV: 3838 # Invalidates (from upper level)
   INVX: 0 # Downgrades (from upper level)
   FWD: 0 # Forwards (from upper level)
   latGETnl: 73508178 # GET request latency on next level
   latGETnet: 0 # GET request latency on network to next level
 l3: # Cache stats
  l3-0: # Cache stats
   hGETS: 880258 # GETS hits
   hGETX: 785128 # GETX hits
   mGETS: 107913 # GETS misses
   mGETXIM: 186288 # GETX I->M misses
   mGETXSM: 0 # GETX S->M misses (upgrade misses)
   PUTS: 575677 # Clean evictions (from lower level)
   PUTX: 1375976 # Dirty evictions (from lower level)
   INV: 0 # Invalidates (from upper level)
   INVX: 0 # Downgrades (from upper level)
   FWD: 0 # Forwards (from upper level)
   latGETnl: 26478090 # GET request latency on next level
   latGETnet: 0 # GET request latency on network to next level
 mem: # Memory controller stats
  mem-0: # Memory controller stats
   rd: 73524 # Read requests
   wr: 52059 # Write requests
   rdlat: 9959189 # Total latency experienced by read requests
   wrlat: 7484580 # Total latency experienced by write requests
   rdhits: 1128 # Read row hits
   wrhits: 404 # Write row hits
   mlh: # latency histogram for memory requests
    0: 0
    1: 0
    2: 0
    3: 0
    4: 0
    5: 0
    6: 0
    7: 0
    8: 0
    9: 0
    10: 0
    11: 159
    12: 160
    13: 68163
    14: 1318
    15: 997
    16: 572
    17: 244
    18: 219
    19: 273
    20: 293
    21: 190
    22: 72
    23: 61
    24: 58
    25: 48
    26: 44
    27: 38
    28: 35
    29: 33
    30: 39
    31: 30
    32: 34
    33: 44
    34: 34
    35: 44
    36: 40
    37: 36
    38: 38
    39: 42
    40: 47
    41: 44
    42: 45
    43: 12
    44: 3
    45: 5
    46: 3
    47: 5
    48: 1
    49: 0
    50: 1
    51: 0
    52: 0
    53: 0
    54: 0
    55: 0
    56: 0
    57: 0
    58: 0
    59: 0
    60: 0
    61: 0
    62: 0
    63: 0
    64: 0
    65: 0
    66: 0
    67: 0
    68: 0
    69: 0
    70: 0
    71: 0
    72: 0
    73: 0
    74: 0
    75: 0
    76: 0
    77: 0
    78: 0
    79: 0
    80: 0
    81: 0
    82: 0
    83: 0
    84: 0
    85: 0
    86: 0
    87: 0
    88: 0
    89: 0
    90: 0
    91: 0
    92: 0
    93: 0
    94: 0
    95: 0
    96: 0
    97: 0
    98: 0
    99: 0
  mem-1: # Memory controller stats
   rd: 73475 # Read requests
   wr: 52125 # Write requests
   rdlat: 9954526 # Total latency experienced by read requests
   wrlat: 7476326 # Total latency experienced by write requests
   rdhits: 1075 # Read row hits
   wrhits: 406 # Write row hits
   mlh: # latency histogram for memory requests
    0: 0
    1: 0
    2: 0
    3: 0
    4: 0
    5: 0
    6: 0
    7: 0
    8: 0
    9: 0
    10: 0
    11: 152
    12: 165
    13: 68265
    14: 1315
    15: 958
    16: 537
    17: 208
    18: 222
    19: 246
    20: 340
    21: 162
    22: 50
    23: 52
    24: 51
    25: 37
    26: 38
    27: 26
    28: 34
    29: 42
    30: 47
    31: 43
    32: 35
    33: 31
    34: 47
    35: 35
    36: 29
    37: 48
    38: 46
    39: 41
    40: 47
    41: 51
    42: 34
    43: 14
    44: 4
    45: 8
    46: 3
    47: 8
    48: 4
    49: 0
    50: 0
    51: 0
    52: 0
    53: 0
    54: 0
    55: 0
    56: 0
    57: 0
    58: 0
    59: 0
    60: 0
    61: 0
    62: 0
    63: 0
    64: 0
    65: 0
    66: 0
    67: 0
    68: 0
    69: 0
    70: 0
    71: 0
    72: 0
    73: 0
    74: 0
    75: 0
    76: 0
    77: 0
    78: 0
    79: 0
    80: 0
    81: 0
    82: 0
    83: 0
    84: 0
    85: 0
    86: 0
    87: 0
    88: 0
    89: 0
    90: 0
    91: 0
    92: 0
    93: 0
    94: 0
    95: 0
    96: 0
    97: 0
    98: 0
    99: 0
  mem-2: # Memory controller stats
   rd: 73871 # Read requests
   wr: 52407 # Write requests
   rdlat: 10029072 # Total latency experienced by read requests
   wrlat: 7578322 # Total latency experienced by write requests
   rdhits: 1339 # Read row hits
   wrhits: 449 # Write row hits
   mlh: # latency histogram for memory requests
    0: 0
    1: 0
    2: 0
    3: 0
    4: 0
    5: 0
    6: 0
    7: 0
    8: 0
    9: 0
    10: 0
    11: 177
    12: 212
    13: 68126
    14: 1397
    15: 956
    16: 627
    17: 290
    18: 264
    19: 305
    20: 335
    21: 176
    22: 58
    23: 84
    24: 54
    25: 43
    26: 34
    27: 36
    28: 45
    29: 48
    30: 28
    31: 52
    32: 46
    33: 50
    34: 60
    35: 49
    36: 25
    37: 53
    38: 35
    39: 51
    40: 32
    41: 39
    42: 36
    43: 14
    44: 5
    45: 10
    46: 6
    47: 9
    48: 4
    49: 0
    50: 0
    51: 0
    52: 0
    53: 0
    54: 0
    55: 0
    56: 0
    57: 0
    58: 0
    59: 0
    60: 0
    61: 0
    62: 0
    63: 0
    64: 0
    65: 0
    66: 0
    67: 0
    68: 0
    69: 0
    70: 0
    71: 0
    72: 0
    73: 0
    74: 0
    75: 0
    76: 0
    77: 0
    78: 0
    79: 0
    80: 0
    81: 0
    82: 0
    83: 0
    84: 0
    85: 0
    86: 0
    87: 0
    88: 0
    89: 0
    90: 0
    91: 0
    92: 0
    93: 0
    94: 0
    95: 0
    96: 0
    97: 0
    98: 0
    99: 0
  mem-3: # Memory controller stats
   rd: 73331 # Read requests
   wr: 51913 # Write requests
   rdlat: 9932553 # Total latency experienced by read requests
   wrlat: 7482608 # Total latency experienced by write requests
   rdhits: 1058 # Read row hits
   wrhits: 417 # Write row hits
   mlh: # latency histogram for memory requests
    0: 0
    1: 0
    2: 0
    3: 0
    4: 0
    5: 0
    6: 0
    7: 0
    8: 0
    9: 0
    10: 0
    11: 147
    12: 181
    13: 68106
    14: 1278
    15: 990
    16: 538
    17: 238
    18: 242
    19: 278
    20: 242
    21: 170
    22: 58
    23: 57
    24: 59
    25: 51
    26: 37
    27: 29
    28: 34
    29: 47
    30: 51
    31: 26
    32: 40
    33: 34
    34: 40
    35: 35
    36: 42
    37: 43
    38: 42
    39: 35
    40: 28
    41: 50
    42: 52
    43: 10
    44: 5
    45: 4
    46: 4
    47: 5
    48: 0
    49: 1
    50: 0
    51: 0
    52: 0
    53: 0
    54: 2
    55: 0
    56: 0
    57: 0
    58: 0
    59: 0
    60: 0
    61: 0
    62: 0
    63: 0
    64: 0
    65: 0
    66: 0
    67: 0
    68: 0
    69: 0
    70: 0
    71: 0
    72: 0
    73: 0
    74: 0
    75: 0
    76: 0
    77: 0
    78: 0
    79: 0
    80: 0
    81: 0
    82: 0
    83: 0
    84: 0
    85: 0
    86: 0
    87: 0
    88: 0
    89: 0
    90: 0
    91: 0
    92: 0
    93: 0
    94: 0
    95: 0
    96: 0
    97: 0
    98: 0
    99: 0
 sched: # Scheduler stats
  thCr: 1 # Threads created
  thFn: 1 # Threads finished
  schedEvs: 1 # Schedule events
  waitEvs: 0 # Wait events
  handoffEvs: 0 # Handoff events
  sleepEvs: 0 # Sleep events
  idlePhases: 0 # Phases with no thread active
  idlePeriods: 0 # Periods with no thread active
  occHist: # Occupancy histogram
   0: 0
   1: 10943
  rqSzHist: # Run queue size histogram
   0: 10943
   1: 0
   2: 0
   3: 0
   4: 0
   5: 0
   6: 0
   7: 0
   8: 0
   9: 0
   10: 0
   11: 0
   12: 0
   13: 0
   14: 0
   15: 0
   16: 0
 procCycles: # Per-process unhalted core cycles
  0: 109430125
  1: 0
  2: 0
  3: 0
  4: 0
  5: 0
  6: 0
  7: 0
  8: 0
  9: 0
  10: 0
  11: 0
  12: 0
  13: 0
  14: 0
  15: 0
  16: 0
  17: 0
  18: 0
  19: 0
  20: 0
  21: 0
  22: 0
  23: 0
  24: 0
  25: 0
  26: 0
  27: 0
  28: 0
  29: 0
  30: 0
  31: 0
  32: 0
  33: 0
  34: 0
  35: 0
  36: 0
  37: 0
  38: 0
  39: 0
  40: 0
  41: 0
  42: 0
  43: 0
  44: 0
  45: 0
  46: 0
  47: 0
  48: 0
  49: 0
  50: 0
  51: 0
  52: 0
  53: 0
  54: 0
  55: 0
  56: 0
  57: 0
  58: 0
  59: 0
  60: 0
  61: 0
  62: 0
  63: 0
 procInstrs: # Per-process instructions
  0: 100016551
  1: 0
  2: 0
  3: 0
  4: 0
  5: 0
  6: 0
  7: 0
  8: 0
  9: 0
  10: 0
  11: 0
  12: 0
  13: 0
  14: 0
  15: 0
  16: 0
  17: 0
  18: 0
  19: 0
  20: 0
  21: 0
  22: 0
  23: 0
  24: 0
  25: 0
  26: 0
  27: 0
  28: 0
  29: 0
  30: 0
  31: 0
  32: 0
  33: 0
  34: 0
  35: 0
  36: 0
  37: 0
  38: 0
  39: 0
  40: 0
  41: 0
  42: 0
  43: 0
  44: 0
  45: 0
  46: 0
  47: 0
  48: 0
  49: 0
  50: 0
  51: 0
  52: 0
  53: 0
  54: 0
  55: 0
  56: 0
  57: 0
  58: 0
  59: 0
  60: 0
  61: 0
  62: 0
  63: 0
 heartbeats: # Per-process heartbeats
  0: 0
  1: 0
  2: 0
  3: 0
  4: 0
  5: 0
  6: 0
  7: 0
  8: 0
  9: 0
  10: 0
  11: 0
  12: 0
  13: 0
  14: 0
  15: 0
  16: 0
  17: 0
  18: 0
  19: 0
  20: 0
  21: 0
  22: 0
  23: 0
  24: 0
  25: 0
  26: 0
  27: 0
  28: 0
  29: 0
  30: 0
  31: 0
  32: 0
  33: 0
  34: 0
  35: 0
  36: 0
  37: 0
  38: 0
  39: 0
  40: 0
  41: 0
  42: 0
  43: 0
  44: 0
  45: 0
  46: 0
  47: 0
  48: 0
  49: 0
  50: 0
  51: 0
  52: 0
  53: 0
  54: 0
  55: 0
  56: 0
  57: 0
  58: 0
  59: 0
  60: 0
  61: 0
  62: 0
  63: 0
===
