# zsim stats
===
root: # Stats
 contention: # Contention simulation stats
  domain-0: # Domain stats
   time: 6991317299 # Weave simulation time
 time: # Simulator time breakdown
  init: 296138649
  bound: 91278369492
  weave: 9732489862
  ff: 0
 trigger: 20000 # Reason for this stats dump
 phase: 70607 # Simulated phases
 westmere: # Core stats
  westmere-0: # Core stats
   cycles: 696739831 # Simulated unhalted cycles
   cCycles: 68485091 # Cycles due to contention stalls
   instrs: 715783621 # Simulated instructions
   uops: 868364199 # Retired micro-ops
   bbls: 57332372 # Basic blocks
   approxInstrs: 77932 # Instrs with approx uop decoding
   mispredBranches: 263357 # Mispredicted branches
   condBranches: 37027754 # conditional branches
  westmere-1: # Core stats
   cycles: 636880486 # Simulated unhalted cycles
   cCycles: 60609420 # Cycles due to contention stalls
   instrs: 627133378 # Simulated instructions
   uops: 744644739 # Retired micro-ops
   bbls: 44811540 # Basic blocks
   approxInstrs: 8776 # Instrs with approx uop decoding
   mispredBranches: 261371 # Mispredicted branches
   condBranches: 36401551 # conditional branches
  westmere-2: # Core stats
   cycles: 628297278 # Simulated unhalted cycles
   cCycles: 63014730 # Cycles due to contention stalls
   instrs: 603341308 # Simulated instructions
   uops: 718099355 # Retired micro-ops
   bbls: 40322299 # Basic blocks
   approxInstrs: 77784 # Instrs with approx uop decoding
   mispredBranches: 260076 # Mispredicted branches
   condBranches: 32600684 # conditional branches
  westmere-3: # Core stats
   cycles: 628054968 # Simulated unhalted cycles
   cCycles: 62386829 # Cycles due to contention stalls
   instrs: 610003027 # Simulated instructions
   uops: 724679437 # Retired micro-ops
   bbls: 41799737 # Basic blocks
   approxInstrs: 78004 # Instrs with approx uop decoding
   mispredBranches: 267406 # Mispredicted branches
   condBranches: 34096843 # conditional branches
  westmere-4: # Core stats
   cycles: 628108488 # Simulated unhalted cycles
   cCycles: 62957910 # Cycles due to contention stalls
   instrs: 602604401 # Simulated instructions
   uops: 717336112 # Retired micro-ops
   bbls: 40158507 # Basic blocks
   approxInstrs: 77982 # Instrs with approx uop decoding
   mispredBranches: 263849 # Mispredicted branches
   condBranches: 32443893 # conditional branches
  westmere-5: # Core stats
   cycles: 628013492 # Simulated unhalted cycles
   cCycles: 58859319 # Cycles due to contention stalls
   instrs: 630956141 # Simulated instructions
   uops: 745643480 # Retired micro-ops
   bbls: 46454519 # Basic blocks
   approxInstrs: 78032 # Instrs with approx uop decoding
   mispredBranches: 260128 # Mispredicted branches
   condBranches: 38743637 # conditional branches
  westmere-6: # Core stats
   cycles: 628028733 # Simulated unhalted cycles
   cCycles: 63922253 # Cycles due to contention stalls
   instrs: 597901273 # Simulated instructions
   uops: 712552909 # Retired micro-ops
   bbls: 39109710 # Basic blocks
   approxInstrs: 77713 # Instrs with approx uop decoding
   mispredBranches: 262862 # Mispredicted branches
   condBranches: 31407399 # conditional branches
  westmere-7: # Core stats
   cycles: 628125334 # Simulated unhalted cycles
   cCycles: 61957352 # Cycles due to contention stalls
   instrs: 612290741 # Simulated instructions
   uops: 727027665 # Retired micro-ops
   bbls: 42311405 # Basic blocks
   approxInstrs: 77852 # Instrs with approx uop decoding
   mispredBranches: 259935 # Mispredicted branches
   condBranches: 34593301 # conditional branches
 l1i: # Cache stats
  l1i-0: # Filter cache stats
   fhGETS: 92404809 # Filtered GETS hits
   fhGETX: 0 # Filtered GETX hits
   hGETS: 15921 # GETS hits
   hGETX: 0 # GETX hits
   mGETS: 658 # GETS misses
   mGETXIM: 0 # GETX I->M misses
   mGETXSM: 0 # GETX S->M misses (upgrade misses)
   PUTS: 0 # Clean evictions (from lower level)
   PUTX: 0 # Dirty evictions (from lower level)
   INV: 0 # Invalidates (from upper level)
   INVX: 0 # Downgrades (from upper level)
   FWD: 0 # Forwards (from upper level)
   latGETnl: 57040 # GET request latency on next level
   latGETnet: 0 # GET request latency on network to next level
  l1i-1: # Filter cache stats
   fhGETS: 79916992 # Filtered GETS hits
   fhGETX: 0 # Filtered GETX hits
   hGETS: 38989 # GETS hits
   hGETX: 0 # GETX hits
   mGETS: 2188 # GETS misses
   mGETXIM: 0 # GETX I->M misses
   mGETXSM: 0 # GETX S->M misses (upgrade misses)
   PUTS: 0 # Clean evictions (from lower level)
   PUTX: 0 # Dirty evictions (from lower level)
   INV: 1710 # Invalidates (from upper level)
   INVX: 0 # Downgrades (from upper level)
   FWD: 0 # Forwards (from upper level)
   latGETnl: 123166 # GET request latency on next level
   latGETnet: 0 # GET request latency on network to next level
  l1i-2: # Filter cache stats
   fhGETS: 75373401 # Filtered GETS hits
   fhGETX: 0 # Filtered GETX hits
   hGETS: 15716 # GETS hits
   hGETX: 0 # GETX hits
   mGETS: 329 # GETS misses
   mGETXIM: 0 # GETX I->M misses
   mGETXSM: 0 # GETX S->M misses (upgrade misses)
   PUTS: 0 # Clean evictions (from lower level)
   PUTX: 0 # Dirty evictions (from lower level)
   INV: 0 # Invalidates (from upper level)
   INVX: 0 # Downgrades (from upper level)
   FWD: 0 # Forwards (from upper level)
   latGETnl: 14066 # GET request latency on next level
   latGETnet: 0 # GET request latency on network to next level
  l1i-3: # Filter cache stats
   fhGETS: 76886878 # Filtered GETS hits
   fhGETX: 0 # Filtered GETX hits
   hGETS: 15343 # GETS hits
   hGETX: 0 # GETX hits
   mGETS: 324 # GETS misses
   mGETXIM: 0 # GETX I->M misses
   mGETXSM: 0 # GETX S->M misses (upgrade misses)
   PUTS: 0 # Clean evictions (from lower level)
   PUTX: 0 # Dirty evictions (from lower level)
   INV: 0 # Invalidates (from upper level)
   INVX: 0 # Downgrades (from upper level)
   FWD: 0 # Forwards (from upper level)
   latGETnl: 15066 # GET request latency on next level
   latGETnet: 0 # GET request latency on network to next level
  l1i-4: # Filter cache stats
   fhGETS: 75228086 # Filtered GETS hits
   fhGETX: 0 # Filtered GETX hits
   hGETS: 15442 # GETS hits
   hGETX: 0 # GETX hits
   mGETS: 331 # GETS misses
   mGETXIM: 0 # GETX I->M misses
   mGETXSM: 0 # GETX S->M misses (upgrade misses)
   PUTS: 0 # Clean evictions (from lower level)
   PUTX: 0 # Dirty evictions (from lower level)
   INV: 0 # Invalidates (from upper level)
   INVX: 0 # Downgrades (from upper level)
   FWD: 0 # Forwards (from upper level)
   latGETnl: 13144 # GET request latency on next level
   latGETnet: 0 # GET request latency on network to next level
  l1i-5: # Filter cache stats
   fhGETS: 81506109 # Filtered GETS hits
   fhGETX: 0 # Filtered GETX hits
   hGETS: 15337 # GETS hits
   hGETX: 0 # GETX hits
   mGETS: 332 # GETS misses
   mGETXIM: 0 # GETX I->M misses
   mGETXSM: 0 # GETX S->M misses (upgrade misses)
   PUTS: 0 # Clean evictions (from lower level)
   PUTX: 0 # Dirty evictions (from lower level)
   INV: 0 # Invalidates (from upper level)
   INVX: 0 # Downgrades (from upper level)
   FWD: 0 # Forwards (from upper level)
   latGETnl: 14168 # GET request latency on next level
   latGETnet: 0 # GET request latency on network to next level
  l1i-6: # Filter cache stats
   fhGETS: 74173732 # Filtered GETS hits
   fhGETX: 0 # Filtered GETX hits
   hGETS: 15478 # GETS hits
   hGETX: 0 # GETX hits
   mGETS: 325 # GETS misses
   mGETXIM: 0 # GETX I->M misses
   mGETXSM: 0 # GETX S->M misses (upgrade misses)
   PUTS: 0 # Clean evictions (from lower level)
   PUTX: 0 # Dirty evictions (from lower level)
   INV: 0 # Invalidates (from upper level)
   INVX: 0 # Downgrades (from upper level)
   FWD: 0 # Forwards (from upper level)
   latGETnl: 12670 # GET request latency on next level
   latGETnet: 0 # GET request latency on network to next level
  l1i-7: # Filter cache stats
   fhGETS: 77361567 # Filtered GETS hits
   fhGETX: 0 # Filtered GETX hits
   hGETS: 15365 # GETS hits
   hGETX: 0 # GETX hits
   mGETS: 324 # GETS misses
   mGETXIM: 0 # GETX I->M misses
   mGETXSM: 0 # GETX S->M misses (upgrade misses)
   PUTS: 0 # Clean evictions (from lower level)
   PUTX: 0 # Dirty evictions (from lower level)
   INV: 0 # Invalidates (from upper level)
   INVX: 0 # Downgrades (from upper level)
   FWD: 0 # Forwards (from upper level)
   latGETnl: 14616 # GET request latency on next level
   latGETnet: 0 # GET request latency on network to next level
 l1d: # Cache stats
  l1d-0: # Filter cache stats
   fhGETS: 252144714 # Filtered GETS hits
   fhGETX: 26626631 # Filtered GETX hits
   hGETS: 29875978 # GETS hits
   hGETX: 405565 # GETX hits
   mGETS: 8706787 # GETS misses
   mGETXIM: 178827 # GETX I->M misses
   mGETXSM: 428842 # GETX S->M misses (upgrade misses)
   PUTS: 0 # Clean evictions (from lower level)
   PUTX: 0 # Dirty evictions (from lower level)
   INV: 465058 # Invalidates (from upper level)
   INVX: 446552 # Downgrades (from upper level)
   FWD: 0 # Forwards (from upper level)
   latGETnl: 541496030 # GET request latency on next level
   latGETnet: 0 # GET request latency on network to next level
  l1d-1: # Filter cache stats
   fhGETS: 228210816 # Filtered GETS hits
   fhGETX: 9115682 # Filtered GETX hits
   hGETS: 29741104 # GETS hits
   hGETX: 287812 # GETX hits
   mGETS: 8833379 # GETS misses
   mGETXIM: 39249 # GETX I->M misses
   mGETXSM: 444327 # GETX S->M misses (upgrade misses)
   PUTS: 0 # Clean evictions (from lower level)
   PUTX: 0 # Dirty evictions (from lower level)
   INV: 464166 # Invalidates (from upper level)
   INVX: 440459 # Downgrades (from upper level)
   FWD: 0 # Forwards (from upper level)
   latGETnl: 519330906 # GET request latency on next level
   latGETnet: 0 # GET request latency on network to next level
  l1d-2: # Filter cache stats
   fhGETS: 221214655 # Filtered GETS hits
   fhGETX: 5958075 # Filtered GETX hits
   hGETS: 29187479 # GETS hits
   hGETX: 162638 # GETX hits
   mGETS: 8697635 # GETS misses
   mGETXIM: 39153 # GETX I->M misses
   mGETXSM: 426337 # GETX S->M misses (upgrade misses)
   PUTS: 0 # Clean evictions (from lower level)
   PUTX: 0 # Dirty evictions (from lower level)
   INV: 464605 # Invalidates (from upper level)
   INVX: 448397 # Downgrades (from upper level)
   FWD: 0 # Forwards (from upper level)
   latGETnl: 522867783 # GET request latency on next level
   latGETnet: 0 # GET request latency on network to next level
  l1d-3: # Filter cache stats
   fhGETS: 223123956 # Filtered GETS hits
   fhGETX: 6681769 # Filtered GETX hits
   hGETS: 29510516 # GETS hits
   hGETX: 177273 # GETX hits
   mGETS: 8692261 # GETS misses
   mGETXIM: 38301 # GETX I->M misses
   mGETXSM: 422594 # GETX S->M misses (upgrade misses)
   PUTS: 0 # Clean evictions (from lower level)
   PUTX: 0 # Dirty evictions (from lower level)
   INV: 459283 # Invalidates (from upper level)
   INVX: 437970 # Downgrades (from upper level)
   FWD: 0 # Forwards (from upper level)
   latGETnl: 519564744 # GET request latency on next level
   latGETnet: 0 # GET request latency on network to next level
  l1d-4: # Filter cache stats
   fhGETS: 220901099 # Filtered GETS hits
   fhGETX: 5876914 # Filtered GETX hits
   hGETS: 29264878 # GETS hits
   hGETX: 167299 # GETX hits
   mGETS: 8688626 # GETS misses
   mGETXIM: 37707 # GETX I->M misses
   mGETXSM: 422541 # GETX S->M misses (upgrade misses)
   PUTS: 0 # Clean evictions (from lower level)
   PUTX: 0 # Dirty evictions (from lower level)
   INV: 457325 # Invalidates (from upper level)
   INVX: 434367 # Downgrades (from upper level)
   FWD: 0 # Forwards (from upper level)
   latGETnl: 522591465 # GET request latency on next level
   latGETnet: 0 # GET request latency on network to next level
  l1d-5: # Filter cache stats
   fhGETS: 230115288 # Filtered GETS hits
   fhGETX: 9011675 # Filtered GETX hits
   hGETS: 29521421 # GETS hits
   hGETX: 175296 # GETX hits
   mGETS: 8688524 # GETS misses
   mGETXIM: 38367 # GETX I->M misses
   mGETXSM: 417916 # GETX S->M misses (upgrade misses)
   PUTS: 0 # Clean evictions (from lower level)
   PUTX: 0 # Dirty evictions (from lower level)
   INV: 456399 # Invalidates (from upper level)
   INVX: 438504 # Downgrades (from upper level)
   FWD: 0 # Forwards (from upper level)
   latGETnl: 507367395 # GET request latency on next level
   latGETnet: 0 # GET request latency on network to next level
  l1d-6: # Filter cache stats
   fhGETS: 219394383 # Filtered GETS hits
   fhGETX: 5348429 # Filtered GETX hits
   hGETS: 29231669 # GETS hits
   hGETX: 163506 # GETX hits
   mGETS: 8683647 # GETS misses
   mGETXIM: 37155 # GETX I->M misses
   mGETXSM: 418387 # GETX S->M misses (upgrade misses)
   PUTS: 0 # Clean evictions (from lower level)
   PUTX: 0 # Dirty evictions (from lower level)
   INV: 449619 # Invalidates (from upper level)
   INVX: 435583 # Downgrades (from upper level)
   FWD: 0 # Forwards (from upper level)
   latGETnl: 524288637 # GET request latency on next level
   latGETnet: 0 # GET request latency on network to next level
  l1d-7: # Filter cache stats
   fhGETS: 224197767 # Filtered GETS hits
   fhGETX: 6936858 # Filtered GETX hits
   hGETS: 29191890 # GETS hits
   hGETX: 175345 # GETX hits
   mGETS: 8697301 # GETS misses
   mGETXIM: 37922 # GETX I->M misses
   mGETXSM: 430075 # GETX S->M misses (upgrade misses)
   PUTS: 0 # Clean evictions (from lower level)
   PUTX: 0 # Dirty evictions (from lower level)
   INV: 464760 # Invalidates (from upper level)
   INVX: 445955 # Downgrades (from upper level)
   FWD: 0 # Forwards (from upper level)
   latGETnl: 518913671 # GET request latency on next level
   latGETnet: 0 # GET request latency on network to next level
 l2: # Cache stats
  l2-0: # Cache stats
   hGETS: 21031 # GETS hits
   hGETX: 4705 # GETX hits
   mGETS: 8686414 # GETS misses
   mGETXIM: 176538 # GETX I->M misses
   mGETXSM: 426426 # GETX S->M misses (upgrade misses)
   PUTS: 8240250 # Clean evictions (from lower level)
   PUTX: 191403 # Dirty evictions (from lower level)
   INV: 466298 # Invalidates (from upper level)
   INVX: 598381 # Downgrades (from upper level)
   FWD: 0 # Forwards (from upper level)
   latGETnl: 448401930 # GET request latency on next level
   latGETnet: 0 # GET request latency on network to next level
  l2-1: # Cache stats
   hGETS: 65602 # GETS hits
   hGETX: 3462 # GETX hits
   mGETS: 8769965 # GETS misses
   mGETXIM: 38440 # GETX I->M misses
   mGETXSM: 441674 # GETX S->M misses (upgrade misses)
   PUTS: 8293883 # Clean evictions (from lower level)
   PUTX: 126260 # Dirty evictions (from lower level)
   INV: 467579 # Invalidates (from upper level)
   INVX: 586864 # Downgrades (from upper level)
   FWD: 0 # Forwards (from upper level)
   latGETnl: 426262642 # GET request latency on next level
   latGETnet: 0 # GET request latency on network to next level
  l2-2: # Cache stats
   hGETS: 23642 # GETS hits
   hGETX: 5080 # GETX hits
   mGETS: 8674322 # GETS misses
   mGETXIM: 36406 # GETX I->M misses
   mGETXSM: 424004 # GETX S->M misses (upgrade misses)
   PUTS: 8241450 # Clean evictions (from lower level)
   PUTX: 42341 # Dirty evictions (from lower level)
   INV: 465894 # Invalidates (from upper level)
   INVX: 604197 # Downgrades (from upper level)
   FWD: 0 # Forwards (from upper level)
   latGETnl: 431247309 # GET request latency on next level
   latGETnet: 0 # GET request latency on network to next level
  l2-3: # Cache stats
   hGETS: 24527 # GETS hits
   hGETX: 1864 # GETX hits
   mGETS: 8668058 # GETS misses
   mGETXIM: 39008 # GETX I->M misses
   mGETXSM: 420023 # GETX S->M misses (upgrade misses)
   PUTS: 8240943 # Clean evictions (from lower level)
   PUTX: 42405 # Dirty evictions (from lower level)
   INV: 460586 # Invalidates (from upper level)
   INVX: 582047 # Downgrades (from upper level)
   FWD: 0 # Forwards (from upper level)
   latGETnl: 428045010 # GET request latency on next level
   latGETnet: 0 # GET request latency on network to next level
  l2-4: # Cache stats
   hGETS: 19291 # GETS hits
   hGETX: 3539 # GETX hits
   mGETS: 8669666 # GETS misses
   mGETXIM: 36397 # GETX I->M misses
   mGETXSM: 420312 # GETX S->M misses (upgrade misses)
   PUTS: 8238746 # Clean evictions (from lower level)
   PUTX: 42336 # Dirty evictions (from lower level)
   INV: 458588 # Invalidates (from upper level)
   INVX: 585408 # Downgrades (from upper level)
   FWD: 0 # Forwards (from upper level)
   latGETnl: 431112559 # GET request latency on next level
   latGETnet: 0 # GET request latency on network to next level
  l2-5: # Cache stats
   hGETS: 25971 # GETS hits
   hGETX: 3760 # GETX hits
   mGETS: 8662885 # GETS misses
   mGETXIM: 36779 # GETX I->M misses
   mGETXSM: 415744 # GETX S->M misses (upgrade misses)
   PUTS: 8239775 # Clean evictions (from lower level)
   PUTX: 42672 # Dirty evictions (from lower level)
   INV: 457702 # Invalidates (from upper level)
   INVX: 601075 # Downgrades (from upper level)
   FWD: 0 # Forwards (from upper level)
   latGETnl: 415930173 # GET request latency on next level
   latGETnet: 0 # GET request latency on network to next level
  l2-6: # Cache stats
   hGETS: 25579 # GETS hits
   hGETX: 3336 # GETX hits
   mGETS: 8658393 # GETS misses
   mGETXIM: 35772 # GETX I->M misses
   mGETXSM: 416434 # GETX S->M misses (upgrade misses)
   PUTS: 8240037 # Clean evictions (from lower level)
   PUTX: 42522 # Dirty evictions (from lower level)
   INV: 450885 # Invalidates (from upper level)
   INVX: 590852 # Downgrades (from upper level)
   FWD: 0 # Forwards (from upper level)
   latGETnl: 432906167 # GET request latency on next level
   latGETnet: 0 # GET request latency on network to next level
  l2-7: # Cache stats
   hGETS: 24617 # GETS hits
   hGETX: 4112 # GETX hits
   mGETS: 8673008 # GETS misses
   mGETXIM: 35902 # GETX I->M misses
   mGETXSM: 427983 # GETX S->M misses (upgrade misses)
   PUTS: 8241346 # Clean evictions (from lower level)
   PUTX: 42210 # Dirty evictions (from lower level)
   INV: 466045 # Invalidates (from upper level)
   INVX: 593493 # Downgrades (from upper level)
   FWD: 0 # Forwards (from upper level)
   latGETnl: 427272067 # GET request latency on next level
   latGETnet: 0 # GET request latency on network to next level
 l3: # Cache stats
  l3-0b0: # Cache stats
   hGETS: 6065941 # GETS hits
   hGETX: 854094 # GETX hits
   mGETS: 2265152 # GETS misses
   mGETXIM: 23718 # GETX I->M misses
   mGETXSM: 0 # GETX S->M misses (upgrade misses)
   PUTS: 7377491 # Clean evictions (from lower level)
   PUTX: 61236 # Dirty evictions (from lower level)
   INV: 0 # Invalidates (from upper level)
   INVX: 0 # Downgrades (from upper level)
   FWD: 0 # Forwards (from upper level)
   latGETnl: 205998300 # GET request latency on next level
   latGETnet: 0 # GET request latency on network to next level
  l3-0b1: # Cache stats
   hGETS: 5905882 # GETS hits
   hGETX: 789186 # GETX hits
   mGETS: 2256910 # GETS misses
   mGETXIM: 18937 # GETX I->M misses
   mGETXSM: 0 # GETX S->M misses (upgrade misses)
   PUTS: 7383981 # Clean evictions (from lower level)
   PUTX: 63275 # Dirty evictions (from lower level)
   INV: 0 # Invalidates (from upper level)
   INVX: 0 # Downgrades (from upper level)
   FWD: 0 # Forwards (from upper level)
   latGETnl: 204826230 # GET request latency on next level
   latGETnet: 0 # GET request latency on network to next level
  l3-0b2: # Cache stats
   hGETS: 5151865 # GETS hits
   hGETX: 18827 # GETX hits
   mGETS: 2255636 # GETS misses
   mGETXIM: 22913 # GETX I->M misses
   mGETXSM: 0 # GETX S->M misses (upgrade misses)
   PUTS: 7379464 # Clean evictions (from lower level)
   PUTX: 60651 # Dirty evictions (from lower level)
   INV: 0 # Invalidates (from upper level)
   INVX: 0 # Downgrades (from upper level)
   FWD: 0 # Forwards (from upper level)
   latGETnl: 205069410 # GET request latency on next level
   latGETnet: 0 # GET request latency on network to next level
  l3-0b3: # Cache stats
   hGETS: 5162244 # GETS hits
   hGETX: 20414 # GETX hits
   mGETS: 2244475 # GETS misses
   mGETXIM: 23381 # GETX I->M misses
   mGETXSM: 0 # GETX S->M misses (upgrade misses)
   PUTS: 7378777 # Clean evictions (from lower level)
   PUTX: 60897 # Dirty evictions (from lower level)
   INV: 0 # Invalidates (from upper level)
   INVX: 0 # Downgrades (from upper level)
   FWD: 0 # Forwards (from upper level)
   latGETnl: 204107040 # GET request latency on next level
   latGETnet: 0 # GET request latency on network to next level
  l3-0b4: # Cache stats
   hGETS: 8215857 # GETS hits
   hGETX: 19956 # GETX hits
   mGETS: 2020467 # GETS misses
   mGETXIM: 22778 # GETX I->M misses
   mGETXSM: 0 # GETX S->M misses (upgrade misses)
   PUTS: 10205560 # Clean evictions (from lower level)
   PUTX: 61428 # Dirty evictions (from lower level)
   INV: 0 # Invalidates (from upper level)
   INVX: 0 # Downgrades (from upper level)
   FWD: 0 # Forwards (from upper level)
   latGETnl: 183892050 # GET request latency on next level
   latGETnet: 0 # GET request latency on network to next level
  l3-0b5: # Cache stats
   hGETS: 5156067 # GETS hits
   hGETX: 21462 # GETX hits
   mGETS: 2256525 # GETS misses
   mGETXIM: 23309 # GETX I->M misses
   mGETXSM: 0 # GETX S->M misses (upgrade misses)
   PUTS: 7378353 # Clean evictions (from lower level)
   PUTX: 61822 # Dirty evictions (from lower level)
   INV: 0 # Invalidates (from upper level)
   INVX: 0 # Downgrades (from upper level)
   FWD: 0 # Forwards (from upper level)
   latGETnl: 205185060 # GET request latency on next level
   latGETnet: 0 # GET request latency on network to next level
  l3-0b6: # Cache stats
   hGETS: 6461225 # GETS hits
   hGETX: 786250 # GETX hits
   mGETS: 2233599 # GETS misses
   mGETXIM: 22921 # GETX I->M misses
   mGETXSM: 0 # GETX S->M misses (upgrade misses)
   PUTS: 7912041 # Clean evictions (from lower level)
   PUTX: 61748 # Dirty evictions (from lower level)
   INV: 0 # Invalidates (from upper level)
   INVX: 0 # Downgrades (from upper level)
   FWD: 0 # Forwards (from upper level)
   latGETnl: 203086800 # GET request latency on next level
   latGETnet: 0 # GET request latency on network to next level
  l3-0b7: # Cache stats
   hGETS: 9828257 # GETS hits
   hGETX: 1136211 # GETX hits
   mGETS: 1982609 # GETS misses
   mGETXIM: 23485 # GETX I->M misses
   mGETXSM: 0 # GETX S->M misses (upgrade misses)
   PUTS: 10743545 # Clean evictions (from lower level)
   PUTX: 61700 # Dirty evictions (from lower level)
   INV: 0 # Invalidates (from upper level)
   INVX: 0 # Downgrades (from upper level)
   FWD: 0 # Forwards (from upper level)
   latGETnl: 180548460 # GET request latency on next level
   latGETnet: 0 # GET request latency on network to next level
 mem: # Memory controller stats
  mem-0: # Memory controller stats
   rd: 2355215 # Read requests
   wr: 26550 # Write requests
   rdlat: 316986147 # Total latency experienced by read requests
   wrlat: 3985107 # Total latency experienced by write requests
   rdhits: 21095 # Read row hits
   wrhits: 149 # Write row hits
   mlh: # latency histogram for memory requests
    0: 0
    1: 0
    2: 0
    3: 0
    4: 0
    5: 0
    6: 0
    7: 0
    8: 0
    9: 0
    10: 0
    11: 3920
    12: 2692
    13: 2277978
    14: 23115
    15: 3104
    16: 2540
    17: 3134
    18: 2342
    19: 2535
    20: 2045
    21: 2254
    22: 1381
    23: 1493
    24: 1429
    25: 1373
    26: 1278
    27: 1294
    28: 1400
    29: 1297
    30: 1319
    31: 1192
    32: 1458
    33: 1420
    34: 1303
    35: 1263
    36: 1389
    37: 1452
    38: 1276
    39: 1341
    40: 1269
    41: 1506
    42: 1302
    43: 569
    44: 168
    45: 166
    46: 117
    47: 78
    48: 16
    49: 2
    50: 1
    51: 1
    52: 1
    53: 0
    54: 1
    55: 0
    56: 1
    57: 0
    58: 0
    59: 0
    60: 0
    61: 0
    62: 0
    63: 0
    64: 0
    65: 0
    66: 0
    67: 0
    68: 0
    69: 0
    70: 0
    71: 0
    72: 0
    73: 0
    74: 0
    75: 0
    76: 0
    77: 0
    78: 0
    79: 0
    80: 0
    81: 0
    82: 0
    83: 0
    84: 0
    85: 0
    86: 0
    87: 0
    88: 0
    89: 0
    90: 0
    91: 0
    92: 0
    93: 0
    94: 0
    95: 0
    96: 0
    97: 0
    98: 0
    99: 0
  mem-1: # Memory controller stats
   rd: 4750764 # Read requests
   wr: 34769 # Write requests
   rdlat: 644494378 # Total latency experienced by read requests
   wrlat: 5415047 # Total latency experienced by write requests
   rdhits: 40483 # Read row hits
   wrhits: 165 # Write row hits
   mlh: # latency histogram for memory requests
    0: 0
    1: 0
    2: 0
    3: 0
    4: 0
    5: 0
    6: 0
    7: 0
    8: 0
    9: 0
    10: 0
    11: 5726
    12: 7677
    13: 4404915
    14: 195643
    15: 17663
    16: 9447
    17: 9694
    18: 8566
    19: 8941
    20: 8531
    21: 8104
    22: 3495
    23: 3765
    24: 3744
    25: 3263
    26: 2705
    27: 2619
    28: 2966
    29: 2894
    30: 2764
    31: 2576
    32: 2955
    33: 2885
    34: 2717
    35: 2875
    36: 2703
    37: 2927
    38: 2897
    39: 2769
    40: 2615
    41: 2929
    42: 2845
    43: 1624
    44: 752
    45: 576
    46: 451
    47: 333
    48: 132
    49: 19
    50: 20
    51: 13
    52: 17
    53: 3
    54: 3
    55: 2
    56: 2
    57: 2
    58: 0
    59: 0
    60: 0
    61: 0
    62: 0
    63: 0
    64: 0
    65: 0
    66: 0
    67: 0
    68: 0
    69: 0
    70: 0
    71: 0
    72: 0
    73: 0
    74: 0
    75: 0
    76: 0
    77: 0
    78: 0
    79: 0
    80: 0
    81: 0
    82: 0
    83: 0
    84: 0
    85: 0
    86: 0
    87: 0
    88: 0
    89: 0
    90: 0
    91: 0
    92: 0
    93: 0
    94: 0
    95: 0
    96: 0
    97: 0
    98: 0
    99: 0
  mem-2: # Memory controller stats
   rd: 4778806 # Read requests
   wr: 35115 # Write requests
   rdlat: 647266667 # Total latency experienced by read requests
   wrlat: 5424971 # Total latency experienced by write requests
   rdhits: 40236 # Read row hits
   wrhits: 167 # Write row hits
   mlh: # latency histogram for memory requests
    0: 0
    1: 0
    2: 0
    3: 0
    4: 0
    5: 0
    6: 0
    7: 0
    8: 0
    9: 0
    10: 0
    11: 5192
    12: 7454
    13: 4447141
    14: 180545
    15: 16962
    16: 9431
    17: 9244
    18: 8779
    19: 9240
    20: 8817
    21: 8373
    22: 3881
    23: 4038
    24: 3952
    25: 3249
    26: 2825
    27: 2685
    28: 2891
    29: 2810
    30: 2824
    31: 2752
    32: 2935
    33: 2902
    34: 2818
    35: 2936
    36: 2843
    37: 2979
    38: 2780
    39: 2881
    40: 2692
    41: 2931
    42: 3028
    43: 1566
    44: 798
    45: 639
    46: 475
    47: 304
    48: 140
    49: 30
    50: 10
    51: 10
    52: 4
    53: 13
    54: 2
    55: 2
    56: 1
    57: 0
    58: 2
    59: 0
    60: 0
    61: 0
    62: 0
    63: 0
    64: 0
    65: 0
    66: 0
    67: 0
    68: 0
    69: 0
    70: 0
    71: 0
    72: 0
    73: 0
    74: 0
    75: 0
    76: 0
    77: 0
    78: 0
    79: 0
    80: 0
    81: 0
    82: 0
    83: 0
    84: 0
    85: 0
    86: 0
    87: 0
    88: 0
    89: 0
    90: 0
    91: 0
    92: 0
    93: 0
    94: 0
    95: 0
    96: 0
    97: 0
    98: 0
    99: 0
  mem-3: # Memory controller stats
   rd: 5811998 # Read requests
   wr: 34981 # Write requests
   rdlat: 789794907 # Total latency experienced by read requests
   wrlat: 5586523 # Total latency experienced by write requests
   rdhits: 65594 # Read row hits
   wrhits: 225 # Write row hits
   mlh: # latency histogram for memory requests
    0: 0
    1: 0
    2: 0
    3: 0
    4: 0
    5: 0
    6: 0
    7: 0
    8: 0
    9: 0
    10: 0
    11: 9375
    12: 13134
    13: 5409916
    14: 211616
    15: 19253
    16: 12056
    17: 11263
    18: 10535
    19: 11573
    20: 11651
    21: 10186
    22: 3660
    23: 3940
    24: 3989
    25: 3925
    26: 3268
    27: 3265
    28: 3674
    29: 3621
    30: 3516
    31: 3113
    32: 3837
    33: 3747
    34: 3622
    35: 3382
    36: 3334
    37: 3836
    38: 3801
    39: 3556
    40: 2996
    41: 3874
    42: 3855
    43: 2236
    44: 1086
    45: 889
    46: 687
    47: 509
    48: 152
    49: 22
    50: 14
    51: 13
    52: 9
    53: 5
    54: 3
    55: 1
    56: 2
    57: 0
    58: 1
    59: 0
    60: 0
    61: 0
    62: 0
    63: 0
    64: 0
    65: 0
    66: 0
    67: 0
    68: 0
    69: 0
    70: 0
    71: 0
    72: 0
    73: 0
    74: 0
    75: 0
    76: 0
    77: 0
    78: 0
    79: 0
    80: 0
    81: 0
    82: 0
    83: 0
    84: 0
    85: 0
    86: 0
    87: 0
    88: 0
    89: 0
    90: 0
    91: 0
    92: 0
    93: 0
    94: 0
    95: 0
    96: 0
    97: 0
    98: 0
    99: 0
 sched: # Scheduler stats
  thCr: 9 # Threads created
  thFn: 0 # Threads finished
  schedEvs: 9 # Schedule events
  waitEvs: 1 # Wait events
  handoffEvs: 0 # Handoff events
  sleepEvs: 0 # Sleep events
  idlePhases: 0 # Phases with no thread active
  idlePeriods: 0 # Periods with no thread active
  occHist: # Occupancy histogram
   0: 0
   1: 6875
   2: 0
   3: 0
   4: 1
   5: 0
   6: 0
   7: 0
   8: 63731
  rqSzHist: # Run queue size histogram
   0: 70607
   1: 0
   2: 0
   3: 0
   4: 0
   5: 0
   6: 0
   7: 0
   8: 0
   9: 0
   10: 0
   11: 0
   12: 0
   13: 0
   14: 0
   15: 0
   16: 0
 procCycles: # Per-process unhalted core cycles
  0: 5102248610
  1: 0
  2: 0
  3: 0
  4: 0
  5: 0
  6: 0
  7: 0
  8: 0
  9: 0
  10: 0
  11: 0
  12: 0
  13: 0
  14: 0
  15: 0
  16: 0
  17: 0
  18: 0
  19: 0
  20: 0
  21: 0
  22: 0
  23: 0
  24: 0
  25: 0
  26: 0
  27: 0
  28: 0
  29: 0
  30: 0
  31: 0
  32: 0
  33: 0
  34: 0
  35: 0
  36: 0
  37: 0
  38: 0
  39: 0
  40: 0
  41: 0
  42: 0
  43: 0
  44: 0
  45: 0
  46: 0
  47: 0
  48: 0
  49: 0
  50: 0
  51: 0
  52: 0
  53: 0
  54: 0
  55: 0
  56: 0
  57: 0
  58: 0
  59: 0
  60: 0
  61: 0
  62: 0
  63: 0
 procInstrs: # Per-process instructions
  0: 5000013890
  1: 0
  2: 0
  3: 0
  4: 0
  5: 0
  6: 0
  7: 0
  8: 0
  9: 0
  10: 0
  11: 0
  12: 0
  13: 0
  14: 0
  15: 0
  16: 0
  17: 0
  18: 0
  19: 0
  20: 0
  21: 0
  22: 0
  23: 0
  24: 0
  25: 0
  26: 0
  27: 0
  28: 0
  29: 0
  30: 0
  31: 0
  32: 0
  33: 0
  34: 0
  35: 0
  36: 0
  37: 0
  38: 0
  39: 0
  40: 0
  41: 0
  42: 0
  43: 0
  44: 0
  45: 0
  46: 0
  47: 0
  48: 0
  49: 0
  50: 0
  51: 0
  52: 0
  53: 0
  54: 0
  55: 0
  56: 0
  57: 0
  58: 0
  59: 0
  60: 0
  61: 0
  62: 0
  63: 0
 heartbeats: # Per-process heartbeats
  0: 0
  1: 0
  2: 0
  3: 0
  4: 0
  5: 0
  6: 0
  7: 0
  8: 0
  9: 0
  10: 0
  11: 0
  12: 0
  13: 0
  14: 0
  15: 0
  16: 0
  17: 0
  18: 0
  19: 0
  20: 0
  21: 0
  22: 0
  23: 0
  24: 0
  25: 0
  26: 0
  27: 0
  28: 0
  29: 0
  30: 0
  31: 0
  32: 0
  33: 0
  34: 0
  35: 0
  36: 0
  37: 0
  38: 0
  39: 0
  40: 0
  41: 0
  42: 0
  43: 0
  44: 0
  45: 0
  46: 0
  47: 0
  48: 0
  49: 0
  50: 0
  51: 0
  52: 0
  53: 0
  54: 0
  55: 0
  56: 0
  57: 0
  58: 0
  59: 0
  60: 0
  61: 0
  62: 0
  63: 0
===
