# zsim stats
===
root: # Stats
 contention: # Contention simulation stats
  domain-0: # Domain stats
   time: 236080626 # Weave simulation time
 time: # Simulator time breakdown
  init: 1393982990
  bound: 152858967806
  weave: 1361632146
  ff: 0
 trigger: 20000 # Reason for this stats dump
 phase: 46720 # Simulated phases
 westmere: # Core stats
  westmere-0: # Core stats
   cycles: 369238135 # Simulated unhalted cycles
   cCycles: 506085 # Cycles due to contention stalls
   instrs: 608374631 # Simulated instructions
   uops: 685401917 # Retired micro-ops
   bbls: 62737135 # Basic blocks
   approxInstrs: 3046070 # Instrs with approx uop decoding
   mispredBranches: 801814 # Mispredicted branches
   condBranches: 52772432 # conditional branches
  westmere-1: # Core stats
   cycles: 374462634 # Simulated unhalted cycles
   cCycles: 432652 # Cycles due to contention stalls
   instrs: 615367974 # Simulated instructions
   uops: 693954016 # Retired micro-ops
   bbls: 63553570 # Basic blocks
   approxInstrs: 3089269 # Instrs with approx uop decoding
   mispredBranches: 794018 # Mispredicted branches
   condBranches: 53187797 # conditional branches
  westmere-2: # Core stats
   cycles: 366983263 # Simulated unhalted cycles
   cCycles: 380767 # Cycles due to contention stalls
   instrs: 605459287 # Simulated instructions
   uops: 682130252 # Retired micro-ops
   bbls: 62358985 # Basic blocks
   approxInstrs: 3000619 # Instrs with approx uop decoding
   mispredBranches: 776099 # Mispredicted branches
   condBranches: 52462303 # conditional branches
  westmere-3: # Core stats
   cycles: 427540032 # Simulated unhalted cycles
   cCycles: 1437249 # Cycles due to contention stalls
   instrs: 709862079 # Simulated instructions
   uops: 797467182 # Retired micro-ops
   bbls: 70974054 # Basic blocks
   approxInstrs: 3381049 # Instrs with approx uop decoding
   mispredBranches: 855581 # Mispredicted branches
   condBranches: 58844569 # conditional branches
  westmere-4: # Core stats
   cycles: 367116395 # Simulated unhalted cycles
   cCycles: 380137 # Cycles due to contention stalls
   instrs: 605479519 # Simulated instructions
   uops: 682130107 # Retired micro-ops
   bbls: 62312598 # Basic blocks
   approxInstrs: 3000874 # Instrs with approx uop decoding
   mispredBranches: 778630 # Mispredicted branches
   condBranches: 52409267 # conditional branches
  westmere-5: # Core stats
   cycles: 384958040 # Simulated unhalted cycles
   cCycles: 435130 # Cycles due to contention stalls
   instrs: 629899309 # Simulated instructions
   uops: 711273770 # Retired micro-ops
   bbls: 65371850 # Basic blocks
   approxInstrs: 3222707 # Instrs with approx uop decoding
   mispredBranches: 816329 # Mispredicted branches
   condBranches: 54364653 # conditional branches
  westmere-6: # Core stats
   cycles: 375706645 # Simulated unhalted cycles
   cCycles: 445375 # Cycles due to contention stalls
   instrs: 617195431 # Simulated instructions
   uops: 696144583 # Retired micro-ops
   bbls: 63809341 # Basic blocks
   approxInstrs: 3103434 # Instrs with approx uop decoding
   mispredBranches: 795746 # Mispredicted branches
   condBranches: 53368799 # conditional branches
  westmere-7: # Core stats
   cycles: 369109660 # Simulated unhalted cycles
   cCycles: 429067 # Cycles due to contention stalls
   instrs: 608497434 # Simulated instructions
   uops: 685548638 # Retired micro-ops
   bbls: 62804527 # Basic blocks
   approxInstrs: 3044023 # Instrs with approx uop decoding
   mispredBranches: 796136 # Mispredicted branches
   condBranches: 52836879 # conditional branches
 l1i: # Cache stats
  l1i-0: # Filter cache stats
   fhGETS: 82799900 # Filtered GETS hits
   fhGETX: 0 # Filtered GETX hits
   hGETS: 2352408 # GETS hits
   hGETX: 0 # GETX hits
   mGETS: 769789 # GETS misses
   mGETXIM: 0 # GETX I->M misses
   mGETXSM: 0 # GETX S->M misses (upgrade misses)
   PUTS: 0 # Clean evictions (from lower level)
   PUTX: 0 # Dirty evictions (from lower level)
   INV: 0 # Invalidates (from upper level)
   INVX: 0 # Downgrades (from upper level)
   FWD: 0 # Forwards (from upper level)
   latGETnl: 8103076 # GET request latency on next level
   latGETnet: 0 # GET request latency on network to next level
  l1i-1: # Filter cache stats
   fhGETS: 83803501 # Filtered GETS hits
   fhGETX: 0 # Filtered GETX hits
   hGETS: 2361606 # GETS hits
   hGETX: 0 # GETX hits
   mGETS: 762236 # GETS misses
   mGETXIM: 0 # GETX I->M misses
   mGETXSM: 0 # GETX S->M misses (upgrade misses)
   PUTS: 0 # Clean evictions (from lower level)
   PUTX: 0 # Dirty evictions (from lower level)
   INV: 4 # Invalidates (from upper level)
   INVX: 0 # Downgrades (from upper level)
   FWD: 0 # Forwards (from upper level)
   latGETnl: 8004818 # GET request latency on next level
   latGETnet: 0 # GET request latency on network to next level
  l1i-2: # Filter cache stats
   fhGETS: 82219838 # Filtered GETS hits
   fhGETX: 0 # Filtered GETX hits
   hGETS: 2337581 # GETS hits
   hGETX: 0 # GETX hits
   mGETS: 767808 # GETS misses
   mGETXIM: 0 # GETX I->M misses
   mGETXSM: 0 # GETX S->M misses (upgrade misses)
   PUTS: 0 # Clean evictions (from lower level)
   PUTX: 0 # Dirty evictions (from lower level)
   INV: 2 # Invalidates (from upper level)
   INVX: 0 # Downgrades (from upper level)
   FWD: 0 # Forwards (from upper level)
   latGETnl: 8033058 # GET request latency on next level
   latGETnet: 0 # GET request latency on network to next level
  l1i-3: # Filter cache stats
   fhGETS: 95115391 # Filtered GETS hits
   fhGETX: 0 # Filtered GETX hits
   hGETS: 2420876 # GETS hits
   hGETX: 0 # GETX hits
   mGETS: 769135 # GETS misses
   mGETXIM: 0 # GETX I->M misses
   mGETXSM: 0 # GETX S->M misses (upgrade misses)
   PUTS: 0 # Clean evictions (from lower level)
   PUTX: 0 # Dirty evictions (from lower level)
   INV: 6 # Invalidates (from upper level)
   INVX: 0 # Downgrades (from upper level)
   FWD: 0 # Forwards (from upper level)
   latGETnl: 8262460 # GET request latency on next level
   latGETnet: 0 # GET request latency on network to next level
  l1i-4: # Filter cache stats
   fhGETS: 82193628 # Filtered GETS hits
   fhGETX: 0 # Filtered GETX hits
   hGETS: 2337533 # GETS hits
   hGETX: 0 # GETX hits
   mGETS: 767670 # GETS misses
   mGETXIM: 0 # GETX I->M misses
   mGETXSM: 0 # GETX S->M misses (upgrade misses)
   PUTS: 0 # Clean evictions (from lower level)
   PUTX: 0 # Dirty evictions (from lower level)
   INV: 4 # Invalidates (from upper level)
   INVX: 0 # Downgrades (from upper level)
   FWD: 0 # Forwards (from upper level)
   latGETnl: 8046012 # GET request latency on next level
   latGETnet: 0 # GET request latency on network to next level
  l1i-5: # Filter cache stats
   fhGETS: 86178089 # Filtered GETS hits
   fhGETX: 0 # Filtered GETX hits
   hGETS: 2376916 # GETS hits
   hGETX: 0 # GETX hits
   mGETS: 770234 # GETS misses
   mGETXIM: 0 # GETX I->M misses
   mGETXSM: 0 # GETX S->M misses (upgrade misses)
   PUTS: 0 # Clean evictions (from lower level)
   PUTX: 0 # Dirty evictions (from lower level)
   INV: 4 # Invalidates (from upper level)
   INVX: 0 # Downgrades (from upper level)
   FWD: 0 # Forwards (from upper level)
   latGETnl: 8070224 # GET request latency on next level
   latGETnet: 0 # GET request latency on network to next level
  l1i-6: # Filter cache stats
   fhGETS: 84121155 # Filtered GETS hits
   fhGETX: 0 # Filtered GETX hits
   hGETS: 2359731 # GETS hits
   hGETX: 0 # GETX hits
   mGETS: 770284 # GETS misses
   mGETXIM: 0 # GETX I->M misses
   mGETXSM: 0 # GETX S->M misses (upgrade misses)
   PUTS: 0 # Clean evictions (from lower level)
   PUTX: 0 # Dirty evictions (from lower level)
   INV: 5 # Invalidates (from upper level)
   INVX: 0 # Downgrades (from upper level)
   FWD: 0 # Forwards (from upper level)
   latGETnl: 8063404 # GET request latency on next level
   latGETnet: 0 # GET request latency on network to next level
  l1i-7: # Filter cache stats
   fhGETS: 82839531 # Filtered GETS hits
   fhGETX: 0 # Filtered GETX hits
   hGETS: 2352280 # GETS hits
   hGETX: 0 # GETX hits
   mGETS: 766854 # GETS misses
   mGETXIM: 0 # GETX I->M misses
   mGETXSM: 0 # GETX S->M misses (upgrade misses)
   PUTS: 0 # Clean evictions (from lower level)
   PUTX: 0 # Dirty evictions (from lower level)
   INV: 10 # Invalidates (from upper level)
   INVX: 0 # Downgrades (from upper level)
   FWD: 0 # Forwards (from upper level)
   latGETnl: 8051724 # GET request latency on next level
   latGETnet: 0 # GET request latency on network to next level
 l1d: # Cache stats
  l1d-0: # Filter cache stats
   fhGETS: 105220390 # Filtered GETS hits
   fhGETX: 31579570 # Filtered GETX hits
   hGETS: 4298150 # GETS hits
   hGETX: 1210321 # GETX hits
   mGETS: 5887308 # GETS misses
   mGETXIM: 249872 # GETX I->M misses
   mGETXSM: 9631 # GETX S->M misses (upgrade misses)
   PUTS: 0 # Clean evictions (from lower level)
   PUTX: 0 # Dirty evictions (from lower level)
   INV: 19361 # Invalidates (from upper level)
   INVX: 15243 # Downgrades (from upper level)
   FWD: 0 # Forwards (from upper level)
   latGETnl: 74654583 # GET request latency on next level
   latGETnet: 0 # GET request latency on network to next level
  l1d-1: # Filter cache stats
   fhGETS: 106683092 # Filtered GETS hits
   fhGETX: 32361814 # Filtered GETX hits
   hGETS: 4441463 # GETS hits
   hGETX: 1247204 # GETX hits
   mGETS: 5905382 # GETS misses
   mGETXIM: 258499 # GETX I->M misses
   mGETXSM: 9865 # GETX S->M misses (upgrade misses)
   PUTS: 0 # Clean evictions (from lower level)
   PUTX: 0 # Dirty evictions (from lower level)
   INV: 20897 # Invalidates (from upper level)
   INVX: 17759 # Downgrades (from upper level)
   FWD: 0 # Forwards (from upper level)
   latGETnl: 75427186 # GET request latency on next level
   latGETnet: 0 # GET request latency on network to next level
  l1d-2: # Filter cache stats
   fhGETS: 104729469 # Filtered GETS hits
   fhGETX: 31424150 # Filtered GETX hits
   hGETS: 4221156 # GETS hits
   hGETX: 1196226 # GETX hits
   mGETS: 5890239 # GETS misses
   mGETXIM: 248167 # GETX I->M misses
   mGETXSM: 11432 # GETX S->M misses (upgrade misses)
   PUTS: 0 # Clean evictions (from lower level)
   PUTX: 0 # Dirty evictions (from lower level)
   INV: 21367 # Invalidates (from upper level)
   INVX: 17935 # Downgrades (from upper level)
   FWD: 0 # Forwards (from upper level)
   latGETnl: 73946999 # GET request latency on next level
   latGETnet: 0 # GET request latency on network to next level
  l1d-3: # Filter cache stats
   fhGETS: 123794303 # Filtered GETS hits
   fhGETX: 37983931 # Filtered GETX hits
   hGETS: 7178774 # GETS hits
   hGETX: 3429447 # GETX hits
   mGETS: 6123158 # GETS misses
   mGETXIM: 436103 # GETX I->M misses
   mGETXSM: 10880 # GETX S->M misses (upgrade misses)
   PUTS: 0 # Clean evictions (from lower level)
   PUTX: 0 # Dirty evictions (from lower level)
   INV: 19773 # Invalidates (from upper level)
   INVX: 16909 # Downgrades (from upper level)
   FWD: 0 # Forwards (from upper level)
   latGETnl: 94783316 # GET request latency on next level
   latGETnet: 0 # GET request latency on network to next level
  l1d-4: # Filter cache stats
   fhGETS: 104596777 # Filtered GETS hits
   fhGETX: 31362511 # Filtered GETX hits
   hGETS: 4325046 # GETS hits
   hGETX: 1246225 # GETX hits
   mGETS: 5897729 # GETS misses
   mGETXIM: 244032 # GETX I->M misses
   mGETXSM: 11274 # GETX S->M misses (upgrade misses)
   PUTS: 0 # Clean evictions (from lower level)
   PUTX: 0 # Dirty evictions (from lower level)
   INV: 22288 # Invalidates (from upper level)
   INVX: 17893 # Downgrades (from upper level)
   FWD: 0 # Forwards (from upper level)
   latGETnl: 73799630 # GET request latency on next level
   latGETnet: 0 # GET request latency on network to next level
  l1d-5: # Filter cache stats
   fhGETS: 109816685 # Filtered GETS hits
   fhGETX: 33827858 # Filtered GETX hits
   hGETS: 4554772 # GETS hits
   hGETX: 1208396 # GETX hits
   mGETS: 5910851 # GETS misses
   mGETXIM: 275601 # GETX I->M misses
   mGETXSM: 10851 # GETX S->M misses (upgrade misses)
   PUTS: 0 # Clean evictions (from lower level)
   PUTX: 0 # Dirty evictions (from lower level)
   INV: 19378 # Invalidates (from upper level)
   INVX: 16923 # Downgrades (from upper level)
   FWD: 0 # Forwards (from upper level)
   latGETnl: 76173929 # GET request latency on next level
   latGETnet: 0 # GET request latency on network to next level
  l1d-6: # Filter cache stats
   fhGETS: 107126446 # Filtered GETS hits
   fhGETX: 32608632 # Filtered GETX hits
   hGETS: 4419063 # GETS hits
   hGETX: 1166986 # GETX hits
   mGETS: 5894193 # GETS misses
   mGETXIM: 259965 # GETX I->M misses
   mGETXSM: 10390 # GETX S->M misses (upgrade misses)
   PUTS: 0 # Clean evictions (from lower level)
   PUTX: 0 # Dirty evictions (from lower level)
   INV: 18793 # Invalidates (from upper level)
   INVX: 18019 # Downgrades (from upper level)
   FWD: 0 # Forwards (from upper level)
   latGETnl: 75291997 # GET request latency on next level
   latGETnet: 0 # GET request latency on network to next level
  l1d-7: # Filter cache stats
   fhGETS: 105179032 # Filtered GETS hits
   fhGETX: 31541284 # Filtered GETX hits
   hGETS: 4366290 # GETS hits
   hGETX: 1224677 # GETX hits
   mGETS: 5895920 # GETS misses
   mGETXIM: 248206 # GETX I->M misses
   mGETXSM: 8987 # GETX S->M misses (upgrade misses)
   PUTS: 0 # Clean evictions (from lower level)
   PUTX: 0 # Dirty evictions (from lower level)
   INV: 23035 # Invalidates (from upper level)
   INVX: 17663 # Downgrades (from upper level)
   FWD: 0 # Forwards (from upper level)
   latGETnl: 74255050 # GET request latency on next level
   latGETnet: 0 # GET request latency on network to next level
 l2: # Cache stats
  l2-0: # Cache stats
   hGETS: 6230570 # GETS hits
   hGETX: 213128 # GETX hits
   mGETS: 426527 # GETS misses
   mGETXIM: 34748 # GETX I->M misses
   mGETXSM: 11627 # GETX S->M misses (upgrade misses)
   PUTS: 6537952 # Clean evictions (from lower level)
   PUTX: 348700 # Dirty evictions (from lower level)
   INV: 34749 # Invalidates (from upper level)
   INVX: 27153 # Downgrades (from upper level)
   FWD: 0 # Forwards (from upper level)
   latGETnl: 13591659 # GET request latency on next level
   latGETnet: 0 # GET request latency on network to next level
  l2-1: # Cache stats
   hGETS: 6219038 # GETS hits
   hGETX: 212241 # GETX hits
   mGETS: 448580 # GETS misses
   mGETXIM: 44234 # GETX I->M misses
   mGETXSM: 11889 # GETX S->M misses (upgrade misses)
   PUTS: 6547004 # Clean evictions (from lower level)
   PUTX: 357270 # Dirty evictions (from lower level)
   INV: 35635 # Invalidates (from upper level)
   INVX: 28879 # Downgrades (from upper level)
   FWD: 0 # Forwards (from upper level)
   latGETnl: 14072184 # GET request latency on next level
   latGETnet: 0 # GET request latency on network to next level
  l2-2: # Cache stats
   hGETS: 6239987 # GETS hits
   hGETX: 210597 # GETX hits
   mGETS: 418060 # GETS misses
   mGETXIM: 35371 # GETX I->M misses
   mGETXSM: 13631 # GETX S->M misses (upgrade misses)
   PUTS: 6539921 # Clean evictions (from lower level)
   PUTX: 343990 # Dirty evictions (from lower level)
   INV: 36497 # Invalidates (from upper level)
   INVX: 29736 # Downgrades (from upper level)
   FWD: 0 # Forwards (from upper level)
   latGETnl: 12803597 # GET request latency on next level
   latGETnet: 0 # GET request latency on network to next level
  l2-3: # Cache stats
   hGETS: 6249903 # GETS hits
   hGETX: 213801 # GETX hits
   mGETS: 642390 # GETS misses
   mGETXIM: 218890 # GETX I->M misses
   mGETXSM: 14292 # GETX S->M misses (upgrade misses)
   PUTS: 6725371 # Clean evictions (from lower level)
   PUTX: 582311 # Dirty evictions (from lower level)
   INV: 30555 # Invalidates (from upper level)
   INVX: 28901 # Downgrades (from upper level)
   FWD: 0 # Forwards (from upper level)
   latGETnl: 29653016 # GET request latency on next level
   latGETnet: 0 # GET request latency on network to next level
  l2-4: # Cache stats
   hGETS: 6249183 # GETS hits
   hGETX: 211838 # GETX hits
   mGETS: 416216 # GETS misses
   mGETXIM: 29893 # GETX I->M misses
   mGETXSM: 13575 # GETX S->M misses (upgrade misses)
   PUTS: 6547444 # Clean evictions (from lower level)
   PUTX: 338766 # Dirty evictions (from lower level)
   INV: 34688 # Invalidates (from upper level)
   INVX: 29400 # Downgrades (from upper level)
   FWD: 0 # Forwards (from upper level)
   latGETnl: 12638592 # GET request latency on next level
   latGETnet: 0 # GET request latency on network to next level
  l2-5: # Cache stats
   hGETS: 6235947 # GETS hits
   hGETX: 211088 # GETX hits
   mGETS: 445138 # GETS misses
   mGETXIM: 62424 # GETX I->M misses
   mGETXSM: 12940 # GETX S->M misses (upgrade misses)
   PUTS: 6559037 # Clean evictions (from lower level)
   PUTX: 377305 # Dirty evictions (from lower level)
   INV: 39188 # Invalidates (from upper level)
   INVX: 27935 # Downgrades (from upper level)
   FWD: 0 # Forwards (from upper level)
   latGETnl: 14568783 # GET request latency on next level
   latGETnet: 0 # GET request latency on network to next level
  l2-6: # Cache stats
   hGETS: 6221484 # GETS hits
   hGETX: 212385 # GETX hits
   mGETS: 442993 # GETS misses
   mGETXIM: 46735 # GETX I->M misses
   mGETXSM: 11235 # GETX S->M misses (upgrade misses)
   PUTS: 6548167 # Clean evictions (from lower level)
   PUTX: 356543 # Dirty evictions (from lower level)
   INV: 34153 # Invalidates (from upper level)
   INVX: 29690 # Downgrades (from upper level)
   FWD: 0 # Forwards (from upper level)
   latGETnl: 14007081 # GET request latency on next level
   latGETnet: 0 # GET request latency on network to next level
  l2-7: # Cache stats
   hGETS: 6237683 # GETS hits
   hGETX: 210521 # GETX hits
   mGETS: 425091 # GETS misses
   mGETXIM: 34273 # GETX I->M misses
   mGETXSM: 12399 # GETX S->M misses (upgrade misses)
   PUTS: 6540965 # Clean evictions (from lower level)
   PUTX: 346028 # Dirty evictions (from lower level)
   INV: 36241 # Invalidates (from upper level)
   INVX: 28834 # Downgrades (from upper level)
   FWD: 0 # Forwards (from upper level)
   latGETnl: 13107104 # GET request latency on next level
   latGETnet: 0 # GET request latency on network to next level
 l3: # Cache stats
  l3-0b0: # Cache stats
   hGETS: 464344 # GETS hits
   hGETX: 74716 # GETX hits
   mGETS: 12076 # GETS misses
   mGETXIM: 11551 # GETX I->M misses
   mGETXSM: 0 # GETX S->M misses (upgrade misses)
   PUTS: 421123 # Clean evictions (from lower level)
   PUTX: 77877 # Dirty evictions (from lower level)
   INV: 0 # Invalidates (from upper level)
   INVX: 0 # Downgrades (from upper level)
   FWD: 0 # Forwards (from upper level)
   latGETnl: 2126430 # GET request latency on next level
   latGETnet: 0 # GET request latency on network to next level
  l3-0b1: # Cache stats
   hGETS: 485415 # GETS hits
   hGETX: 63195 # GETX hits
   mGETS: 12163 # GETS misses
   mGETXIM: 11474 # GETX I->M misses
   mGETXSM: 0 # GETX S->M misses (upgrade misses)
   PUTS: 422532 # Clean evictions (from lower level)
   PUTX: 77238 # Dirty evictions (from lower level)
   INV: 0 # Invalidates (from upper level)
   INVX: 0 # Downgrades (from upper level)
   FWD: 0 # Forwards (from upper level)
   latGETnl: 2127330 # GET request latency on next level
   latGETnet: 0 # GET request latency on network to next level
  l3-0b2: # Cache stats
   hGETS: 422753 # GETS hits
   hGETX: 68949 # GETX hits
   mGETS: 12074 # GETS misses
   mGETXIM: 11521 # GETX I->M misses
   mGETXSM: 0 # GETX S->M misses (upgrade misses)
   PUTS: 385267 # Clean evictions (from lower level)
   PUTX: 76888 # Dirty evictions (from lower level)
   INV: 0 # Invalidates (from upper level)
   INVX: 0 # Downgrades (from upper level)
   FWD: 0 # Forwards (from upper level)
   latGETnl: 2123550 # GET request latency on next level
   latGETnet: 0 # GET request latency on network to next level
  l3-0b3: # Cache stats
   hGETS: 427571 # GETS hits
   hGETX: 50486 # GETX hits
   mGETS: 12184 # GETS misses
   mGETXIM: 11414 # GETX I->M misses
   mGETXSM: 0 # GETX S->M misses (upgrade misses)
   PUTS: 402794 # Clean evictions (from lower level)
   PUTX: 76861 # Dirty evictions (from lower level)
   INV: 0 # Invalidates (from upper level)
   INVX: 0 # Downgrades (from upper level)
   FWD: 0 # Forwards (from upper level)
   latGETnl: 2123820 # GET request latency on next level
   latGETnet: 0 # GET request latency on network to next level
  l3-0b4: # Cache stats
   hGETS: 396456 # GETS hits
   hGETX: 50943 # GETX hits
   mGETS: 12084 # GETS misses
   mGETXIM: 11532 # GETX I->M misses
   mGETXSM: 0 # GETX S->M misses (upgrade misses)
   PUTS: 371700 # Clean evictions (from lower level)
   PUTX: 76901 # Dirty evictions (from lower level)
   INV: 0 # Invalidates (from upper level)
   INVX: 0 # Downgrades (from upper level)
   FWD: 0 # Forwards (from upper level)
   latGETnl: 2125440 # GET request latency on next level
   latGETnet: 0 # GET request latency on network to next level
  l3-0b5: # Cache stats
   hGETS: 461509 # GETS hits
   hGETX: 67407 # GETX hits
   mGETS: 12182 # GETS misses
   mGETXIM: 11443 # GETX I->M misses
   mGETXSM: 0 # GETX S->M misses (upgrade misses)
   PUTS: 407543 # Clean evictions (from lower level)
   PUTX: 76834 # Dirty evictions (from lower level)
   INV: 0 # Invalidates (from upper level)
   INVX: 0 # Downgrades (from upper level)
   FWD: 0 # Forwards (from upper level)
   latGETnl: 2126250 # GET request latency on next level
   latGETnet: 0 # GET request latency on network to next level
  l3-0b6: # Cache stats
   hGETS: 405363 # GETS hits
   hGETX: 50804 # GETX hits
   mGETS: 12060 # GETS misses
   mGETXIM: 11592 # GETX I->M misses
   mGETXSM: 0 # GETX S->M misses (upgrade misses)
   PUTS: 380841 # Clean evictions (from lower level)
   PUTX: 77015 # Dirty evictions (from lower level)
   INV: 0 # Invalidates (from upper level)
   INVX: 0 # Downgrades (from upper level)
   FWD: 0 # Forwards (from upper level)
   latGETnl: 2128680 # GET request latency on next level
   latGETnet: 0 # GET request latency on network to next level
  l3-0b7: # Cache stats
   hGETS: 504548 # GETS hits
   hGETX: 89699 # GETX hits
   mGETS: 12213 # GETS misses
   mGETXIM: 11430 # GETX I->M misses
   mGETXSM: 0 # GETX S->M misses (upgrade misses)
   PUTS: 448794 # Clean evictions (from lower level)
   PUTX: 77580 # Dirty evictions (from lower level)
   INV: 0 # Invalidates (from upper level)
   INVX: 0 # Downgrades (from upper level)
   FWD: 0 # Forwards (from upper level)
   latGETnl: 2127870 # GET request latency on next level
   latGETnet: 0 # GET request latency on network to next level
 mem: # Memory controller stats
  mem-0: # Memory controller stats
   rd: 47256 # Read requests
   wr: 12499 # Write requests
   rdlat: 6432280 # Total latency experienced by read requests
   wrlat: 1906594 # Total latency experienced by write requests
   rdhits: 377 # Read row hits
   wrhits: 70 # Write row hits
   mlh: # latency histogram for memory requests
    0: 0
    1: 0
    2: 0
    3: 0
    4: 0
    5: 0
    6: 0
    7: 0
    8: 0
    9: 0
    10: 0
    11: 29
    12: 68
    13: 43540
    14: 1657
    15: 373
    16: 220
    17: 119
    18: 75
    19: 72
    20: 90
    21: 90
    22: 111
    23: 48
    24: 170
    25: 65
    26: 27
    27: 15
    28: 22
    29: 20
    30: 38
    31: 42
    32: 35
    33: 34
    34: 32
    35: 41
    36: 19
    37: 34
    38: 39
    39: 31
    40: 25
    41: 24
    42: 21
    43: 9
    44: 1
    45: 7
    46: 4
    47: 3
    48: 3
    49: 0
    50: 1
    51: 0
    52: 2
    53: 0
    54: 0
    55: 0
    56: 0
    57: 0
    58: 0
    59: 0
    60: 0
    61: 0
    62: 0
    63: 0
    64: 0
    65: 0
    66: 0
    67: 0
    68: 0
    69: 0
    70: 0
    71: 0
    72: 0
    73: 0
    74: 0
    75: 0
    76: 0
    77: 0
    78: 0
    79: 0
    80: 0
    81: 0
    82: 0
    83: 0
    84: 0
    85: 0
    86: 0
    87: 0
    88: 0
    89: 0
    90: 0
    91: 0
    92: 0
    93: 0
    94: 0
    95: 0
    96: 0
    97: 0
    98: 0
    99: 0
  mem-1: # Memory controller stats
   rd: 47257 # Read requests
   wr: 12487 # Write requests
   rdlat: 6416442 # Total latency experienced by read requests
   wrlat: 1922551 # Total latency experienced by write requests
   rdhits: 359 # Read row hits
   wrhits: 76 # Write row hits
   mlh: # latency histogram for memory requests
    0: 0
    1: 0
    2: 0
    3: 0
    4: 0
    5: 0
    6: 0
    7: 0
    8: 0
    9: 0
    10: 0
    11: 23
    12: 54
    13: 43620
    14: 1690
    15: 398
    16: 246
    17: 83
    18: 77
    19: 72
    20: 109
    21: 75
    22: 116
    23: 73
    24: 62
    25: 42
    26: 23
    27: 19
    28: 24
    29: 29
    30: 45
    31: 33
    32: 42
    33: 24
    34: 37
    35: 32
    36: 29
    37: 28
    38: 27
    39: 22
    40: 32
    41: 27
    42: 18
    43: 10
    44: 2
    45: 4
    46: 4
    47: 1
    48: 3
    49: 1
    50: 0
    51: 1
    52: 0
    53: 0
    54: 0
    55: 0
    56: 0
    57: 0
    58: 0
    59: 0
    60: 0
    61: 0
    62: 0
    63: 0
    64: 0
    65: 0
    66: 0
    67: 0
    68: 0
    69: 0
    70: 0
    71: 0
    72: 0
    73: 0
    74: 0
    75: 0
    76: 0
    77: 0
    78: 0
    79: 0
    80: 0
    81: 0
    82: 0
    83: 0
    84: 0
    85: 0
    86: 0
    87: 0
    88: 0
    89: 0
    90: 0
    91: 0
    92: 0
    93: 0
    94: 0
    95: 0
    96: 0
    97: 0
    98: 0
    99: 0
  mem-2: # Memory controller stats
   rd: 47233 # Read requests
   wr: 12456 # Write requests
   rdlat: 6421704 # Total latency experienced by read requests
   wrlat: 1889926 # Total latency experienced by write requests
   rdhits: 391 # Read row hits
   wrhits: 75 # Write row hits
   mlh: # latency histogram for memory requests
    0: 0
    1: 0
    2: 0
    3: 0
    4: 0
    5: 0
    6: 0
    7: 0
    8: 0
    9: 0
    10: 0
    11: 42
    12: 58
    13: 43475
    14: 1823
    15: 332
    16: 225
    17: 95
    18: 63
    19: 74
    20: 92
    21: 96
    22: 119
    23: 72
    24: 95
    25: 48
    26: 23
    27: 18
    28: 21
    29: 31
    30: 35
    31: 39
    32: 30
    33: 27
    34: 28
    35: 34
    36: 32
    37: 28
    38: 32
    39: 41
    40: 26
    41: 27
    42: 27
    43: 11
    44: 5
    45: 3
    46: 0
    47: 3
    48: 0
    49: 1
    50: 1
    51: 1
    52: 0
    53: 0
    54: 0
    55: 0
    56: 0
    57: 0
    58: 0
    59: 0
    60: 0
    61: 0
    62: 0
    63: 0
    64: 0
    65: 0
    66: 0
    67: 0
    68: 0
    69: 0
    70: 0
    71: 0
    72: 0
    73: 0
    74: 0
    75: 0
    76: 0
    77: 0
    78: 0
    79: 0
    80: 0
    81: 0
    82: 0
    83: 0
    84: 0
    85: 0
    86: 0
    87: 0
    88: 0
    89: 0
    90: 0
    91: 0
    92: 0
    93: 0
    94: 0
    95: 0
    96: 0
    97: 0
    98: 0
    99: 0
  mem-3: # Memory controller stats
   rd: 47247 # Read requests
   wr: 12466 # Write requests
   rdlat: 6409769 # Total latency experienced by read requests
   wrlat: 1930263 # Total latency experienced by write requests
   rdhits: 382 # Read row hits
   wrhits: 68 # Write row hits
   mlh: # latency histogram for memory requests
    0: 0
    1: 0
    2: 0
    3: 0
    4: 0
    5: 0
    6: 0
    7: 0
    8: 0
    9: 0
    10: 0
    11: 41
    12: 64
    13: 43850
    14: 1430
    15: 408
    16: 232
    17: 78
    18: 70
    19: 94
    20: 82
    21: 70
    22: 120
    23: 58
    24: 128
    25: 42
    26: 15
    27: 17
    28: 20
    29: 24
    30: 42
    31: 42
    32: 27
    33: 31
    34: 32
    35: 29
    36: 27
    37: 22
    38: 25
    39: 36
    40: 31
    41: 21
    42: 24
    43: 7
    44: 1
    45: 1
    46: 3
    47: 2
    48: 0
    49: 1
    50: 0
    51: 0
    52: 0
    53: 0
    54: 0
    55: 0
    56: 0
    57: 0
    58: 0
    59: 0
    60: 0
    61: 0
    62: 0
    63: 0
    64: 0
    65: 0
    66: 0
    67: 0
    68: 0
    69: 0
    70: 0
    71: 0
    72: 0
    73: 0
    74: 0
    75: 0
    76: 0
    77: 0
    78: 0
    79: 0
    80: 0
    81: 0
    82: 0
    83: 0
    84: 0
    85: 0
    86: 0
    87: 0
    88: 0
    89: 0
    90: 0
    91: 0
    92: 0
    93: 0
    94: 0
    95: 0
    96: 0
    97: 0
    98: 0
    99: 0
 sched: # Scheduler stats
  thCr: 9 # Threads created
  thFn: 0 # Threads finished
  schedEvs: 427 # Schedule events
  waitEvs: 26 # Wait events
  handoffEvs: 0 # Handoff events
  sleepEvs: 0 # Sleep events
  idlePhases: 0 # Phases with no thread active
  idlePeriods: 0 # Periods with no thread active
  occHist: # Occupancy histogram
   0: 0
   1: 137
   2: 0
   3: 0
   4: 0
   5: 0
   6: 0
   7: 0
   8: 46583
  rqSzHist: # Run queue size histogram
   0: 46720
   1: 0
   2: 0
   3: 0
   4: 0
   5: 0
   6: 0
   7: 0
   8: 0
   9: 0
   10: 0
   11: 0
   12: 0
   13: 0
   14: 0
   15: 0
   16: 0
 procCycles: # Per-process unhalted core cycles
  0: 3035114804
  1: 0
  2: 0
  3: 0
  4: 0
  5: 0
  6: 0
  7: 0
  8: 0
  9: 0
  10: 0
  11: 0
  12: 0
  13: 0
  14: 0
  15: 0
  16: 0
  17: 0
  18: 0
  19: 0
  20: 0
  21: 0
  22: 0
  23: 0
  24: 0
  25: 0
  26: 0
  27: 0
  28: 0
  29: 0
  30: 0
  31: 0
  32: 0
  33: 0
  34: 0
  35: 0
  36: 0
  37: 0
  38: 0
  39: 0
  40: 0
  41: 0
  42: 0
  43: 0
  44: 0
  45: 0
  46: 0
  47: 0
  48: 0
  49: 0
  50: 0
  51: 0
  52: 0
  53: 0
  54: 0
  55: 0
  56: 0
  57: 0
  58: 0
  59: 0
  60: 0
  61: 0
  62: 0
  63: 0
 procInstrs: # Per-process instructions
  0: 5000135664
  1: 0
  2: 0
  3: 0
  4: 0
  5: 0
  6: 0
  7: 0
  8: 0
  9: 0
  10: 0
  11: 0
  12: 0
  13: 0
  14: 0
  15: 0
  16: 0
  17: 0
  18: 0
  19: 0
  20: 0
  21: 0
  22: 0
  23: 0
  24: 0
  25: 0
  26: 0
  27: 0
  28: 0
  29: 0
  30: 0
  31: 0
  32: 0
  33: 0
  34: 0
  35: 0
  36: 0
  37: 0
  38: 0
  39: 0
  40: 0
  41: 0
  42: 0
  43: 0
  44: 0
  45: 0
  46: 0
  47: 0
  48: 0
  49: 0
  50: 0
  51: 0
  52: 0
  53: 0
  54: 0
  55: 0
  56: 0
  57: 0
  58: 0
  59: 0
  60: 0
  61: 0
  62: 0
  63: 0
 heartbeats: # Per-process heartbeats
  0: 0
  1: 0
  2: 0
  3: 0
  4: 0
  5: 0
  6: 0
  7: 0
  8: 0
  9: 0
  10: 0
  11: 0
  12: 0
  13: 0
  14: 0
  15: 0
  16: 0
  17: 0
  18: 0
  19: 0
  20: 0
  21: 0
  22: 0
  23: 0
  24: 0
  25: 0
  26: 0
  27: 0
  28: 0
  29: 0
  30: 0
  31: 0
  32: 0
  33: 0
  34: 0
  35: 0
  36: 0
  37: 0
  38: 0
  39: 0
  40: 0
  41: 0
  42: 0
  43: 0
  44: 0
  45: 0
  46: 0
  47: 0
  48: 0
  49: 0
  50: 0
  51: 0
  52: 0
  53: 0
  54: 0
  55: 0
  56: 0
  57: 0
  58: 0
  59: 0
  60: 0
  61: 0
  62: 0
  63: 0
===
