# zsim stats
===
root: # Stats
 contention: # Contention simulation stats
  domain-0: # Domain stats
   time: 225840947 # Weave simulation time
 time: # Simulator time breakdown
  init: 2163713590478
  bound: 7282397333
  weave: 291870590
  ff: 0
 trigger: 20000 # Reason for this stats dump
 phase: 8412 # Simulated phases
 westmere: # Core stats
  westmere-0: # Core stats
   cycles: 84120918 # Simulated unhalted cycles
   cCycles: 9778357 # Cycles due to contention stalls
   instrs: 100007602 # Simulated instructions
   uops: 132223493 # Retired micro-ops
   bbls: 1458049 # Basic blocks
   approxInstrs: 967623 # Instrs with approx uop decoding
   mispredBranches: 1045 # Mispredicted branches
   condBranches: 120268 # conditional branches
 l1i: # Cache stats
  l1i-0: # Filter cache stats
   fhGETS: 6772770 # Filtered GETS hits
   fhGETX: 0 # Filtered GETX hits
   hGETS: 4031578 # GETS hits
   hGETX: 0 # GETX hits
   mGETS: 3330 # GETS misses
   mGETXIM: 0 # GETX I->M misses
   mGETXSM: 0 # GETX S->M misses (upgrade misses)
   PUTS: 0 # Clean evictions (from lower level)
   PUTX: 0 # Dirty evictions (from lower level)
   INV: 3140 # Invalidates (from upper level)
   INVX: 0 # Downgrades (from upper level)
   FWD: 0 # Forwards (from upper level)
   latGETnl: 395190 # GET request latency on next level
   latGETnet: 0 # GET request latency on network to next level
 l1d: # Cache stats
  l1d-0: # Filter cache stats
   fhGETS: 36321564 # Filtered GETS hits
   fhGETX: 9644508 # Filtered GETX hits
   hGETS: 5883141 # GETS hits
   hGETX: 1564582 # GETX hits
   mGETS: 617911 # GETS misses
   mGETXIM: 140062 # GETX I->M misses
   mGETXSM: 0 # GETX S->M misses (upgrade misses)
   PUTS: 0 # Clean evictions (from lower level)
   PUTX: 0 # Dirty evictions (from lower level)
   INV: 698 # Invalidates (from upper level)
   INVX: 0 # Downgrades (from upper level)
   FWD: 0 # Forwards (from upper level)
   latGETnl: 62793872 # GET request latency on next level
   latGETnet: 0 # GET request latency on network to next level
 l2: # Cache stats
  l2-0: # Cache stats
   hGETS: 254736 # GETS hits
   hGETX: 4 # GETX hits
   mGETS: 366505 # GETS misses
   mGETXIM: 140058 # GETX I->M misses
   mGETXSM: 0 # GETX S->M misses (upgrade misses)
   PUTS: 615893 # Clean evictions (from lower level)
   PUTX: 140870 # Dirty evictions (from lower level)
   INV: 4043 # Invalidates (from upper level)
   INVX: 0 # Downgrades (from upper level)
   FWD: 0 # Forwards (from upper level)
   latGETnl: 55576032 # GET request latency on next level
   latGETnet: 0 # GET request latency on network to next level
 l3: # Cache stats
  l3-0: # Cache stats
   hGETS: 18371 # GETS hits
   hGETX: 5764 # GETX hits
   mGETS: 348134 # GETS misses
   mGETXIM: 134294 # GETX I->M misses
   mGETXSM: 0 # GETX S->M misses (upgrade misses)
   PUTS: 359092 # Clean evictions (from lower level)
   PUTX: 139332 # Dirty evictions (from lower level)
   INV: 0 # Invalidates (from upper level)
   INVX: 0 # Downgrades (from upper level)
   FWD: 0 # Forwards (from upper level)
   latGETnl: 43418520 # GET request latency on next level
   latGETnet: 0 # GET request latency on network to next level
 mem: # Memory controller stats
  mem-0: # Memory controller stats
   rd: 120602 # Read requests
   wr: 34025 # Write requests
   rdlat: 17622443 # Total latency experienced by read requests
   wrlat: 5625302 # Total latency experienced by write requests
   rdhits: 3 # Read row hits
   wrhits: 113 # Write row hits
   mlh: # latency histogram for memory requests
    0: 0
    1: 0
    2: 0
    3: 0
    4: 0
    5: 0
    6: 0
    7: 0
    8: 0
    9: 0
    10: 0
    11: 0
    12: 0
    13: 75879
    14: 22596
    15: 4820
    16: 1458
    17: 6320
    18: 1920
    19: 822
    20: 1317
    21: 205
    22: 231
    23: 725
    24: 1060
    25: 1635
    26: 414
    27: 56
    28: 54
    29: 64
    30: 83
    31: 60
    32: 58
    33: 69
    34: 54
    35: 66
    36: 46
    37: 66
    38: 70
    39: 62
    40: 52
    41: 66
    42: 75
    43: 40
    44: 24
    45: 14
    46: 9
    47: 24
    48: 37
    49: 11
    50: 5
    51: 2
    52: 3
    53: 4
    54: 3
    55: 9
    56: 7
    57: 3
    58: 3
    59: 1
    60: 0
    61: 0
    62: 0
    63: 0
    64: 0
    65: 0
    66: 0
    67: 0
    68: 0
    69: 0
    70: 0
    71: 0
    72: 0
    73: 0
    74: 0
    75: 0
    76: 0
    77: 0
    78: 0
    79: 0
    80: 0
    81: 0
    82: 0
    83: 0
    84: 0
    85: 0
    86: 0
    87: 0
    88: 0
    89: 0
    90: 0
    91: 0
    92: 0
    93: 0
    94: 0
    95: 0
    96: 0
    97: 0
    98: 0
    99: 0
  mem-1: # Memory controller stats
   rd: 120633 # Read requests
   wr: 34038 # Write requests
   rdlat: 17644755 # Total latency experienced by read requests
   wrlat: 5658788 # Total latency experienced by write requests
   rdhits: 3 # Read row hits
   wrhits: 125 # Write row hits
   mlh: # latency histogram for memory requests
    0: 0
    1: 0
    2: 0
    3: 0
    4: 0
    5: 0
    6: 0
    7: 0
    8: 0
    9: 0
    10: 0
    11: 0
    12: 0
    13: 75904
    14: 22733
    15: 4698
    16: 1477
    17: 6303
    18: 1941
    19: 743
    20: 1337
    21: 200
    22: 243
    23: 739
    24: 1034
    25: 1629
    26: 414
    27: 50
    28: 61
    29: 63
    30: 71
    31: 54
    32: 67
    33: 57
    34: 34
    35: 43
    36: 64
    37: 69
    38: 63
    39: 58
    40: 59
    41: 50
    42: 80
    43: 54
    44: 29
    45: 15
    46: 13
    47: 26
    48: 51
    49: 30
    50: 11
    51: 9
    52: 9
    53: 4
    54: 8
    55: 9
    56: 13
    57: 2
    58: 9
    59: 2
    60: 1
    61: 0
    62: 0
    63: 0
    64: 0
    65: 0
    66: 0
    67: 0
    68: 0
    69: 0
    70: 0
    71: 0
    72: 0
    73: 0
    74: 0
    75: 0
    76: 0
    77: 0
    78: 0
    79: 0
    80: 0
    81: 0
    82: 0
    83: 0
    84: 0
    85: 0
    86: 0
    87: 0
    88: 0
    89: 0
    90: 0
    91: 0
    92: 0
    93: 0
    94: 0
    95: 0
    96: 0
    97: 0
    98: 0
    99: 0
  mem-2: # Memory controller stats
   rd: 120594 # Read requests
   wr: 34030 # Write requests
   rdlat: 17636376 # Total latency experienced by read requests
   wrlat: 5613514 # Total latency experienced by write requests
   rdhits: 0 # Read row hits
   wrhits: 106 # Write row hits
   mlh: # latency histogram for memory requests
    0: 0
    1: 0
    2: 0
    3: 0
    4: 0
    5: 0
    6: 0
    7: 0
    8: 0
    9: 0
    10: 0
    11: 0
    12: 0
    13: 75933
    14: 22658
    15: 4725
    16: 1478
    17: 6288
    18: 1917
    19: 796
    20: 1302
    21: 171
    22: 218
    23: 729
    24: 1125
    25: 1636
    26: 399
    27: 45
    28: 42
    29: 63
    30: 88
    31: 63
    32: 54
    33: 44
    34: 52
    35: 62
    36: 50
    37: 57
    38: 60
    39: 73
    40: 53
    41: 67
    42: 73
    43: 45
    44: 21
    45: 18
    46: 15
    47: 25
    48: 49
    49: 27
    50: 11
    51: 7
    52: 9
    53: 5
    54: 6
    55: 12
    56: 13
    57: 3
    58: 4
    59: 2
    60: 1
    61: 0
    62: 0
    63: 0
    64: 0
    65: 0
    66: 0
    67: 0
    68: 0
    69: 0
    70: 0
    71: 0
    72: 0
    73: 0
    74: 0
    75: 0
    76: 0
    77: 0
    78: 0
    79: 0
    80: 0
    81: 0
    82: 0
    83: 0
    84: 0
    85: 0
    86: 0
    87: 0
    88: 0
    89: 0
    90: 0
    91: 0
    92: 0
    93: 0
    94: 0
    95: 0
    96: 0
    97: 0
    98: 0
    99: 0
  mem-3: # Memory controller stats
   rd: 120594 # Read requests
   wr: 34020 # Write requests
   rdlat: 17631634 # Total latency experienced by read requests
   wrlat: 5637608 # Total latency experienced by write requests
   rdhits: 8 # Read row hits
   wrhits: 113 # Write row hits
   mlh: # latency histogram for memory requests
    0: 0
    1: 0
    2: 0
    3: 0
    4: 0
    5: 0
    6: 0
    7: 0
    8: 0
    9: 0
    10: 0
    11: 0
    12: 0
    13: 75928
    14: 22683
    15: 4626
    16: 1419
    17: 6350
    18: 1976
    19: 817
    20: 1282
    21: 151
    22: 219
    23: 756
    24: 1099
    25: 1665
    26: 389
    27: 59
    28: 61
    29: 73
    30: 92
    31: 46
    32: 72
    33: 59
    34: 48
    35: 64
    36: 54
    37: 52
    38: 56
    39: 60
    40: 63
    41: 61
    42: 67
    43: 53
    44: 24
    45: 17
    46: 13
    47: 27
    48: 42
    49: 20
    50: 12
    51: 5
    52: 5
    53: 1
    54: 4
    55: 8
    56: 7
    57: 1
    58: 6
    59: 2
    60: 0
    61: 0
    62: 0
    63: 0
    64: 0
    65: 0
    66: 0
    67: 0
    68: 0
    69: 0
    70: 0
    71: 0
    72: 0
    73: 0
    74: 0
    75: 0
    76: 0
    77: 0
    78: 0
    79: 0
    80: 0
    81: 0
    82: 0
    83: 0
    84: 0
    85: 0
    86: 0
    87: 0
    88: 0
    89: 0
    90: 0
    91: 0
    92: 0
    93: 0
    94: 0
    95: 0
    96: 0
    97: 0
    98: 0
    99: 0
 sched: # Scheduler stats
  thCr: 1 # Threads created
  thFn: 1 # Threads finished
  schedEvs: 1 # Schedule events
  waitEvs: 0 # Wait events
  handoffEvs: 0 # Handoff events
  sleepEvs: 0 # Sleep events
  idlePhases: 0 # Phases with no thread active
  idlePeriods: 0 # Periods with no thread active
  occHist: # Occupancy histogram
   0: 0
   1: 8412
  rqSzHist: # Run queue size histogram
   0: 8412
   1: 0
   2: 0
   3: 0
   4: 0
   5: 0
   6: 0
   7: 0
   8: 0
   9: 0
   10: 0
   11: 0
   12: 0
   13: 0
   14: 0
   15: 0
   16: 0
 procCycles: # Per-process unhalted core cycles
  0: 84120918
  1: 0
  2: 0
  3: 0
  4: 0
  5: 0
  6: 0
  7: 0
  8: 0
  9: 0
  10: 0
  11: 0
  12: 0
  13: 0
  14: 0
  15: 0
  16: 0
  17: 0
  18: 0
  19: 0
  20: 0
  21: 0
  22: 0
  23: 0
  24: 0
  25: 0
  26: 0
  27: 0
  28: 0
  29: 0
  30: 0
  31: 0
  32: 0
  33: 0
  34: 0
  35: 0
  36: 0
  37: 0
  38: 0
  39: 0
  40: 0
  41: 0
  42: 0
  43: 0
  44: 0
  45: 0
  46: 0
  47: 0
  48: 0
  49: 0
  50: 0
  51: 0
  52: 0
  53: 0
  54: 0
  55: 0
  56: 0
  57: 0
  58: 0
  59: 0
  60: 0
  61: 0
  62: 0
  63: 0
 procInstrs: # Per-process instructions
  0: 100007602
  1: 0
  2: 0
  3: 0
  4: 0
  5: 0
  6: 0
  7: 0
  8: 0
  9: 0
  10: 0
  11: 0
  12: 0
  13: 0
  14: 0
  15: 0
  16: 0
  17: 0
  18: 0
  19: 0
  20: 0
  21: 0
  22: 0
  23: 0
  24: 0
  25: 0
  26: 0
  27: 0
  28: 0
  29: 0
  30: 0
  31: 0
  32: 0
  33: 0
  34: 0
  35: 0
  36: 0
  37: 0
  38: 0
  39: 0
  40: 0
  41: 0
  42: 0
  43: 0
  44: 0
  45: 0
  46: 0
  47: 0
  48: 0
  49: 0
  50: 0
  51: 0
  52: 0
  53: 0
  54: 0
  55: 0
  56: 0
  57: 0
  58: 0
  59: 0
  60: 0
  61: 0
  62: 0
  63: 0
 heartbeats: # Per-process heartbeats
  0: 0
  1: 0
  2: 0
  3: 0
  4: 0
  5: 0
  6: 0
  7: 0
  8: 0
  9: 0
  10: 0
  11: 0
  12: 0
  13: 0
  14: 0
  15: 0
  16: 0
  17: 0
  18: 0
  19: 0
  20: 0
  21: 0
  22: 0
  23: 0
  24: 0
  25: 0
  26: 0
  27: 0
  28: 0
  29: 0
  30: 0
  31: 0
  32: 0
  33: 0
  34: 0
  35: 0
  36: 0
  37: 0
  38: 0
  39: 0
  40: 0
  41: 0
  42: 0
  43: 0
  44: 0
  45: 0
  46: 0
  47: 0
  48: 0
  49: 0
  50: 0
  51: 0
  52: 0
  53: 0
  54: 0
  55: 0
  56: 0
  57: 0
  58: 0
  59: 0
  60: 0
  61: 0
  62: 0
  63: 0
===
