# zsim stats
===
root: # Stats
 contention: # Contention simulation stats
  domain-0: # Domain stats
   time: 182013208 # Weave simulation time
 time: # Simulator time breakdown
  init: 28556803328
  bound: 5463475362
  weave: 265668964
  ff: 0
 trigger: 20000 # Reason for this stats dump
 phase: 10783 # Simulated phases
 westmere: # Core stats
  westmere-0: # Core stats
   cycles: 107830001 # Simulated unhalted cycles
   cCycles: 8116458 # Cycles due to contention stalls
   instrs: 100013796 # Simulated instructions
   uops: 113821347 # Retired micro-ops
   bbls: 14846969 # Basic blocks
   approxInstrs: 596117 # Instrs with approx uop decoding
   mispredBranches: 789649 # Mispredicted branches
   condBranches: 12875517 # conditional branches
 l1i: # Cache stats
  l1i-0: # Filter cache stats
   fhGETS: 19609287 # Filtered GETS hits
   fhGETX: 0 # Filtered GETX hits
   hGETS: 198 # GETS hits
   hGETX: 0 # GETX hits
   mGETS: 162 # GETS misses
   mGETXIM: 0 # GETX I->M misses
   mGETXSM: 0 # GETX S->M misses (upgrade misses)
   PUTS: 0 # Clean evictions (from lower level)
   PUTX: 0 # Dirty evictions (from lower level)
   INV: 0 # Invalidates (from upper level)
   INVX: 0 # Downgrades (from upper level)
   FWD: 0 # Forwards (from upper level)
   latGETnl: 20088 # GET request latency on next level
   latGETnet: 0 # GET request latency on network to next level
 l1d: # Cache stats
  l1d-0: # Filter cache stats
   fhGETS: 25273881 # Filtered GETS hits
   fhGETX: 11356614 # Filtered GETX hits
   hGETS: 1095475 # GETS hits
   hGETX: 1710036 # GETX hits
   mGETS: 1934584 # GETS misses
   mGETXIM: 1092943 # GETX I->M misses
   mGETXSM: 0 # GETX S->M misses (upgrade misses)
   PUTS: 0 # Clean evictions (from lower level)
   PUTX: 0 # Dirty evictions (from lower level)
   INV: 0 # Invalidates (from upper level)
   INVX: 0 # Downgrades (from upper level)
   FWD: 0 # Forwards (from upper level)
   latGETnl: 103123688 # GET request latency on next level
   latGETnet: 0 # GET request latency on network to next level
 l2: # Cache stats
  l2-0: # Cache stats
   hGETS: 940453 # GETS hits
   hGETX: 119247 # GETX hits
   mGETS: 994293 # GETS misses
   mGETXIM: 973696 # GETX I->M misses
   mGETXSM: 0 # GETX S->M misses (upgrade misses)
   PUTS: 942407 # Clean evictions (from lower level)
   PUTX: 2084608 # Dirty evictions (from lower level)
   INV: 0 # Invalidates (from upper level)
   INVX: 0 # Downgrades (from upper level)
   FWD: 0 # Forwards (from upper level)
   latGETnl: 72866886 # GET request latency on next level
   latGETnet: 0 # GET request latency on network to next level
 l3: # Cache stats
  l3-0: # Cache stats
   hGETS: 894141 # GETS hits
   hGETX: 789013 # GETX hits
   mGETS: 100152 # GETS misses
   mGETXIM: 184683 # GETX I->M misses
   mGETXSM: 0 # GETX S->M misses (upgrade misses)
   PUTS: 580354 # Clean evictions (from lower level)
   PUTX: 1383539 # Dirty evictions (from lower level)
   INV: 0 # Invalidates (from upper level)
   INVX: 0 # Downgrades (from upper level)
   FWD: 0 # Forwards (from upper level)
   latGETnl: 25635150 # GET request latency on next level
   latGETnet: 0 # GET request latency on network to next level
 mem: # Memory controller stats
  mem-0: # Memory controller stats
   rd: 71065 # Read requests
   wr: 54480 # Write requests
   rdlat: 9701101 # Total latency experienced by read requests
   wrlat: 7942179 # Total latency experienced by write requests
   rdhits: 2042 # Read row hits
   wrhits: 526 # Write row hits
   mlh: # latency histogram for memory requests
    0: 0
    1: 0
    2: 0
    3: 0
    4: 0
    5: 0
    6: 0
    7: 0
    8: 0
    9: 0
    10: 0
    11: 204
    12: 253
    13: 64300
    14: 1519
    15: 1162
    16: 703
    17: 381
    18: 454
    19: 442
    20: 449
    21: 239
    22: 62
    23: 60
    24: 61
    25: 49
    26: 33
    27: 39
    28: 36
    29: 43
    30: 24
    31: 43
    32: 39
    33: 44
    34: 33
    35: 29
    36: 32
    37: 44
    38: 43
    39: 44
    40: 50
    41: 41
    42: 46
    43: 20
    44: 5
    45: 10
    46: 4
    47: 9
    48: 5
    49: 2
    50: 7
    51: 0
    52: 2
    53: 0
    54: 0
    55: 0
    56: 0
    57: 0
    58: 0
    59: 0
    60: 0
    61: 0
    62: 0
    63: 0
    64: 0
    65: 0
    66: 0
    67: 0
    68: 0
    69: 0
    70: 0
    71: 0
    72: 0
    73: 0
    74: 0
    75: 0
    76: 0
    77: 0
    78: 0
    79: 0
    80: 0
    81: 0
    82: 0
    83: 0
    84: 0
    85: 0
    86: 0
    87: 0
    88: 0
    89: 0
    90: 0
    91: 0
    92: 0
    93: 0
    94: 0
    95: 0
    96: 0
    97: 0
    98: 0
    99: 0
  mem-1: # Memory controller stats
   rd: 71338 # Read requests
   wr: 55188 # Write requests
   rdlat: 9754204 # Total latency experienced by read requests
   wrlat: 8104942 # Total latency experienced by write requests
   rdhits: 2229 # Read row hits
   wrhits: 637 # Write row hits
   mlh: # latency histogram for memory requests
    0: 0
    1: 0
    2: 0
    3: 0
    4: 0
    5: 0
    6: 0
    7: 0
    8: 0
    9: 0
    10: 0
    11: 234
    12: 283
    13: 64235
    14: 1523
    15: 1199
    16: 759
    17: 430
    18: 463
    19: 492
    20: 500
    21: 251
    22: 72
    23: 68
    24: 58
    25: 39
    26: 33
    27: 37
    28: 40
    29: 30
    30: 43
    31: 36
    32: 42
    33: 44
    34: 41
    35: 38
    36: 44
    37: 38
    38: 49
    39: 41
    40: 44
    41: 32
    42: 46
    43: 21
    44: 5
    45: 7
    46: 10
    47: 5
    48: 0
    49: 1
    50: 0
    51: 2
    52: 3
    53: 0
    54: 0
    55: 0
    56: 0
    57: 0
    58: 0
    59: 0
    60: 0
    61: 0
    62: 0
    63: 0
    64: 0
    65: 0
    66: 0
    67: 0
    68: 0
    69: 0
    70: 0
    71: 0
    72: 0
    73: 0
    74: 0
    75: 0
    76: 0
    77: 0
    78: 0
    79: 0
    80: 0
    81: 0
    82: 0
    83: 0
    84: 0
    85: 0
    86: 0
    87: 0
    88: 0
    89: 0
    90: 0
    91: 0
    92: 0
    93: 0
    94: 0
    95: 0
    96: 0
    97: 0
    98: 0
    99: 0
  mem-2: # Memory controller stats
   rd: 71498 # Read requests
   wr: 55409 # Write requests
   rdlat: 9782799 # Total latency experienced by read requests
   wrlat: 8172613 # Total latency experienced by write requests
   rdhits: 2421 # Read row hits
   wrhits: 669 # Write row hits
   mlh: # latency histogram for memory requests
    0: 0
    1: 0
    2: 0
    3: 0
    4: 0
    5: 0
    6: 0
    7: 0
    8: 0
    9: 0
    10: 0
    11: 241
    12: 329
    13: 64203
    14: 1509
    15: 1130
    16: 768
    17: 504
    18: 479
    19: 531
    20: 501
    21: 266
    22: 96
    23: 101
    24: 71
    25: 54
    26: 28
    27: 30
    28: 35
    29: 37
    30: 47
    31: 28
    32: 40
    33: 50
    34: 35
    35: 41
    36: 32
    37: 50
    38: 51
    39: 46
    40: 42
    41: 36
    42: 30
    43: 13
    44: 7
    45: 8
    46: 9
    47: 4
    48: 6
    49: 1
    50: 1
    51: 1
    52: 1
    53: 0
    54: 0
    55: 0
    56: 0
    57: 0
    58: 0
    59: 0
    60: 0
    61: 0
    62: 2
    63: 2
    64: 0
    65: 0
    66: 0
    67: 0
    68: 1
    69: 1
    70: 0
    71: 0
    72: 0
    73: 0
    74: 0
    75: 0
    76: 0
    77: 0
    78: 0
    79: 0
    80: 0
    81: 0
    82: 0
    83: 0
    84: 0
    85: 0
    86: 0
    87: 0
    88: 0
    89: 0
    90: 0
    91: 0
    92: 0
    93: 0
    94: 0
    95: 0
    96: 0
    97: 0
    98: 0
    99: 0
  mem-3: # Memory controller stats
   rd: 70934 # Read requests
   wr: 54921 # Write requests
   rdlat: 9672666 # Total latency experienced by read requests
   wrlat: 7939820 # Total latency experienced by write requests
   rdhits: 2002 # Read row hits
   wrhits: 473 # Write row hits
   mlh: # latency histogram for memory requests
    0: 0
    1: 0
    2: 0
    3: 0
    4: 0
    5: 0
    6: 0
    7: 0
    8: 0
    9: 0
    10: 0
    11: 240
    12: 266
    13: 64404
    14: 1516
    15: 1109
    16: 626
    17: 362
    18: 382
    19: 417
    20: 437
    21: 234
    22: 64
    23: 67
    24: 58
    25: 44
    26: 25
    27: 33
    28: 32
    29: 31
    30: 50
    31: 36
    32: 37
    33: 38
    34: 50
    35: 40
    36: 32
    37: 43
    38: 41
    39: 51
    40: 35
    41: 31
    42: 46
    43: 22
    44: 10
    45: 9
    46: 6
    47: 5
    48: 3
    49: 1
    50: 1
    51: 0
    52: 0
    53: 0
    54: 0
    55: 0
    56: 0
    57: 0
    58: 0
    59: 0
    60: 0
    61: 0
    62: 0
    63: 0
    64: 0
    65: 0
    66: 0
    67: 0
    68: 0
    69: 0
    70: 0
    71: 0
    72: 0
    73: 0
    74: 0
    75: 0
    76: 0
    77: 0
    78: 0
    79: 0
    80: 0
    81: 0
    82: 0
    83: 0
    84: 0
    85: 0
    86: 0
    87: 0
    88: 0
    89: 0
    90: 0
    91: 0
    92: 0
    93: 0
    94: 0
    95: 0
    96: 0
    97: 0
    98: 0
    99: 0
 sched: # Scheduler stats
  thCr: 1 # Threads created
  thFn: 1 # Threads finished
  schedEvs: 1 # Schedule events
  waitEvs: 0 # Wait events
  handoffEvs: 0 # Handoff events
  sleepEvs: 0 # Sleep events
  idlePhases: 0 # Phases with no thread active
  idlePeriods: 0 # Periods with no thread active
  occHist: # Occupancy histogram
   0: 0
   1: 10783
  rqSzHist: # Run queue size histogram
   0: 10783
   1: 0
   2: 0
   3: 0
   4: 0
   5: 0
   6: 0
   7: 0
   8: 0
   9: 0
   10: 0
   11: 0
   12: 0
   13: 0
   14: 0
   15: 0
   16: 0
 procCycles: # Per-process unhalted core cycles
  0: 107830001
  1: 0
  2: 0
  3: 0
  4: 0
  5: 0
  6: 0
  7: 0
  8: 0
  9: 0
  10: 0
  11: 0
  12: 0
  13: 0
  14: 0
  15: 0
  16: 0
  17: 0
  18: 0
  19: 0
  20: 0
  21: 0
  22: 0
  23: 0
  24: 0
  25: 0
  26: 0
  27: 0
  28: 0
  29: 0
  30: 0
  31: 0
  32: 0
  33: 0
  34: 0
  35: 0
  36: 0
  37: 0
  38: 0
  39: 0
  40: 0
  41: 0
  42: 0
  43: 0
  44: 0
  45: 0
  46: 0
  47: 0
  48: 0
  49: 0
  50: 0
  51: 0
  52: 0
  53: 0
  54: 0
  55: 0
  56: 0
  57: 0
  58: 0
  59: 0
  60: 0
  61: 0
  62: 0
  63: 0
 procInstrs: # Per-process instructions
  0: 100013796
  1: 0
  2: 0
  3: 0
  4: 0
  5: 0
  6: 0
  7: 0
  8: 0
  9: 0
  10: 0
  11: 0
  12: 0
  13: 0
  14: 0
  15: 0
  16: 0
  17: 0
  18: 0
  19: 0
  20: 0
  21: 0
  22: 0
  23: 0
  24: 0
  25: 0
  26: 0
  27: 0
  28: 0
  29: 0
  30: 0
  31: 0
  32: 0
  33: 0
  34: 0
  35: 0
  36: 0
  37: 0
  38: 0
  39: 0
  40: 0
  41: 0
  42: 0
  43: 0
  44: 0
  45: 0
  46: 0
  47: 0
  48: 0
  49: 0
  50: 0
  51: 0
  52: 0
  53: 0
  54: 0
  55: 0
  56: 0
  57: 0
  58: 0
  59: 0
  60: 0
  61: 0
  62: 0
  63: 0
 heartbeats: # Per-process heartbeats
  0: 0
  1: 0
  2: 0
  3: 0
  4: 0
  5: 0
  6: 0
  7: 0
  8: 0
  9: 0
  10: 0
  11: 0
  12: 0
  13: 0
  14: 0
  15: 0
  16: 0
  17: 0
  18: 0
  19: 0
  20: 0
  21: 0
  22: 0
  23: 0
  24: 0
  25: 0
  26: 0
  27: 0
  28: 0
  29: 0
  30: 0
  31: 0
  32: 0
  33: 0
  34: 0
  35: 0
  36: 0
  37: 0
  38: 0
  39: 0
  40: 0
  41: 0
  42: 0
  43: 0
  44: 0
  45: 0
  46: 0
  47: 0
  48: 0
  49: 0
  50: 0
  51: 0
  52: 0
  53: 0
  54: 0
  55: 0
  56: 0
  57: 0
  58: 0
  59: 0
  60: 0
  61: 0
  62: 0
  63: 0
===
