# zsim stats
===
root: # Stats
 contention: # Contention simulation stats
  domain-0: # Domain stats
   time: 325596076 # Weave simulation time
 time: # Simulator time breakdown
  init: 2331470636781
  bound: 6503725751
  weave: 416424239
  ff: 0
 trigger: 20000 # Reason for this stats dump
 phase: 8409 # Simulated phases
 westmere: # Core stats
  westmere-0: # Core stats
   cycles: 84091147 # Simulated unhalted cycles
   cCycles: 9829255 # Cycles due to contention stalls
   instrs: 100008411 # Simulated instructions
   uops: 132224565 # Retired micro-ops
   bbls: 1458064 # Basic blocks
   approxInstrs: 967625 # Instrs with approx uop decoding
   mispredBranches: 1052 # Mispredicted branches
   condBranches: 120271 # conditional branches
 l1i: # Cache stats
  l1i-0: # Filter cache stats
   fhGETS: 6773416 # Filtered GETS hits
   fhGETX: 0 # Filtered GETX hits
   hGETS: 4032259 # GETS hits
   hGETX: 0 # GETX hits
   mGETS: 2125 # GETS misses
   mGETXIM: 0 # GETX I->M misses
   mGETXSM: 0 # GETX S->M misses (upgrade misses)
   PUTS: 0 # Clean evictions (from lower level)
   PUTX: 0 # Dirty evictions (from lower level)
   INV: 1934 # Invalidates (from upper level)
   INVX: 0 # Downgrades (from upper level)
   FWD: 0 # Forwards (from upper level)
   latGETnl: 263500 # GET request latency on next level
   latGETnet: 0 # GET request latency on network to next level
 l1d: # Cache stats
  l1d-0: # Filter cache stats
   fhGETS: 37226165 # Filtered GETS hits
   fhGETX: 9684824 # Filtered GETX hits
   hGETS: 4979107 # GETS hits
   hGETX: 1524430 # GETX hits
   mGETS: 617670 # GETS misses
   mGETXIM: 140039 # GETX I->M misses
   mGETXSM: 0 # GETX S->M misses (upgrade misses)
   PUTS: 0 # Clean evictions (from lower level)
   PUTX: 0 # Dirty evictions (from lower level)
   INV: 153 # Invalidates (from upper level)
   INVX: 0 # Downgrades (from upper level)
   FWD: 0 # Forwards (from upper level)
   latGETnl: 61902308 # GET request latency on next level
   latGETnet: 0 # GET request latency on network to next level
 l2: # Cache stats
  l2-0: # Cache stats
   hGETS: 257097 # GETS hits
   hGETX: 0 # GETX hits
   mGETS: 362698 # GETS misses
   mGETXIM: 140039 # GETX I->M misses
   mGETXSM: 0 # GETX S->M misses (upgrade misses)
   PUTS: 616387 # Clean evictions (from lower level)
   PUTX: 140657 # Dirty evictions (from lower level)
   INV: 2283 # Invalidates (from upper level)
   INVX: 0 # Downgrades (from upper level)
   FWD: 0 # Forwards (from upper level)
   latGETnl: 54567468 # GET request latency on next level
   latGETnet: 0 # GET request latency on network to next level
 l3: # Cache stats
  l3-0: # Cache stats
   hGETS: 23115 # GETS hits
   hGETX: 7380 # GETX hits
   mGETS: 339583 # GETS misses
   mGETXIM: 132659 # GETX I->M misses
   mGETXSM: 0 # GETX S->M misses (upgrade misses)
   PUTS: 356585 # Clean evictions (from lower level)
   PUTX: 139773 # Dirty evictions (from lower level)
   INV: 0 # Invalidates (from upper level)
   INVX: 0 # Downgrades (from upper level)
   FWD: 0 # Forwards (from upper level)
   latGETnl: 42501780 # GET request latency on next level
   latGETnet: 0 # GET request latency on network to next level
 mem: # Memory controller stats
  mem-0: # Memory controller stats
   rd: 118031 # Read requests
   wr: 33175 # Write requests
   rdlat: 17330293 # Total latency experienced by read requests
   wrlat: 5503792 # Total latency experienced by write requests
   rdhits: 4 # Read row hits
   wrhits: 68 # Write row hits
   mlh: # latency histogram for memory requests
    0: 0
    1: 0
    2: 0
    3: 0
    4: 0
    5: 0
    6: 0
    7: 0
    8: 0
    9: 0
    10: 0
    11: 0
    12: 0
    13: 73786
    14: 21565
    15: 6087
    16: 1741
    17: 5652
    18: 1365
    19: 1173
    20: 789
    21: 170
    22: 609
    23: 133
    24: 250
    25: 2836
    26: 490
    27: 71
    28: 150
    29: 56
    30: 48
    31: 42
    32: 60
    33: 47
    34: 55
    35: 67
    36: 61
    37: 51
    38: 80
    39: 66
    40: 52
    41: 68
    42: 75
    43: 52
    44: 26
    45: 20
    46: 19
    47: 49
    48: 48
    49: 32
    50: 12
    51: 14
    52: 10
    53: 7
    54: 9
    55: 13
    56: 5
    57: 5
    58: 7
    59: 7
    60: 0
    61: 0
    62: 1
    63: 0
    64: 0
    65: 0
    66: 0
    67: 0
    68: 0
    69: 0
    70: 0
    71: 0
    72: 0
    73: 0
    74: 0
    75: 0
    76: 0
    77: 0
    78: 0
    79: 0
    80: 0
    81: 0
    82: 0
    83: 0
    84: 0
    85: 0
    86: 0
    87: 0
    88: 0
    89: 0
    90: 0
    91: 0
    92: 0
    93: 0
    94: 0
    95: 0
    96: 0
    97: 0
    98: 0
    99: 0
  mem-1: # Memory controller stats
   rd: 118032 # Read requests
   wr: 33162 # Write requests
   rdlat: 17301944 # Total latency experienced by read requests
   wrlat: 5489525 # Total latency experienced by write requests
   rdhits: 3 # Read row hits
   wrhits: 58 # Write row hits
   mlh: # latency histogram for memory requests
    0: 0
    1: 0
    2: 0
    3: 0
    4: 0
    5: 0
    6: 0
    7: 0
    8: 0
    9: 0
    10: 0
    11: 0
    12: 0
    13: 73823
    14: 21600
    15: 6042
    16: 1709
    17: 5728
    18: 1322
    19: 1135
    20: 824
    21: 199
    22: 605
    23: 125
    24: 323
    25: 2827
    26: 447
    27: 112
    28: 161
    29: 68
    30: 44
    31: 47
    32: 48
    33: 50
    34: 45
    35: 60
    36: 54
    37: 52
    38: 70
    39: 62
    40: 63
    41: 46
    42: 68
    43: 43
    44: 21
    45: 11
    46: 17
    47: 42
    48: 51
    49: 24
    50: 8
    51: 15
    52: 10
    53: 6
    54: 5
    55: 7
    56: 1
    57: 2
    58: 5
    59: 4
    60: 1
    61: 0
    62: 0
    63: 0
    64: 0
    65: 0
    66: 0
    67: 0
    68: 0
    69: 0
    70: 0
    71: 0
    72: 0
    73: 0
    74: 0
    75: 0
    76: 0
    77: 0
    78: 0
    79: 0
    80: 0
    81: 0
    82: 0
    83: 0
    84: 0
    85: 0
    86: 0
    87: 0
    88: 0
    89: 0
    90: 0
    91: 0
    92: 0
    93: 0
    94: 0
    95: 0
    96: 0
    97: 0
    98: 0
    99: 0
  mem-2: # Memory controller stats
   rd: 118019 # Read requests
   wr: 33174 # Write requests
   rdlat: 17334704 # Total latency experienced by read requests
   wrlat: 5481641 # Total latency experienced by write requests
   rdhits: 8 # Read row hits
   wrhits: 76 # Write row hits
   mlh: # latency histogram for memory requests
    0: 0
    1: 0
    2: 0
    3: 0
    4: 0
    5: 0
    6: 0
    7: 0
    8: 0
    9: 0
    10: 0
    11: 0
    12: 0
    13: 73717
    14: 21606
    15: 6071
    16: 1645
    17: 5692
    18: 1339
    19: 1167
    20: 775
    21: 177
    22: 601
    23: 174
    24: 283
    25: 2839
    26: 466
    27: 102
    28: 153
    29: 63
    30: 69
    31: 55
    32: 64
    33: 64
    34: 56
    35: 68
    36: 58
    37: 63
    38: 87
    39: 73
    40: 71
    41: 67
    42: 65
    43: 54
    44: 39
    45: 19
    46: 16
    47: 37
    48: 50
    49: 27
    50: 11
    51: 9
    52: 7
    53: 3
    54: 4
    55: 7
    56: 2
    57: 2
    58: 1
    59: 1
    60: 0
    61: 0
    62: 0
    63: 0
    64: 0
    65: 0
    66: 0
    67: 0
    68: 0
    69: 0
    70: 0
    71: 0
    72: 0
    73: 0
    74: 0
    75: 0
    76: 0
    77: 0
    78: 0
    79: 0
    80: 0
    81: 0
    82: 0
    83: 0
    84: 0
    85: 0
    86: 0
    87: 0
    88: 0
    89: 0
    90: 0
    91: 0
    92: 0
    93: 0
    94: 0
    95: 0
    96: 0
    97: 0
    98: 0
    99: 0
  mem-3: # Memory controller stats
   rd: 118157 # Read requests
   wr: 33199 # Write requests
   rdlat: 17360233 # Total latency experienced by read requests
   wrlat: 5491842 # Total latency experienced by write requests
   rdhits: 9 # Read row hits
   wrhits: 92 # Write row hits
   mlh: # latency histogram for memory requests
    0: 0
    1: 0
    2: 0
    3: 0
    4: 0
    5: 0
    6: 0
    7: 0
    8: 0
    9: 0
    10: 0
    11: 0
    12: 0
    13: 73918
    14: 21554
    15: 6040
    16: 1646
    17: 5723
    18: 1321
    19: 1097
    20: 810
    21: 157
    22: 595
    23: 186
    24: 322
    25: 2822
    26: 433
    27: 123
    28: 190
    29: 66
    30: 60
    31: 50
    32: 55
    33: 60
    34: 47
    35: 62
    36: 78
    37: 68
    38: 79
    39: 69
    40: 87
    41: 69
    42: 70
    43: 63
    44: 27
    45: 23
    46: 22
    47: 47
    48: 46
    49: 21
    50: 4
    51: 9
    52: 6
    53: 5
    54: 5
    55: 9
    56: 2
    57: 4
    58: 6
    59: 1
    60: 0
    61: 0
    62: 0
    63: 0
    64: 0
    65: 0
    66: 0
    67: 0
    68: 0
    69: 0
    70: 0
    71: 0
    72: 0
    73: 0
    74: 0
    75: 0
    76: 0
    77: 0
    78: 0
    79: 0
    80: 0
    81: 0
    82: 0
    83: 0
    84: 0
    85: 0
    86: 0
    87: 0
    88: 0
    89: 0
    90: 0
    91: 0
    92: 0
    93: 0
    94: 0
    95: 0
    96: 0
    97: 0
    98: 0
    99: 0
 sched: # Scheduler stats
  thCr: 1 # Threads created
  thFn: 1 # Threads finished
  schedEvs: 1 # Schedule events
  waitEvs: 0 # Wait events
  handoffEvs: 0 # Handoff events
  sleepEvs: 0 # Sleep events
  idlePhases: 0 # Phases with no thread active
  idlePeriods: 0 # Periods with no thread active
  occHist: # Occupancy histogram
   0: 0
   1: 8409
  rqSzHist: # Run queue size histogram
   0: 8409
   1: 0
   2: 0
   3: 0
   4: 0
   5: 0
   6: 0
   7: 0
   8: 0
   9: 0
   10: 0
   11: 0
   12: 0
   13: 0
   14: 0
   15: 0
   16: 0
 procCycles: # Per-process unhalted core cycles
  0: 84091147
  1: 0
  2: 0
  3: 0
  4: 0
  5: 0
  6: 0
  7: 0
  8: 0
  9: 0
  10: 0
  11: 0
  12: 0
  13: 0
  14: 0
  15: 0
  16: 0
  17: 0
  18: 0
  19: 0
  20: 0
  21: 0
  22: 0
  23: 0
  24: 0
  25: 0
  26: 0
  27: 0
  28: 0
  29: 0
  30: 0
  31: 0
  32: 0
  33: 0
  34: 0
  35: 0
  36: 0
  37: 0
  38: 0
  39: 0
  40: 0
  41: 0
  42: 0
  43: 0
  44: 0
  45: 0
  46: 0
  47: 0
  48: 0
  49: 0
  50: 0
  51: 0
  52: 0
  53: 0
  54: 0
  55: 0
  56: 0
  57: 0
  58: 0
  59: 0
  60: 0
  61: 0
  62: 0
  63: 0
 procInstrs: # Per-process instructions
  0: 100008411
  1: 0
  2: 0
  3: 0
  4: 0
  5: 0
  6: 0
  7: 0
  8: 0
  9: 0
  10: 0
  11: 0
  12: 0
  13: 0
  14: 0
  15: 0
  16: 0
  17: 0
  18: 0
  19: 0
  20: 0
  21: 0
  22: 0
  23: 0
  24: 0
  25: 0
  26: 0
  27: 0
  28: 0
  29: 0
  30: 0
  31: 0
  32: 0
  33: 0
  34: 0
  35: 0
  36: 0
  37: 0
  38: 0
  39: 0
  40: 0
  41: 0
  42: 0
  43: 0
  44: 0
  45: 0
  46: 0
  47: 0
  48: 0
  49: 0
  50: 0
  51: 0
  52: 0
  53: 0
  54: 0
  55: 0
  56: 0
  57: 0
  58: 0
  59: 0
  60: 0
  61: 0
  62: 0
  63: 0
 heartbeats: # Per-process heartbeats
  0: 0
  1: 0
  2: 0
  3: 0
  4: 0
  5: 0
  6: 0
  7: 0
  8: 0
  9: 0
  10: 0
  11: 0
  12: 0
  13: 0
  14: 0
  15: 0
  16: 0
  17: 0
  18: 0
  19: 0
  20: 0
  21: 0
  22: 0
  23: 0
  24: 0
  25: 0
  26: 0
  27: 0
  28: 0
  29: 0
  30: 0
  31: 0
  32: 0
  33: 0
  34: 0
  35: 0
  36: 0
  37: 0
  38: 0
  39: 0
  40: 0
  41: 0
  42: 0
  43: 0
  44: 0
  45: 0
  46: 0
  47: 0
  48: 0
  49: 0
  50: 0
  51: 0
  52: 0
  53: 0
  54: 0
  55: 0
  56: 0
  57: 0
  58: 0
  59: 0
  60: 0
  61: 0
  62: 0
  63: 0
===
