# zsim stats
===
root: # Stats
 contention: # Contention simulation stats
  domain-0: # Domain stats
   time: 142965540 # Weave simulation time
 time: # Simulator time breakdown
  init: 2223657448710
  bound: 6541782582
  weave: 239697455
  ff: 0
 trigger: 20000 # Reason for this stats dump
 phase: 6543 # Simulated phases
 westmere: # Core stats
  westmere-0: # Core stats
   cycles: 65430633 # Simulated unhalted cycles
   cCycles: 3136800 # Cycles due to contention stalls
   instrs: 100000202 # Simulated instructions
   uops: 117385657 # Retired micro-ops
   bbls: 29836499 # Basic blocks
   approxInstrs: 301973 # Instrs with approx uop decoding
   mispredBranches: 239421 # Mispredicted branches
   condBranches: 22332161 # conditional branches
 l1i: # Cache stats
  l1i-0: # Filter cache stats
   fhGETS: 27832769 # Filtered GETS hits
   fhGETX: 0 # Filtered GETX hits
   hGETS: 2874420 # GETS hits
   hGETX: 0 # GETX hits
   mGETS: 405065 # GETS misses
   mGETXIM: 0 # GETX I->M misses
   mGETXSM: 0 # GETX S->M misses (upgrade misses)
   PUTS: 0 # Clean evictions (from lower level)
   PUTX: 0 # Dirty evictions (from lower level)
   INV: 1508 # Invalidates (from upper level)
   INVX: 0 # Downgrades (from upper level)
   FWD: 0 # Forwards (from upper level)
   latGETnl: 5217458 # GET request latency on next level
   latGETnet: 0 # GET request latency on network to next level
 l1d: # Cache stats
  l1d-0: # Filter cache stats
   fhGETS: 25819376 # Filtered GETS hits
   fhGETX: 9270547 # Filtered GETX hits
   hGETS: 4346285 # GETS hits
   hGETX: 1365120 # GETX hits
   mGETS: 963264 # GETS misses
   mGETXIM: 197396 # GETX I->M misses
   mGETXSM: 0 # GETX S->M misses (upgrade misses)
   PUTS: 0 # Clean evictions (from lower level)
   PUTX: 0 # Dirty evictions (from lower level)
   INV: 771 # Invalidates (from upper level)
   INVX: 0 # Downgrades (from upper level)
   FWD: 0 # Forwards (from upper level)
   latGETnl: 34262888 # GET request latency on next level
   latGETnet: 0 # GET request latency on network to next level
 l2: # Cache stats
  l2-0: # Cache stats
   hGETS: 1140257 # GETS hits
   hGETX: 24694 # GETX hits
   mGETS: 228072 # GETS misses
   mGETXIM: 172702 # GETX I->M misses
   mGETXSM: 0 # GETX S->M misses (upgrade misses)
   PUTS: 1220955 # Clean evictions (from lower level)
   PUTX: 341483 # Dirty evictions (from lower level)
   INV: 4044 # Invalidates (from upper level)
   INVX: 0 # Downgrades (from upper level)
   FWD: 0 # Forwards (from upper level)
   latGETnl: 23823096 # GET request latency on next level
   latGETnet: 0 # GET request latency on network to next level
 l3: # Cache stats
  l3-0: # Cache stats
   hGETS: 167544 # GETS hits
   hGETX: 75402 # GETX hits
   mGETS: 60528 # GETS misses
   mGETXIM: 97300 # GETX I->M misses
   mGETXSM: 0 # GETX S->M misses (upgrade misses)
   PUTS: 125285 # Clean evictions (from lower level)
   PUTX: 267354 # Dirty evictions (from lower level)
   INV: 0 # Invalidates (from upper level)
   INVX: 0 # Downgrades (from upper level)
   FWD: 0 # Forwards (from upper level)
   latGETnl: 14204520 # GET request latency on next level
   latGETnet: 0 # GET request latency on network to next level
 mem: # Memory controller stats
  mem-0: # Memory controller stats
   rd: 39391 # Read requests
   wr: 25207 # Write requests
   rdlat: 5315246 # Total latency experienced by read requests
   wrlat: 3906305 # Total latency experienced by write requests
   rdhits: 39 # Read row hits
   wrhits: 26 # Write row hits
   mlh: # latency histogram for memory requests
    0: 0
    1: 0
    2: 0
    3: 0
    4: 0
    5: 0
    6: 0
    7: 0
    8: 0
    9: 0
    10: 0
    11: 1
    12: 7
    13: 37310
    14: 698
    15: 436
    16: 342
    17: 26
    18: 21
    19: 18
    20: 27
    21: 19
    22: 12
    23: 18
    24: 27
    25: 28
    26: 9
    27: 18
    28: 8
    29: 15
    30: 22
    31: 17
    32: 28
    33: 21
    34: 32
    35: 22
    36: 29
    37: 32
    38: 27
    39: 21
    40: 22
    41: 24
    42: 24
    43: 11
    44: 9
    45: 4
    46: 2
    47: 1
    48: 2
    49: 1
    50: 0
    51: 0
    52: 0
    53: 0
    54: 0
    55: 0
    56: 0
    57: 0
    58: 0
    59: 0
    60: 0
    61: 0
    62: 0
    63: 0
    64: 0
    65: 0
    66: 0
    67: 0
    68: 0
    69: 0
    70: 0
    71: 0
    72: 0
    73: 0
    74: 0
    75: 0
    76: 0
    77: 0
    78: 0
    79: 0
    80: 0
    81: 0
    82: 0
    83: 0
    84: 0
    85: 0
    86: 0
    87: 0
    88: 0
    89: 0
    90: 0
    91: 0
    92: 0
    93: 0
    94: 0
    95: 0
    96: 0
    97: 0
    98: 0
    99: 0
  mem-1: # Memory controller stats
   rd: 39166 # Read requests
   wr: 25252 # Write requests
   rdlat: 5285893 # Total latency experienced by read requests
   wrlat: 3918931 # Total latency experienced by write requests
   rdhits: 25 # Read row hits
   wrhits: 33 # Write row hits
   mlh: # latency histogram for memory requests
    0: 0
    1: 0
    2: 0
    3: 0
    4: 0
    5: 0
    6: 0
    7: 0
    8: 0
    9: 0
    10: 0
    11: 1
    12: 3
    13: 37101
    14: 603
    15: 513
    16: 320
    17: 30
    18: 15
    19: 18
    20: 16
    21: 12
    22: 20
    23: 40
    24: 37
    25: 29
    26: 16
    27: 20
    28: 12
    29: 17
    30: 23
    31: 20
    32: 18
    33: 30
    34: 34
    35: 30
    36: 32
    37: 22
    38: 31
    39: 24
    40: 22
    41: 27
    42: 17
    43: 7
    44: 1
    45: 1
    46: 1
    47: 2
    48: 0
    49: 0
    50: 0
    51: 1
    52: 0
    53: 0
    54: 0
    55: 0
    56: 0
    57: 0
    58: 0
    59: 0
    60: 0
    61: 0
    62: 0
    63: 0
    64: 0
    65: 0
    66: 0
    67: 0
    68: 0
    69: 0
    70: 0
    71: 0
    72: 0
    73: 0
    74: 0
    75: 0
    76: 0
    77: 0
    78: 0
    79: 0
    80: 0
    81: 0
    82: 0
    83: 0
    84: 0
    85: 0
    86: 0
    87: 0
    88: 0
    89: 0
    90: 0
    91: 0
    92: 0
    93: 0
    94: 0
    95: 0
    96: 0
    97: 0
    98: 0
    99: 0
  mem-2: # Memory controller stats
   rd: 39595 # Read requests
   wr: 25282 # Write requests
   rdlat: 5333047 # Total latency experienced by read requests
   wrlat: 3918835 # Total latency experienced by write requests
   rdhits: 43 # Read row hits
   wrhits: 33 # Write row hits
   mlh: # latency histogram for memory requests
    0: 0
    1: 0
    2: 0
    3: 0
    4: 0
    5: 0
    6: 0
    7: 0
    8: 0
    9: 0
    10: 0
    11: 2
    12: 6
    13: 37511
    14: 650
    15: 539
    16: 310
    17: 21
    18: 15
    19: 14
    20: 24
    21: 21
    22: 17
    23: 21
    24: 59
    25: 28
    26: 12
    27: 13
    28: 17
    29: 15
    30: 18
    31: 24
    32: 38
    33: 13
    34: 25
    35: 24
    36: 24
    37: 26
    38: 15
    39: 19
    40: 19
    41: 20
    42: 18
    43: 7
    44: 5
    45: 2
    46: 0
    47: 2
    48: 1
    49: 0
    50: 0
    51: 0
    52: 0
    53: 0
    54: 0
    55: 0
    56: 0
    57: 0
    58: 0
    59: 0
    60: 0
    61: 0
    62: 0
    63: 0
    64: 0
    65: 0
    66: 0
    67: 0
    68: 0
    69: 0
    70: 0
    71: 0
    72: 0
    73: 0
    74: 0
    75: 0
    76: 0
    77: 0
    78: 0
    79: 0
    80: 0
    81: 0
    82: 0
    83: 0
    84: 0
    85: 0
    86: 0
    87: 0
    88: 0
    89: 0
    90: 0
    91: 0
    92: 0
    93: 0
    94: 0
    95: 0
    96: 0
    97: 0
    98: 0
    99: 0
  mem-3: # Memory controller stats
   rd: 39675 # Read requests
   wr: 25349 # Write requests
   rdlat: 5347757 # Total latency experienced by read requests
   wrlat: 3910188 # Total latency experienced by write requests
   rdhits: 23 # Read row hits
   wrhits: 36 # Write row hits
   mlh: # latency histogram for memory requests
    0: 0
    1: 0
    2: 0
    3: 0
    4: 0
    5: 0
    6: 0
    7: 0
    8: 0
    9: 0
    10: 0
    11: 6
    12: 1
    13: 37569
    14: 677
    15: 505
    16: 330
    17: 25
    18: 20
    19: 18
    20: 19
    21: 20
    22: 18
    23: 20
    24: 30
    25: 28
    26: 11
    27: 15
    28: 17
    29: 22
    30: 19
    31: 25
    32: 37
    33: 18
    34: 19
    35: 28
    36: 14
    37: 33
    38: 22
    39: 20
    40: 15
    41: 27
    42: 25
    43: 7
    44: 3
    45: 8
    46: 1
    47: 2
    48: 1
    49: 0
    50: 0
    51: 0
    52: 0
    53: 0
    54: 0
    55: 0
    56: 0
    57: 0
    58: 0
    59: 0
    60: 0
    61: 0
    62: 0
    63: 0
    64: 0
    65: 0
    66: 0
    67: 0
    68: 0
    69: 0
    70: 0
    71: 0
    72: 0
    73: 0
    74: 0
    75: 0
    76: 0
    77: 0
    78: 0
    79: 0
    80: 0
    81: 0
    82: 0
    83: 0
    84: 0
    85: 0
    86: 0
    87: 0
    88: 0
    89: 0
    90: 0
    91: 0
    92: 0
    93: 0
    94: 0
    95: 0
    96: 0
    97: 0
    98: 0
    99: 0
 sched: # Scheduler stats
  thCr: 1 # Threads created
  thFn: 1 # Threads finished
  schedEvs: 1 # Schedule events
  waitEvs: 0 # Wait events
  handoffEvs: 0 # Handoff events
  sleepEvs: 0 # Sleep events
  idlePhases: 0 # Phases with no thread active
  idlePeriods: 0 # Periods with no thread active
  occHist: # Occupancy histogram
   0: 0
   1: 6543
  rqSzHist: # Run queue size histogram
   0: 6543
   1: 0
   2: 0
   3: 0
   4: 0
   5: 0
   6: 0
   7: 0
   8: 0
   9: 0
   10: 0
   11: 0
   12: 0
   13: 0
   14: 0
   15: 0
   16: 0
 procCycles: # Per-process unhalted core cycles
  0: 65430633
  1: 0
  2: 0
  3: 0
  4: 0
  5: 0
  6: 0
  7: 0
  8: 0
  9: 0
  10: 0
  11: 0
  12: 0
  13: 0
  14: 0
  15: 0
  16: 0
  17: 0
  18: 0
  19: 0
  20: 0
  21: 0
  22: 0
  23: 0
  24: 0
  25: 0
  26: 0
  27: 0
  28: 0
  29: 0
  30: 0
  31: 0
  32: 0
  33: 0
  34: 0
  35: 0
  36: 0
  37: 0
  38: 0
  39: 0
  40: 0
  41: 0
  42: 0
  43: 0
  44: 0
  45: 0
  46: 0
  47: 0
  48: 0
  49: 0
  50: 0
  51: 0
  52: 0
  53: 0
  54: 0
  55: 0
  56: 0
  57: 0
  58: 0
  59: 0
  60: 0
  61: 0
  62: 0
  63: 0
 procInstrs: # Per-process instructions
  0: 100000202
  1: 0
  2: 0
  3: 0
  4: 0
  5: 0
  6: 0
  7: 0
  8: 0
  9: 0
  10: 0
  11: 0
  12: 0
  13: 0
  14: 0
  15: 0
  16: 0
  17: 0
  18: 0
  19: 0
  20: 0
  21: 0
  22: 0
  23: 0
  24: 0
  25: 0
  26: 0
  27: 0
  28: 0
  29: 0
  30: 0
  31: 0
  32: 0
  33: 0
  34: 0
  35: 0
  36: 0
  37: 0
  38: 0
  39: 0
  40: 0
  41: 0
  42: 0
  43: 0
  44: 0
  45: 0
  46: 0
  47: 0
  48: 0
  49: 0
  50: 0
  51: 0
  52: 0
  53: 0
  54: 0
  55: 0
  56: 0
  57: 0
  58: 0
  59: 0
  60: 0
  61: 0
  62: 0
  63: 0
 heartbeats: # Per-process heartbeats
  0: 0
  1: 0
  2: 0
  3: 0
  4: 0
  5: 0
  6: 0
  7: 0
  8: 0
  9: 0
  10: 0
  11: 0
  12: 0
  13: 0
  14: 0
  15: 0
  16: 0
  17: 0
  18: 0
  19: 0
  20: 0
  21: 0
  22: 0
  23: 0
  24: 0
  25: 0
  26: 0
  27: 0
  28: 0
  29: 0
  30: 0
  31: 0
  32: 0
  33: 0
  34: 0
  35: 0
  36: 0
  37: 0
  38: 0
  39: 0
  40: 0
  41: 0
  42: 0
  43: 0
  44: 0
  45: 0
  46: 0
  47: 0
  48: 0
  49: 0
  50: 0
  51: 0
  52: 0
  53: 0
  54: 0
  55: 0
  56: 0
  57: 0
  58: 0
  59: 0
  60: 0
  61: 0
  62: 0
  63: 0
===
