# zsim stats
===
root: # Stats
 contention: # Contention simulation stats
  domain-0: # Domain stats
   time: 154754542 # Weave simulation time
 time: # Simulator time breakdown
  init: 39834614568
  bound: 5000582749
  weave: 228228559
  ff: 0
 trigger: 20000 # Reason for this stats dump
 phase: 10749 # Simulated phases
 westmere: # Core stats
  westmere-0: # Core stats
   cycles: 107490129 # Simulated unhalted cycles
   cCycles: 7827002 # Cycles due to contention stalls
   instrs: 100000777 # Simulated instructions
   uops: 113802017 # Retired micro-ops
   bbls: 14845068 # Basic blocks
   approxInstrs: 596117 # Instrs with approx uop decoding
   mispredBranches: 789651 # Mispredicted branches
   condBranches: 12874037 # conditional branches
 l1i: # Cache stats
  l1i-0: # Filter cache stats
   fhGETS: 19604308 # Filtered GETS hits
   fhGETX: 0 # Filtered GETX hits
   hGETS: 195 # GETS hits
   hGETX: 0 # GETX hits
   mGETS: 1548 # GETS misses
   mGETXIM: 0 # GETX I->M misses
   mGETXSM: 0 # GETX S->M misses (upgrade misses)
   PUTS: 0 # Clean evictions (from lower level)
   PUTX: 0 # Dirty evictions (from lower level)
   INV: 1516 # Invalidates (from upper level)
   INVX: 0 # Downgrades (from upper level)
   FWD: 0 # Forwards (from upper level)
   latGETnl: 191952 # GET request latency on next level
   latGETnet: 0 # GET request latency on network to next level
 l1d: # Cache stats
  l1d-0: # Filter cache stats
   fhGETS: 25353946 # Filtered GETS hits
   fhGETX: 11425525 # Filtered GETX hits
   hGETS: 1006952 # GETS hits
   hGETX: 1638235 # GETX hits
   mGETS: 1935253 # GETS misses
   mGETXIM: 1093094 # GETX I->M misses
   mGETXSM: 0 # GETX S->M misses (upgrade misses)
   PUTS: 0 # Clean evictions (from lower level)
   PUTX: 0 # Dirty evictions (from lower level)
   INV: 1896 # Invalidates (from upper level)
   INVX: 0 # Downgrades (from upper level)
   FWD: 0 # Forwards (from upper level)
   latGETnl: 101481696 # GET request latency on next level
   latGETnet: 0 # GET request latency on network to next level
 l2: # Cache stats
  l2-0: # Cache stats
   hGETS: 949144 # GETS hits
   hGETX: 120524 # GETX hits
   mGETS: 987657 # GETS misses
   mGETXIM: 972570 # GETX I->M misses
   mGETXSM: 0 # GETX S->M misses (upgrade misses)
   PUTS: 941681 # Clean evictions (from lower level)
   PUTX: 2084258 # Dirty evictions (from lower level)
   INV: 8839 # Invalidates (from upper level)
   INVX: 0 # Downgrades (from upper level)
   FWD: 0 # Forwards (from upper level)
   latGETnl: 71374698 # GET request latency on next level
   latGETnet: 0 # GET request latency on network to next level
 l3: # Cache stats
  l3-0: # Cache stats
   hGETS: 889272 # GETS hits
   hGETX: 800630 # GETX hits
   mGETS: 98385 # GETS misses
   mGETXIM: 171940 # GETX I->M misses
   mGETXSM: 0 # GETX S->M misses (upgrade misses)
   PUTS: 573809 # Clean evictions (from lower level)
   PUTX: 1373483 # Dirty evictions (from lower level)
   INV: 0 # Invalidates (from upper level)
   INVX: 0 # Downgrades (from upper level)
   FWD: 0 # Forwards (from upper level)
   latGETnl: 24329250 # GET request latency on next level
   latGETnet: 0 # GET request latency on network to next level
 mem: # Memory controller stats
  mem-0: # Memory controller stats
   rd: 67740 # Read requests
   wr: 48673 # Write requests
   rdlat: 9224299 # Total latency experienced by read requests
   wrlat: 7070526 # Total latency experienced by write requests
   rdhits: 1508 # Read row hits
   wrhits: 359 # Write row hits
   mlh: # latency histogram for memory requests
    0: 0
    1: 0
    2: 0
    3: 0
    4: 0
    5: 0
    6: 0
    7: 0
    8: 0
    9: 0
    10: 0
    11: 163
    12: 205
    13: 61894
    14: 1362
    15: 1007
    16: 621
    17: 294
    18: 330
    19: 347
    20: 354
    21: 204
    22: 71
    23: 92
    24: 58
    25: 51
    26: 38
    27: 23
    28: 34
    29: 38
    30: 32
    31: 36
    32: 32
    33: 49
    34: 34
    35: 34
    36: 39
    37: 43
    38: 43
    39: 33
    40: 47
    41: 45
    42: 63
    43: 9
    44: 1
    45: 3
    46: 1
    47: 6
    48: 1
    49: 1
    50: 1
    51: 1
    52: 0
    53: 0
    54: 0
    55: 0
    56: 0
    57: 0
    58: 0
    59: 0
    60: 0
    61: 0
    62: 0
    63: 0
    64: 0
    65: 0
    66: 0
    67: 0
    68: 0
    69: 0
    70: 0
    71: 0
    72: 0
    73: 0
    74: 0
    75: 0
    76: 0
    77: 0
    78: 0
    79: 0
    80: 0
    81: 0
    82: 0
    83: 0
    84: 0
    85: 0
    86: 0
    87: 0
    88: 0
    89: 0
    90: 0
    91: 0
    92: 0
    93: 0
    94: 0
    95: 0
    96: 0
    97: 0
    98: 0
    99: 0
  mem-1: # Memory controller stats
   rd: 67465 # Read requests
   wr: 48504 # Write requests
   rdlat: 9179531 # Total latency experienced by read requests
   wrlat: 7028450 # Total latency experienced by write requests
   rdhits: 1488 # Read row hits
   wrhits: 335 # Write row hits
   mlh: # latency histogram for memory requests
    0: 0
    1: 0
    2: 0
    3: 0
    4: 0
    5: 0
    6: 0
    7: 0
    8: 0
    9: 0
    10: 0
    11: 177
    12: 189
    13: 61789
    14: 1324
    15: 1021
    16: 543
    17: 289
    18: 294
    19: 356
    20: 380
    21: 211
    22: 70
    23: 54
    24: 79
    25: 49
    26: 30
    27: 28
    28: 36
    29: 37
    30: 33
    31: 26
    32: 24
    33: 35
    34: 37
    35: 42
    36: 32
    37: 44
    38: 38
    39: 32
    40: 47
    41: 35
    42: 39
    43: 17
    44: 3
    45: 5
    46: 3
    47: 9
    48: 2
    49: 1
    50: 4
    51: 1
    52: 0
    53: 0
    54: 0
    55: 0
    56: 0
    57: 0
    58: 0
    59: 0
    60: 0
    61: 0
    62: 0
    63: 0
    64: 0
    65: 0
    66: 0
    67: 0
    68: 0
    69: 0
    70: 0
    71: 0
    72: 0
    73: 0
    74: 0
    75: 0
    76: 0
    77: 0
    78: 0
    79: 0
    80: 0
    81: 0
    82: 0
    83: 0
    84: 0
    85: 0
    86: 0
    87: 0
    88: 0
    89: 0
    90: 0
    91: 0
    92: 0
    93: 0
    94: 0
    95: 0
    96: 0
    97: 0
    98: 0
    99: 0
  mem-2: # Memory controller stats
   rd: 67744 # Read requests
   wr: 48794 # Write requests
   rdlat: 9229865 # Total latency experienced by read requests
   wrlat: 7125128 # Total latency experienced by write requests
   rdhits: 1687 # Read row hits
   wrhits: 386 # Write row hits
   mlh: # latency histogram for memory requests
    0: 0
    1: 0
    2: 0
    3: 0
    4: 0
    5: 0
    6: 0
    7: 0
    8: 0
    9: 0
    10: 0
    11: 173
    12: 210
    13: 61599
    14: 1410
    15: 1003
    16: 630
    17: 399
    18: 376
    19: 389
    20: 414
    21: 236
    22: 89
    23: 75
    24: 59
    25: 41
    26: 25
    27: 25
    28: 33
    29: 26
    30: 32
    31: 34
    32: 39
    33: 42
    34: 35
    35: 46
    36: 35
    37: 48
    38: 44
    39: 21
    40: 58
    41: 39
    42: 33
    43: 12
    44: 0
    45: 4
    46: 2
    47: 4
    48: 0
    49: 1
    50: 0
    51: 3
    52: 0
    53: 0
    54: 0
    55: 0
    56: 0
    57: 0
    58: 0
    59: 0
    60: 0
    61: 0
    62: 0
    63: 0
    64: 0
    65: 0
    66: 0
    67: 0
    68: 0
    69: 0
    70: 0
    71: 0
    72: 0
    73: 0
    74: 0
    75: 0
    76: 0
    77: 0
    78: 0
    79: 0
    80: 0
    81: 0
    82: 0
    83: 0
    84: 0
    85: 0
    86: 0
    87: 0
    88: 0
    89: 0
    90: 0
    91: 0
    92: 0
    93: 0
    94: 0
    95: 0
    96: 0
    97: 0
    98: 0
    99: 0
  mem-3: # Memory controller stats
   rd: 67376 # Read requests
   wr: 48501 # Write requests
   rdlat: 9170550 # Total latency experienced by read requests
   wrlat: 7023463 # Total latency experienced by write requests
   rdhits: 1440 # Read row hits
   wrhits: 311 # Write row hits
   mlh: # latency histogram for memory requests
    0: 0
    1: 0
    2: 0
    3: 0
    4: 0
    5: 0
    6: 0
    7: 0
    8: 0
    9: 0
    10: 0
    11: 162
    12: 166
    13: 61729
    14: 1357
    15: 1014
    16: 561
    17: 312
    18: 289
    19: 352
    20: 305
    21: 197
    22: 85
    23: 54
    24: 50
    25: 57
    26: 39
    27: 24
    28: 31
    29: 42
    30: 44
    31: 29
    32: 37
    33: 37
    34: 53
    35: 33
    36: 34
    37: 40
    38: 47
    39: 37
    40: 39
    41: 43
    42: 39
    43: 20
    44: 7
    45: 4
    46: 4
    47: 1
    48: 0
    49: 0
    50: 1
    51: 0
    52: 0
    53: 0
    54: 1
    55: 0
    56: 0
    57: 0
    58: 0
    59: 0
    60: 0
    61: 0
    62: 0
    63: 0
    64: 0
    65: 0
    66: 0
    67: 0
    68: 0
    69: 0
    70: 0
    71: 0
    72: 0
    73: 0
    74: 0
    75: 0
    76: 0
    77: 0
    78: 0
    79: 0
    80: 0
    81: 0
    82: 0
    83: 0
    84: 0
    85: 0
    86: 0
    87: 0
    88: 0
    89: 0
    90: 0
    91: 0
    92: 0
    93: 0
    94: 0
    95: 0
    96: 0
    97: 0
    98: 0
    99: 0
 sched: # Scheduler stats
  thCr: 1 # Threads created
  thFn: 1 # Threads finished
  schedEvs: 1 # Schedule events
  waitEvs: 0 # Wait events
  handoffEvs: 0 # Handoff events
  sleepEvs: 0 # Sleep events
  idlePhases: 0 # Phases with no thread active
  idlePeriods: 0 # Periods with no thread active
  occHist: # Occupancy histogram
   0: 0
   1: 10749
  rqSzHist: # Run queue size histogram
   0: 10749
   1: 0
   2: 0
   3: 0
   4: 0
   5: 0
   6: 0
   7: 0
   8: 0
   9: 0
   10: 0
   11: 0
   12: 0
   13: 0
   14: 0
   15: 0
   16: 0
 procCycles: # Per-process unhalted core cycles
  0: 107490129
  1: 0
  2: 0
  3: 0
  4: 0
  5: 0
  6: 0
  7: 0
  8: 0
  9: 0
  10: 0
  11: 0
  12: 0
  13: 0
  14: 0
  15: 0
  16: 0
  17: 0
  18: 0
  19: 0
  20: 0
  21: 0
  22: 0
  23: 0
  24: 0
  25: 0
  26: 0
  27: 0
  28: 0
  29: 0
  30: 0
  31: 0
  32: 0
  33: 0
  34: 0
  35: 0
  36: 0
  37: 0
  38: 0
  39: 0
  40: 0
  41: 0
  42: 0
  43: 0
  44: 0
  45: 0
  46: 0
  47: 0
  48: 0
  49: 0
  50: 0
  51: 0
  52: 0
  53: 0
  54: 0
  55: 0
  56: 0
  57: 0
  58: 0
  59: 0
  60: 0
  61: 0
  62: 0
  63: 0
 procInstrs: # Per-process instructions
  0: 100000777
  1: 0
  2: 0
  3: 0
  4: 0
  5: 0
  6: 0
  7: 0
  8: 0
  9: 0
  10: 0
  11: 0
  12: 0
  13: 0
  14: 0
  15: 0
  16: 0
  17: 0
  18: 0
  19: 0
  20: 0
  21: 0
  22: 0
  23: 0
  24: 0
  25: 0
  26: 0
  27: 0
  28: 0
  29: 0
  30: 0
  31: 0
  32: 0
  33: 0
  34: 0
  35: 0
  36: 0
  37: 0
  38: 0
  39: 0
  40: 0
  41: 0
  42: 0
  43: 0
  44: 0
  45: 0
  46: 0
  47: 0
  48: 0
  49: 0
  50: 0
  51: 0
  52: 0
  53: 0
  54: 0
  55: 0
  56: 0
  57: 0
  58: 0
  59: 0
  60: 0
  61: 0
  62: 0
  63: 0
 heartbeats: # Per-process heartbeats
  0: 0
  1: 0
  2: 0
  3: 0
  4: 0
  5: 0
  6: 0
  7: 0
  8: 0
  9: 0
  10: 0
  11: 0
  12: 0
  13: 0
  14: 0
  15: 0
  16: 0
  17: 0
  18: 0
  19: 0
  20: 0
  21: 0
  22: 0
  23: 0
  24: 0
  25: 0
  26: 0
  27: 0
  28: 0
  29: 0
  30: 0
  31: 0
  32: 0
  33: 0
  34: 0
  35: 0
  36: 0
  37: 0
  38: 0
  39: 0
  40: 0
  41: 0
  42: 0
  43: 0
  44: 0
  45: 0
  46: 0
  47: 0
  48: 0
  49: 0
  50: 0
  51: 0
  52: 0
  53: 0
  54: 0
  55: 0
  56: 0
  57: 0
  58: 0
  59: 0
  60: 0
  61: 0
  62: 0
  63: 0
===
