# zsim stats
===
root: # Stats
 contention: # Contention simulation stats
  domain-0: # Domain stats
   time: 1461430210 # Weave simulation time
 time: # Simulator time breakdown
  init: 1303420090452
  bound: 9168104554
  weave: 1663667772
  ff: 0
 trigger: 20000 # Reason for this stats dump
 phase: 22697 # Simulated phases
 westmere: # Core stats
  westmere-0: # Core stats
   cycles: 226971137 # Simulated unhalted cycles
   cCycles: 42546079 # Cycles due to contention stalls
   instrs: 100001384 # Simulated instructions
   uops: 108963822 # Retired micro-ops
   bbls: 19814576 # Basic blocks
   approxInstrs: 1884897 # Instrs with approx uop decoding
   mispredBranches: 1202291 # Mispredicted branches
   condBranches: 18708246 # conditional branches
 l1i: # Cache stats
  l1i-0: # Filter cache stats
   fhGETS: 26038822 # Filtered GETS hits
   fhGETX: 0 # Filtered GETX hits
   hGETS: 202337 # GETS hits
   hGETX: 0 # GETX hits
   mGETS: 2006 # GETS misses
   mGETXIM: 0 # GETX I->M misses
   mGETXSM: 0 # GETX S->M misses (upgrade misses)
   PUTS: 0 # Clean evictions (from lower level)
   PUTX: 0 # Dirty evictions (from lower level)
   INV: 3 # Invalidates (from upper level)
   INVX: 0 # Downgrades (from upper level)
   FWD: 0 # Forwards (from upper level)
   latGETnl: 236060 # GET request latency on next level
   latGETnet: 0 # GET request latency on network to next level
 l1d: # Cache stats
  l1d-0: # Filter cache stats
   fhGETS: 22445860 # Filtered GETS hits
   fhGETX: 4164315 # Filtered GETX hits
   hGETS: 2238600 # GETS hits
   hGETX: 2495566 # GETX hits
   mGETS: 3395180 # GETS misses
   mGETXIM: 732192 # GETX I->M misses
   mGETXSM: 0 # GETX S->M misses (upgrade misses)
   PUTS: 0 # Clean evictions (from lower level)
   PUTX: 0 # Dirty evictions (from lower level)
   INV: 0 # Invalidates (from upper level)
   INVX: 0 # Downgrades (from upper level)
   FWD: 0 # Forwards (from upper level)
   latGETnl: 312760340 # GET request latency on next level
   latGETnet: 0 # GET request latency on network to next level
 l2: # Cache stats
  l2-0: # Cache stats
   hGETS: 674842 # GETS hits
   hGETX: 103626 # GETX hits
   mGETS: 2722344 # GETS misses
   mGETXIM: 628566 # GETX I->M misses
   mGETXSM: 0 # GETX S->M misses (upgrade misses)
   PUTS: 2352355 # Clean evictions (from lower level)
   PUTX: 1776000 # Dirty evictions (from lower level)
   INV: 0 # Invalidates (from upper level)
   INVX: 0 # Downgrades (from upper level)
   FWD: 0 # Forwards (from upper level)
   latGETnl: 271702620 # GET request latency on next level
   latGETnet: 0 # GET request latency on network to next level
 l3: # Cache stats
  l3-0: # Cache stats
   hGETS: 1016176 # GETS hits
   hGETX: 209392 # GETX hits
   mGETS: 1706168 # GETS misses
   mGETXIM: 419174 # GETX I->M misses
   mGETXSM: 0 # GETX S->M misses (upgrade misses)
   PUTS: 2008713 # Clean evictions (from lower level)
   PUTX: 1338101 # Dirty evictions (from lower level)
   INV: 0 # Invalidates (from upper level)
   INVX: 0 # Downgrades (from upper level)
   FWD: 0 # Forwards (from upper level)
   latGETnl: 191280780 # GET request latency on next level
   latGETnet: 0 # GET request latency on network to next level
 mem: # Memory controller stats
  mem-0: # Memory controller stats
   rd: 530647 # Read requests
   wr: 203771 # Write requests
   rdlat: 72026138 # Total latency experienced by read requests
   wrlat: 30517965 # Total latency experienced by write requests
   rdhits: 10837 # Read row hits
   wrhits: 1430 # Write row hits
   mlh: # latency histogram for memory requests
    0: 0
    1: 0
    2: 0
    3: 0
    4: 0
    5: 0
    6: 0
    7: 0
    8: 0
    9: 0
    10: 0
    11: 637
    12: 517
    13: 478257
    14: 31511
    15: 6359
    16: 2983
    17: 623
    18: 409
    19: 398
    20: 492
    21: 491
    22: 399
    23: 573
    24: 1110
    25: 631
    26: 189
    27: 213
    28: 227
    29: 264
    30: 295
    31: 298
    32: 352
    33: 346
    34: 313
    35: 335
    36: 324
    37: 292
    38: 293
    39: 286
    40: 289
    41: 316
    42: 295
    43: 116
    44: 35
    45: 38
    46: 42
    47: 48
    48: 28
    49: 13
    50: 1
    51: 3
    52: 1
    53: 3
    54: 1
    55: 0
    56: 1
    57: 0
    58: 0
    59: 0
    60: 0
    61: 0
    62: 0
    63: 0
    64: 0
    65: 0
    66: 0
    67: 0
    68: 0
    69: 0
    70: 0
    71: 0
    72: 0
    73: 0
    74: 0
    75: 0
    76: 0
    77: 0
    78: 0
    79: 0
    80: 0
    81: 0
    82: 0
    83: 0
    84: 0
    85: 0
    86: 0
    87: 0
    88: 0
    89: 0
    90: 0
    91: 0
    92: 0
    93: 0
    94: 0
    95: 0
    96: 0
    97: 0
    98: 0
    99: 0
  mem-1: # Memory controller stats
   rd: 531410 # Read requests
   wr: 203640 # Write requests
   rdlat: 72124675 # Total latency experienced by read requests
   wrlat: 30532477 # Total latency experienced by write requests
   rdhits: 10863 # Read row hits
   wrhits: 1393 # Write row hits
   mlh: # latency histogram for memory requests
    0: 0
    1: 0
    2: 0
    3: 0
    4: 0
    5: 0
    6: 0
    7: 0
    8: 0
    9: 0
    10: 0
    11: 639
    12: 470
    13: 477981
    14: 33046
    15: 5966
    16: 2743
    17: 713
    18: 404
    19: 414
    20: 496
    21: 543
    22: 433
    23: 578
    24: 1093
    25: 696
    26: 208
    27: 211
    28: 262
    29: 288
    30: 318
    31: 308
    32: 319
    33: 297
    34: 332
    35: 284
    36: 305
    37: 308
    38: 266
    39: 283
    40: 266
    41: 268
    42: 292
    43: 140
    44: 47
    45: 32
    46: 59
    47: 54
    48: 29
    49: 7
    50: 6
    51: 0
    52: 2
    53: 2
    54: 2
    55: 0
    56: 0
    57: 0
    58: 0
    59: 0
    60: 0
    61: 0
    62: 0
    63: 0
    64: 0
    65: 0
    66: 0
    67: 0
    68: 0
    69: 0
    70: 0
    71: 0
    72: 0
    73: 0
    74: 0
    75: 0
    76: 0
    77: 0
    78: 0
    79: 0
    80: 0
    81: 0
    82: 0
    83: 0
    84: 0
    85: 0
    86: 0
    87: 0
    88: 0
    89: 0
    90: 0
    91: 0
    92: 0
    93: 0
    94: 0
    95: 0
    96: 0
    97: 0
    98: 0
    99: 0
  mem-2: # Memory controller stats
   rd: 530397 # Read requests
   wr: 203458 # Write requests
   rdlat: 72016915 # Total latency experienced by read requests
   wrlat: 30513415 # Total latency experienced by write requests
   rdhits: 10884 # Read row hits
   wrhits: 1367 # Write row hits
   mlh: # latency histogram for memory requests
    0: 0
    1: 0
    2: 0
    3: 0
    4: 0
    5: 0
    6: 0
    7: 0
    8: 0
    9: 0
    10: 0
    11: 593
    12: 498
    13: 478145
    14: 30792
    15: 6912
    16: 2798
    17: 647
    18: 345
    19: 448
    20: 486
    21: 554
    22: 510
    23: 705
    24: 882
    25: 754
    26: 177
    27: 187
    28: 252
    29: 309
    30: 290
    31: 324
    32: 328
    33: 342
    34: 318
    35: 352
    36: 336
    37: 304
    38: 300
    39: 279
    40: 293
    41: 309
    42: 294
    43: 135
    44: 27
    45: 38
    46: 52
    47: 36
    48: 27
    49: 5
    50: 3
    51: 2
    52: 1
    53: 3
    54: 3
    55: 1
    56: 1
    57: 0
    58: 0
    59: 0
    60: 0
    61: 0
    62: 0
    63: 0
    64: 0
    65: 0
    66: 0
    67: 0
    68: 0
    69: 0
    70: 0
    71: 0
    72: 0
    73: 0
    74: 0
    75: 0
    76: 0
    77: 0
    78: 0
    79: 0
    80: 0
    81: 0
    82: 0
    83: 0
    84: 0
    85: 0
    86: 0
    87: 0
    88: 0
    89: 0
    90: 0
    91: 0
    92: 0
    93: 0
    94: 0
    95: 0
    96: 0
    97: 0
    98: 0
    99: 0
  mem-3: # Memory controller stats
   rd: 532885 # Read requests
   wr: 204832 # Write requests
   rdlat: 72293643 # Total latency experienced by read requests
   wrlat: 30724147 # Total latency experienced by write requests
   rdhits: 10746 # Read row hits
   wrhits: 1401 # Write row hits
   mlh: # latency histogram for memory requests
    0: 0
    1: 0
    2: 0
    3: 0
    4: 0
    5: 0
    6: 0
    7: 0
    8: 0
    9: 0
    10: 0
    11: 649
    12: 497
    13: 481419
    14: 30249
    15: 6619
    16: 2955
    17: 756
    18: 425
    19: 485
    20: 531
    21: 508
    22: 446
    23: 681
    24: 844
    25: 606
    26: 193
    27: 198
    28: 245
    29: 264
    30: 300
    31: 298
    32: 338
    33: 316
    34: 304
    35: 337
    36: 331
    37: 311
    38: 292
    39: 291
    40: 288
    41: 302
    42: 303
    43: 102
    44: 39
    45: 28
    46: 43
    47: 39
    48: 26
    49: 9
    50: 6
    51: 6
    52: 1
    53: 3
    54: 1
    55: 1
    56: 0
    57: 0
    58: 0
    59: 0
    60: 0
    61: 0
    62: 0
    63: 0
    64: 0
    65: 0
    66: 0
    67: 0
    68: 0
    69: 0
    70: 0
    71: 0
    72: 0
    73: 0
    74: 0
    75: 0
    76: 0
    77: 0
    78: 0
    79: 0
    80: 0
    81: 0
    82: 0
    83: 0
    84: 0
    85: 0
    86: 0
    87: 0
    88: 0
    89: 0
    90: 0
    91: 0
    92: 0
    93: 0
    94: 0
    95: 0
    96: 0
    97: 0
    98: 0
    99: 0
 sched: # Scheduler stats
  thCr: 1 # Threads created
  thFn: 1 # Threads finished
  schedEvs: 1 # Schedule events
  waitEvs: 0 # Wait events
  handoffEvs: 0 # Handoff events
  sleepEvs: 0 # Sleep events
  idlePhases: 0 # Phases with no thread active
  idlePeriods: 0 # Periods with no thread active
  occHist: # Occupancy histogram
   0: 0
   1: 22697
  rqSzHist: # Run queue size histogram
   0: 22697
   1: 0
   2: 0
   3: 0
   4: 0
   5: 0
   6: 0
   7: 0
   8: 0
   9: 0
   10: 0
   11: 0
   12: 0
   13: 0
   14: 0
   15: 0
   16: 0
 procCycles: # Per-process unhalted core cycles
  0: 226971137
  1: 0
  2: 0
  3: 0
  4: 0
  5: 0
  6: 0
  7: 0
  8: 0
  9: 0
  10: 0
  11: 0
  12: 0
  13: 0
  14: 0
  15: 0
  16: 0
  17: 0
  18: 0
  19: 0
  20: 0
  21: 0
  22: 0
  23: 0
  24: 0
  25: 0
  26: 0
  27: 0
  28: 0
  29: 0
  30: 0
  31: 0
  32: 0
  33: 0
  34: 0
  35: 0
  36: 0
  37: 0
  38: 0
  39: 0
  40: 0
  41: 0
  42: 0
  43: 0
  44: 0
  45: 0
  46: 0
  47: 0
  48: 0
  49: 0
  50: 0
  51: 0
  52: 0
  53: 0
  54: 0
  55: 0
  56: 0
  57: 0
  58: 0
  59: 0
  60: 0
  61: 0
  62: 0
  63: 0
 procInstrs: # Per-process instructions
  0: 100001384
  1: 0
  2: 0
  3: 0
  4: 0
  5: 0
  6: 0
  7: 0
  8: 0
  9: 0
  10: 0
  11: 0
  12: 0
  13: 0
  14: 0
  15: 0
  16: 0
  17: 0
  18: 0
  19: 0
  20: 0
  21: 0
  22: 0
  23: 0
  24: 0
  25: 0
  26: 0
  27: 0
  28: 0
  29: 0
  30: 0
  31: 0
  32: 0
  33: 0
  34: 0
  35: 0
  36: 0
  37: 0
  38: 0
  39: 0
  40: 0
  41: 0
  42: 0
  43: 0
  44: 0
  45: 0
  46: 0
  47: 0
  48: 0
  49: 0
  50: 0
  51: 0
  52: 0
  53: 0
  54: 0
  55: 0
  56: 0
  57: 0
  58: 0
  59: 0
  60: 0
  61: 0
  62: 0
  63: 0
 heartbeats: # Per-process heartbeats
  0: 0
  1: 0
  2: 0
  3: 0
  4: 0
  5: 0
  6: 0
  7: 0
  8: 0
  9: 0
  10: 0
  11: 0
  12: 0
  13: 0
  14: 0
  15: 0
  16: 0
  17: 0
  18: 0
  19: 0
  20: 0
  21: 0
  22: 0
  23: 0
  24: 0
  25: 0
  26: 0
  27: 0
  28: 0
  29: 0
  30: 0
  31: 0
  32: 0
  33: 0
  34: 0
  35: 0
  36: 0
  37: 0
  38: 0
  39: 0
  40: 0
  41: 0
  42: 0
  43: 0
  44: 0
  45: 0
  46: 0
  47: 0
  48: 0
  49: 0
  50: 0
  51: 0
  52: 0
  53: 0
  54: 0
  55: 0
  56: 0
  57: 0
  58: 0
  59: 0
  60: 0
  61: 0
  62: 0
  63: 0
===
