# zsim stats
===
root: # Stats
 contention: # Contention simulation stats
  domain-0: # Domain stats
   time: 268026262 # Weave simulation time
 time: # Simulator time breakdown
  init: 1438938981
  bound: 149104696284
  weave: 3693229087
  ff: 0
 trigger: 20000 # Reason for this stats dump
 phase: 46704 # Simulated phases
 westmere: # Core stats
  westmere-0: # Core stats
   cycles: 368252961 # Simulated unhalted cycles
   cCycles: 500813 # Cycles due to contention stalls
   instrs: 606225030 # Simulated instructions
   uops: 683078482 # Retired micro-ops
   bbls: 62495875 # Basic blocks
   approxInstrs: 3023173 # Instrs with approx uop decoding
   mispredBranches: 795284 # Mispredicted branches
   condBranches: 52544839 # conditional branches
  westmere-1: # Core stats
   cycles: 375040940 # Simulated unhalted cycles
   cCycles: 394328 # Cycles due to contention stalls
   instrs: 616488543 # Simulated instructions
   uops: 695221773 # Retired micro-ops
   bbls: 63704104 # Basic blocks
   approxInstrs: 3099210 # Instrs with approx uop decoding
   mispredBranches: 794726 # Mispredicted branches
   condBranches: 53300792 # conditional branches
  westmere-2: # Core stats
   cycles: 376564924 # Simulated unhalted cycles
   cCycles: 358031 # Cycles due to contention stalls
   instrs: 619341524 # Simulated instructions
   uops: 698422435 # Retired micro-ops
   bbls: 64050088 # Basic blocks
   approxInstrs: 3127288 # Instrs with approx uop decoding
   mispredBranches: 797510 # Mispredicted branches
   condBranches: 53601507 # conditional branches
  westmere-3: # Core stats
   cycles: 375857026 # Simulated unhalted cycles
   cCycles: 358056 # Cycles due to contention stalls
   instrs: 617670999 # Simulated instructions
   uops: 696706467 # Retired micro-ops
   bbls: 63853190 # Basic blocks
   approxInstrs: 3111648 # Instrs with approx uop decoding
   mispredBranches: 799148 # Mispredicted branches
   condBranches: 53395492 # conditional branches
  westmere-4: # Core stats
   cycles: 374468631 # Simulated unhalted cycles
   cCycles: 473078 # Cycles due to contention stalls
   instrs: 615263155 # Simulated instructions
   uops: 693806494 # Retired micro-ops
   bbls: 63562181 # Basic blocks
   approxInstrs: 3096248 # Instrs with approx uop decoding
   mispredBranches: 797876 # Mispredicted branches
   condBranches: 53209483 # conditional branches
  westmere-5: # Core stats
   cycles: 404867921 # Simulated unhalted cycles
   cCycles: 1296371 # Cycles due to contention stalls
   instrs: 679759266 # Simulated instructions
   uops: 761441732 # Retired micro-ops
   bbls: 67319862 # Basic blocks
   approxInstrs: 3116505 # Instrs with approx uop decoding
   mispredBranches: 815903 # Mispredicted branches
   condBranches: 56650377 # conditional branches
  westmere-6: # Core stats
   cycles: 392063043 # Simulated unhalted cycles
   cCycles: 407037 # Cycles due to contention stalls
   instrs: 639203901 # Simulated instructions
   uops: 722457713 # Retired micro-ops
   bbls: 66511607 # Basic blocks
   approxInstrs: 3298800 # Instrs with approx uop decoding
   mispredBranches: 836571 # Mispredicted branches
   condBranches: 55027578 # conditional branches
  westmere-7: # Core stats
   cycles: 367457408 # Simulated unhalted cycles
   cCycles: 402136 # Cycles due to contention stalls
   instrs: 606113794 # Simulated instructions
   uops: 682831999 # Retired micro-ops
   bbls: 62417043 # Basic blocks
   approxInstrs: 3014069 # Instrs with approx uop decoding
   mispredBranches: 781378 # Mispredicted branches
   condBranches: 52512212 # conditional branches
 l1i: # Cache stats
  l1i-0: # Filter cache stats
   fhGETS: 82455133 # Filtered GETS hits
   fhGETX: 0 # Filtered GETX hits
   hGETS: 2347849 # GETS hits
   hGETX: 0 # GETX hits
   mGETS: 765004 # GETS misses
   mGETXIM: 0 # GETX I->M misses
   mGETXSM: 0 # GETX S->M misses (upgrade misses)
   PUTS: 0 # Clean evictions (from lower level)
   PUTX: 0 # Dirty evictions (from lower level)
   INV: 0 # Invalidates (from upper level)
   INVX: 0 # Downgrades (from upper level)
   FWD: 0 # Forwards (from upper level)
   latGETnl: 8095900 # GET request latency on next level
   latGETnet: 0 # GET request latency on network to next level
  l1i-1: # Filter cache stats
   fhGETS: 84005311 # Filtered GETS hits
   fhGETX: 0 # Filtered GETX hits
   hGETS: 2361046 # GETS hits
   hGETX: 0 # GETX hits
   mGETS: 765983 # GETS misses
   mGETXIM: 0 # GETX I->M misses
   mGETXSM: 0 # GETX S->M misses (upgrade misses)
   PUTS: 0 # Clean evictions (from lower level)
   PUTX: 0 # Dirty evictions (from lower level)
   INV: 1 # Invalidates (from upper level)
   INVX: 0 # Downgrades (from upper level)
   FWD: 0 # Forwards (from upper level)
   latGETnl: 8047328 # GET request latency on next level
   latGETnet: 0 # GET request latency on network to next level
  l1i-2: # Filter cache stats
   fhGETS: 84450858 # Filtered GETS hits
   fhGETX: 0 # Filtered GETX hits
   hGETS: 2359871 # GETS hits
   hGETX: 0 # GETX hits
   mGETS: 769341 # GETS misses
   mGETXIM: 0 # GETX I->M misses
   mGETXSM: 0 # GETX S->M misses (upgrade misses)
   PUTS: 0 # Clean evictions (from lower level)
   PUTX: 0 # Dirty evictions (from lower level)
   INV: 0 # Invalidates (from upper level)
   INVX: 0 # Downgrades (from upper level)
   FWD: 0 # Forwards (from upper level)
   latGETnl: 8106504 # GET request latency on next level
   latGETnet: 0 # GET request latency on network to next level
  l1i-3: # Filter cache stats
   fhGETS: 84199017 # Filtered GETS hits
   fhGETX: 0 # Filtered GETX hits
   hGETS: 2361560 # GETS hits
   hGETX: 0 # GETX hits
   mGETS: 763821 # GETS misses
   mGETXIM: 0 # GETX I->M misses
   mGETXSM: 0 # GETX S->M misses (upgrade misses)
   PUTS: 0 # Clean evictions (from lower level)
   PUTX: 0 # Dirty evictions (from lower level)
   INV: 6 # Invalidates (from upper level)
   INVX: 0 # Downgrades (from upper level)
   FWD: 0 # Forwards (from upper level)
   latGETnl: 8027154 # GET request latency on next level
   latGETnet: 0 # GET request latency on network to next level
  l1i-4: # Filter cache stats
   fhGETS: 83820700 # Filtered GETS hits
   fhGETX: 0 # Filtered GETX hits
   hGETS: 2362110 # GETS hits
   hGETX: 0 # GETX hits
   mGETS: 766070 # GETS misses
   mGETXIM: 0 # GETX I->M misses
   mGETXSM: 0 # GETX S->M misses (upgrade misses)
   PUTS: 0 # Clean evictions (from lower level)
   PUTX: 0 # Dirty evictions (from lower level)
   INV: 1 # Invalidates (from upper level)
   INVX: 0 # Downgrades (from upper level)
   FWD: 0 # Forwards (from upper level)
   latGETnl: 8068766 # GET request latency on next level
   latGETnet: 0 # GET request latency on network to next level
  l1i-5: # Filter cache stats
   fhGETS: 90337971 # Filtered GETS hits
   fhGETX: 0 # Filtered GETX hits
   hGETS: 2373750 # GETS hits
   hGETX: 0 # GETX hits
   mGETS: 765160 # GETS misses
   mGETXIM: 0 # GETX I->M misses
   mGETXSM: 0 # GETX S->M misses (upgrade misses)
   PUTS: 0 # Clean evictions (from lower level)
   PUTX: 0 # Dirty evictions (from lower level)
   INV: 1 # Invalidates (from upper level)
   INVX: 0 # Downgrades (from upper level)
   FWD: 0 # Forwards (from upper level)
   latGETnl: 8183092 # GET request latency on next level
   latGETnet: 0 # GET request latency on network to next level
  l1i-6: # Filter cache stats
   fhGETS: 87687612 # Filtered GETS hits
   fhGETX: 0 # Filtered GETX hits
   hGETS: 2398934 # GETS hits
   hGETX: 0 # GETX hits
   mGETS: 767692 # GETS misses
   mGETXIM: 0 # GETX I->M misses
   mGETXSM: 0 # GETX S->M misses (upgrade misses)
   PUTS: 0 # Clean evictions (from lower level)
   PUTX: 0 # Dirty evictions (from lower level)
   INV: 0 # Invalidates (from upper level)
   INVX: 0 # Downgrades (from upper level)
   FWD: 0 # Forwards (from upper level)
   latGETnl: 8088364 # GET request latency on next level
   latGETnet: 0 # GET request latency on network to next level
  l1i-7: # Filter cache stats
   fhGETS: 82330829 # Filtered GETS hits
   fhGETX: 0 # Filtered GETX hits
   hGETS: 2339052 # GETS hits
   hGETX: 0 # GETX hits
   mGETS: 768077 # GETS misses
   mGETXIM: 0 # GETX I->M misses
   mGETXSM: 0 # GETX S->M misses (upgrade misses)
   PUTS: 0 # Clean evictions (from lower level)
   PUTX: 0 # Dirty evictions (from lower level)
   INV: 1 # Invalidates (from upper level)
   INVX: 0 # Downgrades (from upper level)
   FWD: 0 # Forwards (from upper level)
   latGETnl: 8073986 # GET request latency on next level
   latGETnet: 0 # GET request latency on network to next level
 l1d: # Cache stats
  l1d-0: # Filter cache stats
   fhGETS: 104652032 # Filtered GETS hits
   fhGETX: 31525465 # Filtered GETX hits
   hGETS: 4440032 # GETS hits
   hGETX: 1200973 # GETX hits
   mGETS: 5899451 # GETS misses
   mGETXIM: 247823 # GETX I->M misses
   mGETXSM: 8747 # GETX S->M misses (upgrade misses)
   PUTS: 0 # Clean evictions (from lower level)
   PUTX: 0 # Dirty evictions (from lower level)
   INV: 18511 # Invalidates (from upper level)
   INVX: 15231 # Downgrades (from upper level)
   FWD: 0 # Forwards (from upper level)
   latGETnl: 74980248 # GET request latency on next level
   latGETnet: 0 # GET request latency on network to next level
  l1d-1: # Filter cache stats
   fhGETS: 107035423 # Filtered GETS hits
   fhGETX: 32466017 # Filtered GETX hits
   hGETS: 4341617 # GETS hits
   hGETX: 1196583 # GETX hits
   mGETS: 5905291 # GETS misses
   mGETXIM: 251315 # GETX I->M misses
   mGETXSM: 9359 # GETX S->M misses (upgrade misses)
   PUTS: 0 # Clean evictions (from lower level)
   PUTX: 0 # Dirty evictions (from lower level)
   INV: 18128 # Invalidates (from upper level)
   INVX: 14542 # Downgrades (from upper level)
   FWD: 0 # Forwards (from upper level)
   latGETnl: 74486234 # GET request latency on next level
   latGETnet: 0 # GET request latency on network to next level
  l1d-2: # Filter cache stats
   fhGETS: 107464910 # Filtered GETS hits
   fhGETX: 32519944 # Filtered GETX hits
   hGETS: 4486298 # GETS hits
   hGETX: 1299866 # GETX hits
   mGETS: 5905428 # GETS misses
   mGETXIM: 259870 # GETX I->M misses
   mGETXSM: 9906 # GETX S->M misses (upgrade misses)
   PUTS: 0 # Clean evictions (from lower level)
   PUTX: 0 # Dirty evictions (from lower level)
   INV: 15595 # Invalidates (from upper level)
   INVX: 15535 # Downgrades (from upper level)
   FWD: 0 # Forwards (from upper level)
   latGETnl: 74456765 # GET request latency on next level
   latGETnet: 0 # GET request latency on network to next level
  l1d-3: # Filter cache stats
   fhGETS: 107197125 # Filtered GETS hits
   fhGETX: 32520653 # Filtered GETX hits
   hGETS: 4427107 # GETS hits
   hGETX: 1300112 # GETX hits
   mGETS: 5903713 # GETS misses
   mGETXIM: 262418 # GETX I->M misses
   mGETXSM: 9081 # GETX S->M misses (upgrade misses)
   PUTS: 0 # Clean evictions (from lower level)
   PUTX: 0 # Dirty evictions (from lower level)
   INV: 15958 # Invalidates (from upper level)
   INVX: 14830 # Downgrades (from upper level)
   FWD: 0 # Forwards (from upper level)
   latGETnl: 74488726 # GET request latency on next level
   latGETnet: 0 # GET request latency on network to next level
  l1d-4: # Filter cache stats
   fhGETS: 106608960 # Filtered GETS hits
   fhGETX: 32388970 # Filtered GETX hits
   hGETS: 4484015 # GETS hits
   hGETX: 1199516 # GETX hits
   mGETS: 5905239 # GETS misses
   mGETXIM: 255509 # GETX I->M misses
   mGETXSM: 7921 # GETX S->M misses (upgrade misses)
   PUTS: 0 # Clean evictions (from lower level)
   PUTX: 0 # Dirty evictions (from lower level)
   INV: 16861 # Invalidates (from upper level)
   INVX: 15986 # Downgrades (from upper level)
   FWD: 0 # Forwards (from upper level)
   latGETnl: 75080713 # GET request latency on next level
   latGETnet: 0 # GET request latency on network to next level
  l1d-5: # Filter cache stats
   fhGETS: 117656786 # Filtered GETS hits
   fhGETX: 35177209 # Filtered GETX hits
   hGETS: 6641313 # GETS hits
   hGETX: 3214516 # GETX hits
   mGETS: 6098814 # GETS misses
   mGETXIM: 413443 # GETX I->M misses
   mGETXSM: 8252 # GETX S->M misses (upgrade misses)
   PUTS: 0 # Clean evictions (from lower level)
   PUTX: 0 # Dirty evictions (from lower level)
   INV: 20008 # Invalidates (from upper level)
   INVX: 13555 # Downgrades (from upper level)
   FWD: 0 # Forwards (from upper level)
   latGETnl: 92708159 # GET request latency on next level
   latGETnet: 0 # GET request latency on network to next level
  l1d-6: # Filter cache stats
   fhGETS: 111688477 # Filtered GETS hits
   fhGETX: 34711032 # Filtered GETX hits
   hGETS: 4705192 # GETS hits
   hGETX: 1259849 # GETX hits
   mGETS: 5938190 # GETS misses
   mGETXIM: 276604 # GETX I->M misses
   mGETXSM: 10339 # GETX S->M misses (upgrade misses)
   PUTS: 0 # Clean evictions (from lower level)
   PUTX: 0 # Dirty evictions (from lower level)
   INV: 16805 # Invalidates (from upper level)
   INVX: 17497 # Downgrades (from upper level)
   FWD: 0 # Forwards (from upper level)
   latGETnl: 76618548 # GET request latency on next level
   latGETnet: 0 # GET request latency on network to next level
  l1d-7: # Filter cache stats
   fhGETS: 104693335 # Filtered GETS hits
   fhGETX: 31383711 # Filtered GETX hits
   hGETS: 4371714 # GETS hits
   hGETX: 1263846 # GETX hits
   mGETS: 5892357 # GETS misses
   mGETXIM: 248838 # GETX I->M misses
   mGETXSM: 9451 # GETX S->M misses (upgrade misses)
   PUTS: 0 # Clean evictions (from lower level)
   PUTX: 0 # Dirty evictions (from lower level)
   INV: 16825 # Invalidates (from upper level)
   INVX: 17736 # Downgrades (from upper level)
   FWD: 0 # Forwards (from upper level)
   latGETnl: 73909193 # GET request latency on next level
   latGETnet: 0 # GET request latency on network to next level
 l2: # Cache stats
  l2-0: # Cache stats
   hGETS: 6222738 # GETS hits
   hGETX: 210459 # GETX hits
   mGETS: 441717 # GETS misses
   mGETXIM: 35582 # GETX I->M misses
   mGETXSM: 10529 # GETX S->M misses (upgrade misses)
   PUTS: 6545364 # Clean evictions (from lower level)
   PUTX: 347414 # Dirty evictions (from lower level)
   INV: 35072 # Invalidates (from upper level)
   INVX: 27951 # Downgrades (from upper level)
   FWD: 0 # Forwards (from upper level)
   latGETnl: 13865898 # GET request latency on next level
   latGETnet: 0 # GET request latency on network to next level
  l2-1: # Cache stats
   hGETS: 6238965 # GETS hits
   hGETX: 208873 # GETX hits
   mGETS: 432309 # GETS misses
   mGETXIM: 39789 # GETX I->M misses
   mGETXSM: 12012 # GETX S->M misses (upgrade misses)
   PUTS: 6552646 # Clean evictions (from lower level)
   PUTX: 350826 # Dirty evictions (from lower level)
   INV: 30337 # Invalidates (from upper level)
   INVX: 26838 # Downgrades (from upper level)
   FWD: 0 # Forwards (from upper level)
   latGETnl: 13214082 # GET request latency on next level
   latGETnet: 0 # GET request latency on network to next level
  l2-2: # Cache stats
   hGETS: 6247336 # GETS hits
   hGETX: 213191 # GETX hits
   mGETS: 427433 # GETS misses
   mGETXIM: 44709 # GETX I->M misses
   mGETXSM: 11876 # GETX S->M misses (upgrade misses)
   PUTS: 6561287 # Clean evictions (from lower level)
   PUTX: 356770 # Dirty evictions (from lower level)
   INV: 30470 # Invalidates (from upper level)
   INVX: 27829 # Downgrades (from upper level)
   FWD: 0 # Forwards (from upper level)
   latGETnl: 13117819 # GET request latency on next level
   latGETnet: 0 # GET request latency on network to next level
  l2-3: # Cache stats
   hGETS: 6238783 # GETS hits
   hGETX: 215117 # GETX hits
   mGETS: 428751 # GETS misses
   mGETXIM: 44925 # GETX I->M misses
   mGETXSM: 11457 # GETX S->M misses (upgrade misses)
   PUTS: 6554578 # Clean evictions (from lower level)
   PUTX: 358439 # Dirty evictions (from lower level)
   INV: 28759 # Invalidates (from upper level)
   INVX: 27362 # Downgrades (from upper level)
   FWD: 0 # Forwards (from upper level)
   latGETnl: 13125550 # GET request latency on next level
   latGETnet: 0 # GET request latency on network to next level
  l2-4: # Cache stats
   hGETS: 6232268 # GETS hits
   hGETX: 209256 # GETX hits
   mGETS: 439041 # GETS misses
   mGETXIM: 44287 # GETX I->M misses
   mGETXSM: 9887 # GETX S->M misses (upgrade misses)
   PUTS: 6552917 # Clean evictions (from lower level)
   PUTX: 356069 # Dirty evictions (from lower level)
   INV: 32513 # Invalidates (from upper level)
   INVX: 27325 # Downgrades (from upper level)
   FWD: 0 # Forwards (from upper level)
   latGETnl: 13802089 # GET request latency on next level
   latGETnet: 0 # GET request latency on network to next level
  l2-5: # Cache stats
   hGETS: 6244023 # GETS hits
   hGETX: 209849 # GETX hits
   mGETS: 619951 # GETS misses
   mGETXIM: 201142 # GETX I->M misses
   mGETXSM: 10704 # GETX S->M misses (upgrade misses)
   PUTS: 6699248 # Clean evictions (from lower level)
   PUTX: 557184 # Dirty evictions (from lower level)
   INV: 37187 # Invalidates (from upper level)
   INVX: 24603 # Downgrades (from upper level)
   FWD: 0 # Forwards (from upper level)
   latGETnl: 28034561 # GET request latency on next level
   latGETnet: 0 # GET request latency on network to next level
  l2-6: # Cache stats
   hGETS: 6242953 # GETS hits
   hGETX: 210960 # GETX hits
   mGETS: 462929 # GETS misses
   mGETXIM: 64048 # GETX I->M misses
   mGETXSM: 11935 # GETX S->M misses (upgrade misses)
   PUTS: 6585195 # Clean evictions (from lower level)
   PUTX: 379515 # Dirty evictions (from lower level)
   INV: 32399 # Invalidates (from upper level)
   INVX: 28904 # Downgrades (from upper level)
   FWD: 0 # Forwards (from upper level)
   latGETnl: 14778662 # GET request latency on next level
   latGETnet: 0 # GET request latency on network to next level
  l2-7: # Cache stats
   hGETS: 6246699 # GETS hits
   hGETX: 212575 # GETX hits
   mGETS: 413735 # GETS misses
   mGETXIM: 33870 # GETX I->M misses
   mGETXSM: 11844 # GETX S->M misses (upgrade misses)
   PUTS: 6547899 # Clean evictions (from lower level)
   PUTX: 343580 # Dirty evictions (from lower level)
   INV: 31927 # Invalidates (from upper level)
   INVX: 28535 # Downgrades (from upper level)
   FWD: 0 # Forwards (from upper level)
   latGETnl: 12795949 # GET request latency on next level
   latGETnet: 0 # GET request latency on network to next level
 l3: # Cache stats
  l3-0b0: # Cache stats
   hGETS: 464201 # GETS hits
   hGETX: 72919 # GETX hits
   mGETS: 11611 # GETS misses
   mGETXIM: 10323 # GETX I->M misses
   mGETXSM: 0 # GETX S->M misses (upgrade misses)
   PUTS: 423971 # Clean evictions (from lower level)
   PUTX: 78133 # Dirty evictions (from lower level)
   INV: 0 # Invalidates (from upper level)
   INVX: 0 # Downgrades (from upper level)
   FWD: 0 # Forwards (from upper level)
   latGETnl: 1974060 # GET request latency on next level
   latGETnet: 0 # GET request latency on network to next level
  l3-0b1: # Cache stats
   hGETS: 496332 # GETS hits
   hGETX: 63185 # GETX hits
   mGETS: 11688 # GETS misses
   mGETXIM: 10276 # GETX I->M misses
   mGETXSM: 0 # GETX S->M misses (upgrade misses)
   PUTS: 434417 # Clean evictions (from lower level)
   PUTX: 77355 # Dirty evictions (from lower level)
   INV: 0 # Invalidates (from upper level)
   INVX: 0 # Downgrades (from upper level)
   FWD: 0 # Forwards (from upper level)
   latGETnl: 1976760 # GET request latency on next level
   latGETnet: 0 # GET request latency on network to next level
  l3-0b2: # Cache stats
   hGETS: 409361 # GETS hits
   hGETX: 67570 # GETX hits
   mGETS: 11547 # GETS misses
   mGETXIM: 10264 # GETX I->M misses
   mGETXSM: 0 # GETX S->M misses (upgrade misses)
   PUTS: 374023 # Clean evictions (from lower level)
   PUTX: 76962 # Dirty evictions (from lower level)
   INV: 0 # Invalidates (from upper level)
   INVX: 0 # Downgrades (from upper level)
   FWD: 0 # Forwards (from upper level)
   latGETnl: 1962990 # GET request latency on next level
   latGETnet: 0 # GET request latency on network to next level
  l3-0b3: # Cache stats
   hGETS: 442329 # GETS hits
   hGETX: 52195 # GETX hits
   mGETS: 11627 # GETS misses
   mGETXIM: 10271 # GETX I->M misses
   mGETXSM: 0 # GETX S->M misses (upgrade misses)
   PUTS: 417313 # Clean evictions (from lower level)
   PUTX: 77316 # Dirty evictions (from lower level)
   INV: 0 # Invalidates (from upper level)
   INVX: 0 # Downgrades (from upper level)
   FWD: 0 # Forwards (from upper level)
   latGETnl: 1970820 # GET request latency on next level
   latGETnet: 0 # GET request latency on network to next level
  l3-0b4: # Cache stats
   hGETS: 405019 # GETS hits
   hGETX: 53356 # GETX hits
   mGETS: 11577 # GETS misses
   mGETXIM: 10269 # GETX I->M misses
   mGETXSM: 0 # GETX S->M misses (upgrade misses)
   PUTS: 380068 # Clean evictions (from lower level)
   PUTX: 78283 # Dirty evictions (from lower level)
   INV: 0 # Invalidates (from upper level)
   INVX: 0 # Downgrades (from upper level)
   FWD: 0 # Forwards (from upper level)
   latGETnl: 1966140 # GET request latency on next level
   latGETnet: 0 # GET request latency on network to next level
  l3-0b5: # Cache stats
   hGETS: 442212 # GETS hits
   hGETX: 68112 # GETX hits
   mGETS: 11719 # GETS misses
   mGETXIM: 10243 # GETX I->M misses
   mGETXSM: 0 # GETX S->M misses (upgrade misses)
   PUTS: 396806 # Clean evictions (from lower level)
   PUTX: 77603 # Dirty evictions (from lower level)
   INV: 0 # Invalidates (from upper level)
   INVX: 0 # Downgrades (from upper level)
   FWD: 0 # Forwards (from upper level)
   latGETnl: 1976580 # GET request latency on next level
   latGETnet: 0 # GET request latency on network to next level
  l3-0b6: # Cache stats
   hGETS: 417470 # GETS hits
   hGETX: 52204 # GETX hits
   mGETS: 11531 # GETS misses
   mGETXIM: 10296 # GETX I->M misses
   mGETXSM: 0 # GETX S->M misses (upgrade misses)
   PUTS: 392584 # Clean evictions (from lower level)
   PUTX: 77280 # Dirty evictions (from lower level)
   INV: 0 # Invalidates (from upper level)
   INVX: 0 # Downgrades (from upper level)
   FWD: 0 # Forwards (from upper level)
   latGETnl: 1964430 # GET request latency on next level
   latGETnet: 0 # GET request latency on network to next level
  l3-0b7: # Cache stats
   hGETS: 495979 # GETS hits
   hGETX: 86846 # GETX hits
   mGETS: 11663 # GETS misses
   mGETXIM: 10267 # GETX I->M misses
   mGETXSM: 0 # GETX S->M misses (upgrade misses)
   PUTS: 443696 # Clean evictions (from lower level)
   PUTX: 77492 # Dirty evictions (from lower level)
   INV: 0 # Invalidates (from upper level)
   INVX: 0 # Downgrades (from upper level)
   FWD: 0 # Forwards (from upper level)
   latGETnl: 1973700 # GET request latency on next level
   latGETnet: 0 # GET request latency on network to next level
 mem: # Memory controller stats
  mem-0: # Memory controller stats
   rd: 43550 # Read requests
   wr: 9281 # Write requests
   rdlat: 5901397 # Total latency experienced by read requests
   wrlat: 1322552 # Total latency experienced by write requests
   rdhits: 392 # Read row hits
   wrhits: 56 # Write row hits
   mlh: # latency histogram for memory requests
    0: 0
    1: 0
    2: 0
    3: 0
    4: 0
    5: 0
    6: 0
    7: 0
    8: 0
    9: 0
    10: 0
    11: 43
    12: 46
    13: 40588
    14: 1377
    15: 227
    16: 178
    17: 78
    18: 80
    19: 72
    20: 68
    21: 49
    22: 73
    23: 33
    24: 163
    25: 31
    26: 16
    27: 18
    28: 14
    29: 36
    30: 33
    31: 24
    32: 20
    33: 26
    34: 36
    35: 27
    36: 24
    37: 36
    38: 30
    39: 20
    40: 17
    41: 22
    42: 27
    43: 7
    44: 2
    45: 3
    46: 2
    47: 2
    48: 1
    49: 0
    50: 0
    51: 1
    52: 0
    53: 0
    54: 0
    55: 0
    56: 0
    57: 0
    58: 0
    59: 0
    60: 0
    61: 0
    62: 0
    63: 0
    64: 0
    65: 0
    66: 0
    67: 0
    68: 0
    69: 0
    70: 0
    71: 0
    72: 0
    73: 0
    74: 0
    75: 0
    76: 0
    77: 0
    78: 0
    79: 0
    80: 0
    81: 0
    82: 0
    83: 0
    84: 0
    85: 0
    86: 0
    87: 0
    88: 0
    89: 0
    90: 0
    91: 0
    92: 0
    93: 0
    94: 0
    95: 0
    96: 0
    97: 0
    98: 0
    99: 0
  mem-1: # Memory controller stats
   rd: 43963 # Read requests
   wr: 9651 # Write requests
   rdlat: 5943784 # Total latency experienced by read requests
   wrlat: 1417421 # Total latency experienced by write requests
   rdhits: 392 # Read row hits
   wrhits: 56 # Write row hits
   mlh: # latency histogram for memory requests
    0: 0
    1: 0
    2: 0
    3: 0
    4: 0
    5: 0
    6: 0
    7: 0
    8: 0
    9: 0
    10: 0
    11: 33
    12: 44
    13: 41073
    14: 1441
    15: 217
    16: 161
    17: 77
    18: 75
    19: 61
    20: 77
    21: 73
    22: 79
    23: 30
    24: 35
    25: 35
    26: 19
    27: 11
    28: 20
    29: 23
    30: 39
    31: 26
    32: 34
    33: 33
    34: 34
    35: 37
    36: 24
    37: 25
    38: 27
    39: 30
    40: 20
    41: 20
    42: 10
    43: 12
    44: 3
    45: 2
    46: 2
    47: 1
    48: 0
    49: 0
    50: 0
    51: 0
    52: 0
    53: 0
    54: 0
    55: 0
    56: 0
    57: 0
    58: 0
    59: 0
    60: 0
    61: 0
    62: 0
    63: 0
    64: 0
    65: 0
    66: 0
    67: 0
    68: 0
    69: 0
    70: 0
    71: 0
    72: 0
    73: 0
    74: 0
    75: 0
    76: 0
    77: 0
    78: 0
    79: 0
    80: 0
    81: 0
    82: 0
    83: 0
    84: 0
    85: 0
    86: 0
    87: 0
    88: 0
    89: 0
    90: 0
    91: 0
    92: 0
    93: 0
    94: 0
    95: 0
    96: 0
    97: 0
    98: 0
    99: 0
  mem-2: # Memory controller stats
   rd: 43775 # Read requests
   wr: 9479 # Write requests
   rdlat: 5926237 # Total latency experienced by read requests
   wrlat: 1355799 # Total latency experienced by write requests
   rdhits: 389 # Read row hits
   wrhits: 45 # Write row hits
   mlh: # latency histogram for memory requests
    0: 0
    1: 0
    2: 0
    3: 0
    4: 0
    5: 0
    6: 0
    7: 0
    8: 0
    9: 0
    10: 0
    11: 41
    12: 46
    13: 40662
    14: 1589
    15: 249
    16: 160
    17: 68
    18: 83
    19: 66
    20: 69
    21: 81
    22: 72
    23: 41
    24: 52
    25: 32
    26: 22
    27: 18
    28: 26
    29: 29
    30: 33
    31: 28
    32: 31
    33: 28
    34: 33
    35: 33
    36: 27
    37: 18
    38: 34
    39: 33
    40: 14
    41: 25
    42: 18
    43: 5
    44: 0
    45: 2
    46: 2
    47: 3
    48: 1
    49: 0
    50: 0
    51: 1
    52: 0
    53: 0
    54: 0
    55: 0
    56: 0
    57: 0
    58: 0
    59: 0
    60: 0
    61: 0
    62: 0
    63: 0
    64: 0
    65: 0
    66: 0
    67: 0
    68: 0
    69: 0
    70: 0
    71: 0
    72: 0
    73: 0
    74: 0
    75: 0
    76: 0
    77: 0
    78: 0
    79: 0
    80: 0
    81: 0
    82: 0
    83: 0
    84: 0
    85: 0
    86: 0
    87: 0
    88: 0
    89: 0
    90: 0
    91: 0
    92: 0
    93: 0
    94: 0
    95: 0
    96: 0
    97: 0
    98: 0
    99: 0
  mem-3: # Memory controller stats
   rd: 43884 # Read requests
   wr: 9606 # Write requests
   rdlat: 5945776 # Total latency experienced by read requests
   wrlat: 1415960 # Total latency experienced by write requests
   rdhits: 403 # Read row hits
   wrhits: 48 # Write row hits
   mlh: # latency histogram for memory requests
    0: 0
    1: 0
    2: 0
    3: 0
    4: 0
    5: 0
    6: 0
    7: 0
    8: 0
    9: 0
    10: 0
    11: 39
    12: 56
    13: 41180
    14: 1206
    15: 212
    16: 149
    17: 50
    18: 59
    19: 53
    20: 60
    21: 76
    22: 54
    23: 48
    24: 110
    25: 34
    26: 21
    27: 19
    28: 18
    29: 29
    30: 49
    31: 27
    32: 36
    33: 23
    34: 33
    35: 25
    36: 40
    37: 20
    38: 27
    39: 29
    40: 27
    41: 25
    42: 24
    43: 10
    44: 3
    45: 7
    46: 1
    47: 2
    48: 1
    49: 0
    50: 0
    51: 1
    52: 0
    53: 0
    54: 0
    55: 0
    56: 1
    57: 0
    58: 0
    59: 0
    60: 0
    61: 0
    62: 0
    63: 0
    64: 0
    65: 0
    66: 0
    67: 0
    68: 0
    69: 0
    70: 0
    71: 0
    72: 0
    73: 0
    74: 0
    75: 0
    76: 0
    77: 0
    78: 0
    79: 0
    80: 0
    81: 0
    82: 0
    83: 0
    84: 0
    85: 0
    86: 0
    87: 0
    88: 0
    89: 0
    90: 0
    91: 0
    92: 0
    93: 0
    94: 0
    95: 0
    96: 0
    97: 0
    98: 0
    99: 0
 sched: # Scheduler stats
  thCr: 9 # Threads created
  thFn: 0 # Threads finished
  schedEvs: 394 # Schedule events
  waitEvs: 13 # Wait events
  handoffEvs: 0 # Handoff events
  sleepEvs: 0 # Sleep events
  idlePhases: 0 # Phases with no thread active
  idlePeriods: 0 # Periods with no thread active
  occHist: # Occupancy histogram
   0: 0
   1: 137
   2: 0
   3: 0
   4: 0
   5: 0
   6: 0
   7: 0
   8: 46567
  rqSzHist: # Run queue size histogram
   0: 46704
   1: 0
   2: 0
   3: 0
   4: 0
   5: 0
   6: 0
   7: 0
   8: 0
   9: 0
   10: 0
   11: 0
   12: 0
   13: 0
   14: 0
   15: 0
   16: 0
 procCycles: # Per-process unhalted core cycles
  0: 3034572854
  1: 0
  2: 0
  3: 0
  4: 0
  5: 0
  6: 0
  7: 0
  8: 0
  9: 0
  10: 0
  11: 0
  12: 0
  13: 0
  14: 0
  15: 0
  16: 0
  17: 0
  18: 0
  19: 0
  20: 0
  21: 0
  22: 0
  23: 0
  24: 0
  25: 0
  26: 0
  27: 0
  28: 0
  29: 0
  30: 0
  31: 0
  32: 0
  33: 0
  34: 0
  35: 0
  36: 0
  37: 0
  38: 0
  39: 0
  40: 0
  41: 0
  42: 0
  43: 0
  44: 0
  45: 0
  46: 0
  47: 0
  48: 0
  49: 0
  50: 0
  51: 0
  52: 0
  53: 0
  54: 0
  55: 0
  56: 0
  57: 0
  58: 0
  59: 0
  60: 0
  61: 0
  62: 0
  63: 0
 procInstrs: # Per-process instructions
  0: 5000066212
  1: 0
  2: 0
  3: 0
  4: 0
  5: 0
  6: 0
  7: 0
  8: 0
  9: 0
  10: 0
  11: 0
  12: 0
  13: 0
  14: 0
  15: 0
  16: 0
  17: 0
  18: 0
  19: 0
  20: 0
  21: 0
  22: 0
  23: 0
  24: 0
  25: 0
  26: 0
  27: 0
  28: 0
  29: 0
  30: 0
  31: 0
  32: 0
  33: 0
  34: 0
  35: 0
  36: 0
  37: 0
  38: 0
  39: 0
  40: 0
  41: 0
  42: 0
  43: 0
  44: 0
  45: 0
  46: 0
  47: 0
  48: 0
  49: 0
  50: 0
  51: 0
  52: 0
  53: 0
  54: 0
  55: 0
  56: 0
  57: 0
  58: 0
  59: 0
  60: 0
  61: 0
  62: 0
  63: 0
 heartbeats: # Per-process heartbeats
  0: 0
  1: 0
  2: 0
  3: 0
  4: 0
  5: 0
  6: 0
  7: 0
  8: 0
  9: 0
  10: 0
  11: 0
  12: 0
  13: 0
  14: 0
  15: 0
  16: 0
  17: 0
  18: 0
  19: 0
  20: 0
  21: 0
  22: 0
  23: 0
  24: 0
  25: 0
  26: 0
  27: 0
  28: 0
  29: 0
  30: 0
  31: 0
  32: 0
  33: 0
  34: 0
  35: 0
  36: 0
  37: 0
  38: 0
  39: 0
  40: 0
  41: 0
  42: 0
  43: 0
  44: 0
  45: 0
  46: 0
  47: 0
  48: 0
  49: 0
  50: 0
  51: 0
  52: 0
  53: 0
  54: 0
  55: 0
  56: 0
  57: 0
  58: 0
  59: 0
  60: 0
  61: 0
  62: 0
  63: 0
===
