# zsim stats
===
root: # Stats
 contention: # Contention simulation stats
  domain-0: # Domain stats
   time: 103757768 # Weave simulation time
 time: # Simulator time breakdown
  init: 2303918267243
  bound: 5893388195
  weave: 161027980
  ff: 0
 trigger: 20000 # Reason for this stats dump
 phase: 6317 # Simulated phases
 westmere: # Core stats
  westmere-0: # Core stats
   cycles: 63170785 # Simulated unhalted cycles
   cCycles: 5010341 # Cycles due to contention stalls
   instrs: 100012720 # Simulated instructions
   uops: 142686622 # Retired micro-ops
   bbls: 4786010 # Basic blocks
   approxInstrs: 432 # Instrs with approx uop decoding
   mispredBranches: 23099 # Mispredicted branches
   condBranches: 4718699 # conditional branches
 l1i: # Cache stats
  l1i-0: # Filter cache stats
   fhGETS: 9440502 # Filtered GETS hits
   fhGETX: 0 # Filtered GETX hits
   hGETS: 19448 # GETS hits
   hGETX: 0 # GETX hits
   mGETS: 2929 # GETS misses
   mGETXIM: 0 # GETX I->M misses
   mGETXSM: 0 # GETX S->M misses (upgrade misses)
   PUTS: 0 # Clean evictions (from lower level)
   PUTX: 0 # Dirty evictions (from lower level)
   INV: 1519 # Invalidates (from upper level)
   INVX: 0 # Downgrades (from upper level)
   FWD: 0 # Forwards (from upper level)
   latGETnl: 261994 # GET request latency on next level
   latGETnet: 0 # GET request latency on network to next level
 l1d: # Cache stats
  l1d-0: # Filter cache stats
   fhGETS: 27553124 # Filtered GETS hits
   fhGETX: 9115736 # Filtered GETX hits
   hGETS: 15293737 # GETS hits
   hGETX: 5939631 # GETX hits
   mGETS: 231715 # GETS misses
   mGETXIM: 291842 # GETX I->M misses
   mGETXSM: 0 # GETX S->M misses (upgrade misses)
   PUTS: 0 # Clean evictions (from lower level)
   PUTX: 0 # Dirty evictions (from lower level)
   INV: 835 # Invalidates (from upper level)
   INVX: 0 # Downgrades (from upper level)
   FWD: 0 # Forwards (from upper level)
   latGETnl: 24636282 # GET request latency on next level
   latGETnet: 0 # GET request latency on network to next level
 l2: # Cache stats
  l2-0: # Cache stats
   hGETS: 203816 # GETS hits
   hGETX: 1576 # GETX hits
   mGETS: 30828 # GETS misses
   mGETXIM: 290266 # GETX I->M misses
   mGETXSM: 0 # GETX S->M misses (upgrade misses)
   PUTS: 230999 # Clean evictions (from lower level)
   PUTX: 292403 # Dirty evictions (from lower level)
   INV: 2703 # Invalidates (from upper level)
   INVX: 0 # Downgrades (from upper level)
   FWD: 0 # Forwards (from upper level)
   latGETnl: 19633416 # GET request latency on next level
   latGETnet: 0 # GET request latency on network to next level
 l3: # Cache stats
  l3-0: # Cache stats
   hGETS: 24203 # GETS hits
   hGETX: 164367 # GETX hits
   mGETS: 6625 # GETS misses
   mGETXIM: 125899 # GETX I->M misses
   mGETXSM: 0 # GETX S->M misses (upgrade misses)
   PUTS: 26281 # Clean evictions (from lower level)
   PUTX: 288055 # Dirty evictions (from lower level)
   INV: 0 # Invalidates (from upper level)
   INVX: 0 # Downgrades (from upper level)
   FWD: 0 # Forwards (from upper level)
   latGETnl: 11927160 # GET request latency on next level
   latGETnet: 0 # GET request latency on network to next level
 mem: # Memory controller stats
  mem-0: # Memory controller stats
   rd: 33152 # Read requests
   wr: 23836 # Write requests
   rdlat: 5026553 # Total latency experienced by read requests
   wrlat: 3511906 # Total latency experienced by write requests
   rdhits: 3 # Read row hits
   wrhits: 129 # Write row hits
   mlh: # latency histogram for memory requests
    0: 0
    1: 0
    2: 0
    3: 0
    4: 0
    5: 0
    6: 0
    7: 0
    8: 0
    9: 0
    10: 0
    11: 0
    12: 1
    13: 24840
    14: 2783
    15: 37
    16: 36
    17: 8
    18: 12
    19: 16
    20: 15
    21: 14
    22: 18
    23: 4918
    24: 21
    25: 56
    26: 18
    27: 15
    28: 10
    29: 13
    30: 18
    31: 23
    32: 30
    33: 21
    34: 9
    35: 15
    36: 13
    37: 15
    38: 16
    39: 18
    40: 24
    41: 26
    42: 25
    43: 7
    44: 1
    45: 4
    46: 3
    47: 18
    48: 2
    49: 6
    50: 11
    51: 9
    52: 7
    53: 0
    54: 0
    55: 0
    56: 0
    57: 0
    58: 0
    59: 0
    60: 0
    61: 0
    62: 0
    63: 0
    64: 0
    65: 0
    66: 0
    67: 0
    68: 0
    69: 0
    70: 0
    71: 0
    72: 0
    73: 0
    74: 0
    75: 0
    76: 0
    77: 0
    78: 0
    79: 0
    80: 0
    81: 0
    82: 0
    83: 0
    84: 0
    85: 0
    86: 0
    87: 0
    88: 0
    89: 0
    90: 0
    91: 0
    92: 0
    93: 0
    94: 0
    95: 0
    96: 0
    97: 0
    98: 0
    99: 0
  mem-1: # Memory controller stats
   rd: 33156 # Read requests
   wr: 23854 # Write requests
   rdlat: 5042844 # Total latency experienced by read requests
   wrlat: 3514000 # Total latency experienced by write requests
   rdhits: 2 # Read row hits
   wrhits: 123 # Write row hits
   mlh: # latency histogram for memory requests
    0: 0
    1: 0
    2: 0
    3: 0
    4: 0
    5: 0
    6: 0
    7: 0
    8: 0
    9: 0
    10: 0
    11: 0
    12: 1
    13: 24786
    14: 2754
    15: 46
    16: 24
    17: 16
    18: 19
    19: 19
    20: 9
    21: 14
    22: 32
    23: 4885
    24: 26
    25: 65
    26: 34
    27: 36
    28: 25
    29: 17
    30: 18
    31: 23
    32: 26
    33: 16
    34: 11
    35: 24
    36: 20
    37: 22
    38: 16
    39: 16
    40: 15
    41: 15
    42: 34
    43: 17
    44: 2
    45: 5
    46: 9
    47: 30
    48: 2
    49: 11
    50: 2
    51: 1
    52: 8
    53: 5
    54: 0
    55: 0
    56: 0
    57: 0
    58: 0
    59: 0
    60: 0
    61: 0
    62: 0
    63: 0
    64: 0
    65: 0
    66: 0
    67: 0
    68: 0
    69: 0
    70: 0
    71: 0
    72: 0
    73: 0
    74: 0
    75: 0
    76: 0
    77: 0
    78: 0
    79: 0
    80: 0
    81: 0
    82: 0
    83: 0
    84: 0
    85: 0
    86: 0
    87: 0
    88: 0
    89: 0
    90: 0
    91: 0
    92: 0
    93: 0
    94: 0
    95: 0
    96: 0
    97: 0
    98: 0
    99: 0
  mem-2: # Memory controller stats
   rd: 33105 # Read requests
   wr: 23812 # Write requests
   rdlat: 5013657 # Total latency experienced by read requests
   wrlat: 3504562 # Total latency experienced by write requests
   rdhits: 3 # Read row hits
   wrhits: 117 # Write row hits
   mlh: # latency histogram for memory requests
    0: 0
    1: 0
    2: 0
    3: 0
    4: 0
    5: 0
    6: 0
    7: 0
    8: 0
    9: 0
    10: 0
    11: 0
    12: 0
    13: 24808
    14: 2809
    15: 40
    16: 22
    17: 7
    18: 24
    19: 13
    20: 7
    21: 15
    22: 31
    23: 4887
    24: 23
    25: 68
    26: 20
    27: 17
    28: 12
    29: 16
    30: 15
    31: 15
    32: 25
    33: 17
    34: 8
    35: 8
    36: 19
    37: 18
    38: 8
    39: 13
    40: 20
    41: 24
    42: 22
    43: 8
    44: 3
    45: 2
    46: 5
    47: 21
    48: 6
    49: 6
    50: 9
    51: 8
    52: 5
    53: 1
    54: 0
    55: 0
    56: 0
    57: 0
    58: 0
    59: 0
    60: 0
    61: 0
    62: 0
    63: 0
    64: 0
    65: 0
    66: 0
    67: 0
    68: 0
    69: 0
    70: 0
    71: 0
    72: 0
    73: 0
    74: 0
    75: 0
    76: 0
    77: 0
    78: 0
    79: 0
    80: 0
    81: 0
    82: 0
    83: 0
    84: 0
    85: 0
    86: 0
    87: 0
    88: 0
    89: 0
    90: 0
    91: 0
    92: 0
    93: 0
    94: 0
    95: 0
    96: 0
    97: 0
    98: 0
    99: 0
  mem-3: # Memory controller stats
   rd: 33109 # Read requests
   wr: 23851 # Write requests
   rdlat: 5039057 # Total latency experienced by read requests
   wrlat: 3517688 # Total latency experienced by write requests
   rdhits: 6 # Read row hits
   wrhits: 122 # Write row hits
   mlh: # latency histogram for memory requests
    0: 0
    1: 0
    2: 0
    3: 0
    4: 0
    5: 0
    6: 0
    7: 0
    8: 0
    9: 0
    10: 0
    11: 0
    12: 1
    13: 24691
    14: 2800
    15: 51
    16: 28
    17: 14
    18: 31
    19: 22
    20: 17
    21: 18
    22: 25
    23: 4842
    24: 44
    25: 74
    26: 30
    27: 20
    28: 16
    29: 19
    30: 18
    31: 25
    32: 21
    33: 26
    34: 20
    35: 11
    36: 26
    37: 13
    38: 12
    39: 9
    40: 20
    41: 38
    42: 26
    43: 15
    44: 7
    45: 1
    46: 8
    47: 28
    48: 6
    49: 8
    50: 8
    51: 7
    52: 10
    53: 2
    54: 1
    55: 0
    56: 0
    57: 0
    58: 0
    59: 0
    60: 0
    61: 0
    62: 0
    63: 0
    64: 0
    65: 0
    66: 0
    67: 0
    68: 0
    69: 0
    70: 0
    71: 0
    72: 0
    73: 0
    74: 0
    75: 0
    76: 0
    77: 0
    78: 0
    79: 0
    80: 0
    81: 0
    82: 0
    83: 0
    84: 0
    85: 0
    86: 0
    87: 0
    88: 0
    89: 0
    90: 0
    91: 0
    92: 0
    93: 0
    94: 0
    95: 0
    96: 0
    97: 0
    98: 0
    99: 0
 sched: # Scheduler stats
  thCr: 1 # Threads created
  thFn: 1 # Threads finished
  schedEvs: 1 # Schedule events
  waitEvs: 0 # Wait events
  handoffEvs: 0 # Handoff events
  sleepEvs: 0 # Sleep events
  idlePhases: 0 # Phases with no thread active
  idlePeriods: 0 # Periods with no thread active
  occHist: # Occupancy histogram
   0: 0
   1: 6317
  rqSzHist: # Run queue size histogram
   0: 6317
   1: 0
   2: 0
   3: 0
   4: 0
   5: 0
   6: 0
   7: 0
   8: 0
   9: 0
   10: 0
   11: 0
   12: 0
   13: 0
   14: 0
   15: 0
   16: 0
 procCycles: # Per-process unhalted core cycles
  0: 63170785
  1: 0
  2: 0
  3: 0
  4: 0
  5: 0
  6: 0
  7: 0
  8: 0
  9: 0
  10: 0
  11: 0
  12: 0
  13: 0
  14: 0
  15: 0
  16: 0
  17: 0
  18: 0
  19: 0
  20: 0
  21: 0
  22: 0
  23: 0
  24: 0
  25: 0
  26: 0
  27: 0
  28: 0
  29: 0
  30: 0
  31: 0
  32: 0
  33: 0
  34: 0
  35: 0
  36: 0
  37: 0
  38: 0
  39: 0
  40: 0
  41: 0
  42: 0
  43: 0
  44: 0
  45: 0
  46: 0
  47: 0
  48: 0
  49: 0
  50: 0
  51: 0
  52: 0
  53: 0
  54: 0
  55: 0
  56: 0
  57: 0
  58: 0
  59: 0
  60: 0
  61: 0
  62: 0
  63: 0
 procInstrs: # Per-process instructions
  0: 100012720
  1: 0
  2: 0
  3: 0
  4: 0
  5: 0
  6: 0
  7: 0
  8: 0
  9: 0
  10: 0
  11: 0
  12: 0
  13: 0
  14: 0
  15: 0
  16: 0
  17: 0
  18: 0
  19: 0
  20: 0
  21: 0
  22: 0
  23: 0
  24: 0
  25: 0
  26: 0
  27: 0
  28: 0
  29: 0
  30: 0
  31: 0
  32: 0
  33: 0
  34: 0
  35: 0
  36: 0
  37: 0
  38: 0
  39: 0
  40: 0
  41: 0
  42: 0
  43: 0
  44: 0
  45: 0
  46: 0
  47: 0
  48: 0
  49: 0
  50: 0
  51: 0
  52: 0
  53: 0
  54: 0
  55: 0
  56: 0
  57: 0
  58: 0
  59: 0
  60: 0
  61: 0
  62: 0
  63: 0
 heartbeats: # Per-process heartbeats
  0: 0
  1: 0
  2: 0
  3: 0
  4: 0
  5: 0
  6: 0
  7: 0
  8: 0
  9: 0
  10: 0
  11: 0
  12: 0
  13: 0
  14: 0
  15: 0
  16: 0
  17: 0
  18: 0
  19: 0
  20: 0
  21: 0
  22: 0
  23: 0
  24: 0
  25: 0
  26: 0
  27: 0
  28: 0
  29: 0
  30: 0
  31: 0
  32: 0
  33: 0
  34: 0
  35: 0
  36: 0
  37: 0
  38: 0
  39: 0
  40: 0
  41: 0
  42: 0
  43: 0
  44: 0
  45: 0
  46: 0
  47: 0
  48: 0
  49: 0
  50: 0
  51: 0
  52: 0
  53: 0
  54: 0
  55: 0
  56: 0
  57: 0
  58: 0
  59: 0
  60: 0
  61: 0
  62: 0
  63: 0
===
