# zsim stats
===
root: # Stats
 contention: # Contention simulation stats
  domain-0: # Domain stats
   time: 148231258 # Weave simulation time
 time: # Simulator time breakdown
  init: 316301373993
  bound: 7643463543
  weave: 242144552
  ff: 0
 trigger: 20000 # Reason for this stats dump
 phase: 12284 # Simulated phases
 westmere: # Core stats
  westmere-0: # Core stats
   cycles: 122840002 # Simulated unhalted cycles
   cCycles: 7854532 # Cycles due to contention stalls
   instrs: 100002211 # Simulated instructions
   uops: 119667515 # Retired micro-ops
   bbls: 22043494 # Basic blocks
   approxInstrs: 230389 # Instrs with approx uop decoding
   mispredBranches: 1081240 # Mispredicted branches
   condBranches: 17177048 # conditional branches
 l1i: # Cache stats
  l1i-0: # Filter cache stats
   fhGETS: 24508235 # Filtered GETS hits
   fhGETX: 0 # Filtered GETX hits
   hGETS: 1900492 # GETS hits
   hGETX: 0 # GETX hits
   mGETS: 677629 # GETS misses
   mGETXIM: 0 # GETX I->M misses
   mGETXSM: 0 # GETX S->M misses (upgrade misses)
   PUTS: 0 # Clean evictions (from lower level)
   PUTX: 0 # Dirty evictions (from lower level)
   INV: 3439 # Invalidates (from upper level)
   INVX: 0 # Downgrades (from upper level)
   FWD: 0 # Forwards (from upper level)
   latGETnl: 8789350 # GET request latency on next level
   latGETnet: 0 # GET request latency on network to next level
 l1d: # Cache stats
  l1d-0: # Filter cache stats
   fhGETS: 22677252 # Filtered GETS hits
   fhGETX: 15814534 # Filtered GETX hits
   hGETS: 1985664 # GETS hits
   hGETX: 1039571 # GETX hits
   mGETS: 1521540 # GETS misses
   mGETXIM: 1903392 # GETX I->M misses
   mGETXSM: 0 # GETX S->M misses (upgrade misses)
   PUTS: 0 # Clean evictions (from lower level)
   PUTX: 0 # Dirty evictions (from lower level)
   INV: 525 # Invalidates (from upper level)
   INVX: 0 # Downgrades (from upper level)
   FWD: 0 # Forwards (from upper level)
   latGETnl: 100382370 # GET request latency on next level
   latGETnet: 0 # GET request latency on network to next level
 l2: # Cache stats
  l2-0: # Cache stats
   hGETS: 1106537 # GETS hits
   hGETX: 1178654 # GETX hits
   mGETS: 1092632 # GETS misses
   mGETXIM: 724738 # GETX I->M misses
   mGETXSM: 0 # GETX S->M misses (upgrade misses)
   PUTS: 1841846 # Clean evictions (from lower level)
   PUTX: 2255727 # Dirty evictions (from lower level)
   INV: 8523 # Invalidates (from upper level)
   INVX: 0 # Downgrades (from upper level)
   FWD: 0 # Forwards (from upper level)
   latGETnl: 68146110 # GET request latency on next level
   latGETnet: 0 # GET request latency on network to next level
 l3: # Cache stats
  l3-0: # Cache stats
   hGETS: 878764 # GETS hits
   hGETX: 666059 # GETX hits
   mGETS: 213868 # GETS misses
   mGETXIM: 58679 # GETX I->M misses
   mGETXSM: 0 # GETX S->M misses (upgrade misses)
   PUTS: 909281 # Clean evictions (from lower level)
   PUTX: 895470 # Dirty evictions (from lower level)
   INV: 0 # Invalidates (from upper level)
   INVX: 0 # Downgrades (from upper level)
   FWD: 0 # Forwards (from upper level)
   latGETnl: 24529230 # GET request latency on next level
   latGETnet: 0 # GET request latency on network to next level
 mem: # Memory controller stats
  mem-0: # Memory controller stats
   rd: 70674 # Read requests
   wr: 19515 # Write requests
   rdlat: 9491056 # Total latency experienced by read requests
   wrlat: 2852979 # Total latency experienced by write requests
   rdhits: 29 # Read row hits
   wrhits: 17 # Write row hits
   mlh: # latency histogram for memory requests
    0: 0
    1: 0
    2: 0
    3: 0
    4: 0
    5: 0
    6: 0
    7: 0
    8: 0
    9: 0
    10: 0
    11: 2
    12: 2
    13: 68142
    14: 769
    15: 486
    16: 210
    17: 37
    18: 44
    19: 54
    20: 43
    21: 42
    22: 54
    23: 29
    24: 40
    25: 44
    26: 23
    27: 35
    28: 23
    29: 36
    30: 48
    31: 40
    32: 39
    33: 29
    34: 31
    35: 42
    36: 40
    37: 33
    38: 42
    39: 60
    40: 36
    41: 37
    42: 48
    43: 17
    44: 4
    45: 3
    46: 3
    47: 3
    48: 3
    49: 1
    50: 0
    51: 0
    52: 0
    53: 0
    54: 0
    55: 0
    56: 0
    57: 0
    58: 0
    59: 0
    60: 0
    61: 0
    62: 0
    63: 0
    64: 0
    65: 0
    66: 0
    67: 0
    68: 0
    69: 0
    70: 0
    71: 0
    72: 0
    73: 0
    74: 0
    75: 0
    76: 0
    77: 0
    78: 0
    79: 0
    80: 0
    81: 0
    82: 0
    83: 0
    84: 0
    85: 0
    86: 0
    87: 0
    88: 0
    89: 0
    90: 0
    91: 0
    92: 0
    93: 0
    94: 0
    95: 0
    96: 0
    97: 0
    98: 0
    99: 0
  mem-1: # Memory controller stats
   rd: 65884 # Read requests
   wr: 19156 # Write requests
   rdlat: 8845790 # Total latency experienced by read requests
   wrlat: 2799793 # Total latency experienced by write requests
   rdhits: 34 # Read row hits
   wrhits: 24 # Write row hits
   mlh: # latency histogram for memory requests
    0: 0
    1: 0
    2: 0
    3: 0
    4: 0
    5: 0
    6: 0
    7: 0
    8: 0
    9: 0
    10: 0
    11: 0
    12: 7
    13: 63488
    14: 718
    15: 459
    16: 182
    17: 40
    18: 39
    19: 61
    20: 61
    21: 36
    22: 42
    23: 52
    24: 39
    25: 39
    26: 31
    27: 30
    28: 30
    29: 33
    30: 32
    31: 46
    32: 36
    33: 36
    34: 39
    35: 39
    36: 40
    37: 31
    38: 32
    39: 44
    40: 22
    41: 36
    42: 43
    43: 7
    44: 2
    45: 6
    46: 1
    47: 2
    48: 3
    49: 0
    50: 0
    51: 0
    52: 0
    53: 0
    54: 0
    55: 0
    56: 0
    57: 0
    58: 0
    59: 0
    60: 0
    61: 0
    62: 0
    63: 0
    64: 0
    65: 0
    66: 0
    67: 0
    68: 0
    69: 0
    70: 0
    71: 0
    72: 0
    73: 0
    74: 0
    75: 0
    76: 0
    77: 0
    78: 0
    79: 0
    80: 0
    81: 0
    82: 0
    83: 0
    84: 0
    85: 0
    86: 0
    87: 0
    88: 0
    89: 0
    90: 0
    91: 0
    92: 0
    93: 0
    94: 0
    95: 0
    96: 0
    97: 0
    98: 0
    99: 0
  mem-2: # Memory controller stats
   rd: 70405 # Read requests
   wr: 19635 # Write requests
   rdlat: 9457252 # Total latency experienced by read requests
   wrlat: 2871030 # Total latency experienced by write requests
   rdhits: 23 # Read row hits
   wrhits: 27 # Write row hits
   mlh: # latency histogram for memory requests
    0: 0
    1: 0
    2: 0
    3: 0
    4: 0
    5: 0
    6: 0
    7: 0
    8: 0
    9: 0
    10: 0
    11: 1
    12: 4
    13: 68014
    14: 590
    15: 504
    16: 197
    17: 38
    18: 45
    19: 57
    20: 64
    21: 38
    22: 38
    23: 30
    24: 44
    25: 38
    26: 30
    27: 35
    28: 33
    29: 34
    30: 34
    31: 33
    32: 46
    33: 42
    34: 44
    35: 43
    36: 45
    37: 56
    38: 42
    39: 40
    40: 35
    41: 32
    42: 50
    43: 17
    44: 4
    45: 1
    46: 4
    47: 3
    48: 0
    49: 0
    50: 0
    51: 0
    52: 0
    53: 0
    54: 0
    55: 0
    56: 0
    57: 0
    58: 0
    59: 0
    60: 0
    61: 0
    62: 0
    63: 0
    64: 0
    65: 0
    66: 0
    67: 0
    68: 0
    69: 0
    70: 0
    71: 0
    72: 0
    73: 0
    74: 0
    75: 0
    76: 0
    77: 0
    78: 0
    79: 0
    80: 0
    81: 0
    82: 0
    83: 0
    84: 0
    85: 0
    86: 0
    87: 0
    88: 0
    89: 0
    90: 0
    91: 0
    92: 0
    93: 0
    94: 0
    95: 0
    96: 0
    97: 0
    98: 0
    99: 0
  mem-3: # Memory controller stats
   rd: 65584 # Read requests
   wr: 18971 # Write requests
   rdlat: 8803965 # Total latency experienced by read requests
   wrlat: 2774223 # Total latency experienced by write requests
   rdhits: 32 # Read row hits
   wrhits: 20 # Write row hits
   mlh: # latency histogram for memory requests
    0: 0
    1: 0
    2: 0
    3: 0
    4: 0
    5: 0
    6: 0
    7: 0
    8: 0
    9: 0
    10: 0
    11: 1
    12: 3
    13: 63284
    14: 605
    15: 466
    16: 215
    17: 40
    18: 38
    19: 59
    20: 54
    21: 46
    22: 35
    23: 47
    24: 45
    25: 31
    26: 32
    27: 33
    28: 31
    29: 28
    30: 27
    31: 35
    32: 29
    33: 41
    34: 52
    35: 38
    36: 36
    37: 37
    38: 29
    39: 32
    40: 38
    41: 36
    42: 38
    43: 11
    44: 3
    45: 3
    46: 3
    47: 3
    48: 0
    49: 0
    50: 0
    51: 0
    52: 0
    53: 0
    54: 0
    55: 0
    56: 0
    57: 0
    58: 0
    59: 0
    60: 0
    61: 0
    62: 0
    63: 0
    64: 0
    65: 0
    66: 0
    67: 0
    68: 0
    69: 0
    70: 0
    71: 0
    72: 0
    73: 0
    74: 0
    75: 0
    76: 0
    77: 0
    78: 0
    79: 0
    80: 0
    81: 0
    82: 0
    83: 0
    84: 0
    85: 0
    86: 0
    87: 0
    88: 0
    89: 0
    90: 0
    91: 0
    92: 0
    93: 0
    94: 0
    95: 0
    96: 0
    97: 0
    98: 0
    99: 0
 sched: # Scheduler stats
  thCr: 1 # Threads created
  thFn: 1 # Threads finished
  schedEvs: 1 # Schedule events
  waitEvs: 0 # Wait events
  handoffEvs: 0 # Handoff events
  sleepEvs: 0 # Sleep events
  idlePhases: 0 # Phases with no thread active
  idlePeriods: 0 # Periods with no thread active
  occHist: # Occupancy histogram
   0: 0
   1: 12284
  rqSzHist: # Run queue size histogram
   0: 12284
   1: 0
   2: 0
   3: 0
   4: 0
   5: 0
   6: 0
   7: 0
   8: 0
   9: 0
   10: 0
   11: 0
   12: 0
   13: 0
   14: 0
   15: 0
   16: 0
 procCycles: # Per-process unhalted core cycles
  0: 122840002
  1: 0
  2: 0
  3: 0
  4: 0
  5: 0
  6: 0
  7: 0
  8: 0
  9: 0
  10: 0
  11: 0
  12: 0
  13: 0
  14: 0
  15: 0
  16: 0
  17: 0
  18: 0
  19: 0
  20: 0
  21: 0
  22: 0
  23: 0
  24: 0
  25: 0
  26: 0
  27: 0
  28: 0
  29: 0
  30: 0
  31: 0
  32: 0
  33: 0
  34: 0
  35: 0
  36: 0
  37: 0
  38: 0
  39: 0
  40: 0
  41: 0
  42: 0
  43: 0
  44: 0
  45: 0
  46: 0
  47: 0
  48: 0
  49: 0
  50: 0
  51: 0
  52: 0
  53: 0
  54: 0
  55: 0
  56: 0
  57: 0
  58: 0
  59: 0
  60: 0
  61: 0
  62: 0
  63: 0
 procInstrs: # Per-process instructions
  0: 100002211
  1: 0
  2: 0
  3: 0
  4: 0
  5: 0
  6: 0
  7: 0
  8: 0
  9: 0
  10: 0
  11: 0
  12: 0
  13: 0
  14: 0
  15: 0
  16: 0
  17: 0
  18: 0
  19: 0
  20: 0
  21: 0
  22: 0
  23: 0
  24: 0
  25: 0
  26: 0
  27: 0
  28: 0
  29: 0
  30: 0
  31: 0
  32: 0
  33: 0
  34: 0
  35: 0
  36: 0
  37: 0
  38: 0
  39: 0
  40: 0
  41: 0
  42: 0
  43: 0
  44: 0
  45: 0
  46: 0
  47: 0
  48: 0
  49: 0
  50: 0
  51: 0
  52: 0
  53: 0
  54: 0
  55: 0
  56: 0
  57: 0
  58: 0
  59: 0
  60: 0
  61: 0
  62: 0
  63: 0
 heartbeats: # Per-process heartbeats
  0: 0
  1: 0
  2: 0
  3: 0
  4: 0
  5: 0
  6: 0
  7: 0
  8: 0
  9: 0
  10: 0
  11: 0
  12: 0
  13: 0
  14: 0
  15: 0
  16: 0
  17: 0
  18: 0
  19: 0
  20: 0
  21: 0
  22: 0
  23: 0
  24: 0
  25: 0
  26: 0
  27: 0
  28: 0
  29: 0
  30: 0
  31: 0
  32: 0
  33: 0
  34: 0
  35: 0
  36: 0
  37: 0
  38: 0
  39: 0
  40: 0
  41: 0
  42: 0
  43: 0
  44: 0
  45: 0
  46: 0
  47: 0
  48: 0
  49: 0
  50: 0
  51: 0
  52: 0
  53: 0
  54: 0
  55: 0
  56: 0
  57: 0
  58: 0
  59: 0
  60: 0
  61: 0
  62: 0
  63: 0
===
