# zsim stats
===
root: # Stats
 contention: # Contention simulation stats
  domain-0: # Domain stats
   time: 12491430698 # Weave simulation time
 time: # Simulator time breakdown
  init: 311518334
  bound: 104259883658
  weave: 16513343188
  ff: 0
 trigger: 20000 # Reason for this stats dump
 phase: 86647 # Simulated phases
 westmere: # Core stats
  westmere-0: # Core stats
   cycles: 856285505 # Simulated unhalted cycles
   cCycles: 113645374 # Cycles due to contention stalls
   instrs: 713874407 # Simulated instructions
   uops: 858594483 # Retired micro-ops
   bbls: 63381950 # Basic blocks
   approxInstrs: 76210 # Instrs with approx uop decoding
   mispredBranches: 243703 # Mispredicted branches
   condBranches: 43604644 # conditional branches
  westmere-1: # Core stats
   cycles: 786955877 # Simulated unhalted cycles
   cCycles: 105671862 # Cycles due to contention stalls
   instrs: 617328789 # Simulated instructions
   uops: 724261200 # Retired micro-ops
   bbls: 49907519 # Basic blocks
   approxInstrs: 76263 # Instrs with approx uop decoding
   mispredBranches: 240956 # Mispredicted branches
   condBranches: 42707909 # conditional branches
  westmere-2: # Core stats
   cycles: 787070099 # Simulated unhalted cycles
   cCycles: 107304696 # Cycles due to contention stalls
   instrs: 606364902 # Simulated instructions
   uops: 713200001 # Retired micro-ops
   bbls: 47465283 # Basic blocks
   approxInstrs: 76297 # Instrs with approx uop decoding
   mispredBranches: 247688 # Mispredicted branches
   condBranches: 40286377 # conditional branches
  westmere-3: # Core stats
   cycles: 795609451 # Simulated unhalted cycles
   cCycles: 105320091 # Cycles due to contention stalls
   instrs: 625949910 # Simulated instructions
   uops: 735561807 # Retired micro-ops
   bbls: 51018798 # Basic blocks
   approxInstrs: 7443 # Instrs with approx uop decoding
   mispredBranches: 242010 # Mispredicted branches
   condBranches: 43142447 # conditional branches
  westmere-4: # Core stats
   cycles: 787039841 # Simulated unhalted cycles
   cCycles: 105115197 # Cycles due to contention stalls
   instrs: 621794836 # Simulated instructions
   uops: 728602031 # Retired micro-ops
   bbls: 50892225 # Basic blocks
   approxInstrs: 76239 # Instrs with approx uop decoding
   mispredBranches: 245081 # Mispredicted branches
   condBranches: 43714637 # conditional branches
  westmere-5: # Core stats
   cycles: 786689034 # Simulated unhalted cycles
   cCycles: 105619648 # Cycles due to contention stalls
   instrs: 614366401 # Simulated instructions
   uops: 721254467 # Retired micro-ops
   bbls: 49246811 # Basic blocks
   approxInstrs: 76371 # Instrs with approx uop decoding
   mispredBranches: 241127 # Mispredicted branches
   condBranches: 42054261 # conditional branches
  westmere-6: # Core stats
   cycles: 787429765 # Simulated unhalted cycles
   cCycles: 106494666 # Cycles due to contention stalls
   instrs: 612017079 # Simulated instructions
   uops: 718861882 # Retired micro-ops
   bbls: 48722361 # Basic blocks
   approxInstrs: 76412 # Instrs with approx uop decoding
   mispredBranches: 240617 # Mispredicted branches
   condBranches: 41536797 # conditional branches
  westmere-7: # Core stats
   cycles: 787903809 # Simulated unhalted cycles
   cCycles: 109548770 # Cycles due to contention stalls
   instrs: 588339350 # Simulated instructions
   uops: 695205873 # Retired micro-ops
   bbls: 43460627 # Basic blocks
   approxInstrs: 76212 # Instrs with approx uop decoding
   mispredBranches: 243842 # Mispredicted branches
   condBranches: 36273816 # conditional branches
 l1i: # Cache stats
  l1i-0: # Filter cache stats
   fhGETS: 96022946 # Filtered GETS hits
   fhGETX: 0 # Filtered GETX hits
   hGETS: 14533 # GETS hits
   hGETX: 0 # GETX hits
   mGETS: 661 # GETS misses
   mGETXIM: 0 # GETX I->M misses
   mGETXSM: 0 # GETX S->M misses (upgrade misses)
   PUTS: 0 # Clean evictions (from lower level)
   PUTX: 0 # Dirty evictions (from lower level)
   INV: 3 # Invalidates (from upper level)
   INVX: 0 # Downgrades (from upper level)
   FWD: 0 # Forwards (from upper level)
   latGETnl: 59572 # GET request latency on next level
   latGETnet: 0 # GET request latency on network to next level
  l1i-1: # Filter cache stats
   fhGETS: 82529347 # Filtered GETS hits
   fhGETX: 0 # Filtered GETX hits
   hGETS: 14685 # GETS hits
   hGETX: 0 # GETX hits
   mGETS: 334 # GETS misses
   mGETXIM: 0 # GETX I->M misses
   mGETXSM: 0 # GETX S->M misses (upgrade misses)
   PUTS: 0 # Clean evictions (from lower level)
   PUTX: 0 # Dirty evictions (from lower level)
   INV: 0 # Invalidates (from upper level)
   INVX: 0 # Downgrades (from upper level)
   FWD: 0 # Forwards (from upper level)
   latGETnl: 13606 # GET request latency on next level
   latGETnet: 0 # GET request latency on network to next level
  l1i-2: # Filter cache stats
   fhGETS: 80120922 # Filtered GETS hits
   fhGETX: 0 # Filtered GETX hits
   hGETS: 14105 # GETS hits
   hGETX: 0 # GETX hits
   mGETS: 331 # GETS misses
   mGETXIM: 0 # GETX I->M misses
   mGETXSM: 0 # GETX S->M misses (upgrade misses)
   PUTS: 0 # Clean evictions (from lower level)
   PUTX: 0 # Dirty evictions (from lower level)
   INV: 0 # Invalidates (from upper level)
   INVX: 0 # Downgrades (from upper level)
   FWD: 0 # Forwards (from upper level)
   latGETnl: 13234 # GET request latency on next level
   latGETnet: 0 # GET request latency on network to next level
  l1i-3: # Filter cache stats
   fhGETS: 83697200 # Filtered GETS hits
   fhGETX: 0 # Filtered GETX hits
   hGETS: 37018 # GETS hits
   hGETX: 0 # GETX hits
   mGETS: 526 # GETS misses
   mGETXIM: 0 # GETX I->M misses
   mGETXSM: 0 # GETX S->M misses (upgrade misses)
   PUTS: 0 # Clean evictions (from lower level)
   PUTX: 0 # Dirty evictions (from lower level)
   INV: 7 # Invalidates (from upper level)
   INVX: 0 # Downgrades (from upper level)
   FWD: 0 # Forwards (from upper level)
   latGETnl: 40084 # GET request latency on next level
   latGETnet: 0 # GET request latency on network to next level
  l1i-4: # Filter cache stats
   fhGETS: 83534822 # Filtered GETS hits
   fhGETX: 0 # Filtered GETX hits
   hGETS: 14061 # GETS hits
   hGETX: 0 # GETX hits
   mGETS: 333 # GETS misses
   mGETXIM: 0 # GETX I->M misses
   mGETXSM: 0 # GETX S->M misses (upgrade misses)
   PUTS: 0 # Clean evictions (from lower level)
   PUTX: 0 # Dirty evictions (from lower level)
   INV: 0 # Invalidates (from upper level)
   INVX: 0 # Downgrades (from upper level)
   FWD: 0 # Forwards (from upper level)
   latGETnl: 16182 # GET request latency on next level
   latGETnet: 0 # GET request latency on network to next level
  l1i-5: # Filter cache stats
   fhGETS: 81869863 # Filtered GETS hits
   fhGETX: 0 # Filtered GETX hits
   hGETS: 14057 # GETS hits
   hGETX: 0 # GETX hits
   mGETS: 332 # GETS misses
   mGETXIM: 0 # GETX I->M misses
   mGETXSM: 0 # GETX S->M misses (upgrade misses)
   PUTS: 0 # Clean evictions (from lower level)
   PUTX: 0 # Dirty evictions (from lower level)
   INV: 0 # Invalidates (from upper level)
   INVX: 0 # Downgrades (from upper level)
   FWD: 0 # Forwards (from upper level)
   latGETnl: 12728 # GET request latency on next level
   latGETnet: 0 # GET request latency on network to next level
  l1i-6: # Filter cache stats
   fhGETS: 81342543 # Filtered GETS hits
   fhGETX: 0 # Filtered GETX hits
   hGETS: 14206 # GETS hits
   hGETX: 0 # GETX hits
   mGETS: 329 # GETS misses
   mGETXIM: 0 # GETX I->M misses
   mGETXSM: 0 # GETX S->M misses (upgrade misses)
   PUTS: 0 # Clean evictions (from lower level)
   PUTX: 0 # Dirty evictions (from lower level)
   INV: 0 # Invalidates (from upper level)
   INVX: 0 # Downgrades (from upper level)
   FWD: 0 # Forwards (from upper level)
   latGETnl: 13436 # GET request latency on next level
   latGETnet: 0 # GET request latency on network to next level
  l1i-7: # Filter cache stats
   fhGETS: 76097201 # Filtered GETS hits
   fhGETX: 0 # Filtered GETX hits
   hGETS: 14346 # GETS hits
   hGETX: 0 # GETX hits
   mGETS: 332 # GETS misses
   mGETXIM: 0 # GETX I->M misses
   mGETXSM: 0 # GETX S->M misses (upgrade misses)
   PUTS: 0 # Clean evictions (from lower level)
   PUTX: 0 # Dirty evictions (from lower level)
   INV: 0 # Invalidates (from upper level)
   INVX: 0 # Downgrades (from upper level)
   FWD: 0 # Forwards (from upper level)
   latGETnl: 12368 # GET request latency on next level
   latGETnet: 0 # GET request latency on network to next level
 l1d: # Cache stats
  l1d-0: # Filter cache stats
   fhGETS: 250191454 # Filtered GETS hits
   fhGETX: 30705802 # Filtered GETX hits
   hGETS: 27827031 # GETS hits
   hGETX: 397045 # GETX hits
   mGETS: 8050091 # GETS misses
   mGETXIM: 174670 # GETX I->M misses
   mGETXSM: 343561 # GETX S->M misses (upgrade misses)
   PUTS: 0 # Clean evictions (from lower level)
   PUTX: 0 # Dirty evictions (from lower level)
   INV: 373022 # Invalidates (from upper level)
   INVX: 362035 # Downgrades (from upper level)
   FWD: 0 # Forwards (from upper level)
   latGETnl: 690374741 # GET request latency on next level
   latGETnet: 0 # GET request latency on network to next level
  l1d-1: # Filter cache stats
   fhGETS: 224519476 # Filtered GETS hits
   fhGETX: 11797552 # Filtered GETX hits
   hGETS: 27163746 # GETS hits
   hGETX: 163522 # GETX hits
   mGETS: 8045639 # GETS misses
   mGETXIM: 34755 # GETX I->M misses
   mGETXSM: 345165 # GETX S->M misses (upgrade misses)
   PUTS: 0 # Clean evictions (from lower level)
   PUTX: 0 # Dirty evictions (from lower level)
   INV: 376465 # Invalidates (from upper level)
   INVX: 364577 # Downgrades (from upper level)
   FWD: 0 # Forwards (from upper level)
   latGETnl: 662989478 # GET request latency on next level
   latGETnet: 0 # GET request latency on network to next level
  l1d-2: # Filter cache stats
   fhGETS: 220564043 # Filtered GETS hits
   fhGETX: 10561526 # Filtered GETX hits
   hGETS: 27486658 # GETS hits
   hGETX: 177754 # GETX hits
   mGETS: 8037321 # GETS misses
   mGETXIM: 34761 # GETX I->M misses
   mGETXSM: 337474 # GETX S->M misses (upgrade misses)
   PUTS: 0 # Clean evictions (from lower level)
   PUTX: 0 # Dirty evictions (from lower level)
   INV: 368228 # Invalidates (from upper level)
   INVX: 356295 # Downgrades (from upper level)
   FWD: 0 # Forwards (from upper level)
   latGETnl: 668679488 # GET request latency on next level
   latGETnet: 0 # GET request latency on network to next level
  l1d-3: # Filter cache stats
   fhGETS: 226493263 # Filtered GETS hits
   fhGETX: 13256045 # Filtered GETX hits
   hGETS: 27709775 # GETS hits
   hGETX: 287995 # GETX hits
   mGETS: 8178826 # GETS misses
   mGETXIM: 34823 # GETX I->M misses
   mGETXSM: 361687 # GETX S->M misses (upgrade misses)
   PUTS: 0 # Clean evictions (from lower level)
   PUTX: 0 # Dirty evictions (from lower level)
   INV: 373877 # Invalidates (from upper level)
   INVX: 359922 # Downgrades (from upper level)
   FWD: 0 # Forwards (from upper level)
   latGETnl: 666535810 # GET request latency on next level
   latGETnet: 0 # GET request latency on network to next level
  l1d-4: # Filter cache stats
   fhGETS: 225964989 # Filtered GETS hits
   fhGETX: 12277541 # Filtered GETX hits
   hGETS: 27246022 # GETS hits
   hGETX: 169149 # GETX hits
   mGETS: 8035196 # GETS misses
   mGETXIM: 34323 # GETX I->M misses
   mGETXSM: 337222 # GETX S->M misses (upgrade misses)
   PUTS: 0 # Clean evictions (from lower level)
   PUTX: 0 # Dirty evictions (from lower level)
   INV: 368602 # Invalidates (from upper level)
   INVX: 352356 # Downgrades (from upper level)
   FWD: 0 # Forwards (from upper level)
   latGETnl: 659736111 # GET request latency on next level
   latGETnet: 0 # GET request latency on network to next level
  l1d-5: # Filter cache stats
   fhGETS: 223235183 # Filtered GETS hits
   fhGETX: 11454709 # Filtered GETX hits
   hGETS: 27481279 # GETS hits
   hGETX: 174929 # GETX hits
   mGETS: 8037962 # GETS misses
   mGETXIM: 34412 # GETX I->M misses
   mGETXSM: 341310 # GETX S->M misses (upgrade misses)
   PUTS: 0 # Clean evictions (from lower level)
   PUTX: 0 # Dirty evictions (from lower level)
   INV: 370434 # Invalidates (from upper level)
   INVX: 359849 # Downgrades (from upper level)
   FWD: 0 # Forwards (from upper level)
   latGETnl: 662136722 # GET request latency on next level
   latGETnet: 0 # GET request latency on network to next level
  l1d-6: # Filter cache stats
   fhGETS: 222762532 # Filtered GETS hits
   fhGETX: 11182593 # Filtered GETX hits
   hGETS: 27178926 # GETS hits
   hGETX: 178164 # GETX hits
   mGETS: 8040403 # GETS misses
   mGETXIM: 33519 # GETX I->M misses
   mGETXSM: 342756 # GETX S->M misses (upgrade misses)
   PUTS: 0 # Clean evictions (from lower level)
   PUTX: 0 # Dirty evictions (from lower level)
   INV: 370675 # Invalidates (from upper level)
   INVX: 359664 # Downgrades (from upper level)
   FWD: 0 # Forwards (from upper level)
   latGETnl: 666952477 # GET request latency on next level
   latGETnet: 0 # GET request latency on network to next level
  l1d-7: # Filter cache stats
   fhGETS: 214834420 # Filtered GETS hits
   fhGETX: 8571860 # Filtered GETX hits
   hGETS: 27210839 # GETS hits
   hGETX: 164289 # GETX hits
   mGETS: 8035362 # GETS misses
   mGETXIM: 33817 # GETX I->M misses
   mGETXSM: 340452 # GETX S->M misses (upgrade misses)
   PUTS: 0 # Clean evictions (from lower level)
   PUTX: 0 # Dirty evictions (from lower level)
   INV: 366976 # Invalidates (from upper level)
   INVX: 357907 # Downgrades (from upper level)
   FWD: 0 # Forwards (from upper level)
   latGETnl: 678432768 # GET request latency on next level
   latGETnet: 0 # GET request latency on network to next level
 l2: # Cache stats
  l2-0: # Cache stats
   hGETS: 20398 # GETS hits
   hGETX: 4325 # GETX hits
   mGETS: 8030354 # GETS misses
   mGETXIM: 172013 # GETX I->M misses
   mGETXSM: 341893 # GETX S->M misses (upgrade misses)
   PUTS: 7670295 # Clean evictions (from lower level)
   PUTX: 189148 # Dirty evictions (from lower level)
   INV: 374244 # Invalidates (from upper level)
   INVX: 495633 # Downgrades (from upper level)
   FWD: 0 # Forwards (from upper level)
   latGETnl: 604744483 # GET request latency on next level
   latGETnet: 0 # GET request latency on network to next level
  l2-1: # Cache stats
   hGETS: 23607 # GETS hits
   hGETX: 3966 # GETX hits
   mGETS: 8022366 # GETS misses
   mGETXIM: 32428 # GETX I->M misses
   mGETXSM: 343526 # GETX S->M misses (upgrade misses)
   PUTS: 7671328 # Clean evictions (from lower level)
   PUTX: 40280 # Dirty evictions (from lower level)
   INV: 377737 # Invalidates (from upper level)
   INVX: 514799 # Downgrades (from upper level)
   FWD: 0 # Forwards (from upper level)
   latGETnl: 578744154 # GET request latency on next level
   latGETnet: 0 # GET request latency on network to next level
  l2-2: # Cache stats
   hGETS: 23164 # GETS hits
   hGETX: 4334 # GETX hits
   mGETS: 8014488 # GETS misses
   mGETXIM: 32035 # GETX I->M misses
   mGETXSM: 335866 # GETX S->M misses (upgrade misses)
   PUTS: 7671009 # Clean evictions (from lower level)
   PUTX: 40354 # Dirty evictions (from lower level)
   INV: 369515 # Invalidates (from upper level)
   INVX: 491103 # Downgrades (from upper level)
   FWD: 0 # Forwards (from upper level)
   latGETnl: 584593852 # GET request latency on next level
   latGETnet: 0 # GET request latency on network to next level
  l2-3: # Cache stats
   hGETS: 63758 # GETS hits
   hGETX: 2052 # GETX hits
   mGETS: 8115594 # GETS misses
   mGETXIM: 34744 # GETX I->M misses
   mGETXSM: 359714 # GETX S->M misses (upgrade misses)
   PUTS: 7723841 # Clean evictions (from lower level)
   PUTX: 124094 # Dirty evictions (from lower level)
   INV: 377381 # Invalidates (from upper level)
   INVX: 498792 # Downgrades (from upper level)
   FWD: 0 # Forwards (from upper level)
   latGETnl: 580817274 # GET request latency on next level
   latGETnet: 0 # GET request latency on network to next level
  l2-4: # Cache stats
   hGETS: 18507 # GETS hits
   hGETX: 4341 # GETX hits
   mGETS: 8017022 # GETS misses
   mGETXIM: 31517 # GETX I->M misses
   mGETXSM: 335687 # GETX S->M misses (upgrade misses)
   PUTS: 7668902 # Clean evictions (from lower level)
   PUTX: 40299 # Dirty evictions (from lower level)
   INV: 369862 # Invalidates (from upper level)
   INVX: 489953 # Downgrades (from upper level)
   FWD: 0 # Forwards (from upper level)
   latGETnl: 575681553 # GET request latency on next level
   latGETnet: 0 # GET request latency on network to next level
  l2-5: # Cache stats
   hGETS: 23944 # GETS hits
   hGETX: 3501 # GETX hits
   mGETS: 8014350 # GETS misses
   mGETXIM: 32590 # GETX I->M misses
   mGETXSM: 339631 # GETX S->M misses (upgrade misses)
   PUTS: 7669770 # Clean evictions (from lower level)
   PUTX: 40615 # Dirty evictions (from lower level)
   INV: 371729 # Invalidates (from upper level)
   INVX: 509662 # Downgrades (from upper level)
   FWD: 0 # Forwards (from upper level)
   latGETnl: 578009290 # GET request latency on next level
   latGETnet: 0 # GET request latency on network to next level
  l2-6: # Cache stats
   hGETS: 22747 # GETS hits
   hGETX: 3463 # GETX hits
   mGETS: 8017985 # GETS misses
   mGETXIM: 31413 # GETX I->M misses
   mGETXSM: 341399 # GETX S->M misses (upgrade misses)
   PUTS: 7671268 # Clean evictions (from lower level)
   PUTX: 40157 # Dirty evictions (from lower level)
   INV: 371945 # Invalidates (from upper level)
   INVX: 500158 # Downgrades (from upper level)
   FWD: 0 # Forwards (from upper level)
   latGETnl: 582795843 # GET request latency on next level
   latGETnet: 0 # GET request latency on network to next level
  l2-7: # Cache stats
   hGETS: 23900 # GETS hits
   hGETX: 3456 # GETX hits
   mGETS: 8011794 # GETS misses
   mGETXIM: 31725 # GETX I->M misses
   mGETXSM: 339088 # GETX S->M misses (upgrade misses)
   PUTS: 7670318 # Clean evictions (from lower level)
   PUTX: 40445 # Dirty evictions (from lower level)
   INV: 368231 # Invalidates (from upper level)
   INVX: 502532 # Downgrades (from upper level)
   FWD: 0 # Forwards (from upper level)
   latGETnl: 594345506 # GET request latency on next level
   latGETnet: 0 # GET request latency on network to next level
 l3: # Cache stats
  l3-0b0: # Cache stats
   hGETS: 3036671 # GETS hits
   hGETX: 631562 # GETX hits
   mGETS: 4462421 # GETS misses
   mGETXIM: 25415 # GETX I->M misses
   mGETXSM: 0 # GETX S->M misses (upgrade misses)
   PUTS: 6864232 # Clean evictions (from lower level)
   PUTX: 59049 # Dirty evictions (from lower level)
   INV: 0 # Invalidates (from upper level)
   INVX: 0 # Downgrades (from upper level)
   FWD: 0 # Forwards (from upper level)
   latGETnl: 403905240 # GET request latency on next level
   latGETnet: 0 # GET request latency on network to next level
  l3-0b1: # Cache stats
   hGETS: 3278077 # GETS hits
   hGETX: 928477 # GETX hits
   mGETS: 4469202 # GETS misses
   mGETXIM: 22699 # GETX I->M misses
   mGETXSM: 0 # GETX S->M misses (upgrade misses)
   PUTS: 6876557 # Clean evictions (from lower level)
   PUTX: 61747 # Dirty evictions (from lower level)
   INV: 0 # Invalidates (from upper level)
   INVX: 0 # Downgrades (from upper level)
   FWD: 0 # Forwards (from upper level)
   latGETnl: 404271090 # GET request latency on next level
   latGETnet: 0 # GET request latency on network to next level
  l3-0b2: # Cache stats
   hGETS: 2573035 # GETS hits
   hGETX: 70368 # GETX hits
   mGETS: 4469718 # GETS misses
   mGETXIM: 24659 # GETX I->M misses
   mGETXSM: 0 # GETX S->M misses (upgrade misses)
   PUTS: 6871830 # Clean evictions (from lower level)
   PUTX: 58937 # Dirty evictions (from lower level)
   INV: 0 # Invalidates (from upper level)
   INVX: 0 # Downgrades (from upper level)
   FWD: 0 # Forwards (from upper level)
   latGETnl: 404493930 # GET request latency on next level
   latGETnet: 0 # GET request latency on network to next level
  l3-0b3: # Cache stats
   hGETS: 2441203 # GETS hits
   hGETX: 17258 # GETX hits
   mGETS: 4454557 # GETS misses
   mGETXIM: 25114 # GETX I->M misses
   mGETXSM: 0 # GETX S->M misses (upgrade misses)
   PUTS: 6868004 # Clean evictions (from lower level)
   PUTX: 59462 # Dirty evictions (from lower level)
   INV: 0 # Invalidates (from upper level)
   INVX: 0 # Downgrades (from upper level)
   FWD: 0 # Forwards (from upper level)
   latGETnl: 403170390 # GET request latency on next level
   latGETnet: 0 # GET request latency on network to next level
  l3-0b4: # Cache stats
   hGETS: 6273246 # GETS hits
   hGETX: 15480 # GETX hits
   mGETS: 3253582 # GETS misses
   mGETXIM: 25106 # GETX I->M misses
   mGETXSM: 0 # GETX S->M misses (upgrade misses)
   PUTS: 9496582 # Clean evictions (from lower level)
   PUTX: 59241 # Dirty evictions (from lower level)
   INV: 0 # Invalidates (from upper level)
   INVX: 0 # Downgrades (from upper level)
   FWD: 0 # Forwards (from upper level)
   latGETnl: 295081920 # GET request latency on next level
   latGETnet: 0 # GET request latency on network to next level
  l3-0b5: # Cache stats
   hGETS: 2419267 # GETS hits
   hGETX: 16237 # GETX hits
   mGETS: 4482115 # GETS misses
   mGETXIM: 25696 # GETX I->M misses
   mGETXSM: 0 # GETX S->M misses (upgrade misses)
   PUTS: 6867742 # Clean evictions (from lower level)
   PUTX: 58950 # Dirty evictions (from lower level)
   INV: 0 # Invalidates (from upper level)
   INVX: 0 # Downgrades (from upper level)
   FWD: 0 # Forwards (from upper level)
   latGETnl: 405702990 # GET request latency on next level
   latGETnet: 0 # GET request latency on network to next level
  l3-0b6: # Cache stats
   hGETS: 3705415 # GETS hits
   hGETX: 624385 # GETX hits
   mGETS: 4288041 # GETS misses
   mGETXIM: 23808 # GETX I->M misses
   mGETXSM: 0 # GETX S->M misses (upgrade misses)
   PUTS: 7367163 # Clean evictions (from lower level)
   PUTX: 59860 # Dirty evictions (from lower level)
   INV: 0 # Invalidates (from upper level)
   INVX: 0 # Downgrades (from upper level)
   FWD: 0 # Forwards (from upper level)
   latGETnl: 388066410 # GET request latency on next level
   latGETnet: 0 # GET request latency on network to next level
  l3-0b7: # Cache stats
   hGETS: 7507418 # GETS hits
   hGETX: 633997 # GETX hits
   mGETS: 3129985 # GETS misses
   mGETXIM: 25008 # GETX I->M misses
   mGETXSM: 0 # GETX S->M misses (upgrade misses)
   PUTS: 9996066 # Clean evictions (from lower level)
   PUTX: 59095 # Dirty evictions (from lower level)
   INV: 0 # Invalidates (from upper level)
   INVX: 0 # Downgrades (from upper level)
   FWD: 0 # Forwards (from upper level)
   latGETnl: 283949370 # GET request latency on next level
   latGETnet: 0 # GET request latency on network to next level
 mem: # Memory controller stats
  mem-0: # Memory controller stats
   rd: 6117924 # Read requests
   wr: 64808 # Write requests
   rdlat: 831373797 # Total latency experienced by read requests
   wrlat: 9964580 # Total latency experienced by write requests
   rdhits: 48135 # Read row hits
   wrhits: 330 # Write row hits
   mlh: # latency histogram for memory requests
    0: 0
    1: 0
    2: 0
    3: 0
    4: 0
    5: 0
    6: 0
    7: 0
    8: 0
    9: 1
    10: 0
    11: 5601
    12: 7737
    13: 5694810
    14: 226613
    15: 21530
    16: 11192
    17: 12742
    18: 12407
    19: 11310
    20: 9604
    21: 9171
    22: 6052
    23: 7990
    24: 8768
    25: 5018
    26: 3121
    27: 3257
    28: 3645
    29: 3655
    30: 3697
    31: 3312
    32: 3860
    33: 3842
    34: 3675
    35: 3467
    36: 3740
    37: 4075
    38: 3825
    39: 3670
    40: 3315
    41: 3960
    42: 3825
    43: 2068
    44: 931
    45: 888
    46: 655
    47: 585
    48: 142
    49: 55
    50: 28
    51: 26
    52: 17
    53: 19
    54: 13
    55: 7
    56: 1
    57: 1
    58: 1
    59: 0
    60: 0
    61: 0
    62: 0
    63: 0
    64: 0
    65: 0
    66: 0
    67: 0
    68: 0
    69: 0
    70: 0
    71: 0
    72: 0
    73: 0
    74: 0
    75: 0
    76: 0
    77: 0
    78: 0
    79: 0
    80: 0
    81: 0
    82: 0
    83: 0
    84: 0
    85: 0
    86: 0
    87: 0
    88: 0
    89: 0
    90: 0
    91: 0
    92: 0
    93: 0
    94: 0
    95: 0
    96: 0
    97: 0
    98: 0
    99: 0
  mem-1: # Memory controller stats
   rd: 9007703 # Read requests
   wr: 68692 # Write requests
   rdlat: 1231674565 # Total latency experienced by read requests
   wrlat: 11296375 # Total latency experienced by write requests
   rdhits: 88870 # Read row hits
   wrhits: 409 # Write row hits
   mlh: # latency histogram for memory requests
    0: 0
    1: 0
    2: 0
    3: 0
    4: 0
    5: 0
    6: 0
    7: 0
    8: 0
    9: 0
    10: 1
    11: 12023
    12: 16235
    13: 8037017
    14: 573722
    15: 62526
    16: 28724
    17: 31536
    18: 24536
    19: 22685
    20: 20908
    21: 21629
    22: 13411
    23: 15888
    24: 11549
    25: 7893
    26: 5078
    27: 5031
    28: 5665
    29: 5520
    30: 5750
    31: 5501
    32: 5962
    33: 5908
    34: 5561
    35: 5669
    36: 5630
    37: 6134
    38: 5588
    39: 5770
    40: 5522
    41: 5858
    42: 5783
    43: 3733
    44: 2243
    45: 1894
    46: 1535
    47: 1073
    48: 531
    49: 146
    50: 102
    51: 66
    52: 60
    53: 40
    54: 31
    55: 15
    56: 12
    57: 5
    58: 2
    59: 0
    60: 0
    61: 0
    62: 1
    63: 1
    64: 0
    65: 0
    66: 0
    67: 0
    68: 0
    69: 0
    70: 0
    71: 0
    72: 0
    73: 0
    74: 0
    75: 0
    76: 0
    77: 0
    78: 0
    79: 0
    80: 0
    81: 0
    82: 0
    83: 0
    84: 0
    85: 0
    86: 0
    87: 0
    88: 0
    89: 0
    90: 0
    91: 0
    92: 0
    93: 0
    94: 0
    95: 0
    96: 0
    97: 0
    98: 0
    99: 0
  mem-2: # Memory controller stats
   rd: 9009767 # Read requests
   wr: 67939 # Write requests
   rdlat: 1229239455 # Total latency experienced by read requests
   wrlat: 11003380 # Total latency experienced by write requests
   rdhits: 87149 # Read row hits
   wrhits: 383 # Write row hits
   mlh: # latency histogram for memory requests
    0: 0
    1: 0
    2: 0
    3: 0
    4: 0
    5: 0
    6: 0
    7: 0
    8: 0
    9: 0
    10: 0
    11: 12158
    12: 16334
    13: 8109432
    14: 543900
    15: 55944
    16: 25766
    17: 21741
    18: 21605
    19: 20658
    20: 20984
    21: 20185
    22: 9659
    23: 10110
    24: 9756
    25: 7017
    26: 4312
    27: 4410
    28: 5111
    29: 5206
    30: 5370
    31: 5386
    32: 5946
    33: 5691
    34: 5980
    35: 5909
    36: 5867
    37: 5917
    38: 5824
    39: 5778
    40: 5348
    41: 5977
    42: 5694
    43: 3806
    44: 2146
    45: 1735
    46: 1305
    47: 1018
    48: 456
    49: 119
    50: 51
    51: 45
    52: 32
    53: 30
    54: 15
    55: 13
    56: 11
    57: 7
    58: 1
    59: 1
    60: 0
    61: 0
    62: 0
    63: 0
    64: 0
    65: 1
    66: 0
    67: 0
    68: 0
    69: 0
    70: 0
    71: 0
    72: 0
    73: 0
    74: 0
    75: 0
    76: 0
    77: 0
    78: 0
    79: 0
    80: 0
    81: 0
    82: 0
    83: 0
    84: 0
    85: 0
    86: 0
    87: 0
    88: 0
    89: 0
    90: 0
    91: 0
    92: 0
    93: 0
    94: 0
    95: 0
    96: 0
    97: 0
    98: 0
    99: 0
  mem-3: # Memory controller stats
   rd: 9071630 # Read requests
   wr: 65899 # Write requests
   rdlat: 1233832652 # Total latency experienced by read requests
   wrlat: 10674757 # Total latency experienced by write requests
   rdhits: 87432 # Read row hits
   wrhits: 386 # Write row hits
   mlh: # latency histogram for memory requests
    0: 0
    1: 0
    2: 0
    3: 0
    4: 0
    5: 0
    6: 0
    7: 0
    8: 0
    9: 0
    10: 0
    11: 9705
    12: 12743
    13: 8464533
    14: 336492
    15: 24222
    16: 13913
    17: 11545
    18: 10851
    19: 12523
    20: 13026
    21: 14311
    22: 9282
    23: 11157
    24: 11040
    25: 8420
    26: 5162
    27: 5038
    28: 5899
    29: 5908
    30: 5589
    31: 5022
    32: 6430
    33: 5993
    34: 6057
    35: 5319
    36: 5525
    37: 6250
    38: 6037
    39: 5889
    40: 5048
    41: 5996
    42: 6208
    43: 3849
    44: 1934
    45: 1837
    46: 1338
    47: 1061
    48: 252
    49: 54
    50: 37
    51: 46
    52: 33
    53: 13
    54: 16
    55: 10
    56: 10
    57: 2
    58: 2
    59: 2
    60: 1
    61: 0
    62: 0
    63: 0
    64: 0
    65: 0
    66: 0
    67: 0
    68: 0
    69: 0
    70: 0
    71: 0
    72: 0
    73: 0
    74: 0
    75: 0
    76: 0
    77: 0
    78: 0
    79: 0
    80: 0
    81: 0
    82: 0
    83: 0
    84: 0
    85: 0
    86: 0
    87: 0
    88: 0
    89: 0
    90: 0
    91: 0
    92: 0
    93: 0
    94: 0
    95: 0
    96: 0
    97: 0
    98: 0
    99: 0
 sched: # Scheduler stats
  thCr: 9 # Threads created
  thFn: 0 # Threads finished
  schedEvs: 9 # Schedule events
  waitEvs: 1 # Wait events
  handoffEvs: 0 # Handoff events
  sleepEvs: 0 # Sleep events
  idlePhases: 0 # Phases with no thread active
  idlePeriods: 0 # Periods with no thread active
  occHist: # Occupancy histogram
   0: 0
   1: 6876
   2: 0
   3: 0
   4: 0
   5: 0
   6: 0
   7: 0
   8: 79771
  rqSzHist: # Run queue size histogram
   0: 86647
   1: 0
   2: 0
   3: 0
   4: 0
   5: 0
   6: 0
   7: 0
   8: 0
   9: 0
   10: 0
   11: 0
   12: 0
   13: 0
   14: 0
   15: 0
   16: 0
 procCycles: # Per-process unhalted core cycles
  0: 6374983381
  1: 0
  2: 0
  3: 0
  4: 0
  5: 0
  6: 0
  7: 0
  8: 0
  9: 0
  10: 0
  11: 0
  12: 0
  13: 0
  14: 0
  15: 0
  16: 0
  17: 0
  18: 0
  19: 0
  20: 0
  21: 0
  22: 0
  23: 0
  24: 0
  25: 0
  26: 0
  27: 0
  28: 0
  29: 0
  30: 0
  31: 0
  32: 0
  33: 0
  34: 0
  35: 0
  36: 0
  37: 0
  38: 0
  39: 0
  40: 0
  41: 0
  42: 0
  43: 0
  44: 0
  45: 0
  46: 0
  47: 0
  48: 0
  49: 0
  50: 0
  51: 0
  52: 0
  53: 0
  54: 0
  55: 0
  56: 0
  57: 0
  58: 0
  59: 0
  60: 0
  61: 0
  62: 0
  63: 0
 procInstrs: # Per-process instructions
  0: 5000035674
  1: 0
  2: 0
  3: 0
  4: 0
  5: 0
  6: 0
  7: 0
  8: 0
  9: 0
  10: 0
  11: 0
  12: 0
  13: 0
  14: 0
  15: 0
  16: 0
  17: 0
  18: 0
  19: 0
  20: 0
  21: 0
  22: 0
  23: 0
  24: 0
  25: 0
  26: 0
  27: 0
  28: 0
  29: 0
  30: 0
  31: 0
  32: 0
  33: 0
  34: 0
  35: 0
  36: 0
  37: 0
  38: 0
  39: 0
  40: 0
  41: 0
  42: 0
  43: 0
  44: 0
  45: 0
  46: 0
  47: 0
  48: 0
  49: 0
  50: 0
  51: 0
  52: 0
  53: 0
  54: 0
  55: 0
  56: 0
  57: 0
  58: 0
  59: 0
  60: 0
  61: 0
  62: 0
  63: 0
 heartbeats: # Per-process heartbeats
  0: 0
  1: 0
  2: 0
  3: 0
  4: 0
  5: 0
  6: 0
  7: 0
  8: 0
  9: 0
  10: 0
  11: 0
  12: 0
  13: 0
  14: 0
  15: 0
  16: 0
  17: 0
  18: 0
  19: 0
  20: 0
  21: 0
  22: 0
  23: 0
  24: 0
  25: 0
  26: 0
  27: 0
  28: 0
  29: 0
  30: 0
  31: 0
  32: 0
  33: 0
  34: 0
  35: 0
  36: 0
  37: 0
  38: 0
  39: 0
  40: 0
  41: 0
  42: 0
  43: 0
  44: 0
  45: 0
  46: 0
  47: 0
  48: 0
  49: 0
  50: 0
  51: 0
  52: 0
  53: 0
  54: 0
  55: 0
  56: 0
  57: 0
  58: 0
  59: 0
  60: 0
  61: 0
  62: 0
  63: 0
===
