# zsim stats
===
root: # Stats
 contention: # Contention simulation stats
  domain-0: # Domain stats
   time: 93126492 # Weave simulation time
 time: # Simulator time breakdown
  init: 1657184620110
  bound: 6183868569
  weave: 145971136
  ff: 0
 trigger: 20000 # Reason for this stats dump
 phase: 6508 # Simulated phases
 westmere: # Core stats
  westmere-0: # Core stats
   cycles: 65080671 # Simulated unhalted cycles
   cCycles: 5667043 # Cycles due to contention stalls
   instrs: 100004529 # Simulated instructions
   uops: 142675240 # Retired micro-ops
   bbls: 4785507 # Basic blocks
   approxInstrs: 432 # Instrs with approx uop decoding
   mispredBranches: 23118 # Mispredicted branches
   condBranches: 4718210 # conditional branches
 l1i: # Cache stats
  l1i-0: # Filter cache stats
   fhGETS: 9440096 # Filtered GETS hits
   fhGETX: 0 # Filtered GETX hits
   hGETS: 20289 # GETS hits
   hGETX: 0 # GETX hits
   mGETS: 2281 # GETS misses
   mGETXIM: 0 # GETX I->M misses
   mGETXSM: 0 # GETX S->M misses (upgrade misses)
   PUTS: 0 # Clean evictions (from lower level)
   PUTX: 0 # Dirty evictions (from lower level)
   INV: 566 # Invalidates (from upper level)
   INVX: 0 # Downgrades (from upper level)
   FWD: 0 # Forwards (from upper level)
   latGETnl: 163258 # GET request latency on next level
   latGETnet: 0 # GET request latency on network to next level
 l1d: # Cache stats
  l1d-0: # Filter cache stats
   fhGETS: 27194472 # Filtered GETS hits
   fhGETX: 9109727 # Filtered GETX hits
   hGETS: 15634876 # GETS hits
   hGETX: 5944490 # GETX hits
   mGETS: 245799 # GETS misses
   mGETXIM: 291880 # GETX I->M misses
   mGETXSM: 0 # GETX S->M misses (upgrade misses)
   PUTS: 0 # Clean evictions (from lower level)
   PUTX: 0 # Dirty evictions (from lower level)
   INV: 1120 # Invalidates (from upper level)
   INVX: 0 # Downgrades (from upper level)
   FWD: 0 # Forwards (from upper level)
   latGETnl: 27323626 # GET request latency on next level
   latGETnet: 0 # GET request latency on network to next level
 l2: # Cache stats
  l2-0: # Cache stats
   hGETS: 216101 # GETS hits
   hGETX: 1568 # GETX hits
   mGETS: 31979 # GETS misses
   mGETXIM: 290312 # GETX I->M misses
   mGETXSM: 0 # GETX S->M misses (upgrade misses)
   PUTS: 244725 # Clean evictions (from lower level)
   PUTX: 292632 # Dirty evictions (from lower level)
   INV: 3693 # Invalidates (from upper level)
   INVX: 0 # Downgrades (from upper level)
   FWD: 0 # Forwards (from upper level)
   latGETnl: 22087284 # GET request latency on next level
   latGETnet: 0 # GET request latency on network to next level
 l3: # Cache stats
  l3-0: # Cache stats
   hGETS: 23625 # GETS hits
   hGETX: 139196 # GETX hits
   mGETS: 8354 # GETS misses
   mGETXIM: 151116 # GETX I->M misses
   mGETXSM: 0 # GETX S->M misses (upgrade misses)
   PUTS: 26084 # Clean evictions (from lower level)
   PUTX: 288425 # Dirty evictions (from lower level)
   INV: 0 # Invalidates (from upper level)
   INVX: 0 # Downgrades (from upper level)
   FWD: 0 # Forwards (from upper level)
   latGETnl: 14352300 # GET request latency on next level
   latGETnet: 0 # GET request latency on network to next level
 mem: # Memory controller stats
  mem-0: # Memory controller stats
   rd: 39872 # Read requests
   wr: 30254 # Write requests
   rdlat: 5909828 # Total latency experienced by read requests
   wrlat: 4591828 # Total latency experienced by write requests
   rdhits: 8 # Read row hits
   wrhits: 37 # Write row hits
   mlh: # latency histogram for memory requests
    0: 0
    1: 0
    2: 0
    3: 0
    4: 0
    5: 0
    6: 0
    7: 0
    8: 0
    9: 0
    10: 0
    11: 1
    12: 1
    13: 31973
    14: 2418
    15: 83
    16: 39
    17: 8
    18: 13
    19: 10
    20: 10
    21: 17
    22: 35
    23: 4769
    24: 25
    25: 48
    26: 26
    27: 18
    28: 16
    29: 18
    30: 21
    31: 21
    32: 21
    33: 14
    34: 24
    35: 28
    36: 15
    37: 19
    38: 18
    39: 17
    40: 19
    41: 19
    42: 22
    43: 14
    44: 3
    45: 6
    46: 3
    47: 34
    48: 6
    49: 5
    50: 5
    51: 4
    52: 3
    53: 3
    54: 0
    55: 0
    56: 0
    57: 0
    58: 0
    59: 0
    60: 0
    61: 0
    62: 0
    63: 0
    64: 0
    65: 0
    66: 0
    67: 0
    68: 0
    69: 0
    70: 0
    71: 0
    72: 0
    73: 0
    74: 0
    75: 0
    76: 0
    77: 0
    78: 0
    79: 0
    80: 0
    81: 0
    82: 0
    83: 0
    84: 0
    85: 0
    86: 0
    87: 0
    88: 0
    89: 0
    90: 0
    91: 0
    92: 0
    93: 0
    94: 0
    95: 0
    96: 0
    97: 0
    98: 0
    99: 0
  mem-1: # Memory controller stats
   rd: 39862 # Read requests
   wr: 30239 # Write requests
   rdlat: 5915797 # Total latency experienced by read requests
   wrlat: 4590579 # Total latency experienced by write requests
   rdhits: 11 # Read row hits
   wrhits: 37 # Write row hits
   mlh: # latency histogram for memory requests
    0: 0
    1: 0
    2: 0
    3: 0
    4: 0
    5: 0
    6: 0
    7: 0
    8: 0
    9: 0
    10: 0
    11: 2
    12: 0
    13: 31938
    14: 2397
    15: 62
    16: 36
    17: 11
    18: 12
    19: 17
    20: 6
    21: 18
    22: 50
    23: 4784
    24: 33
    25: 54
    26: 25
    27: 30
    28: 24
    29: 25
    30: 20
    31: 24
    32: 28
    33: 16
    34: 13
    35: 14
    36: 6
    37: 21
    38: 14
    39: 24
    40: 27
    41: 26
    42: 23
    43: 12
    44: 3
    45: 2
    46: 4
    47: 29
    48: 7
    49: 13
    50: 2
    51: 4
    52: 5
    53: 1
    54: 0
    55: 0
    56: 0
    57: 0
    58: 0
    59: 0
    60: 0
    61: 0
    62: 0
    63: 0
    64: 0
    65: 0
    66: 0
    67: 0
    68: 0
    69: 0
    70: 0
    71: 0
    72: 0
    73: 0
    74: 0
    75: 0
    76: 0
    77: 0
    78: 0
    79: 0
    80: 0
    81: 0
    82: 0
    83: 0
    84: 0
    85: 0
    86: 0
    87: 0
    88: 0
    89: 0
    90: 0
    91: 0
    92: 0
    93: 0
    94: 0
    95: 0
    96: 0
    97: 0
    98: 0
    99: 0
  mem-2: # Memory controller stats
   rd: 39903 # Read requests
   wr: 30247 # Write requests
   rdlat: 5931200 # Total latency experienced by read requests
   wrlat: 4593206 # Total latency experienced by write requests
   rdhits: 13 # Read row hits
   wrhits: 45 # Write row hits
   mlh: # latency histogram for memory requests
    0: 0
    1: 0
    2: 0
    3: 0
    4: 0
    5: 0
    6: 0
    7: 0
    8: 0
    9: 0
    10: 0
    11: 5
    12: 3
    13: 31958
    14: 2420
    15: 53
    16: 30
    17: 15
    18: 9
    19: 22
    20: 11
    21: 19
    22: 42
    23: 4731
    24: 27
    25: 49
    26: 30
    27: 29
    28: 33
    29: 22
    30: 15
    31: 23
    32: 22
    33: 23
    34: 20
    35: 23
    36: 25
    37: 23
    38: 24
    39: 24
    40: 15
    41: 29
    42: 33
    43: 6
    44: 6
    45: 4
    46: 8
    47: 33
    48: 6
    49: 2
    50: 8
    51: 10
    52: 9
    53: 4
    54: 0
    55: 0
    56: 0
    57: 0
    58: 0
    59: 0
    60: 0
    61: 0
    62: 0
    63: 0
    64: 0
    65: 0
    66: 0
    67: 0
    68: 0
    69: 0
    70: 0
    71: 0
    72: 0
    73: 0
    74: 0
    75: 0
    76: 0
    77: 0
    78: 0
    79: 0
    80: 0
    81: 0
    82: 0
    83: 0
    84: 0
    85: 0
    86: 0
    87: 0
    88: 0
    89: 0
    90: 0
    91: 0
    92: 0
    93: 0
    94: 0
    95: 0
    96: 0
    97: 0
    98: 0
    99: 0
  mem-3: # Memory controller stats
   rd: 39832 # Read requests
   wr: 30218 # Write requests
   rdlat: 5936441 # Total latency experienced by read requests
   wrlat: 4603772 # Total latency experienced by write requests
   rdhits: 10 # Read row hits
   wrhits: 55 # Write row hits
   mlh: # latency histogram for memory requests
    0: 0
    1: 0
    2: 0
    3: 0
    4: 0
    5: 0
    6: 0
    7: 0
    8: 0
    9: 0
    10: 0
    11: 1
    12: 1
    13: 31805
    14: 2410
    15: 55
    16: 43
    17: 31
    18: 26
    19: 14
    20: 12
    21: 17
    22: 36
    23: 4741
    24: 32
    25: 54
    26: 28
    27: 34
    28: 39
    29: 29
    30: 20
    31: 20
    32: 18
    33: 24
    34: 18
    35: 28
    36: 26
    37: 15
    38: 26
    39: 34
    40: 30
    41: 28
    42: 27
    43: 13
    44: 3
    45: 3
    46: 5
    47: 44
    48: 11
    49: 5
    50: 8
    51: 7
    52: 10
    53: 1
    54: 0
    55: 0
    56: 0
    57: 0
    58: 0
    59: 0
    60: 0
    61: 0
    62: 0
    63: 0
    64: 0
    65: 0
    66: 0
    67: 0
    68: 0
    69: 0
    70: 0
    71: 0
    72: 0
    73: 0
    74: 0
    75: 0
    76: 0
    77: 0
    78: 0
    79: 0
    80: 0
    81: 0
    82: 0
    83: 0
    84: 0
    85: 0
    86: 0
    87: 0
    88: 0
    89: 0
    90: 0
    91: 0
    92: 0
    93: 0
    94: 0
    95: 0
    96: 0
    97: 0
    98: 0
    99: 0
 sched: # Scheduler stats
  thCr: 1 # Threads created
  thFn: 1 # Threads finished
  schedEvs: 1 # Schedule events
  waitEvs: 0 # Wait events
  handoffEvs: 0 # Handoff events
  sleepEvs: 0 # Sleep events
  idlePhases: 0 # Phases with no thread active
  idlePeriods: 0 # Periods with no thread active
  occHist: # Occupancy histogram
   0: 0
   1: 6508
  rqSzHist: # Run queue size histogram
   0: 6508
   1: 0
   2: 0
   3: 0
   4: 0
   5: 0
   6: 0
   7: 0
   8: 0
   9: 0
   10: 0
   11: 0
   12: 0
   13: 0
   14: 0
   15: 0
   16: 0
 procCycles: # Per-process unhalted core cycles
  0: 65080671
  1: 0
  2: 0
  3: 0
  4: 0
  5: 0
  6: 0
  7: 0
  8: 0
  9: 0
  10: 0
  11: 0
  12: 0
  13: 0
  14: 0
  15: 0
  16: 0
  17: 0
  18: 0
  19: 0
  20: 0
  21: 0
  22: 0
  23: 0
  24: 0
  25: 0
  26: 0
  27: 0
  28: 0
  29: 0
  30: 0
  31: 0
  32: 0
  33: 0
  34: 0
  35: 0
  36: 0
  37: 0
  38: 0
  39: 0
  40: 0
  41: 0
  42: 0
  43: 0
  44: 0
  45: 0
  46: 0
  47: 0
  48: 0
  49: 0
  50: 0
  51: 0
  52: 0
  53: 0
  54: 0
  55: 0
  56: 0
  57: 0
  58: 0
  59: 0
  60: 0
  61: 0
  62: 0
  63: 0
 procInstrs: # Per-process instructions
  0: 100004529
  1: 0
  2: 0
  3: 0
  4: 0
  5: 0
  6: 0
  7: 0
  8: 0
  9: 0
  10: 0
  11: 0
  12: 0
  13: 0
  14: 0
  15: 0
  16: 0
  17: 0
  18: 0
  19: 0
  20: 0
  21: 0
  22: 0
  23: 0
  24: 0
  25: 0
  26: 0
  27: 0
  28: 0
  29: 0
  30: 0
  31: 0
  32: 0
  33: 0
  34: 0
  35: 0
  36: 0
  37: 0
  38: 0
  39: 0
  40: 0
  41: 0
  42: 0
  43: 0
  44: 0
  45: 0
  46: 0
  47: 0
  48: 0
  49: 0
  50: 0
  51: 0
  52: 0
  53: 0
  54: 0
  55: 0
  56: 0
  57: 0
  58: 0
  59: 0
  60: 0
  61: 0
  62: 0
  63: 0
 heartbeats: # Per-process heartbeats
  0: 0
  1: 0
  2: 0
  3: 0
  4: 0
  5: 0
  6: 0
  7: 0
  8: 0
  9: 0
  10: 0
  11: 0
  12: 0
  13: 0
  14: 0
  15: 0
  16: 0
  17: 0
  18: 0
  19: 0
  20: 0
  21: 0
  22: 0
  23: 0
  24: 0
  25: 0
  26: 0
  27: 0
  28: 0
  29: 0
  30: 0
  31: 0
  32: 0
  33: 0
  34: 0
  35: 0
  36: 0
  37: 0
  38: 0
  39: 0
  40: 0
  41: 0
  42: 0
  43: 0
  44: 0
  45: 0
  46: 0
  47: 0
  48: 0
  49: 0
  50: 0
  51: 0
  52: 0
  53: 0
  54: 0
  55: 0
  56: 0
  57: 0
  58: 0
  59: 0
  60: 0
  61: 0
  62: 0
  63: 0
===
