# zsim stats
===
root: # Stats
 contention: # Contention simulation stats
  domain-0: # Domain stats
   time: 6418202240 # Weave simulation time
 time: # Simulator time breakdown
  init: 319846507552
  bound: 20339349095
  weave: 7238736561
  ff: 0
 trigger: 20000 # Reason for this stats dump
 phase: 65201 # Simulated phases
 westmere: # Core stats
  westmere-0: # Core stats
   cycles: 652012609 # Simulated unhalted cycles
   cCycles: 148368906 # Cycles due to contention stalls
   instrs: 100000032 # Simulated instructions
   uops: 101912777 # Retired micro-ops
   bbls: 27652752 # Basic blocks
   approxInstrs: 22406 # Instrs with approx uop decoding
   mispredBranches: 1591369 # Mispredicted branches
   condBranches: 25800964 # conditional branches
 l1i: # Cache stats
  l1i-0: # Filter cache stats
   fhGETS: 35460656 # Filtered GETS hits
   fhGETX: 0 # Filtered GETX hits
   hGETS: 0 # GETS hits
   hGETX: 0 # GETX hits
   mGETS: 47 # GETS misses
   mGETXIM: 0 # GETX I->M misses
   mGETXSM: 0 # GETX S->M misses (upgrade misses)
   PUTS: 0 # Clean evictions (from lower level)
   PUTX: 0 # Dirty evictions (from lower level)
   INV: 0 # Invalidates (from upper level)
   INVX: 0 # Downgrades (from upper level)
   FWD: 0 # Forwards (from upper level)
   latGETnl: 5828 # GET request latency on next level
   latGETnet: 0 # GET request latency on network to next level
 l1d: # Cache stats
  l1d-0: # Filter cache stats
   fhGETS: 22283391 # Filtered GETS hits
   fhGETX: 2305449 # Filtered GETX hits
   hGETS: 1831384 # GETS hits
   hGETX: 3231660 # GETX hits
   mGETS: 12461548 # GETS misses
   mGETXIM: 254063 # GETX I->M misses
   mGETXSM: 0 # GETX S->M misses (upgrade misses)
   PUTS: 0 # Clean evictions (from lower level)
   PUTX: 0 # Dirty evictions (from lower level)
   INV: 0 # Invalidates (from upper level)
   INVX: 0 # Downgrades (from upper level)
   FWD: 0 # Forwards (from upper level)
   latGETnl: 1101206358 # GET request latency on next level
   latGETnet: 0 # GET request latency on network to next level
 l2: # Cache stats
  l2-0: # Cache stats
   hGETS: 2420080 # GETS hits
   hGETX: 80694 # GETX hits
   mGETS: 10041515 # GETS misses
   mGETXIM: 173369 # GETX I->M misses
   mGETXSM: 0 # GETX S->M misses (upgrade misses)
   PUTS: 9459776 # Clean evictions (from lower level)
   PUTX: 3255323 # Dirty evictions (from lower level)
   INV: 0 # Invalidates (from upper level)
   INVX: 0 # Downgrades (from upper level)
   FWD: 0 # Forwards (from upper level)
   latGETnl: 974055606 # GET request latency on next level
   latGETnet: 0 # GET request latency on network to next level
 l3: # Cache stats
  l3-0: # Cache stats
   hGETS: 2064913 # GETS hits
   hGETX: 51100 # GETX hits
   mGETS: 7976602 # GETS misses
   mGETXIM: 122269 # GETX I->M misses
   mGETXSM: 0 # GETX S->M misses (upgrade misses)
   PUTS: 7439112 # Clean evictions (from lower level)
   PUTX: 2771676 # Dirty evictions (from lower level)
   INV: 0 # Invalidates (from upper level)
   INVX: 0 # Downgrades (from upper level)
   FWD: 0 # Forwards (from upper level)
   latGETnl: 728898390 # GET request latency on next level
   latGETnet: 0 # GET request latency on network to next level
 mem: # Memory controller stats
  mem-0: # Memory controller stats
   rd: 2022605 # Read requests
   wr: 655609 # Write requests
   rdlat: 275341414 # Total latency experienced by read requests
   wrlat: 95483821 # Total latency experienced by write requests
   rdhits: 2300 # Read row hits
   wrhits: 2148 # Write row hits
   mlh: # latency histogram for memory requests
    0: 0
    1: 0
    2: 0
    3: 0
    4: 0
    5: 0
    6: 0
    7: 0
    8: 0
    9: 0
    10: 0
    11: 301
    12: 412
    13: 1784516
    14: 140292
    15: 48622
    16: 13857
    17: 2762
    18: 1001
    19: 1044
    20: 1188
    21: 1343
    22: 987
    23: 1390
    24: 3306
    25: 1749
    26: 550
    27: 610
    28: 665
    29: 740
    30: 1093
    31: 1351
    32: 1160
    33: 1151
    34: 1299
    35: 1400
    36: 1358
    37: 1201
    38: 1123
    39: 1160
    40: 1095
    41: 1101
    42: 1151
    43: 517
    44: 235
    45: 189
    46: 145
    47: 250
    48: 177
    49: 55
    50: 19
    51: 15
    52: 10
    53: 5
    54: 8
    55: 0
    56: 1
    57: 0
    58: 0
    59: 1
    60: 0
    61: 0
    62: 0
    63: 0
    64: 0
    65: 0
    66: 0
    67: 0
    68: 0
    69: 0
    70: 0
    71: 0
    72: 0
    73: 0
    74: 0
    75: 0
    76: 0
    77: 0
    78: 0
    79: 0
    80: 0
    81: 0
    82: 0
    83: 0
    84: 0
    85: 0
    86: 0
    87: 0
    88: 0
    89: 0
    90: 0
    91: 0
    92: 0
    93: 0
    94: 0
    95: 0
    96: 0
    97: 0
    98: 0
    99: 0
  mem-1: # Memory controller stats
   rd: 2020683 # Read requests
   wr: 655238 # Write requests
   rdlat: 275063879 # Total latency experienced by read requests
   wrlat: 95610752 # Total latency experienced by write requests
   rdhits: 2261 # Read row hits
   wrhits: 2184 # Write row hits
   mlh: # latency histogram for memory requests
    0: 0
    1: 0
    2: 0
    3: 0
    4: 0
    5: 0
    6: 0
    7: 0
    8: 0
    9: 0
    10: 0
    11: 297
    12: 552
    13: 1783092
    14: 139304
    15: 49068
    16: 13975
    17: 2575
    18: 1046
    19: 1023
    20: 1248
    21: 1248
    22: 973
    23: 1392
    24: 3134
    25: 1947
    26: 506
    27: 638
    28: 642
    29: 748
    30: 1093
    31: 1442
    32: 1093
    33: 1194
    34: 1346
    35: 1404
    36: 1342
    37: 1186
    38: 1066
    39: 1203
    40: 1137
    41: 1156
    42: 1103
    43: 528
    44: 222
    45: 158
    46: 129
    47: 245
    48: 136
    49: 44
    50: 13
    51: 11
    52: 13
    53: 3
    54: 3
    55: 1
    56: 1
    57: 1
    58: 2
    59: 0
    60: 0
    61: 0
    62: 0
    63: 0
    64: 0
    65: 0
    66: 0
    67: 0
    68: 0
    69: 0
    70: 0
    71: 0
    72: 0
    73: 0
    74: 0
    75: 0
    76: 0
    77: 0
    78: 0
    79: 0
    80: 0
    81: 0
    82: 0
    83: 0
    84: 0
    85: 0
    86: 0
    87: 0
    88: 0
    89: 0
    90: 0
    91: 0
    92: 0
    93: 0
    94: 0
    95: 0
    96: 0
    97: 0
    98: 0
    99: 0
  mem-2: # Memory controller stats
   rd: 2039181 # Read requests
   wr: 654929 # Write requests
   rdlat: 277661075 # Total latency experienced by read requests
   wrlat: 95700040 # Total latency experienced by write requests
   rdhits: 2404 # Read row hits
   wrhits: 2305 # Write row hits
   mlh: # latency histogram for memory requests
    0: 0
    1: 0
    2: 0
    3: 0
    4: 0
    5: 0
    6: 0
    7: 0
    8: 0
    9: 0
    10: 0
    11: 281
    12: 634
    13: 1792955
    14: 147786
    15: 49690
    16: 12900
    17: 2466
    18: 1069
    19: 1009
    20: 1165
    21: 1282
    22: 973
    23: 1467
    24: 3657
    25: 1783
    26: 571
    27: 631
    28: 666
    29: 725
    30: 1165
    31: 1452
    32: 1164
    33: 1178
    34: 1292
    35: 1400
    36: 1298
    37: 1202
    38: 1165
    39: 1193
    40: 1155
    41: 1134
    42: 1152
    43: 546
    44: 225
    45: 165
    46: 134
    47: 225
    48: 145
    49: 35
    50: 12
    51: 13
    52: 10
    53: 5
    54: 4
    55: 1
    56: 0
    57: 0
    58: 0
    59: 1
    60: 0
    61: 0
    62: 0
    63: 0
    64: 0
    65: 0
    66: 0
    67: 0
    68: 0
    69: 0
    70: 0
    71: 0
    72: 0
    73: 0
    74: 0
    75: 0
    76: 0
    77: 0
    78: 0
    79: 0
    80: 0
    81: 0
    82: 0
    83: 0
    84: 0
    85: 0
    86: 0
    87: 0
    88: 0
    89: 0
    90: 0
    91: 0
    92: 0
    93: 0
    94: 0
    95: 0
    96: 0
    97: 0
    98: 0
    99: 0
  mem-3: # Memory controller stats
   rd: 2016344 # Read requests
   wr: 654776 # Write requests
   rdlat: 274542724 # Total latency experienced by read requests
   wrlat: 95432686 # Total latency experienced by write requests
   rdhits: 2496 # Read row hits
   wrhits: 2213 # Write row hits
   mlh: # latency histogram for memory requests
    0: 0
    1: 0
    2: 0
    3: 0
    4: 0
    5: 0
    6: 0
    7: 0
    8: 0
    9: 0
    10: 0
    11: 338
    12: 559
    13: 1777760
    14: 139695
    15: 49230
    16: 14387
    17: 2445
    18: 1030
    19: 1037
    20: 1256
    21: 1289
    22: 927
    23: 1294
    24: 3449
    25: 1695
    26: 529
    27: 656
    28: 652
    29: 723
    30: 1123
    31: 1342
    32: 1104
    33: 1186
    34: 1384
    35: 1424
    36: 1305
    37: 1236
    38: 1105
    39: 1233
    40: 1163
    41: 1100
    42: 1118
    43: 522
    44: 233
    45: 185
    46: 146
    47: 250
    48: 136
    49: 49
    50: 18
    51: 5
    52: 8
    53: 3
    54: 8
    55: 5
    56: 0
    57: 1
    58: 0
    59: 1
    60: 0
    61: 0
    62: 0
    63: 0
    64: 0
    65: 0
    66: 0
    67: 0
    68: 0
    69: 0
    70: 0
    71: 0
    72: 0
    73: 0
    74: 0
    75: 0
    76: 0
    77: 0
    78: 0
    79: 0
    80: 0
    81: 0
    82: 0
    83: 0
    84: 0
    85: 0
    86: 0
    87: 0
    88: 0
    89: 0
    90: 0
    91: 0
    92: 0
    93: 0
    94: 0
    95: 0
    96: 0
    97: 0
    98: 0
    99: 0
 sched: # Scheduler stats
  thCr: 1 # Threads created
  thFn: 1 # Threads finished
  schedEvs: 1 # Schedule events
  waitEvs: 0 # Wait events
  handoffEvs: 0 # Handoff events
  sleepEvs: 0 # Sleep events
  idlePhases: 0 # Phases with no thread active
  idlePeriods: 0 # Periods with no thread active
  occHist: # Occupancy histogram
   0: 0
   1: 65201
  rqSzHist: # Run queue size histogram
   0: 65201
   1: 0
   2: 0
   3: 0
   4: 0
   5: 0
   6: 0
   7: 0
   8: 0
   9: 0
   10: 0
   11: 0
   12: 0
   13: 0
   14: 0
   15: 0
   16: 0
 procCycles: # Per-process unhalted core cycles
  0: 652012609
  1: 0
  2: 0
  3: 0
  4: 0
  5: 0
  6: 0
  7: 0
  8: 0
  9: 0
  10: 0
  11: 0
  12: 0
  13: 0
  14: 0
  15: 0
  16: 0
  17: 0
  18: 0
  19: 0
  20: 0
  21: 0
  22: 0
  23: 0
  24: 0
  25: 0
  26: 0
  27: 0
  28: 0
  29: 0
  30: 0
  31: 0
  32: 0
  33: 0
  34: 0
  35: 0
  36: 0
  37: 0
  38: 0
  39: 0
  40: 0
  41: 0
  42: 0
  43: 0
  44: 0
  45: 0
  46: 0
  47: 0
  48: 0
  49: 0
  50: 0
  51: 0
  52: 0
  53: 0
  54: 0
  55: 0
  56: 0
  57: 0
  58: 0
  59: 0
  60: 0
  61: 0
  62: 0
  63: 0
 procInstrs: # Per-process instructions
  0: 100000032
  1: 0
  2: 0
  3: 0
  4: 0
  5: 0
  6: 0
  7: 0
  8: 0
  9: 0
  10: 0
  11: 0
  12: 0
  13: 0
  14: 0
  15: 0
  16: 0
  17: 0
  18: 0
  19: 0
  20: 0
  21: 0
  22: 0
  23: 0
  24: 0
  25: 0
  26: 0
  27: 0
  28: 0
  29: 0
  30: 0
  31: 0
  32: 0
  33: 0
  34: 0
  35: 0
  36: 0
  37: 0
  38: 0
  39: 0
  40: 0
  41: 0
  42: 0
  43: 0
  44: 0
  45: 0
  46: 0
  47: 0
  48: 0
  49: 0
  50: 0
  51: 0
  52: 0
  53: 0
  54: 0
  55: 0
  56: 0
  57: 0
  58: 0
  59: 0
  60: 0
  61: 0
  62: 0
  63: 0
 heartbeats: # Per-process heartbeats
  0: 0
  1: 0
  2: 0
  3: 0
  4: 0
  5: 0
  6: 0
  7: 0
  8: 0
  9: 0
  10: 0
  11: 0
  12: 0
  13: 0
  14: 0
  15: 0
  16: 0
  17: 0
  18: 0
  19: 0
  20: 0
  21: 0
  22: 0
  23: 0
  24: 0
  25: 0
  26: 0
  27: 0
  28: 0
  29: 0
  30: 0
  31: 0
  32: 0
  33: 0
  34: 0
  35: 0
  36: 0
  37: 0
  38: 0
  39: 0
  40: 0
  41: 0
  42: 0
  43: 0
  44: 0
  45: 0
  46: 0
  47: 0
  48: 0
  49: 0
  50: 0
  51: 0
  52: 0
  53: 0
  54: 0
  55: 0
  56: 0
  57: 0
  58: 0
  59: 0
  60: 0
  61: 0
  62: 0
  63: 0
===
