# zsim stats
===
root: # Stats
 contention: # Contention simulation stats
  domain-0: # Domain stats
   time: 631547843 # Weave simulation time
 time: # Simulator time breakdown
  init: 306987836510
  bound: 8194646041
  weave: 828660866
  ff: 0
 trigger: 20000 # Reason for this stats dump
 phase: 14448 # Simulated phases
 westmere: # Core stats
  westmere-0: # Core stats
   cycles: 144480368 # Simulated unhalted cycles
   cCycles: 15820823 # Cycles due to contention stalls
   instrs: 100008953 # Simulated instructions
   uops: 119676911 # Retired micro-ops
   bbls: 22030889 # Basic blocks
   approxInstrs: 230162 # Instrs with approx uop decoding
   mispredBranches: 1079845 # Mispredicted branches
   condBranches: 17175152 # conditional branches
 l1i: # Cache stats
  l1i-0: # Filter cache stats
   fhGETS: 24484144 # Filtered GETS hits
   fhGETX: 0 # Filtered GETX hits
   hGETS: 1899323 # GETS hits
   hGETX: 0 # GETX hits
   mGETS: 683275 # GETS misses
   mGETXIM: 0 # GETX I->M misses
   mGETXSM: 0 # GETX S->M misses (upgrade misses)
   PUTS: 0 # Clean evictions (from lower level)
   PUTX: 0 # Dirty evictions (from lower level)
   INV: 11611 # Invalidates (from upper level)
   INVX: 0 # Downgrades (from upper level)
   FWD: 0 # Forwards (from upper level)
   latGETnl: 9846472 # GET request latency on next level
   latGETnet: 0 # GET request latency on network to next level
 l1d: # Cache stats
  l1d-0: # Filter cache stats
   fhGETS: 22527404 # Filtered GETS hits
   fhGETX: 15710495 # Filtered GETX hits
   hGETS: 2143026 # GETS hits
   hGETX: 1162091 # GETX hits
   mGETS: 1529101 # GETS misses
   mGETXIM: 1891820 # GETX I->M misses
   mGETXSM: 0 # GETX S->M misses (upgrade misses)
   PUTS: 0 # Clean evictions (from lower level)
   PUTX: 0 # Dirty evictions (from lower level)
   INV: 396830 # Invalidates (from upper level)
   INVX: 0 # Downgrades (from upper level)
   FWD: 0 # Forwards (from upper level)
   latGETnl: 150252852 # GET request latency on next level
   latGETnet: 0 # GET request latency on network to next level
 l2: # Cache stats
  l2-0: # Cache stats
   hGETS: 1105898 # GETS hits
   hGETX: 1080407 # GETX hits
   mGETS: 1106478 # GETS misses
   mGETXIM: 811413 # GETX I->M misses
   mGETXSM: 0 # GETX S->M misses (upgrade misses)
   PUTS: 1750463 # Clean evictions (from lower level)
   PUTX: 1944283 # Dirty evictions (from lower level)
   INV: 626368 # Invalidates (from upper level)
   INVX: 0 # Downgrades (from upper level)
   FWD: 0 # Forwards (from upper level)
   latGETnl: 119057364 # GET request latency on next level
   latGETnet: 0 # GET request latency on network to next level
 l3: # Cache stats
  l3-0: # Cache stats
   hGETS: 706004 # GETS hits
   hGETX: 400465 # GETX hits
   mGETS: 400474 # GETS misses
   mGETXIM: 410948 # GETX I->M misses
   mGETXSM: 0 # GETX S->M misses (upgrade misses)
   PUTS: 714979 # Clean evictions (from lower level)
   PUTX: 572569 # Dirty evictions (from lower level)
   INV: 0 # Invalidates (from upper level)
   INVX: 0 # Downgrades (from upper level)
   FWD: 0 # Forwards (from upper level)
   latGETnl: 73027980 # GET request latency on next level
   latGETnet: 0 # GET request latency on network to next level
 mem: # Memory controller stats
  mem-0: # Memory controller stats
   rd: 204875 # Read requests
   wr: 122786 # Write requests
   rdlat: 27823506 # Total latency experienced by read requests
   wrlat: 18461879 # Total latency experienced by write requests
   rdhits: 63 # Read row hits
   wrhits: 80 # Write row hits
   mlh: # latency histogram for memory requests
    0: 0
    1: 0
    2: 0
    3: 0
    4: 0
    5: 0
    6: 0
    7: 0
    8: 0
    9: 0
    10: 0
    11: 4
    12: 12
    13: 187298
    14: 7018
    15: 3700
    16: 2128
    17: 514
    18: 355
    19: 499
    20: 276
    21: 196
    22: 249
    23: 238
    24: 219
    25: 117
    26: 73
    27: 77
    28: 76
    29: 81
    30: 94
    31: 111
    32: 107
    33: 112
    34: 118
    35: 128
    36: 140
    37: 137
    38: 137
    39: 134
    40: 113
    41: 120
    42: 145
    43: 60
    44: 21
    45: 22
    46: 18
    47: 18
    48: 6
    49: 1
    50: 1
    51: 1
    52: 0
    53: 1
    54: 0
    55: 0
    56: 0
    57: 0
    58: 0
    59: 0
    60: 0
    61: 0
    62: 0
    63: 0
    64: 0
    65: 0
    66: 0
    67: 0
    68: 0
    69: 0
    70: 0
    71: 0
    72: 0
    73: 0
    74: 0
    75: 0
    76: 0
    77: 0
    78: 0
    79: 0
    80: 0
    81: 0
    82: 0
    83: 0
    84: 0
    85: 0
    86: 0
    87: 0
    88: 0
    89: 0
    90: 0
    91: 0
    92: 0
    93: 0
    94: 0
    95: 0
    96: 0
    97: 0
    98: 0
    99: 0
  mem-1: # Memory controller stats
   rd: 199580 # Read requests
   wr: 121416 # Write requests
   rdlat: 27008659 # Total latency experienced by read requests
   wrlat: 18150131 # Total latency experienced by write requests
   rdhits: 40 # Read row hits
   wrhits: 107 # Write row hits
   mlh: # latency histogram for memory requests
    0: 0
    1: 0
    2: 0
    3: 0
    4: 0
    5: 0
    6: 0
    7: 0
    8: 0
    9: 0
    10: 0
    11: 2
    12: 5
    13: 184504
    14: 5812
    15: 3886
    16: 1858
    17: 346
    18: 229
    19: 247
    20: 135
    21: 105
    22: 138
    23: 133
    24: 121
    25: 95
    26: 75
    27: 65
    28: 61
    29: 80
    30: 91
    31: 121
    32: 111
    33: 86
    34: 89
    35: 101
    36: 178
    37: 155
    38: 130
    39: 137
    40: 124
    41: 100
    42: 125
    43: 45
    44: 25
    45: 20
    46: 20
    47: 16
    48: 7
    49: 1
    50: 1
    51: 0
    52: 0
    53: 0
    54: 0
    55: 0
    56: 0
    57: 0
    58: 0
    59: 0
    60: 0
    61: 0
    62: 0
    63: 0
    64: 0
    65: 0
    66: 0
    67: 0
    68: 0
    69: 0
    70: 0
    71: 0
    72: 0
    73: 0
    74: 0
    75: 0
    76: 0
    77: 0
    78: 0
    79: 0
    80: 0
    81: 0
    82: 0
    83: 0
    84: 0
    85: 0
    86: 0
    87: 0
    88: 0
    89: 0
    90: 0
    91: 0
    92: 0
    93: 0
    94: 0
    95: 0
    96: 0
    97: 0
    98: 0
    99: 0
  mem-2: # Memory controller stats
   rd: 207729 # Read requests
   wr: 124630 # Write requests
   rdlat: 28170897 # Total latency experienced by read requests
   wrlat: 18739083 # Total latency experienced by write requests
   rdhits: 58 # Read row hits
   wrhits: 59 # Write row hits
   mlh: # latency histogram for memory requests
    0: 0
    1: 0
    2: 0
    3: 0
    4: 0
    5: 0
    6: 0
    7: 0
    8: 0
    9: 0
    10: 0
    11: 3
    12: 7
    13: 190615
    14: 6684
    15: 4266
    16: 1647
    17: 537
    18: 306
    19: 322
    20: 291
    21: 216
    22: 224
    23: 215
    24: 190
    25: 134
    26: 78
    27: 79
    28: 89
    29: 69
    30: 106
    31: 111
    32: 101
    33: 124
    34: 106
    35: 111
    36: 176
    37: 166
    38: 134
    39: 125
    40: 121
    41: 116
    42: 115
    43: 49
    44: 29
    45: 23
    46: 17
    47: 17
    48: 6
    49: 2
    50: 0
    51: 0
    52: 0
    53: 2
    54: 0
    55: 0
    56: 0
    57: 0
    58: 0
    59: 0
    60: 0
    61: 0
    62: 0
    63: 0
    64: 0
    65: 0
    66: 0
    67: 0
    68: 0
    69: 0
    70: 0
    71: 0
    72: 0
    73: 0
    74: 0
    75: 0
    76: 0
    77: 0
    78: 0
    79: 0
    80: 0
    81: 0
    82: 0
    83: 0
    84: 0
    85: 0
    86: 0
    87: 0
    88: 0
    89: 0
    90: 0
    91: 0
    92: 0
    93: 0
    94: 0
    95: 0
    96: 0
    97: 0
    98: 0
    99: 0
  mem-3: # Memory controller stats
   rd: 199238 # Read requests
   wr: 121531 # Write requests
   rdlat: 26928438 # Total latency experienced by read requests
   wrlat: 18188317 # Total latency experienced by write requests
   rdhits: 67 # Read row hits
   wrhits: 294 # Write row hits
   mlh: # latency histogram for memory requests
    0: 0
    1: 0
    2: 0
    3: 0
    4: 0
    5: 0
    6: 0
    7: 0
    8: 0
    9: 0
    10: 0
    11: 4
    12: 10
    13: 184737
    14: 6006
    15: 3504
    16: 1703
    17: 267
    18: 198
    19: 170
    20: 111
    21: 110
    22: 152
    23: 122
    24: 129
    25: 86
    26: 56
    27: 70
    28: 71
    29: 81
    30: 90
    31: 115
    32: 81
    33: 105
    34: 108
    35: 109
    36: 162
    37: 147
    38: 121
    39: 119
    40: 115
    41: 130
    42: 123
    43: 50
    44: 25
    45: 20
    46: 16
    47: 10
    48: 4
    49: 0
    50: 0
    51: 0
    52: 1
    53: 0
    54: 0
    55: 0
    56: 0
    57: 0
    58: 0
    59: 0
    60: 0
    61: 0
    62: 0
    63: 0
    64: 0
    65: 0
    66: 0
    67: 0
    68: 0
    69: 0
    70: 0
    71: 0
    72: 0
    73: 0
    74: 0
    75: 0
    76: 0
    77: 0
    78: 0
    79: 0
    80: 0
    81: 0
    82: 0
    83: 0
    84: 0
    85: 0
    86: 0
    87: 0
    88: 0
    89: 0
    90: 0
    91: 0
    92: 0
    93: 0
    94: 0
    95: 0
    96: 0
    97: 0
    98: 0
    99: 0
 sched: # Scheduler stats
  thCr: 1 # Threads created
  thFn: 1 # Threads finished
  schedEvs: 1 # Schedule events
  waitEvs: 0 # Wait events
  handoffEvs: 0 # Handoff events
  sleepEvs: 0 # Sleep events
  idlePhases: 0 # Phases with no thread active
  idlePeriods: 0 # Periods with no thread active
  occHist: # Occupancy histogram
   0: 0
   1: 14448
  rqSzHist: # Run queue size histogram
   0: 14448
   1: 0
   2: 0
   3: 0
   4: 0
   5: 0
   6: 0
   7: 0
   8: 0
   9: 0
   10: 0
   11: 0
   12: 0
   13: 0
   14: 0
   15: 0
   16: 0
 procCycles: # Per-process unhalted core cycles
  0: 144480368
  1: 0
  2: 0
  3: 0
  4: 0
  5: 0
  6: 0
  7: 0
  8: 0
  9: 0
  10: 0
  11: 0
  12: 0
  13: 0
  14: 0
  15: 0
  16: 0
  17: 0
  18: 0
  19: 0
  20: 0
  21: 0
  22: 0
  23: 0
  24: 0
  25: 0
  26: 0
  27: 0
  28: 0
  29: 0
  30: 0
  31: 0
  32: 0
  33: 0
  34: 0
  35: 0
  36: 0
  37: 0
  38: 0
  39: 0
  40: 0
  41: 0
  42: 0
  43: 0
  44: 0
  45: 0
  46: 0
  47: 0
  48: 0
  49: 0
  50: 0
  51: 0
  52: 0
  53: 0
  54: 0
  55: 0
  56: 0
  57: 0
  58: 0
  59: 0
  60: 0
  61: 0
  62: 0
  63: 0
 procInstrs: # Per-process instructions
  0: 100008953
  1: 0
  2: 0
  3: 0
  4: 0
  5: 0
  6: 0
  7: 0
  8: 0
  9: 0
  10: 0
  11: 0
  12: 0
  13: 0
  14: 0
  15: 0
  16: 0
  17: 0
  18: 0
  19: 0
  20: 0
  21: 0
  22: 0
  23: 0
  24: 0
  25: 0
  26: 0
  27: 0
  28: 0
  29: 0
  30: 0
  31: 0
  32: 0
  33: 0
  34: 0
  35: 0
  36: 0
  37: 0
  38: 0
  39: 0
  40: 0
  41: 0
  42: 0
  43: 0
  44: 0
  45: 0
  46: 0
  47: 0
  48: 0
  49: 0
  50: 0
  51: 0
  52: 0
  53: 0
  54: 0
  55: 0
  56: 0
  57: 0
  58: 0
  59: 0
  60: 0
  61: 0
  62: 0
  63: 0
 heartbeats: # Per-process heartbeats
  0: 0
  1: 0
  2: 0
  3: 0
  4: 0
  5: 0
  6: 0
  7: 0
  8: 0
  9: 0
  10: 0
  11: 0
  12: 0
  13: 0
  14: 0
  15: 0
  16: 0
  17: 0
  18: 0
  19: 0
  20: 0
  21: 0
  22: 0
  23: 0
  24: 0
  25: 0
  26: 0
  27: 0
  28: 0
  29: 0
  30: 0
  31: 0
  32: 0
  33: 0
  34: 0
  35: 0
  36: 0
  37: 0
  38: 0
  39: 0
  40: 0
  41: 0
  42: 0
  43: 0
  44: 0
  45: 0
  46: 0
  47: 0
  48: 0
  49: 0
  50: 0
  51: 0
  52: 0
  53: 0
  54: 0
  55: 0
  56: 0
  57: 0
  58: 0
  59: 0
  60: 0
  61: 0
  62: 0
  63: 0
===
