# zsim stats
===
root: # Stats
 contention: # Contention simulation stats
  domain-0: # Domain stats
   time: 206902694 # Weave simulation time
 time: # Simulator time breakdown
  init: 411273814508
  bound: 7422352341
  weave: 316927617
  ff: 0
 trigger: 20000 # Reason for this stats dump
 phase: 12331 # Simulated phases
 westmere: # Core stats
  westmere-0: # Core stats
   cycles: 123310048 # Simulated unhalted cycles
   cCycles: 7988061 # Cycles due to contention stalls
   instrs: 100012757 # Simulated instructions
   uops: 119736940 # Retired micro-ops
   bbls: 21962844 # Basic blocks
   approxInstrs: 222693 # Instrs with approx uop decoding
   mispredBranches: 1076827 # Mispredicted branches
   condBranches: 17161420 # conditional branches
 l1i: # Cache stats
  l1i-0: # Filter cache stats
   fhGETS: 24412173 # Filtered GETS hits
   fhGETX: 0 # Filtered GETX hits
   hGETS: 1895204 # GETS hits
   hGETX: 0 # GETX hits
   mGETS: 677678 # GETS misses
   mGETXIM: 0 # GETX I->M misses
   mGETXSM: 0 # GETX S->M misses (upgrade misses)
   PUTS: 0 # Clean evictions (from lower level)
   PUTX: 0 # Dirty evictions (from lower level)
   INV: 9 # Invalidates (from upper level)
   INVX: 0 # Downgrades (from upper level)
   FWD: 0 # Forwards (from upper level)
   latGETnl: 8492606 # GET request latency on next level
   latGETnet: 0 # GET request latency on network to next level
 l1d: # Cache stats
  l1d-0: # Filter cache stats
   fhGETS: 22819115 # Filtered GETS hits
   fhGETX: 15956770 # Filtered GETX hits
   hGETS: 1810139 # GETS hits
   hGETX: 952138 # GETX hits
   mGETS: 1520469 # GETS misses
   mGETXIM: 1935904 # GETX I->M misses
   mGETXSM: 0 # GETX S->M misses (upgrade misses)
   PUTS: 0 # Clean evictions (from lower level)
   PUTX: 0 # Dirty evictions (from lower level)
   INV: 1 # Invalidates (from upper level)
   INVX: 0 # Downgrades (from upper level)
   FWD: 0 # Forwards (from upper level)
   latGETnl: 101957068 # GET request latency on next level
   latGETnet: 0 # GET request latency on network to next level
 l2: # Cache stats
  l2-0: # Cache stats
   hGETS: 1125620 # GETS hits
   hGETX: 1193230 # GETX hits
   mGETS: 1072527 # GETS misses
   mGETXIM: 742674 # GETX I->M misses
   mGETXSM: 0 # GETX S->M misses (upgrade misses)
   PUTS: 1839535 # Clean evictions (from lower level)
   PUTX: 2293482 # Dirty evictions (from lower level)
   INV: 0 # Invalidates (from upper level)
   INVX: 0 # Downgrades (from upper level)
   FWD: 0 # Forwards (from upper level)
   latGETnl: 69109164 # GET request latency on next level
   latGETnet: 0 # GET request latency on network to next level
 l3: # Cache stats
  l3-0: # Cache stats
   hGETS: 847963 # GETS hits
   hGETX: 683412 # GETX hits
   mGETS: 224564 # GETS misses
   mGETXIM: 59262 # GETX I->M misses
   mGETXSM: 0 # GETX S->M misses (upgrade misses)
   PUTS: 894590 # Clean evictions (from lower level)
   PUTX: 916515 # Dirty evictions (from lower level)
   INV: 0 # Invalidates (from upper level)
   INVX: 0 # Downgrades (from upper level)
   FWD: 0 # Forwards (from upper level)
   latGETnl: 25544340 # GET request latency on next level
   latGETnet: 0 # GET request latency on network to next level
 mem: # Memory controller stats
  mem-0: # Memory controller stats
   rd: 73967 # Read requests
   wr: 18203 # Write requests
   rdlat: 9929119 # Total latency experienced by read requests
   wrlat: 2666460 # Total latency experienced by write requests
   rdhits: 24 # Read row hits
   wrhits: 40 # Write row hits
   mlh: # latency histogram for memory requests
    0: 0
    1: 0
    2: 0
    3: 0
    4: 0
    5: 0
    6: 0
    7: 0
    8: 0
    9: 0
    10: 0
    11: 0
    12: 2
    13: 71499
    14: 617
    15: 530
    16: 220
    17: 46
    18: 44
    19: 46
    20: 59
    21: 39
    22: 36
    23: 35
    24: 51
    25: 36
    26: 31
    27: 35
    28: 27
    29: 36
    30: 44
    31: 30
    32: 39
    33: 43
    34: 43
    35: 38
    36: 50
    37: 33
    38: 39
    39: 52
    40: 46
    41: 34
    42: 46
    43: 19
    44: 3
    45: 7
    46: 8
    47: 4
    48: 0
    49: 0
    50: 0
    51: 0
    52: 0
    53: 0
    54: 0
    55: 0
    56: 0
    57: 0
    58: 0
    59: 0
    60: 0
    61: 0
    62: 0
    63: 0
    64: 0
    65: 0
    66: 0
    67: 0
    68: 0
    69: 0
    70: 0
    71: 0
    72: 0
    73: 0
    74: 0
    75: 0
    76: 0
    77: 0
    78: 0
    79: 0
    80: 0
    81: 0
    82: 0
    83: 0
    84: 0
    85: 0
    86: 0
    87: 0
    88: 0
    89: 0
    90: 0
    91: 0
    92: 0
    93: 0
    94: 0
    95: 0
    96: 0
    97: 0
    98: 0
    99: 0
  mem-1: # Memory controller stats
   rd: 67547 # Read requests
   wr: 17689 # Write requests
   rdlat: 9062457 # Total latency experienced by read requests
   wrlat: 2579801 # Total latency experienced by write requests
   rdhits: 12 # Read row hits
   wrhits: 40 # Write row hits
   mlh: # latency histogram for memory requests
    0: 0
    1: 0
    2: 0
    3: 0
    4: 0
    5: 0
    6: 0
    7: 0
    8: 0
    9: 0
    10: 0
    11: 1
    12: 2
    13: 65342
    14: 505
    15: 509
    16: 205
    17: 32
    18: 41
    19: 44
    20: 52
    21: 41
    22: 22
    23: 31
    24: 49
    25: 31
    26: 25
    27: 33
    28: 27
    29: 30
    30: 41
    31: 31
    32: 46
    33: 29
    34: 55
    35: 37
    36: 48
    37: 29
    38: 25
    39: 39
    40: 47
    41: 35
    42: 39
    43: 15
    44: 3
    45: 2
    46: 3
    47: 1
    48: 0
    49: 0
    50: 0
    51: 0
    52: 0
    53: 0
    54: 0
    55: 0
    56: 0
    57: 0
    58: 0
    59: 0
    60: 0
    61: 0
    62: 0
    63: 0
    64: 0
    65: 0
    66: 0
    67: 0
    68: 0
    69: 0
    70: 0
    71: 0
    72: 0
    73: 0
    74: 0
    75: 0
    76: 0
    77: 0
    78: 0
    79: 0
    80: 0
    81: 0
    82: 0
    83: 0
    84: 0
    85: 0
    86: 0
    87: 0
    88: 0
    89: 0
    90: 0
    91: 0
    92: 0
    93: 0
    94: 0
    95: 0
    96: 0
    97: 0
    98: 0
    99: 0
  mem-2: # Memory controller stats
   rd: 74414 # Read requests
   wr: 18333 # Write requests
   rdlat: 9981758 # Total latency experienced by read requests
   wrlat: 2696270 # Total latency experienced by write requests
   rdhits: 15 # Read row hits
   wrhits: 20 # Write row hits
   mlh: # latency histogram for memory requests
    0: 0
    1: 0
    2: 0
    3: 0
    4: 0
    5: 0
    6: 0
    7: 0
    8: 0
    9: 0
    10: 0
    11: 0
    12: 1
    13: 71976
    14: 558
    15: 557
    16: 223
    17: 47
    18: 47
    19: 37
    20: 47
    21: 57
    22: 37
    23: 42
    24: 53
    25: 32
    26: 35
    27: 29
    28: 52
    29: 30
    30: 42
    31: 48
    32: 44
    33: 25
    34: 31
    35: 44
    36: 47
    37: 41
    38: 55
    39: 34
    40: 43
    41: 33
    42: 37
    43: 14
    44: 3
    45: 4
    46: 7
    47: 1
    48: 1
    49: 0
    50: 0
    51: 0
    52: 0
    53: 0
    54: 0
    55: 0
    56: 0
    57: 0
    58: 0
    59: 0
    60: 0
    61: 0
    62: 0
    63: 0
    64: 0
    65: 0
    66: 0
    67: 0
    68: 0
    69: 0
    70: 0
    71: 0
    72: 0
    73: 0
    74: 0
    75: 0
    76: 0
    77: 0
    78: 0
    79: 0
    80: 0
    81: 0
    82: 0
    83: 0
    84: 0
    85: 0
    86: 0
    87: 0
    88: 0
    89: 0
    90: 0
    91: 0
    92: 0
    93: 0
    94: 0
    95: 0
    96: 0
    97: 0
    98: 0
    99: 0
  mem-3: # Memory controller stats
   rd: 67898 # Read requests
   wr: 17660 # Write requests
   rdlat: 9103932 # Total latency experienced by read requests
   wrlat: 2581229 # Total latency experienced by write requests
   rdhits: 15 # Read row hits
   wrhits: 40 # Write row hits
   mlh: # latency histogram for memory requests
    0: 0
    1: 0
    2: 0
    3: 0
    4: 0
    5: 0
    6: 0
    7: 0
    8: 0
    9: 0
    10: 0
    11: 2
    12: 4
    13: 65634
    14: 596
    15: 512
    16: 191
    17: 36
    18: 32
    19: 55
    20: 47
    21: 37
    22: 28
    23: 30
    24: 35
    25: 38
    26: 31
    27: 22
    28: 34
    29: 36
    30: 32
    31: 43
    32: 42
    33: 38
    34: 42
    35: 44
    36: 38
    37: 30
    38: 37
    39: 26
    40: 35
    41: 26
    42: 40
    43: 9
    44: 5
    45: 2
    46: 6
    47: 2
    48: 0
    49: 0
    50: 0
    51: 0
    52: 0
    53: 1
    54: 0
    55: 0
    56: 0
    57: 0
    58: 0
    59: 0
    60: 0
    61: 0
    62: 0
    63: 0
    64: 0
    65: 0
    66: 0
    67: 0
    68: 0
    69: 0
    70: 0
    71: 0
    72: 0
    73: 0
    74: 0
    75: 0
    76: 0
    77: 0
    78: 0
    79: 0
    80: 0
    81: 0
    82: 0
    83: 0
    84: 0
    85: 0
    86: 0
    87: 0
    88: 0
    89: 0
    90: 0
    91: 0
    92: 0
    93: 0
    94: 0
    95: 0
    96: 0
    97: 0
    98: 0
    99: 0
 sched: # Scheduler stats
  thCr: 1 # Threads created
  thFn: 1 # Threads finished
  schedEvs: 1 # Schedule events
  waitEvs: 0 # Wait events
  handoffEvs: 0 # Handoff events
  sleepEvs: 0 # Sleep events
  idlePhases: 0 # Phases with no thread active
  idlePeriods: 0 # Periods with no thread active
  occHist: # Occupancy histogram
   0: 0
   1: 12331
  rqSzHist: # Run queue size histogram
   0: 12331
   1: 0
   2: 0
   3: 0
   4: 0
   5: 0
   6: 0
   7: 0
   8: 0
   9: 0
   10: 0
   11: 0
   12: 0
   13: 0
   14: 0
   15: 0
   16: 0
 procCycles: # Per-process unhalted core cycles
  0: 123310048
  1: 0
  2: 0
  3: 0
  4: 0
  5: 0
  6: 0
  7: 0
  8: 0
  9: 0
  10: 0
  11: 0
  12: 0
  13: 0
  14: 0
  15: 0
  16: 0
  17: 0
  18: 0
  19: 0
  20: 0
  21: 0
  22: 0
  23: 0
  24: 0
  25: 0
  26: 0
  27: 0
  28: 0
  29: 0
  30: 0
  31: 0
  32: 0
  33: 0
  34: 0
  35: 0
  36: 0
  37: 0
  38: 0
  39: 0
  40: 0
  41: 0
  42: 0
  43: 0
  44: 0
  45: 0
  46: 0
  47: 0
  48: 0
  49: 0
  50: 0
  51: 0
  52: 0
  53: 0
  54: 0
  55: 0
  56: 0
  57: 0
  58: 0
  59: 0
  60: 0
  61: 0
  62: 0
  63: 0
 procInstrs: # Per-process instructions
  0: 100012757
  1: 0
  2: 0
  3: 0
  4: 0
  5: 0
  6: 0
  7: 0
  8: 0
  9: 0
  10: 0
  11: 0
  12: 0
  13: 0
  14: 0
  15: 0
  16: 0
  17: 0
  18: 0
  19: 0
  20: 0
  21: 0
  22: 0
  23: 0
  24: 0
  25: 0
  26: 0
  27: 0
  28: 0
  29: 0
  30: 0
  31: 0
  32: 0
  33: 0
  34: 0
  35: 0
  36: 0
  37: 0
  38: 0
  39: 0
  40: 0
  41: 0
  42: 0
  43: 0
  44: 0
  45: 0
  46: 0
  47: 0
  48: 0
  49: 0
  50: 0
  51: 0
  52: 0
  53: 0
  54: 0
  55: 0
  56: 0
  57: 0
  58: 0
  59: 0
  60: 0
  61: 0
  62: 0
  63: 0
 heartbeats: # Per-process heartbeats
  0: 0
  1: 0
  2: 0
  3: 0
  4: 0
  5: 0
  6: 0
  7: 0
  8: 0
  9: 0
  10: 0
  11: 0
  12: 0
  13: 0
  14: 0
  15: 0
  16: 0
  17: 0
  18: 0
  19: 0
  20: 0
  21: 0
  22: 0
  23: 0
  24: 0
  25: 0
  26: 0
  27: 0
  28: 0
  29: 0
  30: 0
  31: 0
  32: 0
  33: 0
  34: 0
  35: 0
  36: 0
  37: 0
  38: 0
  39: 0
  40: 0
  41: 0
  42: 0
  43: 0
  44: 0
  45: 0
  46: 0
  47: 0
  48: 0
  49: 0
  50: 0
  51: 0
  52: 0
  53: 0
  54: 0
  55: 0
  56: 0
  57: 0
  58: 0
  59: 0
  60: 0
  61: 0
  62: 0
  63: 0
===
