# zsim stats
===
root: # Stats
 contention: # Contention simulation stats
  domain-0: # Domain stats
   time: 207301721 # Weave simulation time
 time: # Simulator time breakdown
  init: 26919751459
  bound: 5685729707
  weave: 1062592679
  ff: 0
 trigger: 20000 # Reason for this stats dump
 phase: 10658 # Simulated phases
 westmere: # Core stats
  westmere-0: # Core stats
   cycles: 106580085 # Simulated unhalted cycles
   cCycles: 7514959 # Cycles due to contention stalls
   instrs: 100021636 # Simulated instructions
   uops: 113829103 # Retired micro-ops
   bbls: 14848275 # Basic blocks
   approxInstrs: 596117 # Instrs with approx uop decoding
   mispredBranches: 789661 # Mispredicted branches
   condBranches: 12876819 # conditional branches
 l1i: # Cache stats
  l1i-0: # Filter cache stats
   fhGETS: 19610680 # Filtered GETS hits
   fhGETX: 0 # Filtered GETX hits
   hGETS: 198 # GETS hits
   hGETX: 0 # GETX hits
   mGETS: 162 # GETS misses
   mGETXIM: 0 # GETX I->M misses
   mGETXSM: 0 # GETX S->M misses (upgrade misses)
   PUTS: 0 # Clean evictions (from lower level)
   PUTX: 0 # Dirty evictions (from lower level)
   INV: 0 # Invalidates (from upper level)
   INVX: 0 # Downgrades (from upper level)
   FWD: 0 # Forwards (from upper level)
   latGETnl: 20088 # GET request latency on next level
   latGETnet: 0 # GET request latency on network to next level
 l1d: # Cache stats
  l1d-0: # Filter cache stats
   fhGETS: 25338994 # Filtered GETS hits
   fhGETX: 11378775 # Filtered GETX hits
   hGETS: 1031293 # GETS hits
   hGETX: 1689027 # GETX hits
   mGETS: 1934871 # GETS misses
   mGETXIM: 1093069 # GETX I->M misses
   mGETXSM: 0 # GETX S->M misses (upgrade misses)
   PUTS: 0 # Clean evictions (from lower level)
   PUTX: 0 # Dirty evictions (from lower level)
   INV: 0 # Invalidates (from upper level)
   INVX: 0 # Downgrades (from upper level)
   FWD: 0 # Forwards (from upper level)
   latGETnl: 101100706 # GET request latency on next level
   latGETnet: 0 # GET request latency on network to next level
 l2: # Cache stats
  l2-0: # Cache stats
   hGETS: 940522 # GETS hits
   hGETX: 119514 # GETX hits
   mGETS: 994511 # GETS misses
   mGETXIM: 973555 # GETX I->M misses
   mGETXSM: 0 # GETX S->M misses (upgrade misses)
   PUTS: 942862 # Clean evictions (from lower level)
   PUTX: 2084566 # Dirty evictions (from lower level)
   INV: 0 # Invalidates (from upper level)
   INVX: 0 # Downgrades (from upper level)
   FWD: 0 # Forwards (from upper level)
   latGETnl: 70839774 # GET request latency on next level
   latGETnet: 0 # GET request latency on network to next level
 l3: # Cache stats
  l3-0: # Cache stats
   hGETS: 916372 # GETS hits
   hGETX: 789403 # GETX hits
   mGETS: 78139 # GETS misses
   mGETXIM: 184152 # GETX I->M misses
   mGETXSM: 0 # GETX S->M misses (upgrade misses)
   PUTS: 580003 # Clean evictions (from lower level)
   PUTX: 1383967 # Dirty evictions (from lower level)
   INV: 0 # Invalidates (from upper level)
   INVX: 0 # Downgrades (from upper level)
   FWD: 0 # Forwards (from upper level)
   latGETnl: 23606190 # GET request latency on next level
   latGETnet: 0 # GET request latency on network to next level
 mem: # Memory controller stats
  mem-0: # Memory controller stats
   rd: 65780 # Read requests
   wr: 48829 # Write requests
   rdlat: 8887015 # Total latency experienced by read requests
   wrlat: 6988003 # Total latency experienced by write requests
   rdhits: 415 # Read row hits
   wrhits: 326 # Write row hits
   mlh: # latency histogram for memory requests
    0: 0
    1: 0
    2: 0
    3: 0
    4: 0
    5: 0
    6: 0
    7: 0
    8: 0
    9: 0
    10: 0
    11: 107
    12: 86
    13: 61552
    14: 1159
    15: 866
    16: 463
    17: 151
    18: 121
    19: 141
    20: 149
    21: 113
    22: 56
    23: 74
    24: 50
    25: 49
    26: 29
    27: 30
    28: 43
    29: 33
    30: 25
    31: 26
    32: 46
    33: 49
    34: 30
    35: 32
    36: 34
    37: 48
    38: 32
    39: 30
    40: 51
    41: 30
    42: 32
    43: 13
    44: 6
    45: 10
    46: 5
    47: 5
    48: 1
    49: 2
    50: 0
    51: 0
    52: 0
    53: 0
    54: 1
    55: 0
    56: 0
    57: 0
    58: 0
    59: 0
    60: 0
    61: 0
    62: 0
    63: 0
    64: 0
    65: 0
    66: 0
    67: 0
    68: 0
    69: 0
    70: 0
    71: 0
    72: 0
    73: 0
    74: 0
    75: 0
    76: 0
    77: 0
    78: 0
    79: 0
    80: 0
    81: 0
    82: 0
    83: 0
    84: 0
    85: 0
    86: 0
    87: 0
    88: 0
    89: 0
    90: 0
    91: 0
    92: 0
    93: 0
    94: 0
    95: 0
    96: 0
    97: 0
    98: 0
    99: 0
  mem-1: # Memory controller stats
   rd: 65535 # Read requests
   wr: 48676 # Write requests
   rdlat: 8863310 # Total latency experienced by read requests
   wrlat: 6952294 # Total latency experienced by write requests
   rdhits: 427 # Read row hits
   wrhits: 350 # Write row hits
   mlh: # latency histogram for memory requests
    0: 0
    1: 0
    2: 0
    3: 0
    4: 0
    5: 0
    6: 0
    7: 0
    8: 0
    9: 0
    10: 0
    11: 92
    12: 83
    13: 61286
    14: 1138
    15: 913
    16: 475
    17: 133
    18: 106
    19: 149
    20: 175
    21: 129
    22: 54
    23: 58
    24: 57
    25: 44
    26: 35
    27: 20
    28: 33
    29: 32
    30: 31
    31: 29
    32: 29
    33: 34
    34: 56
    35: 36
    36: 30
    37: 47
    38: 40
    39: 42
    40: 44
    41: 48
    42: 32
    43: 16
    44: 2
    45: 3
    46: 1
    47: 3
    48: 0
    49: 0
    50: 0
    51: 0
    52: 0
    53: 0
    54: 0
    55: 0
    56: 0
    57: 0
    58: 0
    59: 0
    60: 0
    61: 0
    62: 0
    63: 0
    64: 0
    65: 0
    66: 0
    67: 0
    68: 0
    69: 0
    70: 0
    71: 0
    72: 0
    73: 0
    74: 0
    75: 0
    76: 0
    77: 0
    78: 0
    79: 0
    80: 0
    81: 0
    82: 0
    83: 0
    84: 0
    85: 0
    86: 0
    87: 0
    88: 0
    89: 0
    90: 0
    91: 0
    92: 0
    93: 0
    94: 0
    95: 0
    96: 0
    97: 0
    98: 0
    99: 0
  mem-2: # Memory controller stats
   rd: 65516 # Read requests
   wr: 48479 # Write requests
   rdlat: 8859346 # Total latency experienced by read requests
   wrlat: 6939734 # Total latency experienced by write requests
   rdhits: 425 # Read row hits
   wrhits: 333 # Write row hits
   mlh: # latency histogram for memory requests
    0: 0
    1: 0
    2: 0
    3: 0
    4: 0
    5: 0
    6: 0
    7: 0
    8: 0
    9: 0
    10: 0
    11: 93
    12: 86
    13: 61213
    14: 1216
    15: 801
    16: 483
    17: 156
    18: 143
    19: 141
    20: 171
    21: 132
    22: 48
    23: 68
    24: 71
    25: 43
    26: 28
    27: 33
    28: 36
    29: 39
    30: 24
    31: 36
    32: 39
    33: 45
    34: 40
    35: 33
    36: 28
    37: 41
    38: 32
    39: 44
    40: 29
    41: 28
    42: 53
    43: 10
    44: 11
    45: 5
    46: 5
    47: 8
    48: 1
    49: 1
    50: 0
    51: 1
    52: 1
    53: 0
    54: 0
    55: 0
    56: 0
    57: 0
    58: 0
    59: 0
    60: 0
    61: 0
    62: 0
    63: 0
    64: 0
    65: 0
    66: 0
    67: 0
    68: 0
    69: 0
    70: 0
    71: 0
    72: 0
    73: 0
    74: 0
    75: 0
    76: 0
    77: 0
    78: 0
    79: 0
    80: 0
    81: 0
    82: 0
    83: 0
    84: 0
    85: 0
    86: 0
    87: 0
    88: 0
    89: 0
    90: 0
    91: 0
    92: 0
    93: 0
    94: 0
    95: 0
    96: 0
    97: 0
    98: 0
    99: 0
  mem-3: # Memory controller stats
   rd: 65460 # Read requests
   wr: 48459 # Write requests
   rdlat: 8856655 # Total latency experienced by read requests
   wrlat: 6918038 # Total latency experienced by write requests
   rdhits: 383 # Read row hits
   wrhits: 301 # Write row hits
   mlh: # latency histogram for memory requests
    0: 0
    1: 0
    2: 0
    3: 0
    4: 0
    5: 0
    6: 0
    7: 0
    8: 0
    9: 0
    10: 0
    11: 76
    12: 83
    13: 61304
    14: 1115
    15: 873
    16: 438
    17: 143
    18: 124
    19: 151
    20: 148
    21: 134
    22: 53
    23: 56
    24: 57
    25: 49
    26: 29
    27: 21
    28: 25
    29: 32
    30: 37
    31: 26
    32: 36
    33: 43
    34: 41
    35: 44
    36: 44
    37: 40
    38: 44
    39: 36
    40: 36
    41: 34
    42: 40
    43: 20
    44: 9
    45: 3
    46: 7
    47: 5
    48: 4
    49: 0
    50: 0
    51: 0
    52: 0
    53: 0
    54: 0
    55: 0
    56: 0
    57: 0
    58: 0
    59: 0
    60: 0
    61: 0
    62: 0
    63: 0
    64: 0
    65: 0
    66: 0
    67: 0
    68: 0
    69: 0
    70: 0
    71: 0
    72: 0
    73: 0
    74: 0
    75: 0
    76: 0
    77: 0
    78: 0
    79: 0
    80: 0
    81: 0
    82: 0
    83: 0
    84: 0
    85: 0
    86: 0
    87: 0
    88: 0
    89: 0
    90: 0
    91: 0
    92: 0
    93: 0
    94: 0
    95: 0
    96: 0
    97: 0
    98: 0
    99: 0
 sched: # Scheduler stats
  thCr: 1 # Threads created
  thFn: 1 # Threads finished
  schedEvs: 1 # Schedule events
  waitEvs: 0 # Wait events
  handoffEvs: 0 # Handoff events
  sleepEvs: 0 # Sleep events
  idlePhases: 0 # Phases with no thread active
  idlePeriods: 0 # Periods with no thread active
  occHist: # Occupancy histogram
   0: 0
   1: 10658
  rqSzHist: # Run queue size histogram
   0: 10658
   1: 0
   2: 0
   3: 0
   4: 0
   5: 0
   6: 0
   7: 0
   8: 0
   9: 0
   10: 0
   11: 0
   12: 0
   13: 0
   14: 0
   15: 0
   16: 0
 procCycles: # Per-process unhalted core cycles
  0: 106580085
  1: 0
  2: 0
  3: 0
  4: 0
  5: 0
  6: 0
  7: 0
  8: 0
  9: 0
  10: 0
  11: 0
  12: 0
  13: 0
  14: 0
  15: 0
  16: 0
  17: 0
  18: 0
  19: 0
  20: 0
  21: 0
  22: 0
  23: 0
  24: 0
  25: 0
  26: 0
  27: 0
  28: 0
  29: 0
  30: 0
  31: 0
  32: 0
  33: 0
  34: 0
  35: 0
  36: 0
  37: 0
  38: 0
  39: 0
  40: 0
  41: 0
  42: 0
  43: 0
  44: 0
  45: 0
  46: 0
  47: 0
  48: 0
  49: 0
  50: 0
  51: 0
  52: 0
  53: 0
  54: 0
  55: 0
  56: 0
  57: 0
  58: 0
  59: 0
  60: 0
  61: 0
  62: 0
  63: 0
 procInstrs: # Per-process instructions
  0: 100021636
  1: 0
  2: 0
  3: 0
  4: 0
  5: 0
  6: 0
  7: 0
  8: 0
  9: 0
  10: 0
  11: 0
  12: 0
  13: 0
  14: 0
  15: 0
  16: 0
  17: 0
  18: 0
  19: 0
  20: 0
  21: 0
  22: 0
  23: 0
  24: 0
  25: 0
  26: 0
  27: 0
  28: 0
  29: 0
  30: 0
  31: 0
  32: 0
  33: 0
  34: 0
  35: 0
  36: 0
  37: 0
  38: 0
  39: 0
  40: 0
  41: 0
  42: 0
  43: 0
  44: 0
  45: 0
  46: 0
  47: 0
  48: 0
  49: 0
  50: 0
  51: 0
  52: 0
  53: 0
  54: 0
  55: 0
  56: 0
  57: 0
  58: 0
  59: 0
  60: 0
  61: 0
  62: 0
  63: 0
 heartbeats: # Per-process heartbeats
  0: 0
  1: 0
  2: 0
  3: 0
  4: 0
  5: 0
  6: 0
  7: 0
  8: 0
  9: 0
  10: 0
  11: 0
  12: 0
  13: 0
  14: 0
  15: 0
  16: 0
  17: 0
  18: 0
  19: 0
  20: 0
  21: 0
  22: 0
  23: 0
  24: 0
  25: 0
  26: 0
  27: 0
  28: 0
  29: 0
  30: 0
  31: 0
  32: 0
  33: 0
  34: 0
  35: 0
  36: 0
  37: 0
  38: 0
  39: 0
  40: 0
  41: 0
  42: 0
  43: 0
  44: 0
  45: 0
  46: 0
  47: 0
  48: 0
  49: 0
  50: 0
  51: 0
  52: 0
  53: 0
  54: 0
  55: 0
  56: 0
  57: 0
  58: 0
  59: 0
  60: 0
  61: 0
  62: 0
  63: 0
===
