# zsim stats
===
root: # Stats
 contention: # Contention simulation stats
  domain-0: # Domain stats
   time: 183846369 # Weave simulation time
 time: # Simulator time breakdown
  init: 509057091
  bound: 42413566934
  weave: 856540738
  ff: 0
 trigger: 20000 # Reason for this stats dump
 phase: 40172 # Simulated phases
 westmere: # Core stats
  westmere-0: # Core stats
   cycles: 401720005 # Simulated unhalted cycles
   cCycles: 27978 # Cycles due to contention stalls
   instrs: 625004459 # Simulated instructions
   uops: 750419846 # Retired micro-ops
   bbls: 83820561 # Basic blocks
   approxInstrs: 6871089 # Instrs with approx uop decoding
   mispredBranches: 1800369 # Mispredicted branches
   condBranches: 64862955 # conditional branches
  westmere-1: # Core stats
   cycles: 401720005 # Simulated unhalted cycles
   cCycles: 29713 # Cycles due to contention stalls
   instrs: 625001324 # Simulated instructions
   uops: 750415760 # Retired micro-ops
   bbls: 83819815 # Basic blocks
   approxInstrs: 6871120 # Instrs with approx uop decoding
   mispredBranches: 1800331 # Mispredicted branches
   condBranches: 64862320 # conditional branches
  westmere-2: # Core stats
   cycles: 401710009 # Simulated unhalted cycles
   cCycles: 26554 # Cycles due to contention stalls
   instrs: 624997174 # Simulated instructions
   uops: 750410572 # Retired micro-ops
   bbls: 83819273 # Basic blocks
   approxInstrs: 6870982 # Instrs with approx uop decoding
   mispredBranches: 1800291 # Mispredicted branches
   condBranches: 64862008 # conditional branches
  westmere-3: # Core stats
   cycles: 401710002 # Simulated unhalted cycles
   cCycles: 28337 # Cycles due to contention stalls
   instrs: 625001109 # Simulated instructions
   uops: 750415467 # Retired micro-ops
   bbls: 83819796 # Basic blocks
   approxInstrs: 6871115 # Instrs with approx uop decoding
   mispredBranches: 1800329 # Mispredicted branches
   condBranches: 64862311 # conditional branches
  westmere-4: # Core stats
   cycles: 401710002 # Simulated unhalted cycles
   cCycles: 27075 # Cycles due to contention stalls
   instrs: 625005705 # Simulated instructions
   uops: 750421151 # Retired micro-ops
   bbls: 83820420 # Basic blocks
   approxInstrs: 6871279 # Instrs with approx uop decoding
   mispredBranches: 1800378 # Mispredicted branches
   condBranches: 64862671 # conditional branches
  westmere-5: # Core stats
   cycles: 401710007 # Simulated unhalted cycles
   cCycles: 25856 # Cycles due to contention stalls
   instrs: 625006001 # Simulated instructions
   uops: 750421494 # Retired micro-ops
   bbls: 83820460 # Basic blocks
   approxInstrs: 6871289 # Instrs with approx uop decoding
   mispredBranches: 1800381 # Mispredicted branches
   condBranches: 64862698 # conditional branches
  westmere-6: # Core stats
   cycles: 401710005 # Simulated unhalted cycles
   cCycles: 29518 # Cycles due to contention stalls
   instrs: 624999906 # Simulated instructions
   uops: 750413964 # Retired micro-ops
   bbls: 83819626 # Basic blocks
   approxInstrs: 6871069 # Instrs with approx uop decoding
   mispredBranches: 1800319 # Mispredicted branches
   condBranches: 64862222 # conditional branches
  westmere-7: # Core stats
   cycles: 401710003 # Simulated unhalted cycles
   cCycles: 27507 # Cycles due to contention stalls
   instrs: 625003686 # Simulated instructions
   uops: 750418655 # Retired micro-ops
   bbls: 83820142 # Basic blocks
   approxInstrs: 6871210 # Instrs with approx uop decoding
   mispredBranches: 1800353 # Mispredicted branches
   condBranches: 64862508 # conditional branches
 l1i: # Cache stats
  l1i-0: # Filter cache stats
   fhGETS: 112021221 # Filtered GETS hits
   fhGETX: 0 # Filtered GETX hits
   hGETS: 1226591 # GETS hits
   hGETX: 0 # GETX hits
   mGETS: 45523 # GETS misses
   mGETXIM: 0 # GETX I->M misses
   mGETXSM: 0 # GETX S->M misses (upgrade misses)
   PUTS: 0 # Clean evictions (from lower level)
   PUTX: 0 # Dirty evictions (from lower level)
   INV: 0 # Invalidates (from upper level)
   INVX: 0 # Downgrades (from upper level)
   FWD: 0 # Forwards (from upper level)
   latGETnl: 481510 # GET request latency on next level
   latGETnet: 0 # GET request latency on network to next level
  l1i-1: # Filter cache stats
   fhGETS: 112020571 # Filtered GETS hits
   fhGETX: 0 # Filtered GETX hits
   hGETS: 1226462 # GETS hits
   hGETX: 0 # GETX hits
   mGETS: 45448 # GETS misses
   mGETXIM: 0 # GETX I->M misses
   mGETXSM: 0 # GETX S->M misses (upgrade misses)
   PUTS: 0 # Clean evictions (from lower level)
   PUTX: 0 # Dirty evictions (from lower level)
   INV: 0 # Invalidates (from upper level)
   INVX: 0 # Downgrades (from upper level)
   FWD: 0 # Forwards (from upper level)
   latGETnl: 483562 # GET request latency on next level
   latGETnet: 0 # GET request latency on network to next level
  l1i-2: # Filter cache stats
   fhGETS: 112019691 # Filtered GETS hits
   fhGETX: 0 # Filtered GETX hits
   hGETS: 1226456 # GETS hits
   hGETX: 0 # GETX hits
   mGETS: 45452 # GETS misses
   mGETXIM: 0 # GETX I->M misses
   mGETXSM: 0 # GETX S->M misses (upgrade misses)
   PUTS: 0 # Clean evictions (from lower level)
   PUTX: 0 # Dirty evictions (from lower level)
   INV: 0 # Invalidates (from upper level)
   INVX: 0 # Downgrades (from upper level)
   FWD: 0 # Forwards (from upper level)
   latGETnl: 475706 # GET request latency on next level
   latGETnet: 0 # GET request latency on network to next level
  l1i-3: # Filter cache stats
   fhGETS: 112020564 # Filtered GETS hits
   fhGETX: 0 # Filtered GETX hits
   hGETS: 1226464 # GETS hits
   hGETX: 0 # GETX hits
   mGETS: 45454 # GETS misses
   mGETXIM: 0 # GETX I->M misses
   mGETXSM: 0 # GETX S->M misses (upgrade misses)
   PUTS: 0 # Clean evictions (from lower level)
   PUTX: 0 # Dirty evictions (from lower level)
   INV: 0 # Invalidates (from upper level)
   INVX: 0 # Downgrades (from upper level)
   FWD: 0 # Forwards (from upper level)
   latGETnl: 475594 # GET request latency on next level
   latGETnet: 0 # GET request latency on network to next level
  l1i-4: # Filter cache stats
   fhGETS: 112021600 # Filtered GETS hits
   fhGETX: 0 # Filtered GETX hits
   hGETS: 1226469 # GETS hits
   hGETX: 0 # GETX hits
   mGETS: 45449 # GETS misses
   mGETXIM: 0 # GETX I->M misses
   mGETXSM: 0 # GETX S->M misses (upgrade misses)
   PUTS: 0 # Clean evictions (from lower level)
   PUTX: 0 # Dirty evictions (from lower level)
   INV: 0 # Invalidates (from upper level)
   INVX: 0 # Downgrades (from upper level)
   FWD: 0 # Forwards (from upper level)
   latGETnl: 474014 # GET request latency on next level
   latGETnet: 0 # GET request latency on network to next level
  l1i-5: # Filter cache stats
   fhGETS: 112021657 # Filtered GETS hits
   fhGETX: 0 # Filtered GETX hits
   hGETS: 1226461 # GETS hits
   hGETX: 0 # GETX hits
   mGETS: 45452 # GETS misses
   mGETXIM: 0 # GETX I->M misses
   mGETXSM: 0 # GETX S->M misses (upgrade misses)
   PUTS: 0 # Clean evictions (from lower level)
   PUTX: 0 # Dirty evictions (from lower level)
   INV: 0 # Invalidates (from upper level)
   INVX: 0 # Downgrades (from upper level)
   FWD: 0 # Forwards (from upper level)
   latGETnl: 474266 # GET request latency on next level
   latGETnet: 0 # GET request latency on network to next level
  l1i-6: # Filter cache stats
   fhGETS: 112020321 # Filtered GETS hits
   fhGETX: 0 # Filtered GETX hits
   hGETS: 1226460 # GETS hits
   hGETX: 0 # GETX hits
   mGETS: 45447 # GETS misses
   mGETXIM: 0 # GETX I->M misses
   mGETXSM: 0 # GETX S->M misses (upgrade misses)
   PUTS: 0 # Clean evictions (from lower level)
   PUTX: 0 # Dirty evictions (from lower level)
   INV: 0 # Invalidates (from upper level)
   INVX: 0 # Downgrades (from upper level)
   FWD: 0 # Forwards (from upper level)
   latGETnl: 477564 # GET request latency on next level
   latGETnet: 0 # GET request latency on network to next level
  l1i-7: # Filter cache stats
   fhGETS: 112021133 # Filtered GETS hits
   fhGETX: 0 # Filtered GETX hits
   hGETS: 1226462 # GETS hits
   hGETX: 0 # GETX hits
   mGETS: 45447 # GETS misses
   mGETXIM: 0 # GETX I->M misses
   mGETXSM: 0 # GETX S->M misses (upgrade misses)
   PUTS: 0 # Clean evictions (from lower level)
   PUTX: 0 # Dirty evictions (from lower level)
   INV: 0 # Invalidates (from upper level)
   INVX: 0 # Downgrades (from upper level)
   FWD: 0 # Forwards (from upper level)
   latGETnl: 474258 # GET request latency on next level
   latGETnet: 0 # GET request latency on network to next level
 l1d: # Cache stats
  l1d-0: # Filter cache stats
   fhGETS: 160951290 # Filtered GETS hits
   fhGETX: 38005243 # Filtered GETX hits
   hGETS: 11117072 # GETS hits
   hGETX: 11695831 # GETX hits
   mGETS: 1337115 # GETS misses
   mGETXIM: 1104137 # GETX I->M misses
   mGETXSM: 16 # GETX S->M misses (upgrade misses)
   PUTS: 0 # Clean evictions (from lower level)
   PUTX: 0 # Dirty evictions (from lower level)
   INV: 43 # Invalidates (from upper level)
   INVX: 38 # Downgrades (from upper level)
   FWD: 0 # Forwards (from upper level)
   latGETnl: 24583465 # GET request latency on next level
   latGETnet: 0 # GET request latency on network to next level
  l1d-1: # Filter cache stats
   fhGETS: 155695821 # Filtered GETS hits
   fhGETX: 37708097 # Filtered GETX hits
   hGETS: 16370234 # GETS hits
   hGETX: 11994689 # GETX hits
   mGETS: 1339247 # GETS misses
   mGETXIM: 1101274 # GETX I->M misses
   mGETXSM: 3 # GETX S->M misses (upgrade misses)
   PUTS: 0 # Clean evictions (from lower level)
   PUTX: 0 # Dirty evictions (from lower level)
   INV: 10 # Invalidates (from upper level)
   INVX: 128 # Downgrades (from upper level)
   FWD: 0 # Forwards (from upper level)
   latGETnl: 24569430 # GET request latency on next level
   latGETnet: 0 # GET request latency on network to next level
  l1d-2: # Filter cache stats
   fhGETS: 159586137 # Filtered GETS hits
   fhGETX: 38002134 # Filtered GETX hits
   hGETS: 12481260 # GETS hits
   hGETX: 11698305 # GETX hits
   mGETS: 1336586 # GETS misses
   mGETXIM: 1103386 # GETX I->M misses
   mGETXSM: 6 # GETX S->M misses (upgrade misses)
   PUTS: 0 # Clean evictions (from lower level)
   PUTX: 0 # Dirty evictions (from lower level)
   INV: 8 # Invalidates (from upper level)
   INVX: 73 # Downgrades (from upper level)
   FWD: 0 # Forwards (from upper level)
   latGETnl: 24559526 # GET request latency on next level
   latGETnet: 0 # GET request latency on network to next level
  l1d-3: # Filter cache stats
   fhGETS: 161155167 # Filtered GETS hits
   fhGETX: 38009349 # Filtered GETX hits
   hGETS: 10914158 # GETS hits
   hGETX: 11691177 # GETX hits
   mGETS: 1335876 # GETS misses
   mGETXIM: 1103519 # GETX I->M misses
   mGETXSM: 6 # GETX S->M misses (upgrade misses)
   PUTS: 0 # Clean evictions (from lower level)
   PUTX: 0 # Dirty evictions (from lower level)
   INV: 10 # Invalidates (from upper level)
   INVX: 46 # Downgrades (from upper level)
   FWD: 0 # Forwards (from upper level)
   latGETnl: 24550525 # GET request latency on next level
   latGETnet: 0 # GET request latency on network to next level
  l1d-4: # Filter cache stats
   fhGETS: 161061461 # Filtered GETS hits
   fhGETX: 38015823 # Filtered GETX hits
   hGETS: 11007005 # GETS hits
   hGETX: 11683777 # GETX hits
   mGETS: 1338125 # GETS misses
   mGETXIM: 1104706 # GETX I->M misses
   mGETXSM: 5 # GETX S->M misses (upgrade misses)
   PUTS: 0 # Clean evictions (from lower level)
   PUTX: 0 # Dirty evictions (from lower level)
   INV: 9 # Invalidates (from upper level)
   INVX: 34 # Downgrades (from upper level)
   FWD: 0 # Forwards (from upper level)
   latGETnl: 24583674 # GET request latency on next level
   latGETnet: 0 # GET request latency on network to next level
  l1d-5: # Filter cache stats
   fhGETS: 159296868 # Filtered GETS hits
   fhGETX: 38024578 # Filtered GETX hits
   hGETS: 12773236 # GETS hits
   hGETX: 11671496 # GETX hits
   mGETS: 1336559 # GETS misses
   mGETXIM: 1108243 # GETX I->M misses
   mGETXSM: 6 # GETX S->M misses (upgrade misses)
   PUTS: 0 # Clean evictions (from lower level)
   PUTX: 0 # Dirty evictions (from lower level)
   INV: 9 # Invalidates (from upper level)
   INVX: 61 # Downgrades (from upper level)
   FWD: 0 # Forwards (from upper level)
   latGETnl: 24606001 # GET request latency on next level
   latGETnet: 0 # GET request latency on network to next level
  l1d-6: # Filter cache stats
   fhGETS: 156888460 # Filtered GETS hits
   fhGETX: 37829265 # Filtered GETX hits
   hGETS: 15180293 # GETS hits
   hGETX: 11873735 # GETX hits
   mGETS: 1336069 # GETS misses
   mGETXIM: 1100979 # GETX I->M misses
   mGETXSM: 6 # GETX S->M misses (upgrade misses)
   PUTS: 0 # Clean evictions (from lower level)
   PUTX: 0 # Dirty evictions (from lower level)
   INV: 9 # Invalidates (from upper level)
   INVX: 38 # Downgrades (from upper level)
   FWD: 0 # Forwards (from upper level)
   latGETnl: 24526137 # GET request latency on next level
   latGETnet: 0 # GET request latency on network to next level
  l1d-7: # Filter cache stats
   fhGETS: 157137761 # Filtered GETS hits
   fhGETX: 37686804 # Filtered GETX hits
   hGETS: 14930242 # GETS hits
   hGETX: 12017394 # GETX hits
   mGETS: 1337989 # GETS misses
   mGETXIM: 1099990 # GETX I->M misses
   mGETXSM: 6 # GETX S->M misses (upgrade misses)
   PUTS: 0 # Clean evictions (from lower level)
   PUTX: 0 # Dirty evictions (from lower level)
   INV: 5 # Invalidates (from upper level)
   INVX: 37 # Downgrades (from upper level)
   FWD: 0 # Forwards (from upper level)
   latGETnl: 24535274 # GET request latency on next level
   latGETnet: 0 # GET request latency on network to next level
 l2: # Cache stats
  l2-0: # Cache stats
   hGETS: 1381382 # GETS hits
   hGETX: 1102915 # GETX hits
   mGETS: 1256 # GETS misses
   mGETXIM: 1222 # GETX I->M misses
   mGETXSM: 16 # GETX S->M misses (upgrade misses)
   PUTS: 1190663 # Clean evictions (from lower level)
   PUTX: 1295065 # Dirty evictions (from lower level)
   INV: 43 # Invalidates (from upper level)
   INVX: 39 # Downgrades (from upper level)
   FWD: 0 # Forwards (from upper level)
   latGETnl: 197065 # GET request latency on next level
   latGETnet: 0 # GET request latency on network to next level
  l2-1: # Cache stats
   hGETS: 1383531 # GETS hits
   hGETX: 1100179 # GETX hits
   mGETS: 1164 # GETS misses
   mGETXIM: 1095 # GETX I->M misses
   mGETXSM: 3 # GETX S->M misses (upgrade misses)
   PUTS: 1192891 # Clean evictions (from lower level)
   PUTX: 1292074 # Dirty evictions (from lower level)
   INV: 10 # Invalidates (from upper level)
   INVX: 128 # Downgrades (from upper level)
   FWD: 0 # Forwards (from upper level)
   latGETnl: 193272 # GET request latency on next level
   latGETnet: 0 # GET request latency on network to next level
  l2-2: # Cache stats
   hGETS: 1380874 # GETS hits
   hGETX: 1102291 # GETX hits
   mGETS: 1164 # GETS misses
   mGETXIM: 1095 # GETX I->M misses
   mGETXSM: 6 # GETX S->M misses (upgrade misses)
   PUTS: 1191853 # Clean evictions (from lower level)
   PUTX: 1292570 # Dirty evictions (from lower level)
   INV: 8 # Invalidates (from upper level)
   INVX: 73 # Downgrades (from upper level)
   FWD: 0 # Forwards (from upper level)
   latGETnl: 180932 # GET request latency on next level
   latGETnet: 0 # GET request latency on network to next level
  l2-3: # Cache stats
   hGETS: 1380163 # GETS hits
   hGETX: 1102423 # GETX hits
   mGETS: 1167 # GETS misses
   mGETXIM: 1096 # GETX I->M misses
   mGETXSM: 6 # GETX S->M misses (upgrade misses)
   PUTS: 1190339 # Clean evictions (from lower level)
   PUTX: 1293506 # Dirty evictions (from lower level)
   INV: 10 # Invalidates (from upper level)
   INVX: 46 # Downgrades (from upper level)
   FWD: 0 # Forwards (from upper level)
   latGETnl: 177569 # GET request latency on next level
   latGETnet: 0 # GET request latency on network to next level
  l2-4: # Cache stats
   hGETS: 1382407 # GETS hits
   hGETX: 1103611 # GETX hits
   mGETS: 1167 # GETS misses
   mGETXIM: 1095 # GETX I->M misses
   mGETXSM: 5 # GETX S->M misses (upgrade misses)
   PUTS: 1190529 # Clean evictions (from lower level)
   PUTX: 1296748 # Dirty evictions (from lower level)
   INV: 9 # Invalidates (from upper level)
   INVX: 34 # Downgrades (from upper level)
   FWD: 0 # Forwards (from upper level)
   latGETnl: 174838 # GET request latency on next level
   latGETnet: 0 # GET request latency on network to next level
  l2-5: # Cache stats
   hGETS: 1380846 # GETS hits
   hGETX: 1107148 # GETX hits
   mGETS: 1165 # GETS misses
   mGETXIM: 1095 # GETX I->M misses
   mGETXSM: 6 # GETX S->M misses (upgrade misses)
   PUTS: 1190630 # Clean evictions (from lower level)
   PUTX: 1298622 # Dirty evictions (from lower level)
   INV: 9 # Invalidates (from upper level)
   INVX: 61 # Downgrades (from upper level)
   FWD: 0 # Forwards (from upper level)
   latGETnl: 177667 # GET request latency on next level
   latGETnet: 0 # GET request latency on network to next level
  l2-6: # Cache stats
   hGETS: 1380354 # GETS hits
   hGETX: 1099884 # GETX hits
   mGETS: 1162 # GETS misses
   mGETXIM: 1095 # GETX I->M misses
   mGETXSM: 6 # GETX S->M misses (upgrade misses)
   PUTS: 1191315 # Clean evictions (from lower level)
   PUTX: 1290180 # Dirty evictions (from lower level)
   INV: 9 # Invalidates (from upper level)
   INVX: 38 # Downgrades (from upper level)
   FWD: 0 # Forwards (from upper level)
   latGETnl: 178691 # GET request latency on next level
   latGETnet: 0 # GET request latency on network to next level
  l2-7: # Cache stats
   hGETS: 1382276 # GETS hits
   hGETX: 1098895 # GETX hits
   mGETS: 1160 # GETS misses
   mGETXIM: 1095 # GETX I->M misses
   mGETXSM: 6 # GETX S->M misses (upgrade misses)
   PUTS: 1193256 # Clean evictions (from lower level)
   PUTX: 1289172 # Dirty evictions (from lower level)
   INV: 5 # Invalidates (from upper level)
   INVX: 37 # Downgrades (from upper level)
   FWD: 0 # Forwards (from upper level)
   latGETnl: 175212 # GET request latency on next level
   latGETnet: 0 # GET request latency on network to next level
 l3: # Cache stats
  l3-0b0: # Cache stats
   hGETS: 867 # GETS hits
   hGETX: 5 # GETX hits
   mGETS: 296 # GETS misses
   mGETXIM: 1089 # GETX I->M misses
   mGETXSM: 0 # GETX S->M misses (upgrade misses)
   PUTS: 0 # Clean evictions (from lower level)
   PUTX: 0 # Dirty evictions (from lower level)
   INV: 0 # Invalidates (from upper level)
   INVX: 0 # Downgrades (from upper level)
   FWD: 0 # Forwards (from upper level)
   latGETnl: 124650 # GET request latency on next level
   latGETnet: 0 # GET request latency on network to next level
  l3-0b1: # Cache stats
   hGETS: 900 # GETS hits
   hGETX: 13 # GETX hits
   mGETS: 305 # GETS misses
   mGETXIM: 1090 # GETX I->M misses
   mGETXSM: 0 # GETX S->M misses (upgrade misses)
   PUTS: 1 # Clean evictions (from lower level)
   PUTX: 0 # Dirty evictions (from lower level)
   INV: 0 # Invalidates (from upper level)
   INVX: 0 # Downgrades (from upper level)
   FWD: 0 # Forwards (from upper level)
   latGETnl: 125550 # GET request latency on next level
   latGETnet: 0 # GET request latency on network to next level
  l3-0b2: # Cache stats
   hGETS: 908 # GETS hits
   hGETX: 10 # GETX hits
   mGETS: 278 # GETS misses
   mGETXIM: 1127 # GETX I->M misses
   mGETXSM: 0 # GETX S->M misses (upgrade misses)
   PUTS: 0 # Clean evictions (from lower level)
   PUTX: 0 # Dirty evictions (from lower level)
   INV: 0 # Invalidates (from upper level)
   INVX: 0 # Downgrades (from upper level)
   FWD: 0 # Forwards (from upper level)
   latGETnl: 126450 # GET request latency on next level
   latGETnet: 0 # GET request latency on network to next level
  l3-0b3: # Cache stats
   hGETS: 866 # GETS hits
   hGETX: 8 # GETX hits
   mGETS: 301 # GETS misses
   mGETXIM: 1104 # GETX I->M misses
   mGETXSM: 0 # GETX S->M misses (upgrade misses)
   PUTS: 0 # Clean evictions (from lower level)
   PUTX: 0 # Dirty evictions (from lower level)
   INV: 0 # Invalidates (from upper level)
   INVX: 0 # Downgrades (from upper level)
   FWD: 0 # Forwards (from upper level)
   latGETnl: 126450 # GET request latency on next level
   latGETnet: 0 # GET request latency on network to next level
  l3-0b4: # Cache stats
   hGETS: 843 # GETS hits
   hGETX: 3 # GETX hits
   mGETS: 279 # GETS misses
   mGETXIM: 1115 # GETX I->M misses
   mGETXSM: 0 # GETX S->M misses (upgrade misses)
   PUTS: 1 # Clean evictions (from lower level)
   PUTX: 0 # Dirty evictions (from lower level)
   INV: 0 # Invalidates (from upper level)
   INVX: 0 # Downgrades (from upper level)
   FWD: 0 # Forwards (from upper level)
   latGETnl: 125460 # GET request latency on next level
   latGETnet: 0 # GET request latency on network to next level
  l3-0b5: # Cache stats
   hGETS: 902 # GETS hits
   hGETX: 20 # GETX hits
   mGETS: 303 # GETS misses
   mGETXIM: 1103 # GETX I->M misses
   mGETXSM: 0 # GETX S->M misses (upgrade misses)
   PUTS: 0 # Clean evictions (from lower level)
   PUTX: 0 # Dirty evictions (from lower level)
   INV: 0 # Invalidates (from upper level)
   INVX: 0 # Downgrades (from upper level)
   FWD: 0 # Forwards (from upper level)
   latGETnl: 126540 # GET request latency on next level
   latGETnet: 0 # GET request latency on network to next level
  l3-0b6: # Cache stats
   hGETS: 875 # GETS hits
   hGETX: 12 # GETX hits
   mGETS: 293 # GETS misses
   mGETXIM: 1110 # GETX I->M misses
   mGETXSM: 0 # GETX S->M misses (upgrade misses)
   PUTS: 2 # Clean evictions (from lower level)
   PUTX: 0 # Dirty evictions (from lower level)
   INV: 0 # Invalidates (from upper level)
   INVX: 0 # Downgrades (from upper level)
   FWD: 0 # Forwards (from upper level)
   latGETnl: 126270 # GET request latency on next level
   latGETnet: 0 # GET request latency on network to next level
  l3-0b7: # Cache stats
   hGETS: 892 # GETS hits
   hGETX: 12 # GETX hits
   mGETS: 297 # GETS misses
   mGETXIM: 1121 # GETX I->M misses
   mGETXSM: 0 # GETX S->M misses (upgrade misses)
   PUTS: 2 # Clean evictions (from lower level)
   PUTX: 0 # Dirty evictions (from lower level)
   INV: 0 # Invalidates (from upper level)
   INVX: 0 # Downgrades (from upper level)
   FWD: 0 # Forwards (from upper level)
   latGETnl: 127620 # GET request latency on next level
   latGETnet: 0 # GET request latency on network to next level
 mem: # Memory controller stats
  mem-0: # Memory controller stats
   rd: 2845 # Read requests
   wr: 0 # Write requests
   rdlat: 561843 # Total latency experienced by read requests
   wrlat: 0 # Total latency experienced by write requests
   rdhits: 279 # Read row hits
   wrhits: 0 # Write row hits
   mlh: # latency histogram for memory requests
    0: 0
    1: 0
    2: 0
    3: 0
    4: 0
    5: 0
    6: 0
    7: 0
    8: 0
    9: 0
    10: 0
    11: 8
    12: 26
    13: 1729
    14: 202
    15: 83
    16: 62
    17: 53
    18: 48
    19: 44
    20: 42
    21: 34
    22: 35
    23: 30
    24: 20
    25: 21
    26: 12
    27: 15
    28: 6
    29: 16
    30: 9
    31: 8
    32: 3
    33: 10
    34: 8
    35: 4
    36: 4
    37: 5
    38: 3
    39: 4
    40: 12
    41: 19
    42: 12
    43: 8
    44: 3
    45: 6
    46: 5
    47: 11
    48: 11
    49: 7
    50: 13
    51: 9
    52: 6
    53: 10
    54: 9
    55: 8
    56: 3
    57: 4
    58: 6
    59: 9
    60: 9
    61: 6
    62: 5
    63: 7
    64: 8
    65: 4
    66: 10
    67: 9
    68: 5
    69: 4
    70: 4
    71: 9
    72: 3
    73: 3
    74: 2
    75: 2
    76: 3
    77: 4
    78: 6
    79: 2
    80: 2
    81: 3
    82: 3
    83: 2
    84: 1
    85: 4
    86: 5
    87: 0
    88: 0
    89: 0
    90: 2
    91: 0
    92: 1
    93: 1
    94: 0
    95: 0
    96: 1
    97: 0
    98: 0
    99: 0
  mem-1: # Memory controller stats
   rd: 2786 # Read requests
   wr: 0 # Write requests
   rdlat: 515019 # Total latency experienced by read requests
   wrlat: 0 # Total latency experienced by write requests
   rdhits: 266 # Read row hits
   wrhits: 0 # Write row hits
   mlh: # latency histogram for memory requests
    0: 0
    1: 0
    2: 0
    3: 0
    4: 0
    5: 0
    6: 0
    7: 0
    8: 0
    9: 0
    10: 0
    11: 7
    12: 25
    13: 1760
    14: 229
    15: 85
    16: 58
    17: 48
    18: 32
    19: 32
    20: 39
    21: 35
    22: 24
    23: 24
    24: 26
    25: 23
    26: 17
    27: 8
    28: 8
    29: 8
    30: 9
    31: 5
    32: 17
    33: 11
    34: 13
    35: 6
    36: 9
    37: 8
    38: 5
    39: 5
    40: 8
    41: 3
    42: 6
    43: 2
    44: 5
    45: 4
    46: 9
    47: 6
    48: 5
    49: 6
    50: 8
    51: 7
    52: 1
    53: 8
    54: 6
    55: 6
    56: 8
    57: 11
    58: 6
    59: 5
    60: 8
    61: 7
    62: 8
    63: 6
    64: 3
    65: 6
    66: 7
    67: 5
    68: 0
    69: 2
    70: 5
    71: 5
    72: 4
    73: 4
    74: 3
    75: 2
    76: 0
    77: 1
    78: 3
    79: 2
    80: 1
    81: 1
    82: 2
    83: 1
    84: 0
    85: 2
    86: 2
    87: 0
    88: 0
    89: 0
    90: 0
    91: 0
    92: 0
    93: 0
    94: 0
    95: 0
    96: 0
    97: 0
    98: 0
    99: 0
  mem-2: # Memory controller stats
   rd: 2795 # Read requests
   wr: 0 # Write requests
   rdlat: 532346 # Total latency experienced by read requests
   wrlat: 0 # Total latency experienced by write requests
   rdhits: 295 # Read row hits
   wrhits: 0 # Write row hits
   mlh: # latency histogram for memory requests
    0: 0
    1: 0
    2: 0
    3: 0
    4: 0
    5: 0
    6: 0
    7: 0
    8: 0
    9: 0
    10: 0
    11: 7
    12: 20
    13: 1696
    14: 214
    15: 88
    16: 80
    17: 51
    18: 46
    19: 43
    20: 42
    21: 39
    22: 30
    23: 24
    24: 28
    25: 23
    26: 13
    27: 6
    28: 3
    29: 9
    30: 11
    31: 10
    32: 6
    33: 17
    34: 6
    35: 6
    36: 8
    37: 6
    38: 6
    39: 6
    40: 2
    41: 8
    42: 3
    43: 4
    44: 8
    45: 8
    46: 9
    47: 12
    48: 10
    49: 9
    50: 9
    51: 11
    52: 3
    53: 9
    54: 9
    55: 13
    56: 13
    57: 10
    58: 8
    59: 3
    60: 7
    61: 5
    62: 5
    63: 4
    64: 7
    65: 7
    66: 7
    67: 4
    68: 8
    69: 4
    70: 4
    71: 5
    72: 2
    73: 4
    74: 4
    75: 1
    76: 1
    77: 1
    78: 1
    79: 0
    80: 0
    81: 1
    82: 2
    83: 2
    84: 2
    85: 0
    86: 0
    87: 2
    88: 0
    89: 0
    90: 0
    91: 0
    92: 0
    93: 0
    94: 0
    95: 0
    96: 0
    97: 0
    98: 0
    99: 0
  mem-3: # Memory controller stats
   rd: 2785 # Read requests
   wr: 0 # Write requests
   rdlat: 491794 # Total latency experienced by read requests
   wrlat: 0 # Total latency experienced by write requests
   rdhits: 260 # Read row hits
   wrhits: 0 # Write row hits
   mlh: # latency histogram for memory requests
    0: 0
    1: 0
    2: 0
    3: 0
    4: 0
    5: 0
    6: 0
    7: 0
    8: 0
    9: 0
    10: 0
    11: 6
    12: 30
    13: 1753
    14: 238
    15: 87
    16: 71
    17: 41
    18: 33
    19: 37
    20: 34
    21: 31
    22: 30
    23: 22
    24: 20
    25: 22
    26: 21
    27: 10
    28: 12
    29: 14
    30: 11
    31: 6
    32: 9
    33: 15
    34: 17
    35: 10
    36: 10
    37: 6
    38: 4
    39: 6
    40: 14
    41: 9
    42: 7
    43: 7
    44: 9
    45: 7
    46: 17
    47: 10
    48: 9
    49: 9
    50: 9
    51: 8
    52: 3
    53: 6
    54: 3
    55: 1
    56: 2
    57: 4
    58: 5
    59: 3
    60: 3
    61: 0
    62: 4
    63: 4
    64: 5
    65: 4
    66: 3
    67: 2
    68: 0
    69: 3
    70: 1
    71: 1
    72: 2
    73: 1
    74: 1
    75: 1
    76: 0
    77: 1
    78: 0
    79: 1
    80: 0
    81: 0
    82: 0
    83: 0
    84: 0
    85: 0
    86: 0
    87: 0
    88: 0
    89: 0
    90: 0
    91: 0
    92: 0
    93: 0
    94: 0
    95: 0
    96: 0
    97: 0
    98: 0
    99: 0
 sched: # Scheduler stats
  thCr: 9 # Threads created
  thFn: 0 # Threads finished
  schedEvs: 9 # Schedule events
  waitEvs: 1 # Wait events
  handoffEvs: 0 # Handoff events
  sleepEvs: 0 # Sleep events
  idlePhases: 0 # Phases with no thread active
  idlePeriods: 0 # Periods with no thread active
  occHist: # Occupancy histogram
   0: 0
   1: 0
   2: 1
   3: 0
   4: 0
   5: 0
   6: 0
   7: 0
   8: 40171
  rqSzHist: # Run queue size histogram
   0: 40171
   1: 1
   2: 0
   3: 0
   4: 0
   5: 0
   6: 0
   7: 0
   8: 0
   9: 0
   10: 0
   11: 0
   12: 0
   13: 0
   14: 0
   15: 0
   16: 0
 procCycles: # Per-process unhalted core cycles
  0: 3213700038
  1: 0
  2: 0
  3: 0
  4: 0
  5: 0
  6: 0
  7: 0
  8: 0
  9: 0
  10: 0
  11: 0
  12: 0
  13: 0
  14: 0
  15: 0
  16: 0
  17: 0
  18: 0
  19: 0
  20: 0
  21: 0
  22: 0
  23: 0
  24: 0
  25: 0
  26: 0
  27: 0
  28: 0
  29: 0
  30: 0
  31: 0
  32: 0
  33: 0
  34: 0
  35: 0
  36: 0
  37: 0
  38: 0
  39: 0
  40: 0
  41: 0
  42: 0
  43: 0
  44: 0
  45: 0
  46: 0
  47: 0
  48: 0
  49: 0
  50: 0
  51: 0
  52: 0
  53: 0
  54: 0
  55: 0
  56: 0
  57: 0
  58: 0
  59: 0
  60: 0
  61: 0
  62: 0
  63: 0
 procInstrs: # Per-process instructions
  0: 5000019364
  1: 0
  2: 0
  3: 0
  4: 0
  5: 0
  6: 0
  7: 0
  8: 0
  9: 0
  10: 0
  11: 0
  12: 0
  13: 0
  14: 0
  15: 0
  16: 0
  17: 0
  18: 0
  19: 0
  20: 0
  21: 0
  22: 0
  23: 0
  24: 0
  25: 0
  26: 0
  27: 0
  28: 0
  29: 0
  30: 0
  31: 0
  32: 0
  33: 0
  34: 0
  35: 0
  36: 0
  37: 0
  38: 0
  39: 0
  40: 0
  41: 0
  42: 0
  43: 0
  44: 0
  45: 0
  46: 0
  47: 0
  48: 0
  49: 0
  50: 0
  51: 0
  52: 0
  53: 0
  54: 0
  55: 0
  56: 0
  57: 0
  58: 0
  59: 0
  60: 0
  61: 0
  62: 0
  63: 0
 heartbeats: # Per-process heartbeats
  0: 0
  1: 0
  2: 0
  3: 0
  4: 0
  5: 0
  6: 0
  7: 0
  8: 0
  9: 0
  10: 0
  11: 0
  12: 0
  13: 0
  14: 0
  15: 0
  16: 0
  17: 0
  18: 0
  19: 0
  20: 0
  21: 0
  22: 0
  23: 0
  24: 0
  25: 0
  26: 0
  27: 0
  28: 0
  29: 0
  30: 0
  31: 0
  32: 0
  33: 0
  34: 0
  35: 0
  36: 0
  37: 0
  38: 0
  39: 0
  40: 0
  41: 0
  42: 0
  43: 0
  44: 0
  45: 0
  46: 0
  47: 0
  48: 0
  49: 0
  50: 0
  51: 0
  52: 0
  53: 0
  54: 0
  55: 0
  56: 0
  57: 0
  58: 0
  59: 0
  60: 0
  61: 0
  62: 0
  63: 0
===
