# zsim stats
===
root: # Stats
 contention: # Contention simulation stats
  domain-0: # Domain stats
   time: 124826554 # Weave simulation time
 time: # Simulator time breakdown
  init: 1661906790920
  bound: 6008700251
  weave: 216350128
  ff: 0
 trigger: 20000 # Reason for this stats dump
 phase: 6670 # Simulated phases
 westmere: # Core stats
  westmere-0: # Core stats
   cycles: 66701558 # Simulated unhalted cycles
   cCycles: 8613891 # Cycles due to contention stalls
   instrs: 100001629 # Simulated instructions
   uops: 142670990 # Retired micro-ops
   bbls: 4785407 # Basic blocks
   approxInstrs: 432 # Instrs with approx uop decoding
   mispredBranches: 23118 # Mispredicted branches
   condBranches: 4718110 # conditional branches
 l1i: # Cache stats
  l1i-0: # Filter cache stats
   fhGETS: 9440216 # Filtered GETS hits
   fhGETX: 0 # Filtered GETX hits
   hGETS: 20717 # GETS hits
   hGETX: 0 # GETX hits
   mGETS: 1900 # GETS misses
   mGETXIM: 0 # GETX I->M misses
   mGETXSM: 0 # GETX S->M misses (upgrade misses)
   PUTS: 0 # Clean evictions (from lower level)
   PUTX: 0 # Dirty evictions (from lower level)
   INV: 0 # Invalidates (from upper level)
   INVX: 0 # Downgrades (from upper level)
   FWD: 0 # Forwards (from upper level)
   latGETnl: 107512 # GET request latency on next level
   latGETnet: 0 # GET request latency on network to next level
 l1d: # Cache stats
  l1d-0: # Filter cache stats
   fhGETS: 27256019 # Filtered GETS hits
   fhGETX: 9104557 # Filtered GETX hits
   hGETS: 15573966 # GETS hits
   hGETX: 5949166 # GETX hits
   mGETS: 243862 # GETS misses
   mGETXIM: 291874 # GETX I->M misses
   mGETXSM: 0 # GETX S->M misses (upgrade misses)
   PUTS: 0 # Clean evictions (from lower level)
   PUTX: 0 # Dirty evictions (from lower level)
   INV: 0 # Invalidates (from upper level)
   INVX: 0 # Downgrades (from upper level)
   FWD: 0 # Forwards (from upper level)
   latGETnl: 25550384 # GET request latency on next level
   latGETnet: 0 # GET request latency on network to next level
 l2: # Cache stats
  l2-0: # Cache stats
   hGETS: 215206 # GETS hits
   hGETX: 1601 # GETX hits
   mGETS: 30556 # GETS misses
   mGETXIM: 290273 # GETX I->M misses
   mGETXSM: 0 # GETX S->M misses (upgrade misses)
   PUTS: 244075 # Clean evictions (from lower level)
   PUTX: 292614 # Dirty evictions (from lower level)
   INV: 0 # Invalidates (from upper level)
   INVX: 0 # Downgrades (from upper level)
   FWD: 0 # Forwards (from upper level)
   latGETnl: 20281536 # GET request latency on next level
   latGETnet: 0 # GET request latency on network to next level
 l3: # Cache stats
  l3-0: # Cache stats
   hGETS: 25918 # GETS hits
   hGETX: 155115 # GETX hits
   mGETS: 4638 # GETS misses
   mGETXIM: 135158 # GETX I->M misses
   mGETXSM: 0 # GETX S->M misses (upgrade misses)
   PUTS: 28263 # Clean evictions (from lower level)
   PUTX: 288470 # Dirty evictions (from lower level)
   INV: 0 # Invalidates (from upper level)
   INVX: 0 # Downgrades (from upper level)
   FWD: 0 # Forwards (from upper level)
   latGETnl: 12581640 # GET request latency on next level
   latGETnet: 0 # GET request latency on network to next level
 mem: # Memory controller stats
  mem-0: # Memory controller stats
   rd: 34934 # Read requests
   wr: 26213 # Write requests
   rdlat: 6496643 # Total latency experienced by read requests
   wrlat: 4298506 # Total latency experienced by write requests
   rdhits: 9 # Read row hits
   wrhits: 144 # Write row hits
   mlh: # latency histogram for memory requests
    0: 0
    1: 0
    2: 0
    3: 0
    4: 0
    5: 0
    6: 0
    7: 0
    8: 0
    9: 0
    10: 0
    11: 0
    12: 2
    13: 21355
    14: 98
    15: 30
    16: 19
    17: 11
    18: 17
    19: 26
    20: 26
    21: 30
    22: 14
    23: 390
    24: 9568
    25: 123
    26: 17
    27: 21
    28: 15
    29: 24
    30: 33
    31: 40
    32: 23
    33: 32
    34: 30
    35: 2586
    36: 37
    37: 72
    38: 13
    39: 16
    40: 19
    41: 26
    42: 25
    43: 17
    44: 12
    45: 20
    46: 18
    47: 42
    48: 12
    49: 13
    50: 12
    51: 6
    52: 2
    53: 11
    54: 5
    55: 0
    56: 0
    57: 2
    58: 8
    59: 0
    60: 3
    61: 2
    62: 3
    63: 2
    64: 4
    65: 2
    66: 0
    67: 0
    68: 0
    69: 0
    70: 0
    71: 0
    72: 0
    73: 0
    74: 0
    75: 0
    76: 0
    77: 0
    78: 0
    79: 0
    80: 0
    81: 0
    82: 0
    83: 0
    84: 0
    85: 0
    86: 0
    87: 0
    88: 0
    89: 0
    90: 0
    91: 0
    92: 0
    93: 0
    94: 0
    95: 0
    96: 0
    97: 0
    98: 0
    99: 0
  mem-1: # Memory controller stats
   rd: 34954 # Read requests
   wr: 26231 # Write requests
   rdlat: 6486809 # Total latency experienced by read requests
   wrlat: 4301039 # Total latency experienced by write requests
   rdhits: 10 # Read row hits
   wrhits: 145 # Write row hits
   mlh: # latency histogram for memory requests
    0: 0
    1: 0
    2: 0
    3: 0
    4: 0
    5: 0
    6: 0
    7: 0
    8: 0
    9: 0
    10: 0
    11: 0
    12: 1
    13: 21432
    14: 100
    15: 13
    16: 13
    17: 14
    18: 18
    19: 20
    20: 26
    21: 18
    22: 12
    23: 407
    24: 9608
    25: 113
    26: 12
    27: 16
    28: 18
    29: 33
    30: 30
    31: 17
    32: 13
    33: 23
    34: 32
    35: 2588
    36: 44
    37: 77
    38: 14
    39: 16
    40: 14
    41: 7
    42: 12
    43: 12
    44: 11
    45: 21
    46: 17
    47: 44
    48: 16
    49: 8
    50: 8
    51: 6
    52: 5
    53: 9
    54: 3
    55: 0
    56: 1
    57: 1
    58: 14
    59: 3
    60: 1
    61: 2
    62: 2
    63: 5
    64: 2
    65: 2
    66: 0
    67: 0
    68: 0
    69: 0
    70: 0
    71: 0
    72: 0
    73: 0
    74: 0
    75: 0
    76: 0
    77: 0
    78: 0
    79: 0
    80: 0
    81: 0
    82: 0
    83: 0
    84: 0
    85: 0
    86: 0
    87: 0
    88: 0
    89: 0
    90: 0
    91: 0
    92: 0
    93: 0
    94: 0
    95: 0
    96: 0
    97: 0
    98: 0
    99: 0
  mem-2: # Memory controller stats
   rd: 34979 # Read requests
   wr: 26240 # Write requests
   rdlat: 6482057 # Total latency experienced by read requests
   wrlat: 4308580 # Total latency experienced by write requests
   rdhits: 8 # Read row hits
   wrhits: 149 # Write row hits
   mlh: # latency histogram for memory requests
    0: 0
    1: 0
    2: 0
    3: 0
    4: 0
    5: 0
    6: 0
    7: 0
    8: 0
    9: 0
    10: 0
    11: 1
    12: 1
    13: 21438
    14: 103
    15: 22
    16: 20
    17: 11
    18: 13
    19: 23
    20: 26
    21: 20
    22: 22
    23: 412
    24: 9635
    25: 126
    26: 13
    27: 21
    28: 16
    29: 23
    30: 26
    31: 24
    32: 13
    33: 23
    34: 28
    35: 2566
    36: 31
    37: 78
    38: 19
    39: 11
    40: 20
    41: 15
    42: 7
    43: 17
    44: 6
    45: 21
    46: 16
    47: 32
    48: 10
    49: 7
    50: 6
    51: 10
    52: 6
    53: 7
    54: 2
    55: 0
    56: 0
    57: 3
    58: 12
    59: 5
    60: 0
    61: 3
    62: 5
    63: 0
    64: 1
    65: 3
    66: 0
    67: 0
    68: 0
    69: 0
    70: 0
    71: 0
    72: 0
    73: 0
    74: 0
    75: 0
    76: 0
    77: 0
    78: 0
    79: 0
    80: 0
    81: 0
    82: 0
    83: 0
    84: 0
    85: 0
    86: 0
    87: 0
    88: 0
    89: 0
    90: 0
    91: 0
    92: 0
    93: 0
    94: 0
    95: 0
    96: 0
    97: 0
    98: 0
    99: 0
  mem-3: # Memory controller stats
   rd: 34925 # Read requests
   wr: 26246 # Write requests
   rdlat: 6483236 # Total latency experienced by read requests
   wrlat: 4305942 # Total latency experienced by write requests
   rdhits: 9 # Read row hits
   wrhits: 121 # Write row hits
   mlh: # latency histogram for memory requests
    0: 0
    1: 0
    2: 0
    3: 0
    4: 0
    5: 0
    6: 0
    7: 0
    8: 0
    9: 0
    10: 0
    11: 0
    12: 1
    13: 21422
    14: 83
    15: 15
    16: 18
    17: 14
    18: 14
    19: 22
    20: 21
    21: 20
    22: 15
    23: 407
    24: 9607
    25: 112
    26: 19
    27: 9
    28: 28
    29: 16
    30: 21
    31: 30
    32: 20
    33: 29
    34: 31
    35: 2564
    36: 30
    37: 73
    38: 22
    39: 15
    40: 21
    41: 16
    42: 15
    43: 13
    44: 12
    45: 19
    46: 17
    47: 37
    48: 5
    49: 15
    50: 17
    51: 7
    52: 8
    53: 10
    54: 4
    55: 1
    56: 2
    57: 0
    58: 11
    59: 2
    60: 1
    61: 5
    62: 0
    63: 2
    64: 3
    65: 3
    66: 1
    67: 0
    68: 0
    69: 0
    70: 0
    71: 0
    72: 0
    73: 0
    74: 0
    75: 0
    76: 0
    77: 0
    78: 0
    79: 0
    80: 0
    81: 0
    82: 0
    83: 0
    84: 0
    85: 0
    86: 0
    87: 0
    88: 0
    89: 0
    90: 0
    91: 0
    92: 0
    93: 0
    94: 0
    95: 0
    96: 0
    97: 0
    98: 0
    99: 0
 sched: # Scheduler stats
  thCr: 1 # Threads created
  thFn: 1 # Threads finished
  schedEvs: 1 # Schedule events
  waitEvs: 0 # Wait events
  handoffEvs: 0 # Handoff events
  sleepEvs: 0 # Sleep events
  idlePhases: 0 # Phases with no thread active
  idlePeriods: 0 # Periods with no thread active
  occHist: # Occupancy histogram
   0: 0
   1: 6670
  rqSzHist: # Run queue size histogram
   0: 6670
   1: 0
   2: 0
   3: 0
   4: 0
   5: 0
   6: 0
   7: 0
   8: 0
   9: 0
   10: 0
   11: 0
   12: 0
   13: 0
   14: 0
   15: 0
   16: 0
 procCycles: # Per-process unhalted core cycles
  0: 66701558
  1: 0
  2: 0
  3: 0
  4: 0
  5: 0
  6: 0
  7: 0
  8: 0
  9: 0
  10: 0
  11: 0
  12: 0
  13: 0
  14: 0
  15: 0
  16: 0
  17: 0
  18: 0
  19: 0
  20: 0
  21: 0
  22: 0
  23: 0
  24: 0
  25: 0
  26: 0
  27: 0
  28: 0
  29: 0
  30: 0
  31: 0
  32: 0
  33: 0
  34: 0
  35: 0
  36: 0
  37: 0
  38: 0
  39: 0
  40: 0
  41: 0
  42: 0
  43: 0
  44: 0
  45: 0
  46: 0
  47: 0
  48: 0
  49: 0
  50: 0
  51: 0
  52: 0
  53: 0
  54: 0
  55: 0
  56: 0
  57: 0
  58: 0
  59: 0
  60: 0
  61: 0
  62: 0
  63: 0
 procInstrs: # Per-process instructions
  0: 100001629
  1: 0
  2: 0
  3: 0
  4: 0
  5: 0
  6: 0
  7: 0
  8: 0
  9: 0
  10: 0
  11: 0
  12: 0
  13: 0
  14: 0
  15: 0
  16: 0
  17: 0
  18: 0
  19: 0
  20: 0
  21: 0
  22: 0
  23: 0
  24: 0
  25: 0
  26: 0
  27: 0
  28: 0
  29: 0
  30: 0
  31: 0
  32: 0
  33: 0
  34: 0
  35: 0
  36: 0
  37: 0
  38: 0
  39: 0
  40: 0
  41: 0
  42: 0
  43: 0
  44: 0
  45: 0
  46: 0
  47: 0
  48: 0
  49: 0
  50: 0
  51: 0
  52: 0
  53: 0
  54: 0
  55: 0
  56: 0
  57: 0
  58: 0
  59: 0
  60: 0
  61: 0
  62: 0
  63: 0
 heartbeats: # Per-process heartbeats
  0: 0
  1: 0
  2: 0
  3: 0
  4: 0
  5: 0
  6: 0
  7: 0
  8: 0
  9: 0
  10: 0
  11: 0
  12: 0
  13: 0
  14: 0
  15: 0
  16: 0
  17: 0
  18: 0
  19: 0
  20: 0
  21: 0
  22: 0
  23: 0
  24: 0
  25: 0
  26: 0
  27: 0
  28: 0
  29: 0
  30: 0
  31: 0
  32: 0
  33: 0
  34: 0
  35: 0
  36: 0
  37: 0
  38: 0
  39: 0
  40: 0
  41: 0
  42: 0
  43: 0
  44: 0
  45: 0
  46: 0
  47: 0
  48: 0
  49: 0
  50: 0
  51: 0
  52: 0
  53: 0
  54: 0
  55: 0
  56: 0
  57: 0
  58: 0
  59: 0
  60: 0
  61: 0
  62: 0
  63: 0
===
