# zsim stats
===
root: # Stats
 contention: # Contention simulation stats
  domain-0: # Domain stats
   time: 116759079 # Weave simulation time
 time: # Simulator time breakdown
  init: 2306398161046
  bound: 5981477075
  weave: 180357405
  ff: 0
 trigger: 20000 # Reason for this stats dump
 phase: 6316 # Simulated phases
 westmere: # Core stats
  westmere-0: # Core stats
   cycles: 63160935 # Simulated unhalted cycles
   cCycles: 5043345 # Cycles due to contention stalls
   instrs: 100014383 # Simulated instructions
   uops: 142689060 # Retired micro-ops
   bbls: 4786067 # Basic blocks
   approxInstrs: 432 # Instrs with approx uop decoding
   mispredBranches: 23099 # Mispredicted branches
   condBranches: 4718756 # conditional branches
 l1i: # Cache stats
  l1i-0: # Filter cache stats
   fhGETS: 9441292 # Filtered GETS hits
   fhGETX: 0 # Filtered GETX hits
   hGETS: 20720 # GETS hits
   hGETX: 0 # GETX hits
   mGETS: 1906 # GETS misses
   mGETXIM: 0 # GETX I->M misses
   mGETXSM: 0 # GETX S->M misses (upgrade misses)
   PUTS: 0 # Clean evictions (from lower level)
   PUTX: 0 # Dirty evictions (from lower level)
   INV: 0 # Invalidates (from upper level)
   INVX: 0 # Downgrades (from upper level)
   FWD: 0 # Forwards (from upper level)
   latGETnl: 114592 # GET request latency on next level
   latGETnet: 0 # GET request latency on network to next level
 l1d: # Cache stats
  l1d-0: # Filter cache stats
   fhGETS: 27553643 # Filtered GETS hits
   fhGETX: 9115910 # Filtered GETX hits
   hGETS: 15294579 # GETS hits
   hGETX: 5939738 # GETX hits
   mGETS: 231099 # GETS misses
   mGETXIM: 291848 # GETX I->M misses
   mGETXSM: 0 # GETX S->M misses (upgrade misses)
   PUTS: 0 # Clean evictions (from lower level)
   PUTX: 0 # Dirty evictions (from lower level)
   INV: 0 # Invalidates (from upper level)
   INVX: 0 # Downgrades (from upper level)
   FWD: 0 # Forwards (from upper level)
   latGETnl: 24737114 # GET request latency on next level
   latGETnet: 0 # GET request latency on network to next level
 l2: # Cache stats
  l2-0: # Cache stats
   hGETS: 203426 # GETS hits
   hGETX: 1473 # GETX hits
   mGETS: 29579 # GETS misses
   mGETXIM: 290375 # GETX I->M misses
   mGETXSM: 0 # GETX S->M misses (upgrade misses)
   PUTS: 231347 # Clean evictions (from lower level)
   PUTX: 292560 # Dirty evictions (from lower level)
   INV: 0 # Invalidates (from upper level)
   INVX: 0 # Downgrades (from upper level)
   FWD: 0 # Forwards (from upper level)
   latGETnl: 19603176 # GET request latency on next level
   latGETnet: 0 # GET request latency on network to next level
 l3: # Cache stats
  l3-0: # Cache stats
   hGETS: 24799 # GETS hits
   hGETX: 162663 # GETX hits
   mGETS: 4780 # GETS misses
   mGETXIM: 127712 # GETX I->M misses
   mGETXSM: 0 # GETX S->M misses (upgrade misses)
   PUTS: 27293 # Clean evictions (from lower level)
   PUTX: 288565 # Dirty evictions (from lower level)
   INV: 0 # Invalidates (from upper level)
   INVX: 0 # Downgrades (from upper level)
   FWD: 0 # Forwards (from upper level)
   latGETnl: 11924280 # GET request latency on next level
   latGETnet: 0 # GET request latency on network to next level
 mem: # Memory controller stats
  mem-0: # Memory controller stats
   rd: 33155 # Read requests
   wr: 24362 # Write requests
   rdlat: 5040908 # Total latency experienced by read requests
   wrlat: 3608896 # Total latency experienced by write requests
   rdhits: 4 # Read row hits
   wrhits: 126 # Write row hits
   mlh: # latency histogram for memory requests
    0: 0
    1: 0
    2: 0
    3: 0
    4: 0
    5: 0
    6: 0
    7: 0
    8: 0
    9: 0
    10: 0
    11: 0
    12: 1
    13: 24744
    14: 2790
    15: 39
    16: 22
    17: 9
    18: 13
    19: 20
    20: 19
    21: 10
    22: 12
    23: 4966
    24: 25
    25: 73
    26: 29
    27: 18
    28: 21
    29: 23
    30: 16
    31: 33
    32: 15
    33: 18
    34: 14
    35: 24
    36: 9
    37: 10
    38: 11
    39: 14
    40: 15
    41: 31
    42: 20
    43: 14
    44: 2
    45: 4
    46: 6
    47: 29
    48: 5
    49: 7
    50: 10
    51: 3
    52: 7
    53: 3
    54: 1
    55: 0
    56: 0
    57: 0
    58: 0
    59: 0
    60: 0
    61: 0
    62: 0
    63: 0
    64: 0
    65: 0
    66: 0
    67: 0
    68: 0
    69: 0
    70: 0
    71: 0
    72: 0
    73: 0
    74: 0
    75: 0
    76: 0
    77: 0
    78: 0
    79: 0
    80: 0
    81: 0
    82: 0
    83: 0
    84: 0
    85: 0
    86: 0
    87: 0
    88: 0
    89: 0
    90: 0
    91: 0
    92: 0
    93: 0
    94: 0
    95: 0
    96: 0
    97: 0
    98: 0
    99: 0
  mem-1: # Memory controller stats
   rd: 33118 # Read requests
   wr: 24334 # Write requests
   rdlat: 5039675 # Total latency experienced by read requests
   wrlat: 3613173 # Total latency experienced by write requests
   rdhits: 2 # Read row hits
   wrhits: 114 # Write row hits
   mlh: # latency histogram for memory requests
    0: 0
    1: 0
    2: 0
    3: 0
    4: 0
    5: 0
    6: 0
    7: 0
    8: 0
    9: 0
    10: 0
    11: 0
    12: 1
    13: 24684
    14: 2790
    15: 40
    16: 28
    17: 10
    18: 13
    19: 16
    20: 16
    21: 11
    22: 28
    23: 4957
    24: 33
    25: 65
    26: 28
    27: 19
    28: 20
    29: 28
    30: 17
    31: 18
    32: 25
    33: 21
    34: 23
    35: 16
    36: 15
    37: 10
    38: 16
    39: 14
    40: 11
    41: 23
    42: 19
    43: 19
    44: 4
    45: 5
    46: 5
    47: 35
    48: 10
    49: 4
    50: 5
    51: 3
    52: 9
    53: 4
    54: 0
    55: 0
    56: 0
    57: 0
    58: 0
    59: 0
    60: 0
    61: 0
    62: 0
    63: 0
    64: 0
    65: 0
    66: 0
    67: 0
    68: 0
    69: 0
    70: 0
    71: 0
    72: 0
    73: 0
    74: 0
    75: 0
    76: 0
    77: 0
    78: 0
    79: 0
    80: 0
    81: 0
    82: 0
    83: 0
    84: 0
    85: 0
    86: 0
    87: 0
    88: 0
    89: 0
    90: 0
    91: 0
    92: 0
    93: 0
    94: 0
    95: 0
    96: 0
    97: 0
    98: 0
    99: 0
  mem-2: # Memory controller stats
   rd: 33119 # Read requests
   wr: 24317 # Write requests
   rdlat: 5027851 # Total latency experienced by read requests
   wrlat: 3599077 # Total latency experienced by write requests
   rdhits: 2 # Read row hits
   wrhits: 111 # Write row hits
   mlh: # latency histogram for memory requests
    0: 0
    1: 0
    2: 0
    3: 0
    4: 0
    5: 0
    6: 0
    7: 0
    8: 0
    9: 0
    10: 0
    11: 0
    12: 0
    13: 24720
    14: 2816
    15: 35
    16: 18
    17: 7
    18: 14
    19: 12
    20: 19
    21: 15
    22: 30
    23: 4961
    24: 21
    25: 79
    26: 26
    27: 17
    28: 16
    29: 19
    30: 15
    31: 24
    32: 14
    33: 10
    34: 13
    35: 14
    36: 28
    37: 17
    38: 14
    39: 12
    40: 13
    41: 19
    42: 18
    43: 13
    44: 2
    45: 4
    46: 9
    47: 24
    48: 9
    49: 5
    50: 7
    51: 2
    52: 7
    53: 1
    54: 0
    55: 0
    56: 0
    57: 0
    58: 0
    59: 0
    60: 0
    61: 0
    62: 0
    63: 0
    64: 0
    65: 0
    66: 0
    67: 0
    68: 0
    69: 0
    70: 0
    71: 0
    72: 0
    73: 0
    74: 0
    75: 0
    76: 0
    77: 0
    78: 0
    79: 0
    80: 0
    81: 0
    82: 0
    83: 0
    84: 0
    85: 0
    86: 0
    87: 0
    88: 0
    89: 0
    90: 0
    91: 0
    92: 0
    93: 0
    94: 0
    95: 0
    96: 0
    97: 0
    98: 0
    99: 0
  mem-3: # Memory controller stats
   rd: 33098 # Read requests
   wr: 24354 # Write requests
   rdlat: 5041178 # Total latency experienced by read requests
   wrlat: 3602620 # Total latency experienced by write requests
   rdhits: 3 # Read row hits
   wrhits: 114 # Write row hits
   mlh: # latency histogram for memory requests
    0: 0
    1: 0
    2: 0
    3: 0
    4: 0
    5: 0
    6: 0
    7: 0
    8: 0
    9: 0
    10: 0
    11: 0
    12: 1
    13: 24625
    14: 2808
    15: 43
    16: 30
    17: 12
    18: 19
    19: 26
    20: 14
    21: 12
    22: 25
    23: 4927
    24: 39
    25: 69
    26: 32
    27: 24
    28: 23
    29: 26
    30: 24
    31: 13
    32: 13
    33: 15
    34: 15
    35: 21
    36: 21
    37: 16
    38: 21
    39: 22
    40: 21
    41: 28
    42: 16
    43: 16
    44: 4
    45: 4
    46: 7
    47: 25
    48: 5
    49: 4
    50: 13
    51: 11
    52: 5
    53: 3
    54: 0
    55: 0
    56: 0
    57: 0
    58: 0
    59: 0
    60: 0
    61: 0
    62: 0
    63: 0
    64: 0
    65: 0
    66: 0
    67: 0
    68: 0
    69: 0
    70: 0
    71: 0
    72: 0
    73: 0
    74: 0
    75: 0
    76: 0
    77: 0
    78: 0
    79: 0
    80: 0
    81: 0
    82: 0
    83: 0
    84: 0
    85: 0
    86: 0
    87: 0
    88: 0
    89: 0
    90: 0
    91: 0
    92: 0
    93: 0
    94: 0
    95: 0
    96: 0
    97: 0
    98: 0
    99: 0
 sched: # Scheduler stats
  thCr: 1 # Threads created
  thFn: 1 # Threads finished
  schedEvs: 1 # Schedule events
  waitEvs: 0 # Wait events
  handoffEvs: 0 # Handoff events
  sleepEvs: 0 # Sleep events
  idlePhases: 0 # Phases with no thread active
  idlePeriods: 0 # Periods with no thread active
  occHist: # Occupancy histogram
   0: 0
   1: 6316
  rqSzHist: # Run queue size histogram
   0: 6316
   1: 0
   2: 0
   3: 0
   4: 0
   5: 0
   6: 0
   7: 0
   8: 0
   9: 0
   10: 0
   11: 0
   12: 0
   13: 0
   14: 0
   15: 0
   16: 0
 procCycles: # Per-process unhalted core cycles
  0: 63160935
  1: 0
  2: 0
  3: 0
  4: 0
  5: 0
  6: 0
  7: 0
  8: 0
  9: 0
  10: 0
  11: 0
  12: 0
  13: 0
  14: 0
  15: 0
  16: 0
  17: 0
  18: 0
  19: 0
  20: 0
  21: 0
  22: 0
  23: 0
  24: 0
  25: 0
  26: 0
  27: 0
  28: 0
  29: 0
  30: 0
  31: 0
  32: 0
  33: 0
  34: 0
  35: 0
  36: 0
  37: 0
  38: 0
  39: 0
  40: 0
  41: 0
  42: 0
  43: 0
  44: 0
  45: 0
  46: 0
  47: 0
  48: 0
  49: 0
  50: 0
  51: 0
  52: 0
  53: 0
  54: 0
  55: 0
  56: 0
  57: 0
  58: 0
  59: 0
  60: 0
  61: 0
  62: 0
  63: 0
 procInstrs: # Per-process instructions
  0: 100014383
  1: 0
  2: 0
  3: 0
  4: 0
  5: 0
  6: 0
  7: 0
  8: 0
  9: 0
  10: 0
  11: 0
  12: 0
  13: 0
  14: 0
  15: 0
  16: 0
  17: 0
  18: 0
  19: 0
  20: 0
  21: 0
  22: 0
  23: 0
  24: 0
  25: 0
  26: 0
  27: 0
  28: 0
  29: 0
  30: 0
  31: 0
  32: 0
  33: 0
  34: 0
  35: 0
  36: 0
  37: 0
  38: 0
  39: 0
  40: 0
  41: 0
  42: 0
  43: 0
  44: 0
  45: 0
  46: 0
  47: 0
  48: 0
  49: 0
  50: 0
  51: 0
  52: 0
  53: 0
  54: 0
  55: 0
  56: 0
  57: 0
  58: 0
  59: 0
  60: 0
  61: 0
  62: 0
  63: 0
 heartbeats: # Per-process heartbeats
  0: 0
  1: 0
  2: 0
  3: 0
  4: 0
  5: 0
  6: 0
  7: 0
  8: 0
  9: 0
  10: 0
  11: 0
  12: 0
  13: 0
  14: 0
  15: 0
  16: 0
  17: 0
  18: 0
  19: 0
  20: 0
  21: 0
  22: 0
  23: 0
  24: 0
  25: 0
  26: 0
  27: 0
  28: 0
  29: 0
  30: 0
  31: 0
  32: 0
  33: 0
  34: 0
  35: 0
  36: 0
  37: 0
  38: 0
  39: 0
  40: 0
  41: 0
  42: 0
  43: 0
  44: 0
  45: 0
  46: 0
  47: 0
  48: 0
  49: 0
  50: 0
  51: 0
  52: 0
  53: 0
  54: 0
  55: 0
  56: 0
  57: 0
  58: 0
  59: 0
  60: 0
  61: 0
  62: 0
  63: 0
===
