# zsim stats
===
root: # Stats
 contention: # Contention simulation stats
  domain-0: # Domain stats
   time: 1500601765 # Weave simulation time
 time: # Simulator time breakdown
  init: 487203734167
  bound: 8444291187
  weave: 1627086872
  ff: 0
 trigger: 20000 # Reason for this stats dump
 phase: 14706 # Simulated phases
 westmere: # Core stats
  westmere-0: # Core stats
   cycles: 147062531 # Simulated unhalted cycles
   cCycles: 27004948 # Cycles due to contention stalls
   instrs: 100001770 # Simulated instructions
   uops: 114163311 # Retired micro-ops
   bbls: 2330241 # Basic blocks
   approxInstrs: 553326 # Instrs with approx uop decoding
   mispredBranches: 3147 # Mispredicted branches
   condBranches: 916330 # conditional branches
 l1i: # Cache stats
  l1i-0: # Filter cache stats
   fhGETS: 9225554 # Filtered GETS hits
   fhGETX: 0 # Filtered GETX hits
   hGETS: 6 # GETS hits
   hGETX: 0 # GETX hits
   mGETS: 120 # GETS misses
   mGETXIM: 0 # GETX I->M misses
   mGETXSM: 0 # GETX S->M misses (upgrade misses)
   PUTS: 0 # Clean evictions (from lower level)
   PUTX: 0 # Dirty evictions (from lower level)
   INV: 0 # Invalidates (from upper level)
   INVX: 0 # Downgrades (from upper level)
   FWD: 0 # Forwards (from upper level)
   latGETnl: 14880 # GET request latency on next level
   latGETnet: 0 # GET request latency on network to next level
 l1d: # Cache stats
  l1d-0: # Filter cache stats
   fhGETS: 17976612 # Filtered GETS hits
   fhGETX: 5282395 # Filtered GETX hits
   hGETS: 1002130 # GETS hits
   hGETX: 873457 # GETX hits
   mGETS: 788155 # GETS misses
   mGETXIM: 4306691 # GETX I->M misses
   mGETXSM: 0 # GETX S->M misses (upgrade misses)
   PUTS: 0 # Clean evictions (from lower level)
   PUTX: 0 # Dirty evictions (from lower level)
   INV: 0 # Invalidates (from upper level)
   INVX: 0 # Downgrades (from upper level)
   FWD: 0 # Forwards (from upper level)
   latGETnl: 403883274 # GET request latency on next level
   latGETnet: 0 # GET request latency on network to next level
 l2: # Cache stats
  l2-0: # Cache stats
   hGETS: 96 # GETS hits
   hGETX: 1998739 # GETX hits
   mGETS: 788179 # GETS misses
   mGETXIM: 2307952 # GETX I->M misses
   mGETXSM: 0 # GETX S->M misses (upgrade misses)
   PUTS: 787639 # Clean evictions (from lower level)
   PUTX: 4306695 # Dirty evictions (from lower level)
   INV: 0 # Invalidates (from upper level)
   INVX: 0 # Downgrades (from upper level)
   FWD: 0 # Forwards (from upper level)
   latGETnl: 352948494 # GET request latency on next level
   latGETnet: 0 # GET request latency on network to next level
 l3: # Cache stats
  l3-0: # Cache stats
   hGETS: 58 # GETS hits
   hGETX: 58 # GETX hits
   mGETS: 788121 # GETS misses
   mGETXIM: 2307894 # GETX I->M misses
   mGETXSM: 0 # GETX S->M misses (upgrade misses)
   PUTS: 784079 # Clean evictions (from lower level)
   PUTX: 2307956 # Dirty evictions (from lower level)
   INV: 0 # Invalidates (from upper level)
   INVX: 0 # Downgrades (from upper level)
   FWD: 0 # Forwards (from upper level)
   latGETnl: 278641350 # GET request latency on next level
   latGETnet: 0 # GET request latency on network to next level
 mem: # Memory controller stats
  mem-0: # Memory controller stats
   rd: 773998 # Read requests
   wr: 574659 # Write requests
   rdlat: 110540748 # Total latency experienced by read requests
   wrlat: 100527588 # Total latency experienced by write requests
   rdhits: 81 # Read row hits
   wrhits: 18470 # Write row hits
   mlh: # latency histogram for memory requests
    0: 0
    1: 0
    2: 0
    3: 0
    4: 0
    5: 0
    6: 0
    7: 0
    8: 0
    9: 0
    10: 0
    11: 4
    12: 5
    13: 450740
    14: 156422
    15: 108365
    16: 6725
    17: 30754
    18: 1081
    19: 1940
    20: 2886
    21: 3569
    22: 2117
    23: 1651
    24: 860
    25: 535
    26: 412
    27: 488
    28: 479
    29: 368
    30: 351
    31: 328
    32: 327
    33: 386
    34: 344
    35: 261
    36: 215
    37: 225
    38: 201
    39: 360
    40: 275
    41: 296
    42: 294
    43: 145
    44: 91
    45: 46
    46: 82
    47: 82
    48: 158
    49: 65
    50: 24
    51: 10
    52: 6
    53: 12
    54: 9
    55: 2
    56: 1
    57: 0
    58: 1
    59: 0
    60: 0
    61: 0
    62: 0
    63: 0
    64: 0
    65: 0
    66: 0
    67: 0
    68: 0
    69: 0
    70: 0
    71: 0
    72: 0
    73: 0
    74: 0
    75: 0
    76: 0
    77: 0
    78: 0
    79: 0
    80: 0
    81: 0
    82: 0
    83: 0
    84: 0
    85: 0
    86: 0
    87: 0
    88: 0
    89: 0
    90: 0
    91: 0
    92: 0
    93: 0
    94: 0
    95: 0
    96: 0
    97: 0
    98: 0
    99: 0
  mem-1: # Memory controller stats
   rd: 773994 # Read requests
   wr: 574659 # Write requests
   rdlat: 110456689 # Total latency experienced by read requests
   wrlat: 99702148 # Total latency experienced by write requests
   rdhits: 96 # Read row hits
   wrhits: 18545 # Write row hits
   mlh: # latency histogram for memory requests
    0: 0
    1: 0
    2: 0
    3: 0
    4: 0
    5: 0
    6: 0
    7: 0
    8: 0
    9: 0
    10: 0
    11: 4
    12: 2
    13: 451567
    14: 156334
    15: 107391
    16: 8556
    17: 30978
    18: 872
    19: 1675
    20: 2174
    21: 3207
    22: 1993
    23: 1600
    24: 852
    25: 695
    26: 372
    27: 460
    28: 446
    29: 335
    30: 314
    31: 321
    32: 319
    33: 332
    34: 350
    35: 262
    36: 195
    37: 186
    38: 204
    39: 338
    40: 262
    41: 321
    42: 283
    43: 165
    44: 97
    45: 47
    46: 73
    47: 88
    48: 190
    49: 72
    50: 26
    51: 7
    52: 3
    53: 6
    54: 6
    55: 2
    56: 0
    57: 2
    58: 2
    59: 2
    60: 2
    61: 1
    62: 2
    63: 0
    64: 1
    65: 0
    66: 0
    67: 0
    68: 0
    69: 0
    70: 0
    71: 0
    72: 0
    73: 0
    74: 0
    75: 0
    76: 0
    77: 0
    78: 0
    79: 0
    80: 0
    81: 0
    82: 0
    83: 0
    84: 0
    85: 0
    86: 0
    87: 0
    88: 0
    89: 0
    90: 0
    91: 0
    92: 0
    93: 0
    94: 0
    95: 0
    96: 0
    97: 0
    98: 0
    99: 0
  mem-2: # Memory controller stats
   rd: 773990 # Read requests
   wr: 574663 # Write requests
   rdlat: 110540204 # Total latency experienced by read requests
   wrlat: 100713075 # Total latency experienced by write requests
   rdhits: 81 # Read row hits
   wrhits: 18388 # Write row hits
   mlh: # latency histogram for memory requests
    0: 0
    1: 0
    2: 0
    3: 0
    4: 0
    5: 0
    6: 0
    7: 0
    8: 0
    9: 1
    10: 0
    11: 3
    12: 2
    13: 449904
    14: 156174
    15: 109612
    16: 6721
    17: 30712
    18: 1105
    19: 2034
    20: 2904
    21: 3601
    22: 2053
    23: 1585
    24: 841
    25: 524
    26: 344
    27: 462
    28: 454
    29: 386
    30: 334
    31: 352
    32: 350
    33: 363
    34: 328
    35: 267
    36: 235
    37: 177
    38: 195
    39: 366
    40: 261
    41: 286
    42: 304
    43: 136
    44: 83
    45: 41
    46: 93
    47: 76
    48: 183
    49: 77
    50: 25
    51: 12
    52: 9
    53: 8
    54: 5
    55: 1
    56: 0
    57: 0
    58: 0
    59: 0
    60: 0
    61: 0
    62: 0
    63: 1
    64: 0
    65: 0
    66: 0
    67: 0
    68: 0
    69: 0
    70: 0
    71: 0
    72: 0
    73: 0
    74: 0
    75: 0
    76: 0
    77: 0
    78: 0
    79: 0
    80: 0
    81: 0
    82: 0
    83: 0
    84: 0
    85: 0
    86: 0
    87: 0
    88: 0
    89: 0
    90: 0
    91: 0
    92: 0
    93: 0
    94: 0
    95: 0
    96: 0
    97: 0
    98: 0
    99: 0
  mem-3: # Memory controller stats
   rd: 773971 # Read requests
   wr: 574649 # Write requests
   rdlat: 110523273 # Total latency experienced by read requests
   wrlat: 99793969 # Total latency experienced by write requests
   rdhits: 74 # Read row hits
   wrhits: 18203 # Write row hits
   mlh: # latency histogram for memory requests
    0: 0
    1: 0
    2: 0
    3: 0
    4: 0
    5: 0
    6: 0
    7: 0
    8: 0
    9: 0
    10: 0
    11: 2
    12: 4
    13: 450851
    14: 156016
    15: 107943
    16: 8311
    17: 31176
    18: 843
    19: 1563
    20: 2270
    21: 3329
    22: 2119
    23: 1723
    24: 928
    25: 632
    26: 384
    27: 462
    28: 441
    29: 343
    30: 315
    31: 332
    32: 362
    33: 399
    34: 341
    35: 266
    36: 207
    37: 199
    38: 210
    39: 366
    40: 281
    41: 314
    42: 291
    43: 142
    44: 104
    45: 59
    46: 89
    47: 83
    48: 148
    49: 80
    50: 16
    51: 5
    52: 4
    53: 6
    54: 6
    55: 3
    56: 1
    57: 2
    58: 0
    59: 0
    60: 0
    61: 0
    62: 0
    63: 0
    64: 0
    65: 0
    66: 0
    67: 0
    68: 0
    69: 0
    70: 0
    71: 0
    72: 0
    73: 0
    74: 0
    75: 0
    76: 0
    77: 0
    78: 0
    79: 0
    80: 0
    81: 0
    82: 0
    83: 0
    84: 0
    85: 0
    86: 0
    87: 0
    88: 0
    89: 0
    90: 0
    91: 0
    92: 0
    93: 0
    94: 0
    95: 0
    96: 0
    97: 0
    98: 0
    99: 0
 sched: # Scheduler stats
  thCr: 1 # Threads created
  thFn: 1 # Threads finished
  schedEvs: 1 # Schedule events
  waitEvs: 0 # Wait events
  handoffEvs: 0 # Handoff events
  sleepEvs: 0 # Sleep events
  idlePhases: 0 # Phases with no thread active
  idlePeriods: 0 # Periods with no thread active
  occHist: # Occupancy histogram
   0: 0
   1: 14706
  rqSzHist: # Run queue size histogram
   0: 14706
   1: 0
   2: 0
   3: 0
   4: 0
   5: 0
   6: 0
   7: 0
   8: 0
   9: 0
   10: 0
   11: 0
   12: 0
   13: 0
   14: 0
   15: 0
   16: 0
 procCycles: # Per-process unhalted core cycles
  0: 147062531
  1: 0
  2: 0
  3: 0
  4: 0
  5: 0
  6: 0
  7: 0
  8: 0
  9: 0
  10: 0
  11: 0
  12: 0
  13: 0
  14: 0
  15: 0
  16: 0
  17: 0
  18: 0
  19: 0
  20: 0
  21: 0
  22: 0
  23: 0
  24: 0
  25: 0
  26: 0
  27: 0
  28: 0
  29: 0
  30: 0
  31: 0
  32: 0
  33: 0
  34: 0
  35: 0
  36: 0
  37: 0
  38: 0
  39: 0
  40: 0
  41: 0
  42: 0
  43: 0
  44: 0
  45: 0
  46: 0
  47: 0
  48: 0
  49: 0
  50: 0
  51: 0
  52: 0
  53: 0
  54: 0
  55: 0
  56: 0
  57: 0
  58: 0
  59: 0
  60: 0
  61: 0
  62: 0
  63: 0
 procInstrs: # Per-process instructions
  0: 100001770
  1: 0
  2: 0
  3: 0
  4: 0
  5: 0
  6: 0
  7: 0
  8: 0
  9: 0
  10: 0
  11: 0
  12: 0
  13: 0
  14: 0
  15: 0
  16: 0
  17: 0
  18: 0
  19: 0
  20: 0
  21: 0
  22: 0
  23: 0
  24: 0
  25: 0
  26: 0
  27: 0
  28: 0
  29: 0
  30: 0
  31: 0
  32: 0
  33: 0
  34: 0
  35: 0
  36: 0
  37: 0
  38: 0
  39: 0
  40: 0
  41: 0
  42: 0
  43: 0
  44: 0
  45: 0
  46: 0
  47: 0
  48: 0
  49: 0
  50: 0
  51: 0
  52: 0
  53: 0
  54: 0
  55: 0
  56: 0
  57: 0
  58: 0
  59: 0
  60: 0
  61: 0
  62: 0
  63: 0
 heartbeats: # Per-process heartbeats
  0: 0
  1: 0
  2: 0
  3: 0
  4: 0
  5: 0
  6: 0
  7: 0
  8: 0
  9: 0
  10: 0
  11: 0
  12: 0
  13: 0
  14: 0
  15: 0
  16: 0
  17: 0
  18: 0
  19: 0
  20: 0
  21: 0
  22: 0
  23: 0
  24: 0
  25: 0
  26: 0
  27: 0
  28: 0
  29: 0
  30: 0
  31: 0
  32: 0
  33: 0
  34: 0
  35: 0
  36: 0
  37: 0
  38: 0
  39: 0
  40: 0
  41: 0
  42: 0
  43: 0
  44: 0
  45: 0
  46: 0
  47: 0
  48: 0
  49: 0
  50: 0
  51: 0
  52: 0
  53: 0
  54: 0
  55: 0
  56: 0
  57: 0
  58: 0
  59: 0
  60: 0
  61: 0
  62: 0
  63: 0
===
