# zsim stats
===
root: # Stats
 contention: # Contention simulation stats
  domain-0: # Domain stats
   time: 115536476 # Weave simulation time
 time: # Simulator time breakdown
  init: 1523445956553
  bound: 5010576593
  weave: 197630218
  ff: 0
 trigger: 20000 # Reason for this stats dump
 phase: 6181 # Simulated phases
 westmere: # Core stats
  westmere-0: # Core stats
   cycles: 61810417 # Simulated unhalted cycles
   cCycles: 3227913 # Cycles due to contention stalls
   instrs: 100013485 # Simulated instructions
   uops: 107896195 # Retired micro-ops
   bbls: 34382068 # Basic blocks
   approxInstrs: 124579 # Instrs with approx uop decoding
   mispredBranches: 134698 # Mispredicted branches
   condBranches: 30244450 # conditional branches
 l1i: # Cache stats
  l1i-0: # Filter cache stats
   fhGETS: 33611321 # Filtered GETS hits
   fhGETX: 0 # Filtered GETX hits
   hGETS: 1325073 # GETS hits
   hGETX: 0 # GETX hits
   mGETS: 155378 # GETS misses
   mGETXIM: 0 # GETX I->M misses
   mGETXSM: 0 # GETX S->M misses (upgrade misses)
   PUTS: 0 # Clean evictions (from lower level)
   PUTX: 0 # Dirty evictions (from lower level)
   INV: 3390 # Invalidates (from upper level)
   INVX: 0 # Downgrades (from upper level)
   FWD: 0 # Forwards (from upper level)
   latGETnl: 2395304 # GET request latency on next level
   latGETnet: 0 # GET request latency on network to next level
 l1d: # Cache stats
  l1d-0: # Filter cache stats
   fhGETS: 25908342 # Filtered GETS hits
   fhGETX: 4433955 # Filtered GETX hits
   hGETS: 2636679 # GETS hits
   hGETX: 655457 # GETX hits
   mGETS: 2482363 # GETS misses
   mGETXIM: 103354 # GETX I->M misses
   mGETXSM: 0 # GETX S->M misses (upgrade misses)
   PUTS: 0 # Clean evictions (from lower level)
   PUTX: 0 # Dirty evictions (from lower level)
   INV: 17566 # Invalidates (from upper level)
   INVX: 0 # Downgrades (from upper level)
   FWD: 0 # Forwards (from upper level)
   latGETnl: 42335216 # GET request latency on next level
   latGETnet: 0 # GET request latency on network to next level
 l2: # Cache stats
  l2-0: # Cache stats
   hGETS: 2495747 # GETS hits
   hGETX: 22468 # GETX hits
   mGETS: 141994 # GETS misses
   mGETXIM: 80886 # GETX I->M misses
   mGETXSM: 0 # GETX S->M misses (upgrade misses)
   PUTS: 2505016 # Clean evictions (from lower level)
   PUTX: 214136 # Dirty evictions (from lower level)
   INV: 43248 # Invalidates (from upper level)
   INVX: 0 # Downgrades (from upper level)
   FWD: 0 # Forwards (from upper level)
   latGETnl: 17319570 # GET request latency on next level
   latGETnet: 0 # GET request latency on network to next level
 l3: # Cache stats
  l3-0: # Cache stats
   hGETS: 57505 # GETS hits
   hGETX: 32370 # GETX hits
   mGETS: 84489 # GETS misses
   mGETXIM: 48516 # GETX I->M misses
   mGETXSM: 0 # GETX S->M misses (upgrade misses)
   PUTS: 48385 # Clean evictions (from lower level)
   PUTX: 127210 # Dirty evictions (from lower level)
   INV: 0 # Invalidates (from upper level)
   INVX: 0 # Downgrades (from upper level)
   FWD: 0 # Forwards (from upper level)
   latGETnl: 11970450 # GET request latency on next level
   latGETnet: 0 # GET request latency on network to next level
 mem: # Memory controller stats
  mem-0: # Memory controller stats
   rd: 32563 # Read requests
   wr: 17311 # Write requests
   rdlat: 4378884 # Total latency experienced by read requests
   wrlat: 2569633 # Total latency experienced by write requests
   rdhits: 44 # Read row hits
   wrhits: 28 # Write row hits
   mlh: # latency histogram for memory requests
    0: 0
    1: 0
    2: 0
    3: 0
    4: 0
    5: 0
    6: 0
    7: 0
    8: 0
    9: 0
    10: 0
    11: 2
    12: 5
    13: 30922
    14: 785
    15: 228
    16: 132
    17: 20
    18: 13
    19: 16
    20: 26
    21: 25
    22: 23
    23: 18
    24: 25
    25: 20
    26: 18
    27: 13
    28: 13
    29: 19
    30: 20
    31: 13
    32: 24
    33: 23
    34: 19
    35: 20
    36: 14
    37: 20
    38: 17
    39: 15
    40: 17
    41: 18
    42: 11
    43: 3
    44: 1
    45: 2
    46: 2
    47: 0
    48: 0
    49: 0
    50: 0
    51: 1
    52: 0
    53: 0
    54: 0
    55: 0
    56: 0
    57: 0
    58: 0
    59: 0
    60: 0
    61: 0
    62: 0
    63: 0
    64: 0
    65: 0
    66: 0
    67: 0
    68: 0
    69: 0
    70: 0
    71: 0
    72: 0
    73: 0
    74: 0
    75: 0
    76: 0
    77: 0
    78: 0
    79: 0
    80: 0
    81: 0
    82: 0
    83: 0
    84: 0
    85: 0
    86: 0
    87: 0
    88: 0
    89: 0
    90: 0
    91: 0
    92: 0
    93: 0
    94: 0
    95: 0
    96: 0
    97: 0
    98: 0
    99: 0
  mem-1: # Memory controller stats
   rd: 33699 # Read requests
   wr: 17391 # Write requests
   rdlat: 4540874 # Total latency experienced by read requests
   wrlat: 2587841 # Total latency experienced by write requests
   rdhits: 34 # Read row hits
   wrhits: 20 # Write row hits
   mlh: # latency histogram for memory requests
    0: 0
    1: 0
    2: 0
    3: 0
    4: 0
    5: 0
    6: 0
    7: 0
    8: 0
    9: 0
    10: 0
    11: 2
    12: 3
    13: 32190
    14: 592
    15: 227
    16: 133
    17: 34
    18: 13
    19: 15
    20: 23
    21: 19
    22: 16
    23: 18
    24: 35
    25: 26
    26: 12
    27: 19
    28: 14
    29: 13
    30: 18
    31: 19
    32: 28
    33: 17
    34: 15
    35: 23
    36: 28
    37: 28
    38: 24
    39: 16
    40: 22
    41: 12
    42: 28
    43: 11
    44: 2
    45: 2
    46: 0
    47: 0
    48: 2
    49: 0
    50: 0
    51: 0
    52: 0
    53: 0
    54: 0
    55: 0
    56: 0
    57: 0
    58: 0
    59: 0
    60: 0
    61: 0
    62: 0
    63: 0
    64: 0
    65: 0
    66: 0
    67: 0
    68: 0
    69: 0
    70: 0
    71: 0
    72: 0
    73: 0
    74: 0
    75: 0
    76: 0
    77: 0
    78: 0
    79: 0
    80: 0
    81: 0
    82: 0
    83: 0
    84: 0
    85: 0
    86: 0
    87: 0
    88: 0
    89: 0
    90: 0
    91: 0
    92: 0
    93: 0
    94: 0
    95: 0
    96: 0
    97: 0
    98: 0
    99: 0
  mem-2: # Memory controller stats
   rd: 33799 # Read requests
   wr: 17793 # Write requests
   rdlat: 4557227 # Total latency experienced by read requests
   wrlat: 2644303 # Total latency experienced by write requests
   rdhits: 47 # Read row hits
   wrhits: 25 # Write row hits
   mlh: # latency histogram for memory requests
    0: 0
    1: 0
    2: 0
    3: 0
    4: 0
    5: 0
    6: 0
    7: 0
    8: 0
    9: 0
    10: 0
    11: 2
    12: 7
    13: 32044
    14: 797
    15: 246
    16: 140
    17: 22
    18: 18
    19: 15
    20: 15
    21: 18
    22: 25
    23: 30
    24: 35
    25: 26
    26: 18
    27: 19
    28: 13
    29: 21
    30: 29
    31: 20
    32: 25
    33: 15
    34: 22
    35: 20
    36: 23
    37: 23
    38: 22
    39: 15
    40: 17
    41: 22
    42: 11
    43: 8
    44: 3
    45: 5
    46: 4
    47: 2
    48: 2
    49: 0
    50: 0
    51: 0
    52: 0
    53: 0
    54: 0
    55: 0
    56: 0
    57: 0
    58: 0
    59: 0
    60: 0
    61: 0
    62: 0
    63: 0
    64: 0
    65: 0
    66: 0
    67: 0
    68: 0
    69: 0
    70: 0
    71: 0
    72: 0
    73: 0
    74: 0
    75: 0
    76: 0
    77: 0
    78: 0
    79: 0
    80: 0
    81: 0
    82: 0
    83: 0
    84: 0
    85: 0
    86: 0
    87: 0
    88: 0
    89: 0
    90: 0
    91: 0
    92: 0
    93: 0
    94: 0
    95: 0
    96: 0
    97: 0
    98: 0
    99: 0
  mem-3: # Memory controller stats
   rd: 32944 # Read requests
   wr: 17491 # Write requests
   rdlat: 4435473 # Total latency experienced by read requests
   wrlat: 2603839 # Total latency experienced by write requests
   rdhits: 53 # Read row hits
   wrhits: 30 # Write row hits
   mlh: # latency histogram for memory requests
    0: 0
    1: 0
    2: 0
    3: 0
    4: 0
    5: 0
    6: 0
    7: 0
    8: 0
    9: 0
    10: 0
    11: 3
    12: 10
    13: 31490
    14: 544
    15: 242
    16: 139
    17: 32
    18: 13
    19: 15
    20: 18
    21: 22
    22: 16
    23: 18
    24: 29
    25: 33
    26: 12
    27: 14
    28: 17
    29: 11
    30: 16
    31: 25
    32: 14
    33: 7
    34: 25
    35: 17
    36: 19
    37: 17
    38: 19
    39: 26
    40: 23
    41: 23
    42: 16
    43: 11
    44: 1
    45: 2
    46: 2
    47: 0
    48: 1
    49: 2
    50: 0
    51: 0
    52: 0
    53: 0
    54: 0
    55: 0
    56: 0
    57: 0
    58: 0
    59: 0
    60: 0
    61: 0
    62: 0
    63: 0
    64: 0
    65: 0
    66: 0
    67: 0
    68: 0
    69: 0
    70: 0
    71: 0
    72: 0
    73: 0
    74: 0
    75: 0
    76: 0
    77: 0
    78: 0
    79: 0
    80: 0
    81: 0
    82: 0
    83: 0
    84: 0
    85: 0
    86: 0
    87: 0
    88: 0
    89: 0
    90: 0
    91: 0
    92: 0
    93: 0
    94: 0
    95: 0
    96: 0
    97: 0
    98: 0
    99: 0
 sched: # Scheduler stats
  thCr: 1 # Threads created
  thFn: 1 # Threads finished
  schedEvs: 1 # Schedule events
  waitEvs: 0 # Wait events
  handoffEvs: 0 # Handoff events
  sleepEvs: 0 # Sleep events
  idlePhases: 0 # Phases with no thread active
  idlePeriods: 0 # Periods with no thread active
  occHist: # Occupancy histogram
   0: 0
   1: 6181
  rqSzHist: # Run queue size histogram
   0: 6181
   1: 0
   2: 0
   3: 0
   4: 0
   5: 0
   6: 0
   7: 0
   8: 0
   9: 0
   10: 0
   11: 0
   12: 0
   13: 0
   14: 0
   15: 0
   16: 0
 procCycles: # Per-process unhalted core cycles
  0: 61810417
  1: 0
  2: 0
  3: 0
  4: 0
  5: 0
  6: 0
  7: 0
  8: 0
  9: 0
  10: 0
  11: 0
  12: 0
  13: 0
  14: 0
  15: 0
  16: 0
  17: 0
  18: 0
  19: 0
  20: 0
  21: 0
  22: 0
  23: 0
  24: 0
  25: 0
  26: 0
  27: 0
  28: 0
  29: 0
  30: 0
  31: 0
  32: 0
  33: 0
  34: 0
  35: 0
  36: 0
  37: 0
  38: 0
  39: 0
  40: 0
  41: 0
  42: 0
  43: 0
  44: 0
  45: 0
  46: 0
  47: 0
  48: 0
  49: 0
  50: 0
  51: 0
  52: 0
  53: 0
  54: 0
  55: 0
  56: 0
  57: 0
  58: 0
  59: 0
  60: 0
  61: 0
  62: 0
  63: 0
 procInstrs: # Per-process instructions
  0: 100013485
  1: 0
  2: 0
  3: 0
  4: 0
  5: 0
  6: 0
  7: 0
  8: 0
  9: 0
  10: 0
  11: 0
  12: 0
  13: 0
  14: 0
  15: 0
  16: 0
  17: 0
  18: 0
  19: 0
  20: 0
  21: 0
  22: 0
  23: 0
  24: 0
  25: 0
  26: 0
  27: 0
  28: 0
  29: 0
  30: 0
  31: 0
  32: 0
  33: 0
  34: 0
  35: 0
  36: 0
  37: 0
  38: 0
  39: 0
  40: 0
  41: 0
  42: 0
  43: 0
  44: 0
  45: 0
  46: 0
  47: 0
  48: 0
  49: 0
  50: 0
  51: 0
  52: 0
  53: 0
  54: 0
  55: 0
  56: 0
  57: 0
  58: 0
  59: 0
  60: 0
  61: 0
  62: 0
  63: 0
 heartbeats: # Per-process heartbeats
  0: 0
  1: 0
  2: 0
  3: 0
  4: 0
  5: 0
  6: 0
  7: 0
  8: 0
  9: 0
  10: 0
  11: 0
  12: 0
  13: 0
  14: 0
  15: 0
  16: 0
  17: 0
  18: 0
  19: 0
  20: 0
  21: 0
  22: 0
  23: 0
  24: 0
  25: 0
  26: 0
  27: 0
  28: 0
  29: 0
  30: 0
  31: 0
  32: 0
  33: 0
  34: 0
  35: 0
  36: 0
  37: 0
  38: 0
  39: 0
  40: 0
  41: 0
  42: 0
  43: 0
  44: 0
  45: 0
  46: 0
  47: 0
  48: 0
  49: 0
  50: 0
  51: 0
  52: 0
  53: 0
  54: 0
  55: 0
  56: 0
  57: 0
  58: 0
  59: 0
  60: 0
  61: 0
  62: 0
  63: 0
===
