# zsim stats
===
root: # Stats
 contention: # Contention simulation stats
  domain-0: # Domain stats
   time: 139442807 # Weave simulation time
 time: # Simulator time breakdown
  init: 337484459
  bound: 38784472819
  weave: 779129170
  ff: 0
 trigger: 20000 # Reason for this stats dump
 phase: 40173 # Simulated phases
 westmere: # Core stats
  westmere-0: # Core stats
   cycles: 401730022 # Simulated unhalted cycles
   cCycles: 32510 # Cycles due to contention stalls
   instrs: 625009700 # Simulated instructions
   uops: 750426407 # Retired micro-ops
   bbls: 83821249 # Basic blocks
   approxInstrs: 6871274 # Instrs with approx uop decoding
   mispredBranches: 1800414 # Mispredicted branches
   condBranches: 64863340 # conditional branches
  westmere-1: # Core stats
   cycles: 401730015 # Simulated unhalted cycles
   cCycles: 36139 # Cycles due to contention stalls
   instrs: 625002070 # Simulated instructions
   uops: 750416650 # Retired micro-ops
   bbls: 83819925 # Basic blocks
   approxInstrs: 6871151 # Instrs with approx uop decoding
   mispredBranches: 1800340 # Mispredicted branches
   condBranches: 64862384 # conditional branches
  westmere-2: # Core stats
   cycles: 401720001 # Simulated unhalted cycles
   cCycles: 35986 # Cycles due to contention stalls
   instrs: 624998355 # Simulated instructions
   uops: 750411976 # Retired micro-ops
   bbls: 83819440 # Basic blocks
   approxInstrs: 6871022 # Instrs with approx uop decoding
   mispredBranches: 1800309 # Mispredicted branches
   condBranches: 64862113 # conditional branches
  westmere-3: # Core stats
   cycles: 401720024 # Simulated unhalted cycles
   cCycles: 32575 # Cycles due to contention stalls
   instrs: 625004647 # Simulated instructions
   uops: 750419884 # Retired micro-ops
   bbls: 83820253 # Basic blocks
   approxInstrs: 6871237 # Instrs with approx uop decoding
   mispredBranches: 1800365 # Mispredicted branches
   condBranches: 64862575 # conditional branches
  westmere-4: # Core stats
   cycles: 401720002 # Simulated unhalted cycles
   cCycles: 34626 # Cycles due to contention stalls
   instrs: 624993409 # Simulated instructions
   uops: 750405870 # Retired micro-ops
   bbls: 83818772 # Basic blocks
   approxInstrs: 6870849 # Instrs with approx uop decoding
   mispredBranches: 1800253 # Mispredicted branches
   condBranches: 64861721 # conditional branches
  westmere-5: # Core stats
   cycles: 401720036 # Simulated unhalted cycles
   cCycles: 35077 # Cycles due to contention stalls
   instrs: 625001936 # Simulated instructions
   uops: 750416487 # Retired micro-ops
   bbls: 83819897 # Basic blocks
   approxInstrs: 6871143 # Instrs with approx uop decoding
   mispredBranches: 1800338 # Mispredicted branches
   condBranches: 64862373 # conditional branches
  westmere-6: # Core stats
   cycles: 401720006 # Simulated unhalted cycles
   cCycles: 29876 # Cycles due to contention stalls
   instrs: 625007688 # Simulated instructions
   uops: 750423397 # Retired micro-ops
   bbls: 83820698 # Basic blocks
   approxInstrs: 6871291 # Instrs with approx uop decoding
   mispredBranches: 1800386 # Mispredicted branches
   condBranches: 64862932 # conditional branches
  westmere-7: # Core stats
   cycles: 401720005 # Simulated unhalted cycles
   cCycles: 36737 # Cycles due to contention stalls
   instrs: 625001313 # Simulated instructions
   uops: 750415745 # Retired micro-ops
   bbls: 83819809 # Basic blocks
   approxInstrs: 6871119 # Instrs with approx uop decoding
   mispredBranches: 1800330 # Mispredicted branches
   condBranches: 64862318 # conditional branches
 l1i: # Cache stats
  l1i-0: # Filter cache stats
   fhGETS: 112022361 # Filtered GETS hits
   fhGETX: 0 # Filtered GETX hits
   hGETS: 1226586 # GETS hits
   hGETX: 0 # GETX hits
   mGETS: 45527 # GETS misses
   mGETXIM: 0 # GETX I->M misses
   mGETXSM: 0 # GETX S->M misses (upgrade misses)
   PUTS: 0 # Clean evictions (from lower level)
   PUTX: 0 # Dirty evictions (from lower level)
   INV: 32 # Invalidates (from upper level)
   INVX: 0 # Downgrades (from upper level)
   FWD: 0 # Forwards (from upper level)
   latGETnl: 482282 # GET request latency on next level
   latGETnet: 0 # GET request latency on network to next level
  l1i-1: # Filter cache stats
   fhGETS: 112020760 # Filtered GETS hits
   fhGETX: 0 # Filtered GETX hits
   hGETS: 1226449 # GETS hits
   hGETX: 0 # GETX hits
   mGETS: 45458 # GETS misses
   mGETXIM: 0 # GETX I->M misses
   mGETXSM: 0 # GETX S->M misses (upgrade misses)
   PUTS: 0 # Clean evictions (from lower level)
   PUTX: 0 # Dirty evictions (from lower level)
   INV: 9 # Invalidates (from upper level)
   INVX: 0 # Downgrades (from upper level)
   FWD: 0 # Forwards (from upper level)
   latGETnl: 484034 # GET request latency on next level
   latGETnet: 0 # GET request latency on network to next level
  l1i-2: # Filter cache stats
   fhGETS: 112020039 # Filtered GETS hits
   fhGETX: 0 # Filtered GETX hits
   hGETS: 1226455 # GETS hits
   hGETX: 0 # GETX hits
   mGETS: 45450 # GETS misses
   mGETXIM: 0 # GETX I->M misses
   mGETXSM: 0 # GETX S->M misses (upgrade misses)
   PUTS: 0 # Clean evictions (from lower level)
   PUTX: 0 # Dirty evictions (from lower level)
   INV: 6 # Invalidates (from upper level)
   INVX: 0 # Downgrades (from upper level)
   FWD: 0 # Forwards (from upper level)
   latGETnl: 475512 # GET request latency on next level
   latGETnet: 0 # GET request latency on network to next level
  l1i-3: # Filter cache stats
   fhGETS: 112021378 # Filtered GETS hits
   fhGETX: 0 # Filtered GETX hits
   hGETS: 1226455 # GETS hits
   hGETX: 0 # GETX hits
   mGETS: 45459 # GETS misses
   mGETXIM: 0 # GETX I->M misses
   mGETXSM: 0 # GETX S->M misses (upgrade misses)
   PUTS: 0 # Clean evictions (from lower level)
   PUTX: 0 # Dirty evictions (from lower level)
   INV: 5 # Invalidates (from upper level)
   INVX: 0 # Downgrades (from upper level)
   FWD: 0 # Forwards (from upper level)
   latGETnl: 474204 # GET request latency on next level
   latGETnet: 0 # GET request latency on network to next level
  l1i-4: # Filter cache stats
   fhGETS: 112018865 # Filtered GETS hits
   fhGETX: 0 # Filtered GETX hits
   hGETS: 1226445 # GETS hits
   hGETX: 0 # GETX hits
   mGETS: 45456 # GETS misses
   mGETXIM: 0 # GETX I->M misses
   mGETXSM: 0 # GETX S->M misses (upgrade misses)
   PUTS: 0 # Clean evictions (from lower level)
   PUTX: 0 # Dirty evictions (from lower level)
   INV: 6 # Invalidates (from upper level)
   INVX: 0 # Downgrades (from upper level)
   FWD: 0 # Forwards (from upper level)
   latGETnl: 474696 # GET request latency on next level
   latGETnet: 0 # GET request latency on network to next level
  l1i-5: # Filter cache stats
   fhGETS: 112020756 # Filtered GETS hits
   fhGETX: 0 # Filtered GETX hits
   hGETS: 1226454 # GETS hits
   hGETX: 0 # GETX hits
   mGETS: 45452 # GETS misses
   mGETXIM: 0 # GETX I->M misses
   mGETXSM: 0 # GETX S->M misses (upgrade misses)
   PUTS: 0 # Clean evictions (from lower level)
   PUTX: 0 # Dirty evictions (from lower level)
   INV: 5 # Invalidates (from upper level)
   INVX: 0 # Downgrades (from upper level)
   FWD: 0 # Forwards (from upper level)
   latGETnl: 475868 # GET request latency on next level
   latGETnet: 0 # GET request latency on network to next level
  l1i-6: # Filter cache stats
   fhGETS: 112021987 # Filtered GETS hits
   fhGETX: 0 # Filtered GETX hits
   hGETS: 1226463 # GETS hits
   hGETX: 0 # GETX hits
   mGETS: 45457 # GETS misses
   mGETXIM: 0 # GETX I->M misses
   mGETXSM: 0 # GETX S->M misses (upgrade misses)
   PUTS: 0 # Clean evictions (from lower level)
   PUTX: 0 # Dirty evictions (from lower level)
   INV: 7 # Invalidates (from upper level)
   INVX: 0 # Downgrades (from upper level)
   FWD: 0 # Forwards (from upper level)
   latGETnl: 476710 # GET request latency on next level
   latGETnet: 0 # GET request latency on network to next level
  l1i-7: # Filter cache stats
   fhGETS: 112020607 # Filtered GETS hits
   fhGETX: 0 # Filtered GETX hits
   hGETS: 1226452 # GETS hits
   hGETX: 0 # GETX hits
   mGETS: 45456 # GETS misses
   mGETXIM: 0 # GETX I->M misses
   mGETXSM: 0 # GETX S->M misses (upgrade misses)
   PUTS: 0 # Clean evictions (from lower level)
   PUTX: 0 # Dirty evictions (from lower level)
   INV: 5 # Invalidates (from upper level)
   INVX: 0 # Downgrades (from upper level)
   FWD: 0 # Forwards (from upper level)
   latGETnl: 475932 # GET request latency on next level
   latGETnet: 0 # GET request latency on network to next level
 l1d: # Cache stats
  l1d-0: # Filter cache stats
   fhGETS: 156828810 # Filtered GETS hits
   fhGETX: 37709272 # Filtered GETX hits
   hGETS: 15240862 # GETS hits
   hGETX: 11997152 # GETX hits
   mGETS: 1337486 # GETS misses
   mGETXIM: 1099080 # GETX I->M misses
   mGETXSM: 17 # GETX S->M misses (upgrade misses)
   PUTS: 0 # Clean evictions (from lower level)
   PUTX: 0 # Dirty evictions (from lower level)
   INV: 118 # Invalidates (from upper level)
   INVX: 40 # Downgrades (from upper level)
   FWD: 0 # Forwards (from upper level)
   latGETnl: 24541028 # GET request latency on next level
   latGETnet: 0 # GET request latency on network to next level
  l1d-1: # Filter cache stats
   fhGETS: 160902393 # Filtered GETS hits
   fhGETX: 38014390 # Filtered GETX hits
   hGETS: 11166974 # GETS hits
   hGETX: 11678107 # GETX hits
   mGETS: 1336123 # GETS misses
   mGETXIM: 1111602 # GETX I->M misses
   mGETXSM: 3 # GETX S->M misses (upgrade misses)
   PUTS: 0 # Clean evictions (from lower level)
   PUTX: 0 # Dirty evictions (from lower level)
   INV: 89 # Invalidates (from upper level)
   INVX: 136 # Downgrades (from upper level)
   FWD: 0 # Forwards (from upper level)
   latGETnl: 24649355 # GET request latency on next level
   latGETnet: 0 # GET request latency on network to next level
  l1d-2: # Filter cache stats
   fhGETS: 158850170 # Filtered GETS hits
   fhGETX: 37999507 # Filtered GETX hits
   hGETS: 13215651 # GETS hits
   hGETX: 11696571 # GETX hits
   mGETS: 1338454 # GETS misses
   mGETXIM: 1107808 # GETX I->M misses
   mGETXSM: 5 # GETX S->M misses (upgrade misses)
   PUTS: 0 # Clean evictions (from lower level)
   PUTX: 0 # Dirty evictions (from lower level)
   INV: 108 # Invalidates (from upper level)
   INVX: 36 # Downgrades (from upper level)
   FWD: 0 # Forwards (from upper level)
   latGETnl: 24629910 # GET request latency on next level
   latGETnet: 0 # GET request latency on network to next level
  l1d-3: # Filter cache stats
   fhGETS: 157630447 # Filtered GETS hits
   fhGETX: 37893252 # Filtered GETX hits
   hGETS: 14435059 # GETS hits
   hGETX: 11810972 # GETX hits
   mGETS: 1340823 # GETS misses
   mGETXIM: 1100024 # GETX I->M misses
   mGETXSM: 5 # GETX S->M misses (upgrade misses)
   PUTS: 0 # Clean evictions (from lower level)
   PUTX: 0 # Dirty evictions (from lower level)
   INV: 186 # Invalidates (from upper level)
   INVX: 22 # Downgrades (from upper level)
   FWD: 0 # Forwards (from upper level)
   latGETnl: 24582870 # GET request latency on next level
   latGETnet: 0 # GET request latency on network to next level
  l1d-4: # Filter cache stats
   fhGETS: 161138251 # Filtered GETS hits
   fhGETX: 38009602 # Filtered GETX hits
   hGETS: 10927373 # GETS hits
   hGETX: 11693586 # GETX hits
   mGETS: 1337170 # GETS misses
   mGETXIM: 1100420 # GETX I->M misses
   mGETXSM: 6 # GETX S->M misses (upgrade misses)
   PUTS: 0 # Clean evictions (from lower level)
   PUTX: 0 # Dirty evictions (from lower level)
   INV: 93 # Invalidates (from upper level)
   INVX: 42 # Downgrades (from upper level)
   FWD: 0 # Forwards (from upper level)
   latGETnl: 24542747 # GET request latency on next level
   latGETnet: 0 # GET request latency on network to next level
  l1d-5: # Filter cache stats
   fhGETS: 160878584 # Filtered GETS hits
   fhGETX: 37998608 # Filtered GETX hits
   hGETS: 11190838 # GETS hits
   hGETX: 11698685 # GETX hits
   mGETS: 1336030 # GETS misses
   mGETXIM: 1106800 # GETX I->M misses
   mGETXSM: 6 # GETX S->M misses (upgrade misses)
   PUTS: 0 # Clean evictions (from lower level)
   PUTX: 0 # Dirty evictions (from lower level)
   INV: 105 # Invalidates (from upper level)
   INVX: 34 # Downgrades (from upper level)
   FWD: 0 # Forwards (from upper level)
   latGETnl: 24595274 # GET request latency on next level
   latGETnet: 0 # GET request latency on network to next level
  l1d-6: # Filter cache stats
   fhGETS: 159424940 # Filtered GETS hits
   fhGETX: 38018351 # Filtered GETX hits
   hGETS: 12646151 # GETS hits
   hGETX: 11674547 # GETX hits
   mGETS: 1336188 # GETS misses
   mGETXIM: 1111469 # GETX I->M misses
   mGETXSM: 5 # GETX S->M misses (upgrade misses)
   PUTS: 0 # Clean evictions (from lower level)
   PUTX: 0 # Dirty evictions (from lower level)
   INV: 42 # Invalidates (from upper level)
   INVX: 101 # Downgrades (from upper level)
   FWD: 0 # Forwards (from upper level)
   latGETnl: 24643772 # GET request latency on next level
   latGETnet: 0 # GET request latency on network to next level
  l1d-7: # Filter cache stats
   fhGETS: 160552707 # Filtered GETS hits
   fhGETX: 38024351 # Filtered GETX hits
   hGETS: 11516321 # GETS hits
   hGETX: 11674009 # GETX hits
   mGETS: 1336272 # GETS misses
   mGETXIM: 1105696 # GETX I->M misses
   mGETXSM: 6 # GETX S->M misses (upgrade misses)
   PUTS: 0 # Clean evictions (from lower level)
   PUTX: 0 # Dirty evictions (from lower level)
   INV: 101 # Invalidates (from upper level)
   INVX: 43 # Downgrades (from upper level)
   FWD: 0 # Forwards (from upper level)
   latGETnl: 24589495 # GET request latency on next level
   latGETnet: 0 # GET request latency on network to next level
 l2: # Cache stats
  l2-0: # Cache stats
   hGETS: 1381727 # GETS hits
   hGETX: 1097841 # GETX hits
   mGETS: 1286 # GETS misses
   mGETXIM: 1239 # GETX I->M misses
   mGETXSM: 17 # GETX S->M misses (upgrade misses)
   PUTS: 1192822 # Clean evictions (from lower level)
   PUTX: 1288118 # Dirty evictions (from lower level)
   INV: 218 # Invalidates (from upper level)
   INVX: 41 # Downgrades (from upper level)
   FWD: 0 # Forwards (from upper level)
   latGETnl: 202210 # GET request latency on next level
   latGETnet: 0 # GET request latency on network to next level
  l2-1: # Cache stats
   hGETS: 1380376 # GETS hits
   hGETX: 1110479 # GETX hits
   mGETS: 1205 # GETS misses
   mGETXIM: 1123 # GETX I->M misses
   mGETXSM: 3 # GETX S->M misses (upgrade misses)
   PUTS: 1190236 # Clean evictions (from lower level)
   PUTX: 1301858 # Dirty evictions (from lower level)
   INV: 220 # Invalidates (from upper level)
   INVX: 136 # Downgrades (from upper level)
   FWD: 0 # Forwards (from upper level)
   latGETnl: 201529 # GET request latency on next level
   latGETnet: 0 # GET request latency on network to next level
  l2-2: # Cache stats
   hGETS: 1382690 # GETS hits
   hGETX: 1106658 # GETX hits
   mGETS: 1214 # GETS misses
   mGETXIM: 1150 # GETX I->M misses
   mGETXSM: 5 # GETX S->M misses (upgrade misses)
   PUTS: 1192067 # Clean evictions (from lower level)
   PUTX: 1298539 # Dirty evictions (from lower level)
   INV: 147 # Invalidates (from upper level)
   INVX: 36 # Downgrades (from upper level)
   FWD: 0 # Forwards (from upper level)
   latGETnl: 188252 # GET request latency on next level
   latGETnet: 0 # GET request latency on network to next level
  l2-3: # Cache stats
   hGETS: 1385027 # GETS hits
   hGETX: 1098839 # GETX hits
   mGETS: 1255 # GETS misses
   mGETXIM: 1185 # GETX I->M misses
   mGETXSM: 5 # GETX S->M misses (upgrade misses)
   PUTS: 1192578 # Clean evictions (from lower level)
   PUTX: 1292545 # Dirty evictions (from lower level)
   INV: 239 # Invalidates (from upper level)
   INVX: 22 # Downgrades (from upper level)
   FWD: 0 # Forwards (from upper level)
   latGETnl: 193964 # GET request latency on next level
   latGETnet: 0 # GET request latency on network to next level
  l2-4: # Cache stats
   hGETS: 1381427 # GETS hits
   hGETX: 1099259 # GETX hits
   mGETS: 1199 # GETS misses
   mGETXIM: 1161 # GETX I->M misses
   mGETXSM: 6 # GETX S->M misses (upgrade misses)
   PUTS: 1192415 # Clean evictions (from lower level)
   PUTX: 1289540 # Dirty evictions (from lower level)
   INV: 148 # Invalidates (from upper level)
   INVX: 42 # Downgrades (from upper level)
   FWD: 0 # Forwards (from upper level)
   latGETnl: 186923 # GET request latency on next level
   latGETnet: 0 # GET request latency on network to next level
  l2-5: # Cache stats
   hGETS: 1380284 # GETS hits
   hGETX: 1105635 # GETX hits
   mGETS: 1198 # GETS misses
   mGETXIM: 1165 # GETX I->M misses
   mGETXSM: 6 # GETX S->M misses (upgrade misses)
   PUTS: 1190209 # Clean evictions (from lower level)
   PUTX: 1296972 # Dirty evictions (from lower level)
   INV: 150 # Invalidates (from upper level)
   INVX: 34 # Downgrades (from upper level)
   FWD: 0 # Forwards (from upper level)
   latGETnl: 188262 # GET request latency on next level
   latGETnet: 0 # GET request latency on network to next level
  l2-6: # Cache stats
   hGETS: 1380464 # GETS hits
   hGETX: 1110341 # GETX hits
   mGETS: 1181 # GETS misses
   mGETXIM: 1128 # GETX I->M misses
   mGETXSM: 5 # GETX S->M misses (upgrade misses)
   PUTS: 1190179 # Clean evictions (from lower level)
   PUTX: 1301894 # Dirty evictions (from lower level)
   INV: 147 # Invalidates (from upper level)
   INVX: 101 # Downgrades (from upper level)
   FWD: 0 # Forwards (from upper level)
   latGETnl: 189292 # GET request latency on next level
   latGETnet: 0 # GET request latency on network to next level
  l2-7: # Cache stats
   hGETS: 1380525 # GETS hits
   hGETX: 1104520 # GETX hits
   mGETS: 1203 # GETS misses
   mGETXIM: 1176 # GETX I->M misses
   mGETXSM: 6 # GETX S->M misses (upgrade misses)
   PUTS: 1190412 # Clean evictions (from lower level)
   PUTX: 1295914 # Dirty evictions (from lower level)
   INV: 148 # Invalidates (from upper level)
   INVX: 43 # Downgrades (from upper level)
   FWD: 0 # Forwards (from upper level)
   latGETnl: 191127 # GET request latency on next level
   latGETnet: 0 # GET request latency on network to next level
 l3: # Cache stats
  l3-0b0: # Cache stats
   hGETS: 868 # GETS hits
   hGETX: 5 # GETX hits
   mGETS: 296 # GETS misses
   mGETXIM: 1173 # GETX I->M misses
   mGETXSM: 0 # GETX S->M misses (upgrade misses)
   PUTS: 0 # Clean evictions (from lower level)
   PUTX: 0 # Dirty evictions (from lower level)
   INV: 0 # Invalidates (from upper level)
   INVX: 0 # Downgrades (from upper level)
   FWD: 0 # Forwards (from upper level)
   latGETnl: 132210 # GET request latency on next level
   latGETnet: 0 # GET request latency on network to next level
  l3-0b1: # Cache stats
   hGETS: 903 # GETS hits
   hGETX: 12 # GETX hits
   mGETS: 338 # GETS misses
   mGETXIM: 1153 # GETX I->M misses
   mGETXSM: 0 # GETX S->M misses (upgrade misses)
   PUTS: 0 # Clean evictions (from lower level)
   PUTX: 0 # Dirty evictions (from lower level)
   INV: 0 # Invalidates (from upper level)
   INVX: 0 # Downgrades (from upper level)
   FWD: 0 # Forwards (from upper level)
   latGETnl: 134190 # GET request latency on next level
   latGETnet: 0 # GET request latency on network to next level
  l3-0b2: # Cache stats
   hGETS: 908 # GETS hits
   hGETX: 4 # GETX hits
   mGETS: 352 # GETS misses
   mGETXIM: 1151 # GETX I->M misses
   mGETXSM: 0 # GETX S->M misses (upgrade misses)
   PUTS: 0 # Clean evictions (from lower level)
   PUTX: 0 # Dirty evictions (from lower level)
   INV: 0 # Invalidates (from upper level)
   INVX: 0 # Downgrades (from upper level)
   FWD: 0 # Forwards (from upper level)
   latGETnl: 135270 # GET request latency on next level
   latGETnet: 0 # GET request latency on network to next level
  l3-0b3: # Cache stats
   hGETS: 871 # GETS hits
   hGETX: 6 # GETX hits
   mGETS: 333 # GETS misses
   mGETXIM: 1137 # GETX I->M misses
   mGETXSM: 0 # GETX S->M misses (upgrade misses)
   PUTS: 0 # Clean evictions (from lower level)
   PUTX: 0 # Dirty evictions (from lower level)
   INV: 0 # Invalidates (from upper level)
   INVX: 0 # Downgrades (from upper level)
   FWD: 0 # Forwards (from upper level)
   latGETnl: 132300 # GET request latency on next level
   latGETnet: 0 # GET request latency on network to next level
  l3-0b4: # Cache stats
   hGETS: 851 # GETS hits
   hGETX: 5 # GETX hits
   mGETS: 346 # GETS misses
   mGETXIM: 1179 # GETX I->M misses
   mGETXSM: 0 # GETX S->M misses (upgrade misses)
   PUTS: 0 # Clean evictions (from lower level)
   PUTX: 0 # Dirty evictions (from lower level)
   INV: 0 # Invalidates (from upper level)
   INVX: 0 # Downgrades (from upper level)
   FWD: 0 # Forwards (from upper level)
   latGETnl: 137250 # GET request latency on next level
   latGETnet: 0 # GET request latency on network to next level
  l3-0b5: # Cache stats
   hGETS: 907 # GETS hits
   hGETX: 19 # GETX hits
   mGETS: 345 # GETS misses
   mGETXIM: 1154 # GETX I->M misses
   mGETXSM: 0 # GETX S->M misses (upgrade misses)
   PUTS: 0 # Clean evictions (from lower level)
   PUTX: 0 # Dirty evictions (from lower level)
   INV: 0 # Invalidates (from upper level)
   INVX: 0 # Downgrades (from upper level)
   FWD: 0 # Forwards (from upper level)
   latGETnl: 134910 # GET request latency on next level
   latGETnet: 0 # GET request latency on network to next level
  l3-0b6: # Cache stats
   hGETS: 882 # GETS hits
   hGETX: 20 # GETX hits
   mGETS: 322 # GETS misses
   mGETXIM: 1200 # GETX I->M misses
   mGETXSM: 0 # GETX S->M misses (upgrade misses)
   PUTS: 0 # Clean evictions (from lower level)
   PUTX: 0 # Dirty evictions (from lower level)
   INV: 0 # Invalidates (from upper level)
   INVX: 0 # Downgrades (from upper level)
   FWD: 0 # Forwards (from upper level)
   latGETnl: 136980 # GET request latency on next level
   latGETnet: 0 # GET request latency on network to next level
  l3-0b7: # Cache stats
   hGETS: 886 # GETS hits
   hGETX: 10 # GETX hits
   mGETS: 333 # GETS misses
   mGETXIM: 1152 # GETX I->M misses
   mGETXSM: 0 # GETX S->M misses (upgrade misses)
   PUTS: 0 # Clean evictions (from lower level)
   PUTX: 0 # Dirty evictions (from lower level)
   INV: 0 # Invalidates (from upper level)
   INVX: 0 # Downgrades (from upper level)
   FWD: 0 # Forwards (from upper level)
   latGETnl: 133650 # GET request latency on next level
   latGETnet: 0 # GET request latency on network to next level
 mem: # Memory controller stats
  mem-0: # Memory controller stats
   rd: 3021 # Read requests
   wr: 279 # Write requests
   rdlat: 621045 # Total latency experienced by read requests
   wrlat: 148582 # Total latency experienced by write requests
   rdhits: 284 # Read row hits
   wrhits: 6 # Write row hits
   mlh: # latency histogram for memory requests
    0: 0
    1: 0
    2: 0
    3: 0
    4: 0
    5: 0
    6: 0
    7: 0
    8: 0
    9: 0
    10: 0
    11: 7
    12: 16
    13: 1681
    14: 254
    15: 129
    16: 107
    17: 49
    18: 51
    19: 31
    20: 45
    21: 32
    22: 54
    23: 47
    24: 40
    25: 34
    26: 29
    27: 20
    28: 17
    29: 9
    30: 3
    31: 10
    32: 9
    33: 14
    34: 9
    35: 11
    36: 4
    37: 12
    38: 4
    39: 5
    40: 4
    41: 7
    42: 8
    43: 3
    44: 4
    45: 5
    46: 6
    47: 6
    48: 3
    49: 6
    50: 5
    51: 0
    52: 4
    53: 4
    54: 8
    55: 4
    56: 5
    57: 5
    58: 9
    59: 6
    60: 11
    61: 3
    62: 5
    63: 12
    64: 3
    65: 8
    66: 8
    67: 8
    68: 4
    69: 10
    70: 4
    71: 8
    72: 11
    73: 11
    74: 5
    75: 4
    76: 6
    77: 1
    78: 2
    79: 1
    80: 0
    81: 2
    82: 4
    83: 4
    84: 1
    85: 2
    86: 6
    87: 4
    88: 6
    89: 4
    90: 5
    91: 8
    92: 0
    93: 2
    94: 3
    95: 0
    96: 1
    97: 2
    98: 1
    99: 6
  mem-1: # Memory controller stats
   rd: 2982 # Read requests
   wr: 252 # Write requests
   rdlat: 560622 # Total latency experienced by read requests
   wrlat: 135169 # Total latency experienced by write requests
   rdhits: 300 # Read row hits
   wrhits: 6 # Write row hits
   mlh: # latency histogram for memory requests
    0: 0
    1: 0
    2: 0
    3: 0
    4: 0
    5: 0
    6: 0
    7: 0
    8: 0
    9: 0
    10: 0
    11: 5
    12: 12
    13: 1683
    14: 271
    15: 119
    16: 83
    17: 61
    18: 60
    19: 46
    20: 41
    21: 40
    22: 28
    23: 39
    24: 55
    25: 50
    26: 24
    27: 17
    28: 18
    29: 19
    30: 14
    31: 21
    32: 8
    33: 14
    34: 12
    35: 3
    36: 11
    37: 7
    38: 11
    39: 9
    40: 7
    41: 5
    42: 11
    43: 15
    44: 7
    45: 7
    46: 11
    47: 9
    48: 3
    49: 7
    50: 4
    51: 5
    52: 3
    53: 8
    54: 3
    55: 4
    56: 6
    57: 5
    58: 9
    59: 3
    60: 5
    61: 6
    62: 6
    63: 2
    64: 2
    65: 0
    66: 2
    67: 3
    68: 0
    69: 0
    70: 2
    71: 0
    72: 0
    73: 1
    74: 1
    75: 1
    76: 1
    77: 4
    78: 0
    79: 1
    80: 0
    81: 0
    82: 1
    83: 5
    84: 6
    85: 3
    86: 3
    87: 1
    88: 2
    89: 3
    90: 2
    91: 3
    92: 1
    93: 0
    94: 0
    95: 0
    96: 0
    97: 0
    98: 0
    99: 2
  mem-2: # Memory controller stats
   rd: 2950 # Read requests
   wr: 239 # Write requests
   rdlat: 573211 # Total latency experienced by read requests
   wrlat: 103665 # Total latency experienced by write requests
   rdhits: 286 # Read row hits
   wrhits: 6 # Write row hits
   mlh: # latency histogram for memory requests
    0: 0
    1: 0
    2: 0
    3: 0
    4: 0
    5: 0
    6: 0
    7: 0
    8: 0
    9: 0
    10: 0
    11: 8
    12: 18
    13: 1684
    14: 236
    15: 115
    16: 93
    17: 66
    18: 43
    19: 38
    20: 39
    21: 56
    22: 29
    23: 34
    24: 33
    25: 33
    26: 19
    27: 17
    28: 11
    29: 18
    30: 9
    31: 14
    32: 9
    33: 13
    34: 14
    35: 9
    36: 6
    37: 7
    38: 7
    39: 9
    40: 18
    41: 7
    42: 12
    43: 4
    44: 2
    45: 6
    46: 5
    47: 8
    48: 7
    49: 6
    50: 8
    51: 11
    52: 8
    53: 7
    54: 8
    55: 9
    56: 3
    57: 6
    58: 9
    59: 8
    60: 6
    61: 8
    62: 6
    63: 8
    64: 8
    65: 10
    66: 7
    67: 1
    68: 3
    69: 7
    70: 4
    71: 5
    72: 7
    73: 5
    74: 10
    75: 3
    76: 2
    77: 3
    78: 2
    79: 3
    80: 0
    81: 1
    82: 1
    83: 0
    84: 0
    85: 0
    86: 0
    87: 0
    88: 0
    89: 1
    90: 0
    91: 0
    92: 0
    93: 0
    94: 0
    95: 0
    96: 0
    97: 0
    98: 0
    99: 0
  mem-3: # Memory controller stats
   rd: 3011 # Read requests
   wr: 280 # Write requests
   rdlat: 606206 # Total latency experienced by read requests
   wrlat: 158969 # Total latency experienced by write requests
   rdhits: 305 # Read row hits
   wrhits: 10 # Write row hits
   mlh: # latency histogram for memory requests
    0: 0
    1: 0
    2: 0
    3: 0
    4: 0
    5: 0
    6: 0
    7: 0
    8: 0
    9: 0
    10: 0
    11: 8
    12: 15
    13: 1734
    14: 245
    15: 128
    16: 79
    17: 51
    18: 54
    19: 46
    20: 27
    21: 43
    22: 19
    23: 26
    24: 40
    25: 37
    26: 21
    27: 16
    28: 15
    29: 10
    30: 16
    31: 17
    32: 13
    33: 15
    34: 17
    35: 8
    36: 6
    37: 16
    38: 17
    39: 9
    40: 11
    41: 11
    42: 11
    43: 6
    44: 10
    45: 5
    46: 6
    47: 6
    48: 6
    49: 5
    50: 9
    51: 8
    52: 6
    53: 4
    54: 5
    55: 7
    56: 3
    57: 3
    58: 5
    59: 7
    60: 5
    61: 6
    62: 1
    63: 2
    64: 5
    65: 3
    66: 1
    67: 4
    68: 4
    69: 5
    70: 3
    71: 1
    72: 3
    73: 1
    74: 0
    75: 4
    76: 6
    77: 8
    78: 3
    79: 2
    80: 3
    81: 3
    82: 2
    83: 0
    84: 3
    85: 1
    86: 2
    87: 0
    88: 0
    89: 1
    90: 1
    91: 0
    92: 4
    93: 1
    94: 1
    95: 3
    96: 4
    97: 5
    98: 6
    99: 22
 sched: # Scheduler stats
  thCr: 9 # Threads created
  thFn: 0 # Threads finished
  schedEvs: 9 # Schedule events
  waitEvs: 1 # Wait events
  handoffEvs: 0 # Handoff events
  sleepEvs: 0 # Sleep events
  idlePhases: 0 # Phases with no thread active
  idlePeriods: 0 # Periods with no thread active
  occHist: # Occupancy histogram
   0: 0
   1: 0
   2: 1
   3: 0
   4: 0
   5: 0
   6: 0
   7: 0
   8: 40172
  rqSzHist: # Run queue size histogram
   0: 40172
   1: 1
   2: 0
   3: 0
   4: 0
   5: 0
   6: 0
   7: 0
   8: 0
   9: 0
   10: 0
   11: 0
   12: 0
   13: 0
   14: 0
   15: 0
   16: 0
 procCycles: # Per-process unhalted core cycles
  0: 3213780111
  1: 0
  2: 0
  3: 0
  4: 0
  5: 0
  6: 0
  7: 0
  8: 0
  9: 0
  10: 0
  11: 0
  12: 0
  13: 0
  14: 0
  15: 0
  16: 0
  17: 0
  18: 0
  19: 0
  20: 0
  21: 0
  22: 0
  23: 0
  24: 0
  25: 0
  26: 0
  27: 0
  28: 0
  29: 0
  30: 0
  31: 0
  32: 0
  33: 0
  34: 0
  35: 0
  36: 0
  37: 0
  38: 0
  39: 0
  40: 0
  41: 0
  42: 0
  43: 0
  44: 0
  45: 0
  46: 0
  47: 0
  48: 0
  49: 0
  50: 0
  51: 0
  52: 0
  53: 0
  54: 0
  55: 0
  56: 0
  57: 0
  58: 0
  59: 0
  60: 0
  61: 0
  62: 0
  63: 0
 procInstrs: # Per-process instructions
  0: 5000019118
  1: 0
  2: 0
  3: 0
  4: 0
  5: 0
  6: 0
  7: 0
  8: 0
  9: 0
  10: 0
  11: 0
  12: 0
  13: 0
  14: 0
  15: 0
  16: 0
  17: 0
  18: 0
  19: 0
  20: 0
  21: 0
  22: 0
  23: 0
  24: 0
  25: 0
  26: 0
  27: 0
  28: 0
  29: 0
  30: 0
  31: 0
  32: 0
  33: 0
  34: 0
  35: 0
  36: 0
  37: 0
  38: 0
  39: 0
  40: 0
  41: 0
  42: 0
  43: 0
  44: 0
  45: 0
  46: 0
  47: 0
  48: 0
  49: 0
  50: 0
  51: 0
  52: 0
  53: 0
  54: 0
  55: 0
  56: 0
  57: 0
  58: 0
  59: 0
  60: 0
  61: 0
  62: 0
  63: 0
 heartbeats: # Per-process heartbeats
  0: 0
  1: 0
  2: 0
  3: 0
  4: 0
  5: 0
  6: 0
  7: 0
  8: 0
  9: 0
  10: 0
  11: 0
  12: 0
  13: 0
  14: 0
  15: 0
  16: 0
  17: 0
  18: 0
  19: 0
  20: 0
  21: 0
  22: 0
  23: 0
  24: 0
  25: 0
  26: 0
  27: 0
  28: 0
  29: 0
  30: 0
  31: 0
  32: 0
  33: 0
  34: 0
  35: 0
  36: 0
  37: 0
  38: 0
  39: 0
  40: 0
  41: 0
  42: 0
  43: 0
  44: 0
  45: 0
  46: 0
  47: 0
  48: 0
  49: 0
  50: 0
  51: 0
  52: 0
  53: 0
  54: 0
  55: 0
  56: 0
  57: 0
  58: 0
  59: 0
  60: 0
  61: 0
  62: 0
  63: 0
===
